[0.765s] Invoking command in '/home/dalv204/sandbox/f1tenth_ws/build/lab2_pkg': /usr/bin/cmake --build /home/dalv204/sandbox/f1tenth_ws/build/lab2_pkg -- -j6 -l6
[0.876s] Invoked command in '/home/dalv204/sandbox/f1tenth_ws/build/lab2_pkg' returned '0': /usr/bin/cmake --build /home/dalv204/sandbox/f1tenth_ws/build/lab2_pkg -- -j6 -l6
[0.965s] Invoking command in '/home/dalv204/sandbox/f1tenth_ws/build/lab2_pkg': /usr/bin/cmake --install /home/dalv204/sandbox/f1tenth_ws/build/lab2_pkg
[0.997s] -- Install configuration: ""
[0.997s] -- Up-to-date: /home/dalv204/sandbox/f1tenth_ws/install/lab2_pkg/lib/lab2_pkg/safety_node.py
[0.997s] -- Up-to-date: /home/dalv204/sandbox/f1tenth_ws/install/lab2_pkg/share/lab2_pkg/launch/launch
[0.997s] -- Up-to-date: /home/dalv204/sandbox/f1tenth_ws/install/lab2_pkg/share/lab2_pkg/launch/launch/safety_launch.py
[0.997s] -- Up-to-date: /home/dalv204/sandbox/f1tenth_ws/install/lab2_pkg/share/lab2_pkg/launch/launch/.vscode
[0.997s] -- Up-to-date: /home/dalv204/sandbox/f1tenth_ws/install/lab2_pkg/share/lab2_pkg/launch/launch/.vscode/c_cpp_properties.json
[0.997s] -- Up-to-date: /home/dalv204/sandbox/f1tenth_ws/install/lab2_pkg/share/lab2_pkg/launch/launch/.vscode/settings.json
[0.997s] -- Up-to-date: /home/dalv204/sandbox/f1tenth_ws/install/lab2_pkg/share/ament_index/resource_index/package_run_dependencies/lab2_pkg
[0.998s] -- Up-to-date: /home/dalv204/sandbox/f1tenth_ws/install/lab2_pkg/share/ament_index/resource_index/parent_prefix_path/lab2_pkg
[0.998s] -- Up-to-date: /home/dalv204/sandbox/f1tenth_ws/install/lab2_pkg/share/lab2_pkg/environment/ament_prefix_path.sh
[0.998s] -- Up-to-date: /home/dalv204/sandbox/f1tenth_ws/install/lab2_pkg/share/lab2_pkg/environment/ament_prefix_path.dsv
[0.998s] -- Up-to-date: /home/dalv204/sandbox/f1tenth_ws/install/lab2_pkg/share/lab2_pkg/environment/path.sh
[0.999s] -- Up-to-date: /home/dalv204/sandbox/f1tenth_ws/install/lab2_pkg/share/lab2_pkg/environment/path.dsv
[0.999s] -- Up-to-date: /home/dalv204/sandbox/f1tenth_ws/install/lab2_pkg/share/lab2_pkg/local_setup.bash
[0.999s] -- Up-to-date: /home/dalv204/sandbox/f1tenth_ws/install/lab2_pkg/share/lab2_pkg/local_setup.sh
[0.999s] -- Up-to-date: /home/dalv204/sandbox/f1tenth_ws/install/lab2_pkg/share/lab2_pkg/local_setup.zsh
[0.999s] -- Up-to-date: /home/dalv204/sandbox/f1tenth_ws/install/lab2_pkg/share/lab2_pkg/local_setup.dsv
[1.000s] -- Installing: /home/dalv204/sandbox/f1tenth_ws/install/lab2_pkg/share/lab2_pkg/package.dsv
[1.005s] -- Up-to-date: /home/dalv204/sandbox/f1tenth_ws/install/lab2_pkg/share/ament_index/resource_index/packages/lab2_pkg
[1.005s] -- Up-to-date: /home/dalv204/sandbox/f1tenth_ws/install/lab2_pkg/share/lab2_pkg/cmake/lab2_pkgConfig.cmake
[1.005s] -- Up-to-date: /home/dalv204/sandbox/f1tenth_ws/install/lab2_pkg/share/lab2_pkg/cmake/lab2_pkgConfig-version.cmake
[1.005s] -- Up-to-date: /home/dalv204/sandbox/f1tenth_ws/install/lab2_pkg/share/lab2_pkg/package.xml
[1.066s] Invoked command in '/home/dalv204/sandbox/f1tenth_ws/build/lab2_pkg' returned '0': /usr/bin/cmake --install /home/dalv204/sandbox/f1tenth_ws/build/lab2_pkg
