[0.613s] Invoking command in '/home/dalv204/sandbox/f1tenth_ws/build/lab2_pkg': CMAKE_PREFIX_PATH=${CMAKE_PREFIX_PATH}:/home/dalv204/sandbox/f1tenth_ws/install/f1tenth_stack:/home/dalv204/sandbox/f1tenth_ws/install/joy_teleop:/home/dalv204/sandbox/f1tenth_ws/install/particle_filter:/home/dalv204/sandbox/f1tenth_ws/install/mouse_teleop:/home/dalv204/sandbox/f1tenth_ws/install/key_teleop /usr/bin/cmake --build /home/dalv204/sandbox/f1tenth_ws/build/lab2_pkg -- -j6 -l6
[0.756s] Invoked command in '/home/dalv204/sandbox/f1tenth_ws/build/lab2_pkg' returned '0': CMAKE_PREFIX_PATH=${CMAKE_PREFIX_PATH}:/home/dalv204/sandbox/f1tenth_ws/install/f1tenth_stack:/home/dalv204/sandbox/f1tenth_ws/install/joy_teleop:/home/dalv204/sandbox/f1tenth_ws/install/particle_filter:/home/dalv204/sandbox/f1tenth_ws/install/mouse_teleop:/home/dalv204/sandbox/f1tenth_ws/install/key_teleop /usr/bin/cmake --build /home/dalv204/sandbox/f1tenth_ws/build/lab2_pkg -- -j6 -l6
[0.871s] Invoking command in '/home/dalv204/sandbox/f1tenth_ws/build/lab2_pkg': CMAKE_PREFIX_PATH=${CMAKE_PREFIX_PATH}:/home/dalv204/sandbox/f1tenth_ws/install/f1tenth_stack:/home/dalv204/sandbox/f1tenth_ws/install/joy_teleop:/home/dalv204/sandbox/f1tenth_ws/install/particle_filter:/home/dalv204/sandbox/f1tenth_ws/install/mouse_teleop:/home/dalv204/sandbox/f1tenth_ws/install/key_teleop /usr/bin/cmake --install /home/dalv204/sandbox/f1tenth_ws/build/lab2_pkg
[0.892s] -- Install configuration: ""
[0.893s] -- Up-to-date: /home/dalv204/sandbox/f1tenth_ws/install/lab2_pkg/lib/lab2_pkg/safety_node.py
[0.895s] -- Up-to-date: /home/dalv204/sandbox/f1tenth_ws/install/lab2_pkg/share/lab2_pkg/launch/launch
[0.896s] -- Up-to-date: /home/dalv204/sandbox/f1tenth_ws/install/lab2_pkg/share/lab2_pkg/launch/launch/safety_launch.py
[0.896s] -- Up-to-date: /home/dalv204/sandbox/f1tenth_ws/install/lab2_pkg/share/ament_index/resource_index/package_run_dependencies/lab2_pkg
[0.897s] -- Up-to-date: /home/dalv204/sandbox/f1tenth_ws/install/lab2_pkg/share/ament_index/resource_index/parent_prefix_path/lab2_pkg
[0.897s] -- Up-to-date: /home/dalv204/sandbox/f1tenth_ws/install/lab2_pkg/share/lab2_pkg/environment/ament_prefix_path.sh
[0.898s] -- Up-to-date: /home/dalv204/sandbox/f1tenth_ws/install/lab2_pkg/share/lab2_pkg/environment/ament_prefix_path.dsv
[0.900s] -- Up-to-date: /home/dalv204/sandbox/f1tenth_ws/install/lab2_pkg/share/lab2_pkg/environment/path.sh
[0.900s] -- Up-to-date: /home/dalv204/sandbox/f1tenth_ws/install/lab2_pkg/share/lab2_pkg/environment/path.dsv
[0.900s] -- Up-to-date: /home/dalv204/sandbox/f1tenth_ws/install/lab2_pkg/share/lab2_pkg/local_setup.bash
[0.900s] -- Up-to-date: /home/dalv204/sandbox/f1tenth_ws/install/lab2_pkg/share/lab2_pkg/local_setup.sh
[0.901s] -- Up-to-date: /home/dalv204/sandbox/f1tenth_ws/install/lab2_pkg/share/lab2_pkg/local_setup.zsh
[0.901s] -- Up-to-date: /home/dalv204/sandbox/f1tenth_ws/install/lab2_pkg/share/lab2_pkg/local_setup.dsv
[0.901s] -- Installing: /home/dalv204/sandbox/f1tenth_ws/install/lab2_pkg/share/lab2_pkg/package.dsv
[0.902s] -- Up-to-date: /home/dalv204/sandbox/f1tenth_ws/install/lab2_pkg/share/ament_index/resource_index/packages/lab2_pkg
[0.902s] -- Up-to-date: /home/dalv204/sandbox/f1tenth_ws/install/lab2_pkg/share/lab2_pkg/cmake/lab2_pkgConfig.cmake
[0.902s] -- Up-to-date: /home/dalv204/sandbox/f1tenth_ws/install/lab2_pkg/share/lab2_pkg/cmake/lab2_pkgConfig-version.cmake
[0.903s] -- Up-to-date: /home/dalv204/sandbox/f1tenth_ws/install/lab2_pkg/share/lab2_pkg/package.xml
[0.915s] Invoked command in '/home/dalv204/sandbox/f1tenth_ws/build/lab2_pkg' returned '0': CMAKE_PREFIX_PATH=${CMAKE_PREFIX_PATH}:/home/dalv204/sandbox/f1tenth_ws/install/f1tenth_stack:/home/dalv204/sandbox/f1tenth_ws/install/joy_teleop:/home/dalv204/sandbox/f1tenth_ws/install/particle_filter:/home/dalv204/sandbox/f1tenth_ws/install/mouse_teleop:/home/dalv204/sandbox/f1tenth_ws/install/key_teleop /usr/bin/cmake --install /home/dalv204/sandbox/f1tenth_ws/build/lab2_pkg
