[2.243s] Invoking command in '/home/dalv204/sandbox/f1tenth_ws/src/f1tenth_system/teleop_tools/key_teleop': PYTHONPATH=/home/dalv204/sandbox/f1tenth_ws/build/key_teleop/prefix_override:/usr/lib/python3/dist-packages/colcon_core/task/python/colcon_distutils_commands:/home/dalv204/sandbox/f1tenth_ws/install/key_teleop/lib/python3.8/site-packages:${PYTHONPATH} /usr/bin/python3 -W ignore:setup.py install is deprecated setup.py egg_info --egg-base ../../../../build/key_teleop build --build-base /home/dalv204/sandbox/f1tenth_ws/build/key_teleop/build install --record /home/dalv204/sandbox/f1tenth_ws/build/key_teleop/install.log --install-scripts $base/lib/key_teleop --single-version-externally-managed install_data
[2.694s] running egg_info
[2.694s] writing ../../../../build/key_teleop/key_teleop.egg-info/PKG-INFO
[2.695s] writing dependency_links to ../../../../build/key_teleop/key_teleop.egg-info/dependency_links.txt
[2.696s] writing entry points to ../../../../build/key_teleop/key_teleop.egg-info/entry_points.txt
[2.697s] writing requirements to ../../../../build/key_teleop/key_teleop.egg-info/requires.txt
[2.698s] writing top-level names to ../../../../build/key_teleop/key_teleop.egg-info/top_level.txt
[2.766s] reading manifest file '../../../../build/key_teleop/key_teleop.egg-info/SOURCES.txt'
[2.768s] writing manifest file '../../../../build/key_teleop/key_teleop.egg-info/SOURCES.txt'
[2.769s] running build
[2.769s] running build_py
[2.771s] running install
[2.773s] running install_lib
[2.778s] running install_data
[2.778s] running install_egg_info
[2.781s] removing '/home/dalv204/sandbox/f1tenth_ws/install/key_teleop/lib/python3.8/site-packages/key_teleop-0.3.0-py3.8.egg-info' (and everything under it)
[2.804s] Copying ../../../../build/key_teleop/key_teleop.egg-info to /home/dalv204/sandbox/f1tenth_ws/install/key_teleop/lib/python3.8/site-packages/key_teleop-0.3.0-py3.8.egg-info
[2.804s] running install_scripts
[2.841s] Installing key_teleop script to /home/dalv204/sandbox/f1tenth_ws/install/key_teleop/lib/key_teleop
[2.842s] writing list of installed files to '/home/dalv204/sandbox/f1tenth_ws/build/key_teleop/install.log'
[2.909s] Invoked command in '/home/dalv204/sandbox/f1tenth_ws/src/f1tenth_system/teleop_tools/key_teleop' returned '0': PYTHONPATH=/home/dalv204/sandbox/f1tenth_ws/build/key_teleop/prefix_override:/usr/lib/python3/dist-packages/colcon_core/task/python/colcon_distutils_commands:/home/dalv204/sandbox/f1tenth_ws/install/key_teleop/lib/python3.8/site-packages:${PYTHONPATH} /usr/bin/python3 -W ignore:setup.py install is deprecated setup.py egg_info --egg-base ../../../../build/key_teleop build --build-base /home/dalv204/sandbox/f1tenth_ws/build/key_teleop/build install --record /home/dalv204/sandbox/f1tenth_ws/build/key_teleop/install.log --install-scripts $base/lib/key_teleop --single-version-externally-managed install_data
