[0.474s] DEBUG:colcon:Command line arguments: ['/usr/bin/colcon', 'build']
[0.475s] DEBUG:colcon:Parsed command line arguments: Namespace(allow_overriding=[], ament_cmake_args=None, base_paths=['.'], build_base='build', catkin_cmake_args=None, catkin_skip_building_tests=False, cmake_args=None, cmake_clean_cache=False, cmake_clean_first=False, cmake_force_configure=False, cmake_target=None, cmake_target_skip_unavailable=False, continue_on_error=False, event_handlers=None, executor='parallel', ignore_user_meta=False, install_base='install', log_base=None, log_level=None, main=<bound method BuildVerb.main of <colcon_core.verb.build.BuildVerb object at 0x7f8d752a67c0>>, merge_install=False, metas=['./colcon.meta'], packages_above=None, packages_above_and_dependencies=None, packages_above_depth=None, packages_end=None, packages_ignore=None, packages_ignore_regex=None, packages_select=None, packages_select_build_failed=False, packages_select_by_dep=None, packages_select_regex=None, packages_select_test_failures=False, packages_skip=None, packages_skip_build_finished=False, packages_skip_by_dep=None, packages_skip_regex=None, packages_skip_test_passed=False, packages_skip_up_to=None, packages_start=None, packages_up_to=None, packages_up_to_regex=None, parallel_workers=16, paths=None, symlink_install=False, test_result_base=None, verb_extension=<colcon_core.verb.build.BuildVerb object at 0x7f8d752a67c0>, verb_name='build', verb_parser=<colcon_defaults.argument_parser.defaults.DefaultArgumentsDecorator object at 0x7f8d7517e400>)
[0.686s] Level 1:colcon.colcon_core.package_discovery:discover_packages(colcon_meta) check parameters
[0.687s] Level 1:colcon.colcon_core.package_discovery:discover_packages(recursive) check parameters
[0.687s] Level 1:colcon.colcon_core.package_discovery:discover_packages(ignore) check parameters
[0.687s] Level 1:colcon.colcon_core.package_discovery:discover_packages(path) check parameters
[0.687s] Level 1:colcon.colcon_core.package_discovery:discover_packages(colcon_meta) discover
[0.687s] Level 1:colcon.colcon_core.package_discovery:discover_packages(recursive) discover
[0.687s] INFO:colcon.colcon_core.package_discovery:Crawling recursively for packages in '/home/dalv204/lab2_ws'
[0.688s] Level 1:colcon.colcon_core.package_identification:_identify(.) by extensions ['ignore', 'ignore_ament_install']
[0.688s] Level 1:colcon.colcon_core.package_identification:_identify(.) by extension 'ignore'
[0.688s] Level 1:colcon.colcon_core.package_identification:_identify(.) by extension 'ignore_ament_install'
[0.688s] Level 1:colcon.colcon_core.package_identification:_identify(.) by extensions ['colcon_pkg']
[0.688s] Level 1:colcon.colcon_core.package_identification:_identify(.) by extension 'colcon_pkg'
[0.688s] Level 1:colcon.colcon_core.package_identification:_identify(.) by extensions ['colcon_meta']
[0.688s] Level 1:colcon.colcon_core.package_identification:_identify(.) by extension 'colcon_meta'
[0.689s] Level 1:colcon.colcon_core.package_identification:_identify(.) by extensions ['ros']
[0.689s] Level 1:colcon.colcon_core.package_identification:_identify(.) by extension 'ros'
[0.709s] Level 1:colcon.colcon_core.package_identification:_identify(.) by extensions ['cmake', 'python']
[0.709s] Level 1:colcon.colcon_core.package_identification:_identify(.) by extension 'cmake'
[0.709s] Level 1:colcon.colcon_core.package_identification:_identify(.) by extension 'python'
[0.710s] Level 1:colcon.colcon_core.package_identification:_identify(.) by extensions ['python_setup_py']
[0.710s] Level 1:colcon.colcon_core.package_identification:_identify(.) by extension 'python_setup_py'
[0.710s] Level 1:colcon.colcon_core.package_identification:_identify(build) by extensions ['ignore', 'ignore_ament_install']
[0.710s] Level 1:colcon.colcon_core.package_identification:_identify(build) by extension 'ignore'
[0.710s] Level 1:colcon.colcon_core.package_identification:_identify(build) ignored
[0.710s] Level 1:colcon.colcon_core.package_identification:_identify(install) by extensions ['ignore', 'ignore_ament_install']
[0.710s] Level 1:colcon.colcon_core.package_identification:_identify(install) by extension 'ignore'
[0.710s] Level 1:colcon.colcon_core.package_identification:_identify(install) ignored
[0.711s] Level 1:colcon.colcon_core.package_identification:_identify(log) by extensions ['ignore', 'ignore_ament_install']
[0.711s] Level 1:colcon.colcon_core.package_identification:_identify(log) by extension 'ignore'
[0.711s] Level 1:colcon.colcon_core.package_identification:_identify(log) ignored
[0.711s] Level 1:colcon.colcon_core.package_identification:_identify(src) by extensions ['ignore', 'ignore_ament_install']
[0.711s] Level 1:colcon.colcon_core.package_identification:_identify(src) by extension 'ignore'
[0.711s] Level 1:colcon.colcon_core.package_identification:_identify(src) by extension 'ignore_ament_install'
[0.711s] Level 1:colcon.colcon_core.package_identification:_identify(src) by extensions ['colcon_pkg']
[0.712s] Level 1:colcon.colcon_core.package_identification:_identify(src) by extension 'colcon_pkg'
[0.712s] Level 1:colcon.colcon_core.package_identification:_identify(src) by extensions ['colcon_meta']
[0.712s] Level 1:colcon.colcon_core.package_identification:_identify(src) by extension 'colcon_meta'
[0.712s] Level 1:colcon.colcon_core.package_identification:_identify(src) by extensions ['ros']
[0.712s] Level 1:colcon.colcon_core.package_identification:_identify(src) by extension 'ros'
[0.712s] Level 1:colcon.colcon_core.package_identification:_identify(src) by extensions ['cmake', 'python']
[0.712s] Level 1:colcon.colcon_core.package_identification:_identify(src) by extension 'cmake'
[0.712s] Level 1:colcon.colcon_core.package_identification:_identify(src) by extension 'python'
[0.712s] Level 1:colcon.colcon_core.package_identification:_identify(src) by extensions ['python_setup_py']
[0.712s] Level 1:colcon.colcon_core.package_identification:_identify(src) by extension 'python_setup_py'
[0.713s] Level 1:colcon.colcon_core.package_identification:_identify(src/lab2_pkg) by extensions ['ignore', 'ignore_ament_install']
[0.713s] Level 1:colcon.colcon_core.package_identification:_identify(src/lab2_pkg) by extension 'ignore'
[0.713s] Level 1:colcon.colcon_core.package_identification:_identify(src/lab2_pkg) by extension 'ignore_ament_install'
[0.713s] Level 1:colcon.colcon_core.package_identification:_identify(src/lab2_pkg) by extensions ['colcon_pkg']
[0.713s] Level 1:colcon.colcon_core.package_identification:_identify(src/lab2_pkg) by extension 'colcon_pkg'
[0.713s] Level 1:colcon.colcon_core.package_identification:_identify(src/lab2_pkg) by extensions ['colcon_meta']
[0.713s] Level 1:colcon.colcon_core.package_identification:_identify(src/lab2_pkg) by extension 'colcon_meta'
[0.713s] Level 1:colcon.colcon_core.package_identification:_identify(src/lab2_pkg) by extensions ['ros']
[0.713s] Level 1:colcon.colcon_core.package_identification:_identify(src/lab2_pkg) by extension 'ros'
[0.717s] DEBUG:colcon.colcon_core.package_identification:Package 'src/lab2_pkg' with type 'ros.ament_cmake' and name 'lab2_pkg'
[0.717s] Level 1:colcon.colcon_core.package_discovery:discover_packages(recursive) using defaults
[0.717s] Level 1:colcon.colcon_core.package_discovery:discover_packages(ignore) discover
[0.717s] Level 1:colcon.colcon_core.package_discovery:discover_packages(ignore) using defaults
[0.717s] Level 1:colcon.colcon_core.package_discovery:discover_packages(path) discover
[0.717s] Level 1:colcon.colcon_core.package_discovery:discover_packages(path) using defaults
[0.743s] Level 1:colcon.colcon_core.package_discovery:discover_packages(prefix_path) check parameters
[0.743s] Level 1:colcon.colcon_core.package_discovery:discover_packages(prefix_path) discover
[0.748s] DEBUG:colcon.colcon_installed_package_information.package_discovery:Found 1 installed packages in /home/dalv204/lab1_ws/install
[0.750s] DEBUG:colcon.colcon_installed_package_information.package_discovery:Found 257 installed packages in /opt/ros/foxy
[0.751s] Level 1:colcon.colcon_core.package_discovery:discover_packages(prefix_path) using defaults
[0.868s] Level 5:colcon.colcon_core.verb:set package 'lab2_pkg' build argument 'cmake_args' from command line to 'None'
[0.869s] Level 5:colcon.colcon_core.verb:set package 'lab2_pkg' build argument 'cmake_target' from command line to 'None'
[0.869s] Level 5:colcon.colcon_core.verb:set package 'lab2_pkg' build argument 'cmake_target_skip_unavailable' from command line to 'False'
[0.869s] Level 5:colcon.colcon_core.verb:set package 'lab2_pkg' build argument 'cmake_clean_cache' from command line to 'False'
[0.869s] Level 5:colcon.colcon_core.verb:set package 'lab2_pkg' build argument 'cmake_clean_first' from command line to 'False'
[0.869s] Level 5:colcon.colcon_core.verb:set package 'lab2_pkg' build argument 'cmake_force_configure' from command line to 'False'
[0.869s] Level 5:colcon.colcon_core.verb:set package 'lab2_pkg' build argument 'ament_cmake_args' from command line to 'None'
[0.869s] Level 5:colcon.colcon_core.verb:set package 'lab2_pkg' build argument 'catkin_cmake_args' from command line to 'None'
[0.869s] Level 5:colcon.colcon_core.verb:set package 'lab2_pkg' build argument 'catkin_skip_building_tests' from command line to 'False'
[0.869s] DEBUG:colcon.colcon_core.verb:Building package 'lab2_pkg' with the following arguments: {'ament_cmake_args': None, 'build_base': '/home/dalv204/lab2_ws/build/lab2_pkg', 'catkin_cmake_args': None, 'catkin_skip_building_tests': False, 'cmake_args': None, 'cmake_clean_cache': False, 'cmake_clean_first': False, 'cmake_force_configure': False, 'cmake_target': None, 'cmake_target_skip_unavailable': False, 'install_base': '/home/dalv204/lab2_ws/install/lab2_pkg', 'merge_install': False, 'path': '/home/dalv204/lab2_ws/src/lab2_pkg', 'symlink_install': False, 'test_result_base': None}
[0.869s] INFO:colcon.colcon_core.executor:Executing jobs using 'parallel' executor
[0.871s] DEBUG:colcon.colcon_parallel_executor.executor.parallel:run_until_complete
[0.871s] INFO:colcon.colcon_ros.task.ament_cmake.build:Building ROS package in '/home/dalv204/lab2_ws/src/lab2_pkg' with build type 'ament_cmake'
[0.872s] INFO:colcon.colcon_cmake.task.cmake.build:Building CMake package in '/home/dalv204/lab2_ws/src/lab2_pkg'
[0.878s] INFO:colcon.colcon_core.plugin_system:Skipping extension 'colcon_core.shell.bat': Not used on non-Windows systems
[0.878s] INFO:colcon.colcon_core.shell:Skip shell extension 'powershell' for command environment: Not usable outside of PowerShell
[0.878s] DEBUG:colcon.colcon_core.shell:Skip shell extension 'dsv' for command environment
[0.900s] DEBUG:colcon.colcon_core.event_handler.log_command:Invoking command in '/home/dalv204/lab2_ws/build/lab2_pkg': CMAKE_PREFIX_PATH=${CMAKE_PREFIX_PATH}:/opt/ros/foxy /usr/bin/cmake /home/dalv204/lab2_ws/src/lab2_pkg -DCMAKE_INSTALL_PREFIX=/home/dalv204/lab2_ws/install/lab2_pkg
[14.359s] DEBUG:colcon.colcon_core.event_handler.log_command:Invoked command in '/home/dalv204/lab2_ws/build/lab2_pkg' returned '0': CMAKE_PREFIX_PATH=${CMAKE_PREFIX_PATH}:/opt/ros/foxy /usr/bin/cmake /home/dalv204/lab2_ws/src/lab2_pkg -DCMAKE_INSTALL_PREFIX=/home/dalv204/lab2_ws/install/lab2_pkg
[14.364s] DEBUG:colcon.colcon_core.event_handler.log_command:Invoking command in '/home/dalv204/lab2_ws/build/lab2_pkg': CMAKE_PREFIX_PATH=${CMAKE_PREFIX_PATH}:/opt/ros/foxy /usr/bin/cmake --build /home/dalv204/lab2_ws/build/lab2_pkg -- -j16 -l16
[14.423s] DEBUG:colcon.colcon_core.event_handler.log_command:Invoked command in '/home/dalv204/lab2_ws/build/lab2_pkg' returned '0': CMAKE_PREFIX_PATH=${CMAKE_PREFIX_PATH}:/opt/ros/foxy /usr/bin/cmake --build /home/dalv204/lab2_ws/build/lab2_pkg -- -j16 -l16
[14.483s] DEBUG:colcon.colcon_core.event_handler.log_command:Invoking command in '/home/dalv204/lab2_ws/build/lab2_pkg': CMAKE_PREFIX_PATH=${CMAKE_PREFIX_PATH}:/opt/ros/foxy /usr/bin/cmake --install /home/dalv204/lab2_ws/build/lab2_pkg
[14.513s] Level 1:colcon.colcon_core.environment:create_environment_scripts_only(lab2_pkg)
[14.514s] DEBUG:colcon.colcon_core.event_handler.log_command:Invoked command in '/home/dalv204/lab2_ws/build/lab2_pkg' returned '0': CMAKE_PREFIX_PATH=${CMAKE_PREFIX_PATH}:/opt/ros/foxy /usr/bin/cmake --install /home/dalv204/lab2_ws/build/lab2_pkg
[14.520s] Level 1:colcon.colcon_core.environment:checking '/home/dalv204/lab2_ws/install/lab2_pkg' for CMake module files
[14.521s] Level 1:colcon.colcon_core.environment:checking '/home/dalv204/lab2_ws/install/lab2_pkg' for CMake config files
[14.521s] Level 1:colcon.colcon_core.shell:create_environment_hook('lab2_pkg', 'cmake_prefix_path')
[14.522s] INFO:colcon.colcon_core.shell:Creating environment hook '/home/dalv204/lab2_ws/install/lab2_pkg/share/lab2_pkg/hook/cmake_prefix_path.ps1'
[14.524s] INFO:colcon.colcon_core.shell:Creating environment descriptor '/home/dalv204/lab2_ws/install/lab2_pkg/share/lab2_pkg/hook/cmake_prefix_path.dsv'
[14.525s] INFO:colcon.colcon_core.shell:Creating environment hook '/home/dalv204/lab2_ws/install/lab2_pkg/share/lab2_pkg/hook/cmake_prefix_path.sh'
[14.528s] Level 1:colcon.colcon_core.environment:checking '/home/dalv204/lab2_ws/install/lab2_pkg/lib'
[14.528s] Level 1:colcon.colcon_core.environment:checking '/home/dalv204/lab2_ws/install/lab2_pkg/bin'
[14.528s] Level 1:colcon.colcon_core.environment:checking '/home/dalv204/lab2_ws/install/lab2_pkg/lib/pkgconfig/lab2_pkg.pc'
[14.529s] Level 1:colcon.colcon_core.environment:checking '/home/dalv204/lab2_ws/install/lab2_pkg/lib/python3.8/site-packages'
[14.529s] Level 1:colcon.colcon_core.environment:checking '/home/dalv204/lab2_ws/install/lab2_pkg/bin'
[14.530s] INFO:colcon.colcon_core.shell:Creating package script '/home/dalv204/lab2_ws/install/lab2_pkg/share/lab2_pkg/package.ps1'
[14.531s] INFO:colcon.colcon_core.shell:Creating package descriptor '/home/dalv204/lab2_ws/install/lab2_pkg/share/lab2_pkg/package.dsv'
[14.532s] INFO:colcon.colcon_core.shell:Creating package script '/home/dalv204/lab2_ws/install/lab2_pkg/share/lab2_pkg/package.sh'
[14.534s] INFO:colcon.colcon_core.shell:Creating package script '/home/dalv204/lab2_ws/install/lab2_pkg/share/lab2_pkg/package.bash'
[14.535s] INFO:colcon.colcon_core.shell:Creating package script '/home/dalv204/lab2_ws/install/lab2_pkg/share/lab2_pkg/package.zsh'
[14.536s] Level 1:colcon.colcon_core.environment:create_file_with_runtime_dependencies(/home/dalv204/lab2_ws/install/lab2_pkg/share/colcon-core/packages/lab2_pkg)
[14.578s] Level 1:colcon.colcon_core.environment:create_environment_scripts_only(lab2_pkg)
[14.579s] Level 1:colcon.colcon_core.environment:checking '/home/dalv204/lab2_ws/install/lab2_pkg' for CMake module files
[14.580s] Level 1:colcon.colcon_core.environment:checking '/home/dalv204/lab2_ws/install/lab2_pkg' for CMake config files
[14.580s] Level 1:colcon.colcon_core.shell:create_environment_hook('lab2_pkg', 'cmake_prefix_path')
[14.581s] INFO:colcon.colcon_core.shell:Creating environment hook '/home/dalv204/lab2_ws/install/lab2_pkg/share/lab2_pkg/hook/cmake_prefix_path.ps1'
[14.582s] INFO:colcon.colcon_core.shell:Creating environment descriptor '/home/dalv204/lab2_ws/install/lab2_pkg/share/lab2_pkg/hook/cmake_prefix_path.dsv'
[14.583s] INFO:colcon.colcon_core.shell:Creating environment hook '/home/dalv204/lab2_ws/install/lab2_pkg/share/lab2_pkg/hook/cmake_prefix_path.sh'
[14.584s] Level 1:colcon.colcon_core.environment:checking '/home/dalv204/lab2_ws/install/lab2_pkg/lib'
[14.584s] Level 1:colcon.colcon_core.environment:checking '/home/dalv204/lab2_ws/install/lab2_pkg/bin'
[14.585s] Level 1:colcon.colcon_core.environment:checking '/home/dalv204/lab2_ws/install/lab2_pkg/lib/pkgconfig/lab2_pkg.pc'
[14.585s] Level 1:colcon.colcon_core.environment:checking '/home/dalv204/lab2_ws/install/lab2_pkg/lib/python3.8/site-packages'
[14.585s] Level 1:colcon.colcon_core.environment:checking '/home/dalv204/lab2_ws/install/lab2_pkg/bin'
[14.586s] INFO:colcon.colcon_core.shell:Creating package script '/home/dalv204/lab2_ws/install/lab2_pkg/share/lab2_pkg/package.ps1'
[14.586s] INFO:colcon.colcon_core.shell:Creating package descriptor '/home/dalv204/lab2_ws/install/lab2_pkg/share/lab2_pkg/package.dsv'
[14.587s] INFO:colcon.colcon_core.shell:Creating package script '/home/dalv204/lab2_ws/install/lab2_pkg/share/lab2_pkg/package.sh'
[14.588s] INFO:colcon.colcon_core.shell:Creating package script '/home/dalv204/lab2_ws/install/lab2_pkg/share/lab2_pkg/package.bash'
[14.588s] INFO:colcon.colcon_core.shell:Creating package script '/home/dalv204/lab2_ws/install/lab2_pkg/share/lab2_pkg/package.zsh'
[14.589s] Level 1:colcon.colcon_core.environment:create_file_with_runtime_dependencies(/home/dalv204/lab2_ws/install/lab2_pkg/share/colcon-core/packages/lab2_pkg)
[14.591s] DEBUG:colcon.colcon_parallel_executor.executor.parallel:closing loop
[14.592s] DEBUG:colcon.colcon_parallel_executor.executor.parallel:loop closed
[14.592s] DEBUG:colcon.colcon_parallel_executor.executor.parallel:run_until_complete finished with '0'
[14.592s] DEBUG:colcon.colcon_core.event_reactor:joining thread
[14.710s] INFO:colcon.colcon_core.plugin_system:Skipping extension 'colcon_notification.desktop_notification.notify_send': Could not find 'notify-send'
[14.711s] INFO:colcon.colcon_core.plugin_system:Skipping extension 'colcon_notification.desktop_notification.terminal_notifier': Not used on non-Darwin systems
[14.711s] INFO:colcon.colcon_core.plugin_system:Skipping extension 'colcon_notification.desktop_notification.win32': Not used on non-Windows systems
[14.711s] INFO:colcon.colcon_notification.desktop_notification:Sending desktop notification using 'notify2'
[14.724s] DEBUG:colcon.colcon_notification.desktop_notification.notify2:Failed to initialize notify2: org.freedesktop.DBus.Error.ServiceUnknown: The name org.freedesktop.Notifications was not provided by any .service files
[14.724s] DEBUG:colcon.colcon_core.event_reactor:joined thread
[14.725s] INFO:colcon.colcon_core.shell:Creating prefix script '/home/dalv204/lab2_ws/install/local_setup.ps1'
[14.727s] INFO:colcon.colcon_core.shell:Creating prefix util module '/home/dalv204/lab2_ws/install/_local_setup_util_ps1.py'
[14.729s] INFO:colcon.colcon_core.shell:Creating prefix chain script '/home/dalv204/lab2_ws/install/setup.ps1'
[14.731s] INFO:colcon.colcon_core.shell:Creating prefix script '/home/dalv204/lab2_ws/install/local_setup.sh'
[14.733s] INFO:colcon.colcon_core.shell:Creating prefix util module '/home/dalv204/lab2_ws/install/_local_setup_util_sh.py'
[14.735s] INFO:colcon.colcon_core.shell:Creating prefix chain script '/home/dalv204/lab2_ws/install/setup.sh'
[14.736s] INFO:colcon.colcon_core.shell:Creating prefix script '/home/dalv204/lab2_ws/install/local_setup.bash'
[14.737s] INFO:colcon.colcon_core.shell:Creating prefix chain script '/home/dalv204/lab2_ws/install/setup.bash'
[14.738s] INFO:colcon.colcon_core.shell:Creating prefix script '/home/dalv204/lab2_ws/install/local_setup.zsh'
[14.739s] INFO:colcon.colcon_core.shell:Creating prefix chain script '/home/dalv204/lab2_ws/install/setup.zsh'
