[1.974s] Invoking command in '/home/dalv204/sandbox/f1tenth_ws/src/f1tenth_system/teleop_tools/mouse_teleop': PYTHONPATH=/home/dalv204/sandbox/f1tenth_ws/build/mouse_teleop/prefix_override:/home/dalv204/sandbox/f1tenth_ws/install/mouse_teleop/lib/python3.8/site-packages:${PYTHONPATH} /usr/bin/python3 -W ignore:setup.py install is deprecated setup.py egg_info --egg-base ../../../../build/mouse_teleop build --build-base /home/dalv204/sandbox/f1tenth_ws/build/mouse_teleop/build install --record /home/dalv204/sandbox/f1tenth_ws/build/mouse_teleop/install.log --install-scripts $base/lib/mouse_teleop --single-version-externally-managed install_data
[2.408s] running egg_info
[2.409s] creating ../../../../build/mouse_teleop/mouse_teleop.egg-info
[2.409s] writing ../../../../build/mouse_teleop/mouse_teleop.egg-info/PKG-INFO
[2.410s] writing dependency_links to ../../../../build/mouse_teleop/mouse_teleop.egg-info/dependency_links.txt
[2.410s] writing entry points to ../../../../build/mouse_teleop/mouse_teleop.egg-info/entry_points.txt
[2.410s] writing requirements to ../../../../build/mouse_teleop/mouse_teleop.egg-info/requires.txt
[2.410s] writing top-level names to ../../../../build/mouse_teleop/mouse_teleop.egg-info/top_level.txt
[2.415s] writing manifest file '../../../../build/mouse_teleop/mouse_teleop.egg-info/SOURCES.txt'
[2.477s] reading manifest file '../../../../build/mouse_teleop/mouse_teleop.egg-info/SOURCES.txt'
[2.478s] writing manifest file '../../../../build/mouse_teleop/mouse_teleop.egg-info/SOURCES.txt'
[2.478s] running build
[2.478s] running build_py
[2.479s] creating /home/dalv204/sandbox/f1tenth_ws/build/mouse_teleop/build
[2.479s] creating /home/dalv204/sandbox/f1tenth_ws/build/mouse_teleop/build/lib
[2.479s] creating /home/dalv204/sandbox/f1tenth_ws/build/mouse_teleop/build/lib/mouse_teleop
[2.479s] copying mouse_teleop/mouse_teleop.py -> /home/dalv204/sandbox/f1tenth_ws/build/mouse_teleop/build/lib/mouse_teleop
[2.480s] copying mouse_teleop/__init__.py -> /home/dalv204/sandbox/f1tenth_ws/build/mouse_teleop/build/lib/mouse_teleop
[2.480s] running install
[2.482s] running install_lib
[2.484s] creating /home/dalv204/sandbox/f1tenth_ws/install/mouse_teleop/lib/python3.8/site-packages/mouse_teleop
[2.485s] copying /home/dalv204/sandbox/f1tenth_ws/build/mouse_teleop/build/lib/mouse_teleop/mouse_teleop.py -> /home/dalv204/sandbox/f1tenth_ws/install/mouse_teleop/lib/python3.8/site-packages/mouse_teleop
[2.485s] copying /home/dalv204/sandbox/f1tenth_ws/build/mouse_teleop/build/lib/mouse_teleop/__init__.py -> /home/dalv204/sandbox/f1tenth_ws/install/mouse_teleop/lib/python3.8/site-packages/mouse_teleop
[2.486s] byte-compiling /home/dalv204/sandbox/f1tenth_ws/install/mouse_teleop/lib/python3.8/site-packages/mouse_teleop/mouse_teleop.py to mouse_teleop.cpython-38.pyc
[2.491s] byte-compiling /home/dalv204/sandbox/f1tenth_ws/install/mouse_teleop/lib/python3.8/site-packages/mouse_teleop/__init__.py to __init__.cpython-38.pyc
[2.491s] running install_data
[2.492s] copying package.xml -> /home/dalv204/sandbox/f1tenth_ws/install/mouse_teleop/share/mouse_teleop
[2.492s] creating /home/dalv204/sandbox/f1tenth_ws/install/mouse_teleop/share/mouse_teleop/config
[2.493s] copying config/mouse_teleop.yaml -> /home/dalv204/sandbox/f1tenth_ws/install/mouse_teleop/share/mouse_teleop/config
[2.494s] creating /home/dalv204/sandbox/f1tenth_ws/install/mouse_teleop/share/mouse_teleop/launch
[2.494s] copying launch/mouse_teleop.launch.py -> /home/dalv204/sandbox/f1tenth_ws/install/mouse_teleop/share/mouse_teleop/launch
[2.495s] creating /home/dalv204/sandbox/f1tenth_ws/install/mouse_teleop/share/ament_index
[2.495s] creating /home/dalv204/sandbox/f1tenth_ws/install/mouse_teleop/share/ament_index/resource_index
[2.496s] creating /home/dalv204/sandbox/f1tenth_ws/install/mouse_teleop/share/ament_index/resource_index/packages
[2.496s] copying resource/mouse_teleop -> /home/dalv204/sandbox/f1tenth_ws/install/mouse_teleop/share/ament_index/resource_index/packages
[2.497s] running install_egg_info
[2.500s] Copying ../../../../build/mouse_teleop/mouse_teleop.egg-info to /home/dalv204/sandbox/f1tenth_ws/install/mouse_teleop/lib/python3.8/site-packages/mouse_teleop-0.3.0-py3.8.egg-info
[2.502s] running install_scripts
[2.542s] Installing mouse_teleop script to /home/dalv204/sandbox/f1tenth_ws/install/mouse_teleop/lib/mouse_teleop
[2.547s] writing list of installed files to '/home/dalv204/sandbox/f1tenth_ws/build/mouse_teleop/install.log'
[2.601s] Invoked command in '/home/dalv204/sandbox/f1tenth_ws/src/f1tenth_system/teleop_tools/mouse_teleop' returned '0': PYTHONPATH=/home/dalv204/sandbox/f1tenth_ws/build/mouse_teleop/prefix_override:/home/dalv204/sandbox/f1tenth_ws/install/mouse_teleop/lib/python3.8/site-packages:${PYTHONPATH} /usr/bin/python3 -W ignore:setup.py install is deprecated setup.py egg_info --egg-base ../../../../build/mouse_teleop build --build-base /home/dalv204/sandbox/f1tenth_ws/build/mouse_teleop/build install --record /home/dalv204/sandbox/f1tenth_ws/build/mouse_teleop/install.log --install-scripts $base/lib/mouse_teleop --single-version-externally-managed install_data
