[0.064s] Invoking command in '/home/dalv204/sandbox/f1tenth_ws/build/path_finder': /usr/bin/cmake --build /home/dalv204/sandbox/f1tenth_ws/build/path_finder -- -j6 -l6
[0.274s] [100%] Built target rrt_node
[0.568s] Invoked command in '/home/dalv204/sandbox/f1tenth_ws/build/path_finder' returned '0': /usr/bin/cmake --build /home/dalv204/sandbox/f1tenth_ws/build/path_finder -- -j6 -l6
[0.648s] Invoking command in '/home/dalv204/sandbox/f1tenth_ws/build/path_finder': /usr/bin/cmake --install /home/dalv204/sandbox/f1tenth_ws/build/path_finder
[0.686s] -- Install configuration: ""
[0.691s] -- Up-to-date: /home/dalv204/sandbox/f1tenth_ws/install/path_finder/lib/path_finder/rrt_node
[0.694s] -- Up-to-date: /home/dalv204/sandbox/f1tenth_ws/install/path_finder/share/path_finder/environment/pythonpath.sh
[0.694s] -- Up-to-date: /home/dalv204/sandbox/f1tenth_ws/install/path_finder/share/path_finder/environment/pythonpath.dsv
[0.700s] -- Up-to-date: /home/dalv204/sandbox/f1tenth_ws/install/path_finder/lib/python3.8/site-packages/path_finder
[0.702s] -- Up-to-date: /home/dalv204/sandbox/f1tenth_ws/install/path_finder/lib/python3.8/site-packages/path_finder/__init__.py
[0.765s] Listing '/home/dalv204/sandbox/f1tenth_ws/install/path_finder/lib/python3.8/site-packages/path_finder'...
[0.780s] -- Up-to-date: /home/dalv204/sandbox/f1tenth_ws/install/path_finder/lib/path_finder/rrt_node.py
[0.780s] -- Installing: /home/dalv204/sandbox/f1tenth_ws/install/path_finder/lib/path_finder/pp_logic.py
[0.782s] -- Installing: /home/dalv204/sandbox/f1tenth_ws/install/path_finder/lib/path_finder/lbc_node.py
[0.784s] -- Up-to-date: /home/dalv204/sandbox/f1tenth_ws/install/path_finder/lib/path_finder/util.py
[0.785s] -- Up-to-date: /home/dalv204/sandbox/f1tenth_ws/install/path_finder/share/path_finder/config
[0.787s] -- Up-to-date: /home/dalv204/sandbox/f1tenth_ws/install/path_finder/share/path_finder/config/params.yaml
[0.791s] -- Up-to-date: /home/dalv204/sandbox/f1tenth_ws/install/path_finder/share/ament_index/resource_index/package_run_dependencies/path_finder
[0.795s] -- Up-to-date: /home/dalv204/sandbox/f1tenth_ws/install/path_finder/share/ament_index/resource_index/parent_prefix_path/path_finder
[0.795s] -- Up-to-date: /home/dalv204/sandbox/f1tenth_ws/install/path_finder/share/path_finder/environment/ament_prefix_path.sh
[0.796s] -- Up-to-date: /home/dalv204/sandbox/f1tenth_ws/install/path_finder/share/path_finder/environment/ament_prefix_path.dsv
[0.796s] -- Up-to-date: /home/dalv204/sandbox/f1tenth_ws/install/path_finder/share/path_finder/environment/path.sh
[0.796s] -- Up-to-date: /home/dalv204/sandbox/f1tenth_ws/install/path_finder/share/path_finder/environment/path.dsv
[0.797s] -- Up-to-date: /home/dalv204/sandbox/f1tenth_ws/install/path_finder/share/path_finder/local_setup.bash
[0.797s] -- Up-to-date: /home/dalv204/sandbox/f1tenth_ws/install/path_finder/share/path_finder/local_setup.sh
[0.797s] -- Up-to-date: /home/dalv204/sandbox/f1tenth_ws/install/path_finder/share/path_finder/local_setup.zsh
[0.797s] -- Up-to-date: /home/dalv204/sandbox/f1tenth_ws/install/path_finder/share/path_finder/local_setup.dsv
[0.797s] -- Installing: /home/dalv204/sandbox/f1tenth_ws/install/path_finder/share/path_finder/package.dsv
[0.799s] -- Up-to-date: /home/dalv204/sandbox/f1tenth_ws/install/path_finder/share/ament_index/resource_index/packages/path_finder
[0.801s] -- Up-to-date: /home/dalv204/sandbox/f1tenth_ws/install/path_finder/share/path_finder/cmake/path_finderConfig.cmake
[0.801s] -- Up-to-date: /home/dalv204/sandbox/f1tenth_ws/install/path_finder/share/path_finder/cmake/path_finderConfig-version.cmake
[0.801s] -- Up-to-date: /home/dalv204/sandbox/f1tenth_ws/install/path_finder/share/path_finder/package.xml
[0.809s] Invoked command in '/home/dalv204/sandbox/f1tenth_ws/build/path_finder' returned '0': /usr/bin/cmake --install /home/dalv204/sandbox/f1tenth_ws/build/path_finder
