[0.200s] Invoking command in '/home/dalv204/sandbox/f1tenth_ws/build/vesc_ackermann': AMENT_PREFIX_PATH=/home/dalv204/sandbox/f1tenth_ws/install/vesc_msgs:${AMENT_PREFIX_PATH} CMAKE_PREFIX_PATH=/home/dalv204/sandbox/f1tenth_ws/install/vesc_msgs${CMAKE_PREFIX_PATH} LD_LIBRARY_PATH=/home/dalv204/sandbox/f1tenth_ws/install/vesc_msgs/lib:${LD_LIBRARY_PATH} PYTHONPATH=/home/dalv204/sandbox/f1tenth_ws/install/vesc_msgs/lib/python3.8/site-packages:${PYTHONPATH} /usr/bin/cmake --build /home/dalv204/sandbox/f1tenth_ws/build/vesc_ackermann -- -j6 -l6
[0.745s] [ 28%] Built target ackermann_to_vesc_node
[0.829s] [ 57%] Built target vesc_to_odom_node
[0.845s] [100%] Built target vesc_ackermann
[0.934s] Invoked command in '/home/dalv204/sandbox/f1tenth_ws/build/vesc_ackermann' returned '0': AMENT_PREFIX_PATH=/home/dalv204/sandbox/f1tenth_ws/install/vesc_msgs:${AMENT_PREFIX_PATH} CMAKE_PREFIX_PATH=/home/dalv204/sandbox/f1tenth_ws/install/vesc_msgs${CMAKE_PREFIX_PATH} LD_LIBRARY_PATH=/home/dalv204/sandbox/f1tenth_ws/install/vesc_msgs/lib:${LD_LIBRARY_PATH} PYTHONPATH=/home/dalv204/sandbox/f1tenth_ws/install/vesc_msgs/lib/python3.8/site-packages:${PYTHONPATH} /usr/bin/cmake --build /home/dalv204/sandbox/f1tenth_ws/build/vesc_ackermann -- -j6 -l6
[1.421s] Invoking command in '/home/dalv204/sandbox/f1tenth_ws/build/vesc_ackermann': AMENT_PREFIX_PATH=/home/dalv204/sandbox/f1tenth_ws/install/vesc_msgs:${AMENT_PREFIX_PATH} CMAKE_PREFIX_PATH=/home/dalv204/sandbox/f1tenth_ws/install/vesc_msgs${CMAKE_PREFIX_PATH} LD_LIBRARY_PATH=/home/dalv204/sandbox/f1tenth_ws/install/vesc_msgs/lib:${LD_LIBRARY_PATH} PYTHONPATH=/home/dalv204/sandbox/f1tenth_ws/install/vesc_msgs/lib/python3.8/site-packages:${PYTHONPATH} /usr/bin/cmake --install /home/dalv204/sandbox/f1tenth_ws/build/vesc_ackermann
[1.556s] -- Install configuration: ""
[1.556s] -- Up-to-date: /home/dalv204/sandbox/f1tenth_ws/install/vesc_ackermann/lib/vesc_ackermann/ackermann_to_vesc_node
[1.556s] -- Up-to-date: /home/dalv204/sandbox/f1tenth_ws/install/vesc_ackermann/lib/vesc_ackermann/vesc_to_odom_node
[1.556s] -- Up-to-date: /home/dalv204/sandbox/f1tenth_ws/install/vesc_ackermann/include
[1.556s] -- Up-to-date: /home/dalv204/sandbox/f1tenth_ws/install/vesc_ackermann/include/vesc_ackermann
[1.557s] -- Up-to-date: /home/dalv204/sandbox/f1tenth_ws/install/vesc_ackermann/include/vesc_ackermann/ackermann_to_vesc.hpp
[1.557s] -- Up-to-date: /home/dalv204/sandbox/f1tenth_ws/install/vesc_ackermann/include/vesc_ackermann/vesc_to_odom.hpp
[1.557s] -- Up-to-date: /home/dalv204/sandbox/f1tenth_ws/install/vesc_ackermann/share/vesc_ackermann/environment/library_path.sh
[1.557s] -- Up-to-date: /home/dalv204/sandbox/f1tenth_ws/install/vesc_ackermann/share/vesc_ackermann/environment/library_path.dsv
[1.557s] -- Up-to-date: /home/dalv204/sandbox/f1tenth_ws/install/vesc_ackermann/lib/libvesc_ackermann.so
[1.557s] -- Up-to-date: /home/dalv204/sandbox/f1tenth_ws/install/vesc_ackermann/share/vesc_ackermann/launch
[1.557s] -- Up-to-date: /home/dalv204/sandbox/f1tenth_ws/install/vesc_ackermann/share/vesc_ackermann/launch/ackermann_to_vesc_node.launch.xml
[1.558s] -- Up-to-date: /home/dalv204/sandbox/f1tenth_ws/install/vesc_ackermann/share/vesc_ackermann/launch/vesc_to_odom_node.launch.xml
[1.558s] -- Up-to-date: /home/dalv204/sandbox/f1tenth_ws/install/vesc_ackermann/share/ament_index/resource_index/package_run_dependencies/vesc_ackermann
[1.558s] -- Up-to-date: /home/dalv204/sandbox/f1tenth_ws/install/vesc_ackermann/share/ament_index/resource_index/parent_prefix_path/vesc_ackermann
[1.558s] -- Up-to-date: /home/dalv204/sandbox/f1tenth_ws/install/vesc_ackermann/share/vesc_ackermann/environment/ament_prefix_path.sh
[1.558s] -- Up-to-date: /home/dalv204/sandbox/f1tenth_ws/install/vesc_ackermann/share/vesc_ackermann/environment/ament_prefix_path.dsv
[1.558s] -- Up-to-date: /home/dalv204/sandbox/f1tenth_ws/install/vesc_ackermann/share/vesc_ackermann/environment/path.sh
[1.558s] -- Up-to-date: /home/dalv204/sandbox/f1tenth_ws/install/vesc_ackermann/share/vesc_ackermann/environment/path.dsv
[1.559s] -- Up-to-date: /home/dalv204/sandbox/f1tenth_ws/install/vesc_ackermann/share/vesc_ackermann/local_setup.bash
[1.559s] -- Up-to-date: /home/dalv204/sandbox/f1tenth_ws/install/vesc_ackermann/share/vesc_ackermann/local_setup.sh
[1.559s] -- Up-to-date: /home/dalv204/sandbox/f1tenth_ws/install/vesc_ackermann/share/vesc_ackermann/local_setup.zsh
[1.559s] -- Up-to-date: /home/dalv204/sandbox/f1tenth_ws/install/vesc_ackermann/share/vesc_ackermann/local_setup.dsv
[1.559s] -- Installing: /home/dalv204/sandbox/f1tenth_ws/install/vesc_ackermann/share/vesc_ackermann/package.dsv
[1.559s] -- Up-to-date: /home/dalv204/sandbox/f1tenth_ws/install/vesc_ackermann/share/ament_index/resource_index/packages/vesc_ackermann
[1.559s] -- Up-to-date: /home/dalv204/sandbox/f1tenth_ws/install/vesc_ackermann/share/ament_index/resource_index/rclcpp_components/vesc_ackermann
[1.560s] -- Up-to-date: /home/dalv204/sandbox/f1tenth_ws/install/vesc_ackermann/share/vesc_ackermann/cmake/ament_cmake_export_dependencies-extras.cmake
[1.561s] -- Up-to-date: /home/dalv204/sandbox/f1tenth_ws/install/vesc_ackermann/share/vesc_ackermann/cmake/ament_cmake_export_include_directories-extras.cmake
[1.575s] -- Up-to-date: /home/dalv204/sandbox/f1tenth_ws/install/vesc_ackermann/share/vesc_ackermann/cmake/ament_cmake_export_libraries-extras.cmake
[1.577s] -- Up-to-date: /home/dalv204/sandbox/f1tenth_ws/install/vesc_ackermann/share/vesc_ackermann/cmake/vesc_ackermannConfig.cmake
[1.577s] -- Up-to-date: /home/dalv204/sandbox/f1tenth_ws/install/vesc_ackermann/share/vesc_ackermann/cmake/vesc_ackermannConfig-version.cmake
[1.577s] -- Up-to-date: /home/dalv204/sandbox/f1tenth_ws/install/vesc_ackermann/share/vesc_ackermann/package.xml
[1.640s] Invoked command in '/home/dalv204/sandbox/f1tenth_ws/build/vesc_ackermann' returned '0': AMENT_PREFIX_PATH=/home/dalv204/sandbox/f1tenth_ws/install/vesc_msgs:${AMENT_PREFIX_PATH} CMAKE_PREFIX_PATH=/home/dalv204/sandbox/f1tenth_ws/install/vesc_msgs${CMAKE_PREFIX_PATH} LD_LIBRARY_PATH=/home/dalv204/sandbox/f1tenth_ws/install/vesc_msgs/lib:${LD_LIBRARY_PATH} PYTHONPATH=/home/dalv204/sandbox/f1tenth_ws/install/vesc_msgs/lib/python3.8/site-packages:${PYTHONPATH} /usr/bin/cmake --install /home/dalv204/sandbox/f1tenth_ws/build/vesc_ackermann
