[4.515s] Invoking command in '/home/dalv204/sandbox/f1tenth_ws/src/f1tenth_system/teleop_tools/joy_teleop': AMENT_PREFIX_PATH=/home/dalv204/sandbox/f1tenth_ws/install/teleop_tools_msgs:${AMENT_PREFIX_PATH} CMAKE_PREFIX_PATH=/home/dalv204/sandbox/f1tenth_ws/install/teleop_tools_msgs${CMAKE_PREFIX_PATH} LD_LIBRARY_PATH=/home/dalv204/sandbox/f1tenth_ws/install/teleop_tools_msgs/lib:${LD_LIBRARY_PATH} PYTHONPATH=/home/dalv204/sandbox/f1tenth_ws/build/joy_teleop/prefix_override:/usr/lib/python3/dist-packages/colcon_core/task/python/colcon_distutils_commands:/home/dalv204/sandbox/f1tenth_ws/install/joy_teleop/lib/python3.8/site-packages:/home/dalv204/sandbox/f1tenth_ws/install/teleop_tools_msgs/lib/python3.8/site-packages:${PYTHONPATH} /usr/bin/python3 -W ignore:setup.py install is deprecated setup.py egg_info --egg-base ../../../../build/joy_teleop build --build-base /home/dalv204/sandbox/f1tenth_ws/build/joy_teleop/build install --record /home/dalv204/sandbox/f1tenth_ws/build/joy_teleop/install.log --install-scripts $base/lib/joy_teleop --single-version-externally-managed install_data
[5.872s] running egg_info
[5.876s] writing ../../../../build/joy_teleop/joy_teleop.egg-info/PKG-INFO
[5.882s] writing dependency_links to ../../../../build/joy_teleop/joy_teleop.egg-info/dependency_links.txt
[5.886s] writing entry points to ../../../../build/joy_teleop/joy_teleop.egg-info/entry_points.txt
[5.888s] writing requirements to ../../../../build/joy_teleop/joy_teleop.egg-info/requires.txt
[5.890s] writing top-level names to ../../../../build/joy_teleop/joy_teleop.egg-info/top_level.txt
[6.038s] reading manifest file '../../../../build/joy_teleop/joy_teleop.egg-info/SOURCES.txt'
[6.045s] writing manifest file '../../../../build/joy_teleop/joy_teleop.egg-info/SOURCES.txt'
[6.046s] running build
[6.047s] running build_py
[6.048s] running install
[6.051s] running install_lib
[6.055s] running install_data
[6.065s] running install_egg_info
[6.071s] removing '/home/dalv204/sandbox/f1tenth_ws/install/joy_teleop/lib/python3.8/site-packages/joy_teleop-0.3.0-py3.8.egg-info' (and everything under it)
[6.081s] Copying ../../../../build/joy_teleop/joy_teleop.egg-info to /home/dalv204/sandbox/f1tenth_ws/install/joy_teleop/lib/python3.8/site-packages/joy_teleop-0.3.0-py3.8.egg-info
[6.085s] running install_scripts
[6.187s] Installing incrementer_server script to /home/dalv204/sandbox/f1tenth_ws/install/joy_teleop/lib/joy_teleop
[6.200s] Installing joy_teleop script to /home/dalv204/sandbox/f1tenth_ws/install/joy_teleop/lib/joy_teleop
[6.214s] writing list of installed files to '/home/dalv204/sandbox/f1tenth_ws/build/joy_teleop/install.log'
[6.496s] Invoked command in '/home/dalv204/sandbox/f1tenth_ws/src/f1tenth_system/teleop_tools/joy_teleop' returned '0': AMENT_PREFIX_PATH=/home/dalv204/sandbox/f1tenth_ws/install/teleop_tools_msgs:${AMENT_PREFIX_PATH} CMAKE_PREFIX_PATH=/home/dalv204/sandbox/f1tenth_ws/install/teleop_tools_msgs${CMAKE_PREFIX_PATH} LD_LIBRARY_PATH=/home/dalv204/sandbox/f1tenth_ws/install/teleop_tools_msgs/lib:${LD_LIBRARY_PATH} PYTHONPATH=/home/dalv204/sandbox/f1tenth_ws/build/joy_teleop/prefix_override:/usr/lib/python3/dist-packages/colcon_core/task/python/colcon_distutils_commands:/home/dalv204/sandbox/f1tenth_ws/install/joy_teleop/lib/python3.8/site-packages:/home/dalv204/sandbox/f1tenth_ws/install/teleop_tools_msgs/lib/python3.8/site-packages:${PYTHONPATH} /usr/bin/python3 -W ignore:setup.py install is deprecated setup.py egg_info --egg-base ../../../../build/joy_teleop build --build-base /home/dalv204/sandbox/f1tenth_ws/build/joy_teleop/build install --record /home/dalv204/sandbox/f1tenth_ws/build/joy_teleop/install.log --install-scripts $base/lib/joy_teleop --single-version-externally-managed install_data
