[0.085s] Invoking command in '/home/dalv204/sandbox/f1tenth_ws/build/teleop_tools_msgs': /usr/bin/cmake --build /home/dalv204/sandbox/f1tenth_ws/build/teleop_tools_msgs -- -j6 -l6
[0.632s] [  3%] Built target teleop_tools_msgs__cpp
[0.633s] [ 12%] Built target teleop_tools_msgs__rosidl_generator_c
[0.634s] [ 22%] Built target teleop_tools_msgs__rosidl_typesupport_cpp
[0.634s] [ 32%] Built target teleop_tools_msgs__rosidl_typesupport_introspection_cpp
[0.634s] [ 58%] Built target teleop_tools_msgs__rosidl_typesupport_c
[0.634s] [ 61%] Built target teleop_tools_msgs__rosidl_typesupport_fastrtps_cpp
[0.634s] [ 61%] Built target teleop_tools_msgs__rosidl_typesupport_introspection_c
[0.634s] [ 70%] Built target teleop_tools_msgs__rosidl_typesupport_fastrtps_c
[0.636s] [ 70%] Built target teleop_tools_msgs
[0.637s] [ 74%] Built target teleop_tools_msgs__py
[0.638s] [ 80%] Built target teleop_tools_msgs__python
[0.638s] [ 87%] Built target teleop_tools_msgs__rosidl_typesupport_introspection_c__pyext
[0.639s] [ 93%] Built target teleop_tools_msgs__rosidl_typesupport_fastrtps_c__pyext
[0.639s] [100%] Built target teleop_tools_msgs__rosidl_typesupport_c__pyext
[0.663s] make: Warning: File 'Makefile' has modification time 1718621400 s in the future
[0.663s] make[1]: Warning: File 'CMakeFiles/Makefile2' has modification time 1718621400 s in the future
[0.663s] make[2]: Warning: File 'CMakeFiles/teleop_tools_msgs__cpp.dir/progress.make' has modification time 1718621400 s in the future
[0.663s] make[2]: Warning: File 'CMakeFiles/teleop_tools_msgs__rosidl_generator_c.dir/flags.make' has modification time 1718621400 s in the future
[0.664s] make[2]: warning:  Clock skew detected.  Your build may be incomplete.
[0.664s] make[2]: warning:  Clock skew detected.  Your build may be incomplete.
[0.664s] make[2]: Warning: File 'CMakeFiles/teleop_tools_msgs__cpp.dir/progress.make' has modification time 1718621400 s in the future
[0.664s] make[2]: Warning: File 'CMakeFiles/teleop_tools_msgs__rosidl_generator_c.dir/flags.make' has modification time 1718621400 s in the future
[0.664s] make[2]: warning:  Clock skew detected.  Your build may be incomplete.
[0.664s] make[2]: warning:  Clock skew detected.  Your build may be incomplete.
[0.664s] make[2]: Warning: File 'CMakeFiles/teleop_tools_msgs__rosidl_typesupport_introspection_cpp.dir/flags.make' has modification time 1718621400 s in the future
[0.664s] make[2]: Warning: File 'CMakeFiles/teleop_tools_msgs__rosidl_typesupport_cpp.dir/flags.make' has modification time 1718621400 s in the future
[0.664s] make[2]: Warning: File 'CMakeFiles/teleop_tools_msgs__rosidl_typesupport_introspection_c.dir/flags.make' has modification time 1718621400 s in the future
[0.665s] make[2]: Warning: File 'CMakeFiles/teleop_tools_msgs__rosidl_typesupport_fastrtps_cpp.dir/flags.make' has modification time 1718621400 s in the future
[0.665s] make[2]: Warning: File 'CMakeFiles/teleop_tools_msgs__rosidl_typesupport_c.dir/flags.make' has modification time 1718621400 s in the future
[0.665s] make[2]: warning:  Clock skew detected.  Your build may be incomplete.
[0.665s] make[2]: Warning: File 'CMakeFiles/teleop_tools_msgs__rosidl_typesupport_cpp.dir/flags.make' has modification time 1718621400 s in the future
[0.665s] make[2]: warning:  Clock skew detected.  Your build may be incomplete.
[0.665s] make[2]: warning:  Clock skew detected.  Your build may be incomplete.
[0.665s] make[2]: warning:  Clock skew detected.  Your build may be incomplete.
[0.665s] make[2]: warning:  Clock skew detected.  Your build may be incomplete.
[0.666s] make[2]: warning:  Clock skew detected.  Your build may be incomplete.
[0.666s] make[2]: Warning: File 'CMakeFiles/teleop_tools_msgs__rosidl_typesupport_introspection_cpp.dir/flags.make' has modification time 1718621400 s in the future
[0.666s] make[2]: warning:  Clock skew detected.  Your build may be incomplete.
[0.666s] make[2]: Warning: File 'CMakeFiles/teleop_tools_msgs__rosidl_typesupport_introspection_c.dir/flags.make' has modification time 1718621400 s in the future
[0.666s] make[2]: warning:  Clock skew detected.  Your build may be incomplete.
[0.666s] make[2]: Warning: File 'CMakeFiles/teleop_tools_msgs__rosidl_typesupport_fastrtps_cpp.dir/flags.make' has modification time 1718621400 s in the future
[0.666s] make[2]: Warning: File 'CMakeFiles/teleop_tools_msgs__rosidl_typesupport_c.dir/flags.make' has modification time 1718621400 s in the future
[0.666s] make[2]: warning:  Clock skew detected.  Your build may be incomplete.
[0.666s] make[2]: warning:  Clock skew detected.  Your build may be incomplete.
[0.667s] make[2]: Warning: File 'CMakeFiles/teleop_tools_msgs__rosidl_typesupport_fastrtps_c.dir/flags.make' has modification time 1718621400 s in the future
[0.667s] make[2]: warning:  Clock skew detected.  Your build may be incomplete.
[0.667s] make[2]: Warning: File 'CMakeFiles/teleop_tools_msgs__rosidl_typesupport_fastrtps_c.dir/flags.make' has modification time 1718621400 s in the future
[0.667s] make[2]: warning:  Clock skew detected.  Your build may be incomplete.
[0.667s] make[2]: Warning: File 'CMakeFiles/teleop_tools_msgs.dir/progress.make' has modification time 1718621400 s in the future
[0.667s] make[2]: warning:  Clock skew detected.  Your build may be incomplete.
[0.667s] make[2]: Warning: File 'CMakeFiles/teleop_tools_msgs.dir/progress.make' has modification time 1718621400 s in the future
[0.667s] make[2]: warning:  Clock skew detected.  Your build may be incomplete.
[0.668s] make[2]: Warning: File 'teleop_tools_msgs__py/CMakeFiles/teleop_tools_msgs__py.dir/progress.make' has modification time 1718621400 s in the future
[0.668s] make[2]: warning:  Clock skew detected.  Your build may be incomplete.
[0.668s] make[2]: Warning: File 'teleop_tools_msgs__py/CMakeFiles/teleop_tools_msgs__py.dir/progress.make' has modification time 1718621400 s in the future
[0.668s] make[2]: warning:  Clock skew detected.  Your build may be incomplete.
[0.668s] make[2]: Warning: File 'CMakeFiles/teleop_tools_msgs__python.dir/flags.make' has modification time 1718621400 s in the future
[0.668s] make[2]: warning:  Clock skew detected.  Your build may be incomplete.
[0.668s] make[2]: Warning: File 'CMakeFiles/teleop_tools_msgs__python.dir/flags.make' has modification time 1718621400 s in the future
[0.668s] make[2]: warning:  Clock skew detected.  Your build may be incomplete.
[0.668s] make[2]: Warning: File 'CMakeFiles/teleop_tools_msgs__rosidl_typesupport_c__pyext.dir/flags.make' has modification time 1718621400 s in the future
[0.669s] make[2]: Warning: File 'CMakeFiles/teleop_tools_msgs__rosidl_typesupport_introspection_c__pyext.dir/flags.make' has modification time 1718621400 s in the future
[0.669s] make[2]: Warning: File 'CMakeFiles/teleop_tools_msgs__rosidl_typesupport_fastrtps_c__pyext.dir/flags.make' has modification time 1718621400 s in the future
[0.669s] make[2]: warning:  Clock skew detected.  Your build may be incomplete.
[0.669s] make[2]: warning:  Clock skew detected.  Your build may be incomplete.
[0.669s] make[2]: Warning: File 'CMakeFiles/teleop_tools_msgs__rosidl_typesupport_c__pyext.dir/flags.make' has modification time 1718621399 s in the future
[0.669s] make[2]: Warning: File 'CMakeFiles/teleop_tools_msgs__rosidl_typesupport_introspection_c__pyext.dir/flags.make' has modification time 1718621399 s in the future
[0.669s] make[2]: warning:  Clock skew detected.  Your build may be incomplete.
[0.669s] make[2]: warning:  Clock skew detected.  Your build may be incomplete.
[0.669s] make[2]: warning:  Clock skew detected.  Your build may be incomplete.
[0.670s] make[2]: Warning: File 'CMakeFiles/teleop_tools_msgs__rosidl_typesupport_fastrtps_c__pyext.dir/flags.make' has modification time 1718621399 s in the future
[0.670s] make[2]: warning:  Clock skew detected.  Your build may be incomplete.
[0.670s] make[1]: warning:  Clock skew detected.  Your build may be incomplete.
[0.670s] make: warning:  Clock skew detected.  Your build may be incomplete.
[0.696s] Invoked command in '/home/dalv204/sandbox/f1tenth_ws/build/teleop_tools_msgs' returned '0': /usr/bin/cmake --build /home/dalv204/sandbox/f1tenth_ws/build/teleop_tools_msgs -- -j6 -l6
[0.909s] Invoking command in '/home/dalv204/sandbox/f1tenth_ws/build/teleop_tools_msgs': /usr/bin/cmake --install /home/dalv204/sandbox/f1tenth_ws/build/teleop_tools_msgs
[0.930s] -- Install configuration: ""
[0.936s] -- Up-to-date: /home/dalv204/sandbox/f1tenth_ws/install/teleop_tools_msgs/share/ament_index/resource_index/rosidl_interfaces/teleop_tools_msgs
[0.937s] -- Up-to-date: /home/dalv204/sandbox/f1tenth_ws/install/teleop_tools_msgs/include/teleop_tools_msgs
[0.937s] -- Up-to-date: /home/dalv204/sandbox/f1tenth_ws/install/teleop_tools_msgs/include/teleop_tools_msgs/action
[0.938s] -- Up-to-date: /home/dalv204/sandbox/f1tenth_ws/install/teleop_tools_msgs/include/teleop_tools_msgs/action/detail
[0.938s] -- Up-to-date: /home/dalv204/sandbox/f1tenth_ws/install/teleop_tools_msgs/include/teleop_tools_msgs/action/detail/increment__struct.h
[0.938s] -- Up-to-date: /home/dalv204/sandbox/f1tenth_ws/install/teleop_tools_msgs/include/teleop_tools_msgs/action/detail/increment__functions.h
[0.938s] -- Up-to-date: /home/dalv204/sandbox/f1tenth_ws/install/teleop_tools_msgs/include/teleop_tools_msgs/action/detail/increment__functions.c
[0.938s] -- Up-to-date: /home/dalv204/sandbox/f1tenth_ws/install/teleop_tools_msgs/include/teleop_tools_msgs/action/detail/increment__type_support.h
[0.938s] -- Up-to-date: /home/dalv204/sandbox/f1tenth_ws/install/teleop_tools_msgs/include/teleop_tools_msgs/action/increment.h
[0.938s] -- Up-to-date: /home/dalv204/sandbox/f1tenth_ws/install/teleop_tools_msgs/include/teleop_tools_msgs/msg
[0.939s] -- Up-to-date: /home/dalv204/sandbox/f1tenth_ws/install/teleop_tools_msgs/include/teleop_tools_msgs/msg/rosidl_generator_c__visibility_control.h
[0.939s] -- Up-to-date: /home/dalv204/sandbox/f1tenth_ws/install/teleop_tools_msgs/share/teleop_tools_msgs/environment/library_path.sh
[0.939s] -- Up-to-date: /home/dalv204/sandbox/f1tenth_ws/install/teleop_tools_msgs/share/teleop_tools_msgs/environment/library_path.dsv
[0.939s] -- Up-to-date: /home/dalv204/sandbox/f1tenth_ws/install/teleop_tools_msgs/lib/libteleop_tools_msgs__rosidl_generator_c.so
[0.939s] -- Up-to-date: /home/dalv204/sandbox/f1tenth_ws/install/teleop_tools_msgs/include/teleop_tools_msgs
[0.939s] -- Up-to-date: /home/dalv204/sandbox/f1tenth_ws/install/teleop_tools_msgs/include/teleop_tools_msgs/action
[0.939s] -- Up-to-date: /home/dalv204/sandbox/f1tenth_ws/install/teleop_tools_msgs/include/teleop_tools_msgs/action/detail
[0.940s] -- Up-to-date: /home/dalv204/sandbox/f1tenth_ws/install/teleop_tools_msgs/include/teleop_tools_msgs/action/detail/increment__rosidl_typesupport_fastrtps_c.h
[0.940s] -- Up-to-date: /home/dalv204/sandbox/f1tenth_ws/install/teleop_tools_msgs/include/teleop_tools_msgs/msg
[0.940s] -- Up-to-date: /home/dalv204/sandbox/f1tenth_ws/install/teleop_tools_msgs/include/teleop_tools_msgs/msg/rosidl_typesupport_fastrtps_c__visibility_control.h
[0.940s] -- Up-to-date: /home/dalv204/sandbox/f1tenth_ws/install/teleop_tools_msgs/lib/libteleop_tools_msgs__rosidl_typesupport_fastrtps_c.so
[0.941s] -- Up-to-date: /home/dalv204/sandbox/f1tenth_ws/install/teleop_tools_msgs/include/teleop_tools_msgs
[0.942s] -- Up-to-date: /home/dalv204/sandbox/f1tenth_ws/install/teleop_tools_msgs/include/teleop_tools_msgs/action
[0.942s] -- Up-to-date: /home/dalv204/sandbox/f1tenth_ws/install/teleop_tools_msgs/include/teleop_tools_msgs/action/detail
[0.942s] -- Up-to-date: /home/dalv204/sandbox/f1tenth_ws/install/teleop_tools_msgs/include/teleop_tools_msgs/action/detail/increment__rosidl_typesupport_fastrtps_cpp.hpp
[0.942s] -- Up-to-date: /home/dalv204/sandbox/f1tenth_ws/install/teleop_tools_msgs/include/teleop_tools_msgs/action/detail/dds_fastrtps
[0.942s] -- Up-to-date: /home/dalv204/sandbox/f1tenth_ws/install/teleop_tools_msgs/include/teleop_tools_msgs/msg
[0.942s] -- Up-to-date: /home/dalv204/sandbox/f1tenth_ws/install/teleop_tools_msgs/include/teleop_tools_msgs/msg/rosidl_typesupport_fastrtps_cpp__visibility_control.h
[0.942s] -- Up-to-date: /home/dalv204/sandbox/f1tenth_ws/install/teleop_tools_msgs/lib/libteleop_tools_msgs__rosidl_typesupport_fastrtps_cpp.so
[0.943s] -- Up-to-date: /home/dalv204/sandbox/f1tenth_ws/install/teleop_tools_msgs/include/teleop_tools_msgs
[0.948s] -- Up-to-date: /home/dalv204/sandbox/f1tenth_ws/install/teleop_tools_msgs/include/teleop_tools_msgs/action
[0.948s] -- Up-to-date: /home/dalv204/sandbox/f1tenth_ws/install/teleop_tools_msgs/include/teleop_tools_msgs/action/detail
[0.949s] -- Up-to-date: /home/dalv204/sandbox/f1tenth_ws/install/teleop_tools_msgs/include/teleop_tools_msgs/action/detail/increment__rosidl_typesupport_introspection_c.h
[0.949s] -- Up-to-date: /home/dalv204/sandbox/f1tenth_ws/install/teleop_tools_msgs/include/teleop_tools_msgs/action/detail/increment__type_support.c
[0.949s] -- Up-to-date: /home/dalv204/sandbox/f1tenth_ws/install/teleop_tools_msgs/include/teleop_tools_msgs/msg
[0.949s] -- Up-to-date: /home/dalv204/sandbox/f1tenth_ws/install/teleop_tools_msgs/include/teleop_tools_msgs/msg/rosidl_typesupport_introspection_c__visibility_control.h
[0.949s] -- Up-to-date: /home/dalv204/sandbox/f1tenth_ws/install/teleop_tools_msgs/lib/libteleop_tools_msgs__rosidl_typesupport_introspection_c.so
[0.949s] -- Up-to-date: /home/dalv204/sandbox/f1tenth_ws/install/teleop_tools_msgs/lib/libteleop_tools_msgs__rosidl_typesupport_c.so
[0.950s] -- Up-to-date: /home/dalv204/sandbox/f1tenth_ws/install/teleop_tools_msgs/include/teleop_tools_msgs
[0.950s] -- Up-to-date: /home/dalv204/sandbox/f1tenth_ws/install/teleop_tools_msgs/include/teleop_tools_msgs/action
[0.950s] -- Up-to-date: /home/dalv204/sandbox/f1tenth_ws/install/teleop_tools_msgs/include/teleop_tools_msgs/action/detail
[0.950s] -- Up-to-date: /home/dalv204/sandbox/f1tenth_ws/install/teleop_tools_msgs/include/teleop_tools_msgs/action/detail/increment__builder.hpp
[0.950s] -- Up-to-date: /home/dalv204/sandbox/f1tenth_ws/install/teleop_tools_msgs/include/teleop_tools_msgs/action/detail/increment__struct.hpp
[0.950s] -- Up-to-date: /home/dalv204/sandbox/f1tenth_ws/install/teleop_tools_msgs/include/teleop_tools_msgs/action/detail/increment__type_support.hpp
[0.950s] -- Up-to-date: /home/dalv204/sandbox/f1tenth_ws/install/teleop_tools_msgs/include/teleop_tools_msgs/action/detail/increment__traits.hpp
[0.951s] -- Up-to-date: /home/dalv204/sandbox/f1tenth_ws/install/teleop_tools_msgs/include/teleop_tools_msgs/action/increment.hpp
[0.951s] -- Up-to-date: /home/dalv204/sandbox/f1tenth_ws/install/teleop_tools_msgs/include/teleop_tools_msgs/msg
[0.951s] -- Up-to-date: /home/dalv204/sandbox/f1tenth_ws/install/teleop_tools_msgs/include/teleop_tools_msgs/msg/rosidl_generator_cpp__visibility_control.hpp
[0.951s] -- Up-to-date: /home/dalv204/sandbox/f1tenth_ws/install/teleop_tools_msgs/include/teleop_tools_msgs
[0.951s] -- Up-to-date: /home/dalv204/sandbox/f1tenth_ws/install/teleop_tools_msgs/include/teleop_tools_msgs/action
[0.951s] -- Up-to-date: /home/dalv204/sandbox/f1tenth_ws/install/teleop_tools_msgs/include/teleop_tools_msgs/action/detail
[0.951s] -- Up-to-date: /home/dalv204/sandbox/f1tenth_ws/install/teleop_tools_msgs/include/teleop_tools_msgs/action/detail/increment__type_support.cpp
[0.951s] -- Up-to-date: /home/dalv204/sandbox/f1tenth_ws/install/teleop_tools_msgs/include/teleop_tools_msgs/action/detail/increment__rosidl_typesupport_introspection_cpp.hpp
[0.951s] -- Up-to-date: /home/dalv204/sandbox/f1tenth_ws/install/teleop_tools_msgs/lib/libteleop_tools_msgs__rosidl_typesupport_introspection_cpp.so
[0.952s] -- Up-to-date: /home/dalv204/sandbox/f1tenth_ws/install/teleop_tools_msgs/lib/libteleop_tools_msgs__rosidl_typesupport_cpp.so
[0.952s] -- Up-to-date: /home/dalv204/sandbox/f1tenth_ws/install/teleop_tools_msgs/share/teleop_tools_msgs/environment/pythonpath.sh
[0.952s] -- Up-to-date: /home/dalv204/sandbox/f1tenth_ws/install/teleop_tools_msgs/share/teleop_tools_msgs/environment/pythonpath.dsv
[0.952s] -- Up-to-date: /home/dalv204/sandbox/f1tenth_ws/install/teleop_tools_msgs/lib/python3.8/site-packages/teleop_tools_msgs/__init__.py
[1.029s] -- Up-to-date: /home/dalv204/sandbox/f1tenth_ws/install/teleop_tools_msgs/lib/python3.8/site-packages/teleop_tools_msgs/action
[1.029s] -- Up-to-date: /home/dalv204/sandbox/f1tenth_ws/install/teleop_tools_msgs/lib/python3.8/site-packages/teleop_tools_msgs/action/_increment.py
[1.030s] -- Up-to-date: /home/dalv204/sandbox/f1tenth_ws/install/teleop_tools_msgs/lib/python3.8/site-packages/teleop_tools_msgs/action/_increment_s.c
[1.030s] -- Up-to-date: /home/dalv204/sandbox/f1tenth_ws/install/teleop_tools_msgs/lib/python3.8/site-packages/teleop_tools_msgs/action/__init__.py
[1.030s] -- Up-to-date: /home/dalv204/sandbox/f1tenth_ws/install/teleop_tools_msgs/lib/python3.8/site-packages/teleop_tools_msgs/teleop_tools_msgs_s__rosidl_typesupport_fastrtps_c.cpython-38-aarch64-linux-gnu.so
[1.030s] -- Up-to-date: /home/dalv204/sandbox/f1tenth_ws/install/teleop_tools_msgs/lib/python3.8/site-packages/teleop_tools_msgs/teleop_tools_msgs_s__rosidl_typesupport_introspection_c.cpython-38-aarch64-linux-gnu.so
[1.030s] -- Up-to-date: /home/dalv204/sandbox/f1tenth_ws/install/teleop_tools_msgs/lib/python3.8/site-packages/teleop_tools_msgs/teleop_tools_msgs_s__rosidl_typesupport_c.cpython-38-aarch64-linux-gnu.so
[1.030s] -- Up-to-date: /home/dalv204/sandbox/f1tenth_ws/install/teleop_tools_msgs/lib/libteleop_tools_msgs__python.so
[1.031s] -- Up-to-date: /home/dalv204/sandbox/f1tenth_ws/install/teleop_tools_msgs/share/teleop_tools_msgs/action/Increment.idl
[1.031s] -- Up-to-date: /home/dalv204/sandbox/f1tenth_ws/install/teleop_tools_msgs/share/teleop_tools_msgs/action/Increment.action
[1.031s] -- Up-to-date: /home/dalv204/sandbox/f1tenth_ws/install/teleop_tools_msgs/share/ament_index/resource_index/package_run_dependencies/teleop_tools_msgs
[1.031s] -- Up-to-date: /home/dalv204/sandbox/f1tenth_ws/install/teleop_tools_msgs/share/ament_index/resource_index/parent_prefix_path/teleop_tools_msgs
[1.031s] -- Up-to-date: /home/dalv204/sandbox/f1tenth_ws/install/teleop_tools_msgs/share/teleop_tools_msgs/environment/ament_prefix_path.sh
[1.032s] -- Up-to-date: /home/dalv204/sandbox/f1tenth_ws/install/teleop_tools_msgs/share/teleop_tools_msgs/environment/ament_prefix_path.dsv
[1.032s] -- Up-to-date: /home/dalv204/sandbox/f1tenth_ws/install/teleop_tools_msgs/share/teleop_tools_msgs/environment/path.sh
[1.032s] -- Up-to-date: /home/dalv204/sandbox/f1tenth_ws/install/teleop_tools_msgs/share/teleop_tools_msgs/environment/path.dsv
[1.032s] -- Up-to-date: /home/dalv204/sandbox/f1tenth_ws/install/teleop_tools_msgs/share/teleop_tools_msgs/local_setup.bash
[1.032s] -- Up-to-date: /home/dalv204/sandbox/f1tenth_ws/install/teleop_tools_msgs/share/teleop_tools_msgs/local_setup.sh
[1.033s] -- Up-to-date: /home/dalv204/sandbox/f1tenth_ws/install/teleop_tools_msgs/share/teleop_tools_msgs/local_setup.zsh
[1.033s] -- Up-to-date: /home/dalv204/sandbox/f1tenth_ws/install/teleop_tools_msgs/share/teleop_tools_msgs/local_setup.dsv
[1.033s] -- Installing: /home/dalv204/sandbox/f1tenth_ws/install/teleop_tools_msgs/share/teleop_tools_msgs/package.dsv
[1.033s] -- Up-to-date: /home/dalv204/sandbox/f1tenth_ws/install/teleop_tools_msgs/share/ament_index/resource_index/packages/teleop_tools_msgs
[1.033s] -- Up-to-date: /home/dalv204/sandbox/f1tenth_ws/install/teleop_tools_msgs/share/teleop_tools_msgs/cmake/teleop_tools_msgs__rosidl_generator_cExport.cmake
[1.034s] -- Up-to-date: /home/dalv204/sandbox/f1tenth_ws/install/teleop_tools_msgs/share/teleop_tools_msgs/cmake/teleop_tools_msgs__rosidl_generator_cExport-noconfig.cmake
[1.034s] -- Up-to-date: /home/dalv204/sandbox/f1tenth_ws/install/teleop_tools_msgs/share/teleop_tools_msgs/cmake/teleop_tools_msgs__rosidl_typesupport_introspection_cExport.cmake
[1.034s] -- Up-to-date: /home/dalv204/sandbox/f1tenth_ws/install/teleop_tools_msgs/share/teleop_tools_msgs/cmake/teleop_tools_msgs__rosidl_typesupport_introspection_cExport-noconfig.cmake
[1.034s] -- Up-to-date: /home/dalv204/sandbox/f1tenth_ws/install/teleop_tools_msgs/share/teleop_tools_msgs/cmake/teleop_tools_msgs__rosidl_typesupport_cExport.cmake
[1.035s] -- Up-to-date: /home/dalv204/sandbox/f1tenth_ws/install/teleop_tools_msgs/share/teleop_tools_msgs/cmake/teleop_tools_msgs__rosidl_typesupport_cExport-noconfig.cmake
[1.035s] -- Up-to-date: /home/dalv204/sandbox/f1tenth_ws/install/teleop_tools_msgs/share/teleop_tools_msgs/cmake/teleop_tools_msgs__rosidl_generator_cppExport.cmake
[1.037s] -- Up-to-date: /home/dalv204/sandbox/f1tenth_ws/install/teleop_tools_msgs/share/teleop_tools_msgs/cmake/teleop_tools_msgs__rosidl_typesupport_introspection_cppExport.cmake
[1.038s] -- Up-to-date: /home/dalv204/sandbox/f1tenth_ws/install/teleop_tools_msgs/share/teleop_tools_msgs/cmake/teleop_tools_msgs__rosidl_typesupport_introspection_cppExport-noconfig.cmake
[1.039s] -- Up-to-date: /home/dalv204/sandbox/f1tenth_ws/install/teleop_tools_msgs/share/teleop_tools_msgs/cmake/teleop_tools_msgs__rosidl_typesupport_cppExport.cmake
[1.040s] -- Up-to-date: /home/dalv204/sandbox/f1tenth_ws/install/teleop_tools_msgs/share/teleop_tools_msgs/cmake/teleop_tools_msgs__rosidl_typesupport_cppExport-noconfig.cmake
[1.040s] -- Up-to-date: /home/dalv204/sandbox/f1tenth_ws/install/teleop_tools_msgs/share/teleop_tools_msgs/cmake/rosidl_cmake-extras.cmake
[1.041s] -- Up-to-date: /home/dalv204/sandbox/f1tenth_ws/install/teleop_tools_msgs/share/teleop_tools_msgs/cmake/ament_cmake_export_dependencies-extras.cmake
[1.041s] -- Up-to-date: /home/dalv204/sandbox/f1tenth_ws/install/teleop_tools_msgs/share/teleop_tools_msgs/cmake/ament_cmake_export_libraries-extras.cmake
[1.042s] -- Up-to-date: /home/dalv204/sandbox/f1tenth_ws/install/teleop_tools_msgs/share/teleop_tools_msgs/cmake/ament_cmake_export_targets-extras.cmake
[1.042s] -- Up-to-date: /home/dalv204/sandbox/f1tenth_ws/install/teleop_tools_msgs/share/teleop_tools_msgs/cmake/ament_cmake_export_include_directories-extras.cmake
[1.043s] -- Up-to-date: /home/dalv204/sandbox/f1tenth_ws/install/teleop_tools_msgs/share/teleop_tools_msgs/cmake/rosidl_cmake_export_typesupport_libraries-extras.cmake
[1.043s] -- Up-to-date: /home/dalv204/sandbox/f1tenth_ws/install/teleop_tools_msgs/share/teleop_tools_msgs/cmake/rosidl_cmake_export_typesupport_targets-extras.cmake
[1.043s] -- Up-to-date: /home/dalv204/sandbox/f1tenth_ws/install/teleop_tools_msgs/share/teleop_tools_msgs/cmake/teleop_tools_msgsConfig.cmake
[1.045s] -- Up-to-date: /home/dalv204/sandbox/f1tenth_ws/install/teleop_tools_msgs/share/teleop_tools_msgs/cmake/teleop_tools_msgsConfig-version.cmake
[1.045s] -- Up-to-date: /home/dalv204/sandbox/f1tenth_ws/install/teleop_tools_msgs/share/teleop_tools_msgs/package.xml
[1.527s] Invoked command in '/home/dalv204/sandbox/f1tenth_ws/build/teleop_tools_msgs' returned '0': /usr/bin/cmake --install /home/dalv204/sandbox/f1tenth_ws/build/teleop_tools_msgs
