[0.542s] Invoking command in '/home/dalv204/sandbox/f1tenth_ws/build/urg_node': /usr/bin/cmake /home/dalv204/sandbox/f1tenth_ws/src/urg_node -DCMAKE_INSTALL_PREFIX=/home/dalv204/sandbox/f1tenth_ws/install/urg_node
[1.023s] -- The C compiler identification is GNU 9.4.0
[1.023s] -- The CXX compiler identification is GNU 9.4.0
[1.024s] -- Check for working C compiler: /usr/bin/cc
[1.024s] -- Check for working C compiler: /usr/bin/cc -- works
[1.024s] -- Detecting C compiler ABI info
[1.024s] -- Detecting C compiler ABI info - done
[1.026s] -- Detecting C compile features
[1.026s] -- Detecting C compile features - done
[1.030s] -- Check for working CXX compiler: /usr/bin/c++
[1.190s] -- Check for working CXX compiler: /usr/bin/c++ -- works
[1.191s] -- Detecting CXX compiler ABI info
[1.379s] -- Detecting CXX compiler ABI info - done
[1.392s] -- Detecting CXX compile features
[1.394s] -- Detecting CXX compile features - done
[1.397s] -- Found ament_cmake: 0.9.12 (/opt/ros/foxy/share/ament_cmake/cmake)
[1.447s] -- Found PythonInterp: /usr/bin/python3 (found suitable version "3.8.10", minimum required is "3") 
[1.448s] -- Using PYTHON_EXECUTABLE: /usr/bin/python3
[1.890s] -- Found Boost: /usr/lib/aarch64-linux-gnu/cmake/Boost-1.71.0/BoostConfig.cmake (found version "1.71.0")  
[1.894s] -- Found diagnostic_updater: 3.1.2 (/opt/ros/foxy/share/diagnostic_updater/cmake)
[1.957s] -- Using all available rosidl_typesupport_c: rosidl_typesupport_fastrtps_c;rosidl_typesupport_introspection_c
[1.968s] -- Found rosidl_adapter: 1.3.1 (/opt/ros/foxy/share/rosidl_adapter/cmake)
[2.163s] -- Found OpenSSL: /usr/lib/aarch64-linux-gnu/libcrypto.so (found version "1.1.1f")  
[2.244s] -- Found FastRTPS: /opt/ros/foxy/include  
[2.449s] -- Using all available rosidl_typesupport_cpp: rosidl_typesupport_fastrtps_cpp;rosidl_typesupport_introspection_cpp
[2.730s] -- Found rmw_implementation_cmake: 1.0.4 (/opt/ros/foxy/share/rmw_implementation_cmake/cmake)
[2.735s] -- Using RMW implementation 'rmw_fastrtps_cpp' as default
[2.736s] -- Looking for pthread.h
[2.874s] -- Looking for pthread.h - found
[2.874s] -- Performing Test CMAKE_HAVE_LIBC_PTHREAD
[3.023s] -- Performing Test CMAKE_HAVE_LIBC_PTHREAD - Failed
[3.023s] -- Looking for pthread_create in pthreads
[3.136s] -- Looking for pthread_create in pthreads - not found
[3.137s] -- Looking for pthread_create in pthread
[3.265s] -- Looking for pthread_create in pthread - found
[3.267s] -- Found Threads: TRUE  
[3.578s] CMake Error at CMakeLists.txt:23 (find_package):
[3.578s]   By not providing "Findlaser_proc.cmake" in CMAKE_MODULE_PATH this project
[3.578s]   has asked CMake to find a package configuration file provided by
[3.578s]   "laser_proc", but CMake did not find one.
[3.578s] 
[3.578s]   Could not find a package configuration file provided by "laser_proc" with
[3.578s]   any of the following names:
[3.579s] 
[3.579s]     laser_procConfig.cmake
[3.579s]     laser_proc-config.cmake
[3.579s] 
[3.579s]   Add the installation prefix of "laser_proc" to CMAKE_PREFIX_PATH or set
[3.579s]   "laser_proc_DIR" to a directory containing one of the above files.  If
[3.579s]   "laser_proc" provides a separate development package or SDK, be sure it has
[3.579s]   been installed.
[3.579s] 
[3.580s] 
[3.581s] -- Configuring incomplete, errors occurred!
[3.582s] See also "/home/dalv204/sandbox/f1tenth_ws/build/urg_node/CMakeFiles/CMakeOutput.log".
[3.582s] See also "/home/dalv204/sandbox/f1tenth_ws/build/urg_node/CMakeFiles/CMakeError.log".
[3.624s] Invoked command in '/home/dalv204/sandbox/f1tenth_ws/build/urg_node' returned '1': /usr/bin/cmake /home/dalv204/sandbox/f1tenth_ws/src/urg_node -DCMAKE_INSTALL_PREFIX=/home/dalv204/sandbox/f1tenth_ws/install/urg_node
