[0.136s] Invoking command in '/home/dalv204/sandbox/f1tenth_ws/build/ackermann_mux': CMAKE_PREFIX_PATH=${CMAKE_PREFIX_PATH}:/home/dalv204/sandbox/f1tenth_ws/install/f1tenth_stack:/home/dalv204/sandbox/f1tenth_ws/install/joy_teleop:/home/dalv204/sandbox/f1tenth_ws/install/particle_filter:/home/dalv204/sandbox/f1tenth_ws/install/mouse_teleop:/home/dalv204/sandbox/f1tenth_ws/install/key_teleop /usr/bin/cmake --build /home/dalv204/sandbox/f1tenth_ws/build/ackermann_mux -- -j6 -l6
[1.185s] [100%] Built target ackermann_mux
[1.239s] Invoked command in '/home/dalv204/sandbox/f1tenth_ws/build/ackermann_mux' returned '0': CMAKE_PREFIX_PATH=${CMAKE_PREFIX_PATH}:/home/dalv204/sandbox/f1tenth_ws/install/f1tenth_stack:/home/dalv204/sandbox/f1tenth_ws/install/joy_teleop:/home/dalv204/sandbox/f1tenth_ws/install/particle_filter:/home/dalv204/sandbox/f1tenth_ws/install/mouse_teleop:/home/dalv204/sandbox/f1tenth_ws/install/key_teleop /usr/bin/cmake --build /home/dalv204/sandbox/f1tenth_ws/build/ackermann_mux -- -j6 -l6
[1.514s] Invoking command in '/home/dalv204/sandbox/f1tenth_ws/build/ackermann_mux': CMAKE_PREFIX_PATH=${CMAKE_PREFIX_PATH}:/home/dalv204/sandbox/f1tenth_ws/install/f1tenth_stack:/home/dalv204/sandbox/f1tenth_ws/install/joy_teleop:/home/dalv204/sandbox/f1tenth_ws/install/particle_filter:/home/dalv204/sandbox/f1tenth_ws/install/mouse_teleop:/home/dalv204/sandbox/f1tenth_ws/install/key_teleop /usr/bin/cmake --install /home/dalv204/sandbox/f1tenth_ws/build/ackermann_mux
[1.554s] -- Install configuration: ""
[1.556s] -- Up-to-date: /home/dalv204/sandbox/f1tenth_ws/install/ackermann_mux/lib/ackermann_mux/ackermann_mux
[1.559s] -- Up-to-date: /home/dalv204/sandbox/f1tenth_ws/install/ackermann_mux/share/ackermann_mux/launch
[1.560s] -- Up-to-date: /home/dalv204/sandbox/f1tenth_ws/install/ackermann_mux/share/ackermann_mux/launch/ackermann_mux_launch.py
[1.561s] -- Up-to-date: /home/dalv204/sandbox/f1tenth_ws/install/ackermann_mux/share/ackermann_mux/config
[1.562s] -- Up-to-date: /home/dalv204/sandbox/f1tenth_ws/install/ackermann_mux/share/ackermann_mux/config/ackermann_mux_topics.yaml
[1.562s] -- Up-to-date: /home/dalv204/sandbox/f1tenth_ws/install/ackermann_mux/share/ackermann_mux/config/ackermann_mux_locks.yaml
[1.563s] -- Up-to-date: /home/dalv204/sandbox/f1tenth_ws/install/ackermann_mux/share/ackermann_mux/config/joystick.yaml
[1.564s] -- Up-to-date: /home/dalv204/sandbox/f1tenth_ws/install/ackermann_mux/include
[1.565s] -- Up-to-date: /home/dalv204/sandbox/f1tenth_ws/install/ackermann_mux/include/ackermann_mux
[1.566s] -- Up-to-date: /home/dalv204/sandbox/f1tenth_ws/install/ackermann_mux/include/ackermann_mux/ackermann_mux_diagnostics_status.hpp
[1.566s] -- Up-to-date: /home/dalv204/sandbox/f1tenth_ws/install/ackermann_mux/include/ackermann_mux/topic_handle.hpp
[1.567s] -- Up-to-date: /home/dalv204/sandbox/f1tenth_ws/install/ackermann_mux/include/ackermann_mux/ackermann_mux_diagnostics.hpp
[1.568s] -- Up-to-date: /home/dalv204/sandbox/f1tenth_ws/install/ackermann_mux/include/ackermann_mux/params_helpers.hpp
[1.568s] -- Up-to-date: /home/dalv204/sandbox/f1tenth_ws/install/ackermann_mux/include/ackermann_mux/ackermann_mux.hpp
[1.569s] -- Up-to-date: /home/dalv204/sandbox/f1tenth_ws/install/ackermann_mux/include/ackermann_mux/utils.hpp
[1.569s] -- Up-to-date: /home/dalv204/sandbox/f1tenth_ws/install/ackermann_mux/share/ament_index/resource_index/package_run_dependencies/ackermann_mux
[1.571s] -- Up-to-date: /home/dalv204/sandbox/f1tenth_ws/install/ackermann_mux/share/ament_index/resource_index/parent_prefix_path/ackermann_mux
[1.572s] -- Up-to-date: /home/dalv204/sandbox/f1tenth_ws/install/ackermann_mux/share/ackermann_mux/environment/ament_prefix_path.sh
[1.573s] -- Up-to-date: /home/dalv204/sandbox/f1tenth_ws/install/ackermann_mux/share/ackermann_mux/environment/ament_prefix_path.dsv
[1.575s] -- Up-to-date: /home/dalv204/sandbox/f1tenth_ws/install/ackermann_mux/share/ackermann_mux/environment/path.sh
[1.575s] -- Up-to-date: /home/dalv204/sandbox/f1tenth_ws/install/ackermann_mux/share/ackermann_mux/environment/path.dsv
[1.575s] -- Up-to-date: /home/dalv204/sandbox/f1tenth_ws/install/ackermann_mux/share/ackermann_mux/local_setup.bash
[1.575s] -- Up-to-date: /home/dalv204/sandbox/f1tenth_ws/install/ackermann_mux/share/ackermann_mux/local_setup.sh
[1.576s] -- Up-to-date: /home/dalv204/sandbox/f1tenth_ws/install/ackermann_mux/share/ackermann_mux/local_setup.zsh
[1.577s] -- Up-to-date: /home/dalv204/sandbox/f1tenth_ws/install/ackermann_mux/share/ackermann_mux/local_setup.dsv
[1.578s] -- Installing: /home/dalv204/sandbox/f1tenth_ws/install/ackermann_mux/share/ackermann_mux/package.dsv
[1.578s] -- Up-to-date: /home/dalv204/sandbox/f1tenth_ws/install/ackermann_mux/share/ament_index/resource_index/packages/ackermann_mux
[1.580s] -- Up-to-date: /home/dalv204/sandbox/f1tenth_ws/install/ackermann_mux/share/ackermann_mux/cmake/ament_cmake_export_include_directories-extras.cmake
[1.580s] -- Up-to-date: /home/dalv204/sandbox/f1tenth_ws/install/ackermann_mux/share/ackermann_mux/cmake/ament_cmake_export_dependencies-extras.cmake
[1.580s] -- Up-to-date: /home/dalv204/sandbox/f1tenth_ws/install/ackermann_mux/share/ackermann_mux/cmake/ackermann_muxConfig.cmake
[1.584s] -- Up-to-date: /home/dalv204/sandbox/f1tenth_ws/install/ackermann_mux/share/ackermann_mux/cmake/ackermann_muxConfig-version.cmake
[1.585s] -- Up-to-date: /home/dalv204/sandbox/f1tenth_ws/install/ackermann_mux/share/ackermann_mux/package.xml
[1.594s] Invoked command in '/home/dalv204/sandbox/f1tenth_ws/build/ackermann_mux' returned '0': CMAKE_PREFIX_PATH=${CMAKE_PREFIX_PATH}:/home/dalv204/sandbox/f1tenth_ws/install/f1tenth_stack:/home/dalv204/sandbox/f1tenth_ws/install/joy_teleop:/home/dalv204/sandbox/f1tenth_ws/install/particle_filter:/home/dalv204/sandbox/f1tenth_ws/install/mouse_teleop:/home/dalv204/sandbox/f1tenth_ws/install/key_teleop /usr/bin/cmake --install /home/dalv204/sandbox/f1tenth_ws/build/ackermann_mux
