[0.064s] Invoking command in '/home/dalv204/sandbox/f1tenth_ws/build/pure_pursuit': /usr/bin/cmake --build /home/dalv204/sandbox/f1tenth_ws/build/pure_pursuit -- -j6 -l6
[0.093s] make: Warning: File 'Makefile' has modification time 1723726230 s in the future
[0.149s] make[1]: Warning: File 'CMakeFiles/Makefile2' has modification time 1723726230 s in the future
[0.150s] make[2]: Warning: File 'CMakeFiles/pure_pursuit_node.dir/flags.make' has modification time 1720692276 s in the future
[0.194s] make[2]: warning:  Clock skew detected.  Your build may be incomplete.
[0.199s] make[2]: Warning: File 'CMakeFiles/pure_pursuit_node.dir/flags.make' has modification time 1720692276 s in the future
[0.232s] make[2]: warning:  Clock skew detected.  Your build may be incomplete.
[0.250s] [100%] Built target pure_pursuit_node
[0.254s] make[1]: warning:  Clock skew detected.  Your build may be incomplete.
[0.274s] make: warning:  Clock skew detected.  Your build may be incomplete.
[0.280s] Invoked command in '/home/dalv204/sandbox/f1tenth_ws/build/pure_pursuit' returned '0': /usr/bin/cmake --build /home/dalv204/sandbox/f1tenth_ws/build/pure_pursuit -- -j6 -l6
[0.389s] Invoking command in '/home/dalv204/sandbox/f1tenth_ws/build/pure_pursuit': /usr/bin/cmake --install /home/dalv204/sandbox/f1tenth_ws/build/pure_pursuit
[0.420s] -- Install configuration: ""
[0.421s] -- Up-to-date: /home/dalv204/sandbox/f1tenth_ws/install/pure_pursuit/lib/pure_pursuit/pure_pursuit_node
[0.421s] -- Up-to-date: /home/dalv204/sandbox/f1tenth_ws/install/pure_pursuit/share/pure_pursuit/environment/pythonpath.sh
[0.421s] -- Up-to-date: /home/dalv204/sandbox/f1tenth_ws/install/pure_pursuit/share/pure_pursuit/environment/pythonpath.dsv
[0.421s] -- Up-to-date: /home/dalv204/sandbox/f1tenth_ws/install/pure_pursuit/lib/python3.8/site-packages/pure_pursuit
[0.421s] -- Up-to-date: /home/dalv204/sandbox/f1tenth_ws/install/pure_pursuit/lib/python3.8/site-packages/pure_pursuit/__init__.py
[0.477s] Listing '/home/dalv204/sandbox/f1tenth_ws/install/pure_pursuit/lib/python3.8/site-packages/pure_pursuit'...
[0.486s] -- Up-to-date: /home/dalv204/sandbox/f1tenth_ws/install/pure_pursuit/lib/pure_pursuit/pure_pursuit_node.py
[0.487s] -- Up-to-date: /home/dalv204/sandbox/f1tenth_ws/install/pure_pursuit/lib/pure_pursuit/waypoint_logger_node.py
[0.487s] -- Up-to-date: /home/dalv204/sandbox/f1tenth_ws/install/pure_pursuit/share/ament_index/resource_index/package_run_dependencies/pure_pursuit
[0.487s] -- Up-to-date: /home/dalv204/sandbox/f1tenth_ws/install/pure_pursuit/share/ament_index/resource_index/parent_prefix_path/pure_pursuit
[0.487s] -- Up-to-date: /home/dalv204/sandbox/f1tenth_ws/install/pure_pursuit/share/pure_pursuit/environment/ament_prefix_path.sh
[0.488s] -- Up-to-date: /home/dalv204/sandbox/f1tenth_ws/install/pure_pursuit/share/pure_pursuit/environment/ament_prefix_path.dsv
[0.488s] -- Up-to-date: /home/dalv204/sandbox/f1tenth_ws/install/pure_pursuit/share/pure_pursuit/environment/path.sh
[0.488s] -- Up-to-date: /home/dalv204/sandbox/f1tenth_ws/install/pure_pursuit/share/pure_pursuit/environment/path.dsv
[0.488s] -- Up-to-date: /home/dalv204/sandbox/f1tenth_ws/install/pure_pursuit/share/pure_pursuit/local_setup.bash
[0.488s] -- Up-to-date: /home/dalv204/sandbox/f1tenth_ws/install/pure_pursuit/share/pure_pursuit/local_setup.sh
[0.489s] -- Up-to-date: /home/dalv204/sandbox/f1tenth_ws/install/pure_pursuit/share/pure_pursuit/local_setup.zsh
[0.489s] -- Up-to-date: /home/dalv204/sandbox/f1tenth_ws/install/pure_pursuit/share/pure_pursuit/local_setup.dsv
[0.489s] -- Installing: /home/dalv204/sandbox/f1tenth_ws/install/pure_pursuit/share/pure_pursuit/package.dsv
[0.489s] -- Up-to-date: /home/dalv204/sandbox/f1tenth_ws/install/pure_pursuit/share/ament_index/resource_index/packages/pure_pursuit
[0.489s] -- Up-to-date: /home/dalv204/sandbox/f1tenth_ws/install/pure_pursuit/share/pure_pursuit/cmake/pure_pursuitConfig.cmake
[0.489s] -- Up-to-date: /home/dalv204/sandbox/f1tenth_ws/install/pure_pursuit/share/pure_pursuit/cmake/pure_pursuitConfig-version.cmake
[0.490s] -- Up-to-date: /home/dalv204/sandbox/f1tenth_ws/install/pure_pursuit/share/pure_pursuit/package.xml
[0.504s] Invoked command in '/home/dalv204/sandbox/f1tenth_ws/build/pure_pursuit' returned '0': /usr/bin/cmake --install /home/dalv204/sandbox/f1tenth_ws/build/pure_pursuit
