[0.586s] Invoking command in '/home/dalv204/sandbox/f1tenth_ws/build/vesc_ackermann': CMAKE_PREFIX_PATH=/home/dalv204/sandbox/f1tenth_ws/install/vesc_msgs:/home/dalv204/sandbox/f1tenth_ws/install/wall_follow:/home/dalv204/sandbox/f1tenth_ws/install/vesc:/home/dalv204/sandbox/f1tenth_ws/install/vesc_driver:/home/dalv204/sandbox/f1tenth_ws/install/vesc_ackermann:/home/dalv204/sandbox/f1tenth_ws/install/teleop_tools:/home/dalv204/sandbox/f1tenth_ws/install/teleop_tools_msgs:/home/dalv204/sandbox/f1tenth_ws/install/pure_pursuit:/home/dalv204/sandbox/f1tenth_ws/install/lab2_pkg:/home/dalv204/sandbox/f1tenth_ws/install/gap_follow:/home/dalv204/sandbox/f1tenth_ws/install/ackermann_mux:/opt/ros/foxy:/home/dalv204/sandbox/f1tenth_ws/install/f1tenth_stack:/home/dalv204/sandbox/f1tenth_ws/install/joy_teleop:/home/dalv204/sandbox/f1tenth_ws/install/particle_filter:/home/dalv204/sandbox/f1tenth_ws/install/mouse_teleop:/home/dalv204/sandbox/f1tenth_ws/install/key_teleop LD_LIBRARY_PATH=/home/dalv204/sandbox/f1tenth_ws/install/vesc_msgs/lib:/home/dalv204/sandbox/f1tenth_ws/install/vesc_driver/lib:/home/dalv204/sandbox/f1tenth_ws/install/vesc_ackermann/lib:/home/dalv204/sandbox/f1tenth_ws/install/teleop_tools_msgs/lib:/opt/ros/foxy/opt/yaml_cpp_vendor/lib:/opt/ros/foxy/opt/rviz_ogre_vendor/lib:/opt/ros/foxy/lib/aarch64-linux-gnu:/opt/ros/foxy/lib PYTHONPATH=/home/dalv204/sandbox/f1tenth_ws/install/vesc_msgs/lib/python3.8/site-packages:/home/dalv204/sandbox/f1tenth_ws/install/wall_follow/lib/python3.8/site-packages:/home/dalv204/sandbox/f1tenth_ws/install/f1tenth_stack/lib/python3.8/site-packages:/home/dalv204/sandbox/f1tenth_ws/install/joy_teleop/lib/python3.8/site-packages:/home/dalv204/sandbox/f1tenth_ws/install/teleop_tools_msgs/lib/python3.8/site-packages:/home/dalv204/sandbox/f1tenth_ws/install/pure_pursuit/lib/python3.8/site-packages:/home/dalv204/sandbox/f1tenth_ws/install/particle_filter/lib/python3.8/site-packages:/home/dalv204/sandbox/f1tenth_ws/install/mouse_teleop/lib/python3.8/site-packages:/home/dalv204/sandbox/f1tenth_ws/install/key_teleop/lib/python3.8/site-packages:/home/dalv204/sandbox/f1tenth_ws/install/gap_follow/lib/python3.8/site-packages:/opt/ros/foxy/lib/python3.8/site-packages /usr/bin/cmake --build /home/dalv204/sandbox/f1tenth_ws/build/vesc_ackermann -- -j6 -l6
[0.621s] make: Warning: File 'Makefile' has modification time 1718621155 s in the future
[0.695s] make[1]: Warning: File 'CMakeFiles/Makefile2' has modification time 1718621155 s in the future
[0.701s] make[2]: Warning: File 'CMakeFiles/ackermann_to_vesc_node.dir/flags.make' has modification time 1718621155 s in the future
[0.724s] make[2]: Warning: File 'CMakeFiles/vesc_to_odom_node.dir/flags.make' has modification time 1718621155 s in the future
[0.731s] make[2]: warning:  Clock skew detected.  Your build may be incomplete.
[0.737s] make[2]: Warning: File 'CMakeFiles/vesc_ackermann.dir/flags.make' has modification time 1718621155 s in the future
[0.737s] make[2]: Warning: File 'CMakeFiles/ackermann_to_vesc_node.dir/flags.make' has modification time 1718621155 s in the future
[0.769s] make[2]: warning:  Clock skew detected.  Your build may be incomplete.
[0.784s] make[2]: Warning: File 'CMakeFiles/vesc_to_odom_node.dir/flags.make' has modification time 1718621155 s in the future
[0.790s] make[2]: warning:  Clock skew detected.  Your build may be incomplete.
[0.799s] make[2]: warning:  Clock skew detected.  Your build may be incomplete.
[0.815s] make[2]: warning:  Clock skew detected.  Your build may be incomplete.
[0.822s] make[2]: Warning: File 'CMakeFiles/vesc_ackermann.dir/flags.make' has modification time 1718621155 s in the future
[0.845s] [ 28%] Built target ackermann_to_vesc_node
[0.865s] make[2]: warning:  Clock skew detected.  Your build may be incomplete.
[0.873s] [ 57%] Built target vesc_to_odom_node
[0.909s] [100%] Built target vesc_ackermann
[0.913s] make[1]: warning:  Clock skew detected.  Your build may be incomplete.
[0.946s] make: warning:  Clock skew detected.  Your build may be incomplete.
[0.956s] Invoked command in '/home/dalv204/sandbox/f1tenth_ws/build/vesc_ackermann' returned '0': CMAKE_PREFIX_PATH=/home/dalv204/sandbox/f1tenth_ws/install/vesc_msgs:/home/dalv204/sandbox/f1tenth_ws/install/wall_follow:/home/dalv204/sandbox/f1tenth_ws/install/vesc:/home/dalv204/sandbox/f1tenth_ws/install/vesc_driver:/home/dalv204/sandbox/f1tenth_ws/install/vesc_ackermann:/home/dalv204/sandbox/f1tenth_ws/install/teleop_tools:/home/dalv204/sandbox/f1tenth_ws/install/teleop_tools_msgs:/home/dalv204/sandbox/f1tenth_ws/install/pure_pursuit:/home/dalv204/sandbox/f1tenth_ws/install/lab2_pkg:/home/dalv204/sandbox/f1tenth_ws/install/gap_follow:/home/dalv204/sandbox/f1tenth_ws/install/ackermann_mux:/opt/ros/foxy:/home/dalv204/sandbox/f1tenth_ws/install/f1tenth_stack:/home/dalv204/sandbox/f1tenth_ws/install/joy_teleop:/home/dalv204/sandbox/f1tenth_ws/install/particle_filter:/home/dalv204/sandbox/f1tenth_ws/install/mouse_teleop:/home/dalv204/sandbox/f1tenth_ws/install/key_teleop LD_LIBRARY_PATH=/home/dalv204/sandbox/f1tenth_ws/install/vesc_msgs/lib:/home/dalv204/sandbox/f1tenth_ws/install/vesc_driver/lib:/home/dalv204/sandbox/f1tenth_ws/install/vesc_ackermann/lib:/home/dalv204/sandbox/f1tenth_ws/install/teleop_tools_msgs/lib:/opt/ros/foxy/opt/yaml_cpp_vendor/lib:/opt/ros/foxy/opt/rviz_ogre_vendor/lib:/opt/ros/foxy/lib/aarch64-linux-gnu:/opt/ros/foxy/lib PYTHONPATH=/home/dalv204/sandbox/f1tenth_ws/install/vesc_msgs/lib/python3.8/site-packages:/home/dalv204/sandbox/f1tenth_ws/install/wall_follow/lib/python3.8/site-packages:/home/dalv204/sandbox/f1tenth_ws/install/f1tenth_stack/lib/python3.8/site-packages:/home/dalv204/sandbox/f1tenth_ws/install/joy_teleop/lib/python3.8/site-packages:/home/dalv204/sandbox/f1tenth_ws/install/teleop_tools_msgs/lib/python3.8/site-packages:/home/dalv204/sandbox/f1tenth_ws/install/pure_pursuit/lib/python3.8/site-packages:/home/dalv204/sandbox/f1tenth_ws/install/particle_filter/lib/python3.8/site-packages:/home/dalv204/sandbox/f1tenth_ws/install/mouse_teleop/lib/python3.8/site-packages:/home/dalv204/sandbox/f1tenth_ws/install/key_teleop/lib/python3.8/site-packages:/home/dalv204/sandbox/f1tenth_ws/install/gap_follow/lib/python3.8/site-packages:/opt/ros/foxy/lib/python3.8/site-packages /usr/bin/cmake --build /home/dalv204/sandbox/f1tenth_ws/build/vesc_ackermann -- -j6 -l6
[1.106s] Invoking command in '/home/dalv204/sandbox/f1tenth_ws/build/vesc_ackermann': CMAKE_PREFIX_PATH=/home/dalv204/sandbox/f1tenth_ws/install/vesc_msgs:/home/dalv204/sandbox/f1tenth_ws/install/wall_follow:/home/dalv204/sandbox/f1tenth_ws/install/vesc:/home/dalv204/sandbox/f1tenth_ws/install/vesc_driver:/home/dalv204/sandbox/f1tenth_ws/install/vesc_ackermann:/home/dalv204/sandbox/f1tenth_ws/install/teleop_tools:/home/dalv204/sandbox/f1tenth_ws/install/teleop_tools_msgs:/home/dalv204/sandbox/f1tenth_ws/install/pure_pursuit:/home/dalv204/sandbox/f1tenth_ws/install/lab2_pkg:/home/dalv204/sandbox/f1tenth_ws/install/gap_follow:/home/dalv204/sandbox/f1tenth_ws/install/ackermann_mux:/opt/ros/foxy:/home/dalv204/sandbox/f1tenth_ws/install/f1tenth_stack:/home/dalv204/sandbox/f1tenth_ws/install/joy_teleop:/home/dalv204/sandbox/f1tenth_ws/install/particle_filter:/home/dalv204/sandbox/f1tenth_ws/install/mouse_teleop:/home/dalv204/sandbox/f1tenth_ws/install/key_teleop LD_LIBRARY_PATH=/home/dalv204/sandbox/f1tenth_ws/install/vesc_msgs/lib:/home/dalv204/sandbox/f1tenth_ws/install/vesc_driver/lib:/home/dalv204/sandbox/f1tenth_ws/install/vesc_ackermann/lib:/home/dalv204/sandbox/f1tenth_ws/install/teleop_tools_msgs/lib:/opt/ros/foxy/opt/yaml_cpp_vendor/lib:/opt/ros/foxy/opt/rviz_ogre_vendor/lib:/opt/ros/foxy/lib/aarch64-linux-gnu:/opt/ros/foxy/lib PYTHONPATH=/home/dalv204/sandbox/f1tenth_ws/install/vesc_msgs/lib/python3.8/site-packages:/home/dalv204/sandbox/f1tenth_ws/install/wall_follow/lib/python3.8/site-packages:/home/dalv204/sandbox/f1tenth_ws/install/f1tenth_stack/lib/python3.8/site-packages:/home/dalv204/sandbox/f1tenth_ws/install/joy_teleop/lib/python3.8/site-packages:/home/dalv204/sandbox/f1tenth_ws/install/teleop_tools_msgs/lib/python3.8/site-packages:/home/dalv204/sandbox/f1tenth_ws/install/pure_pursuit/lib/python3.8/site-packages:/home/dalv204/sandbox/f1tenth_ws/install/particle_filter/lib/python3.8/site-packages:/home/dalv204/sandbox/f1tenth_ws/install/mouse_teleop/lib/python3.8/site-packages:/home/dalv204/sandbox/f1tenth_ws/install/key_teleop/lib/python3.8/site-packages:/home/dalv204/sandbox/f1tenth_ws/install/gap_follow/lib/python3.8/site-packages:/opt/ros/foxy/lib/python3.8/site-packages /usr/bin/cmake --install /home/dalv204/sandbox/f1tenth_ws/build/vesc_ackermann
[1.138s] -- Install configuration: ""
[1.139s] -- Up-to-date: /home/dalv204/sandbox/f1tenth_ws/install/vesc_ackermann/lib/vesc_ackermann/ackermann_to_vesc_node
[1.140s] -- Up-to-date: /home/dalv204/sandbox/f1tenth_ws/install/vesc_ackermann/lib/vesc_ackermann/vesc_to_odom_node
[1.141s] -- Up-to-date: /home/dalv204/sandbox/f1tenth_ws/install/vesc_ackermann/include
[1.142s] -- Up-to-date: /home/dalv204/sandbox/f1tenth_ws/install/vesc_ackermann/include/vesc_ackermann
[1.143s] -- Up-to-date: /home/dalv204/sandbox/f1tenth_ws/install/vesc_ackermann/include/vesc_ackermann/ackermann_to_vesc.hpp
[1.143s] -- Up-to-date: /home/dalv204/sandbox/f1tenth_ws/install/vesc_ackermann/include/vesc_ackermann/vesc_to_odom.hpp
[1.144s] -- Up-to-date: /home/dalv204/sandbox/f1tenth_ws/install/vesc_ackermann/share/vesc_ackermann/environment/library_path.sh
[1.145s] -- Up-to-date: /home/dalv204/sandbox/f1tenth_ws/install/vesc_ackermann/share/vesc_ackermann/environment/library_path.dsv
[1.146s] -- Up-to-date: /home/dalv204/sandbox/f1tenth_ws/install/vesc_ackermann/lib/libvesc_ackermann.so
[1.147s] -- Up-to-date: /home/dalv204/sandbox/f1tenth_ws/install/vesc_ackermann/share/vesc_ackermann/launch
[1.148s] -- Up-to-date: /home/dalv204/sandbox/f1tenth_ws/install/vesc_ackermann/share/vesc_ackermann/launch/ackermann_to_vesc_node.launch.xml
[1.148s] -- Up-to-date: /home/dalv204/sandbox/f1tenth_ws/install/vesc_ackermann/share/vesc_ackermann/launch/vesc_to_odom_node.launch.xml
[1.149s] -- Up-to-date: /home/dalv204/sandbox/f1tenth_ws/install/vesc_ackermann/share/ament_index/resource_index/package_run_dependencies/vesc_ackermann
[1.150s] -- Up-to-date: /home/dalv204/sandbox/f1tenth_ws/install/vesc_ackermann/share/ament_index/resource_index/parent_prefix_path/vesc_ackermann
[1.151s] -- Up-to-date: /home/dalv204/sandbox/f1tenth_ws/install/vesc_ackermann/share/vesc_ackermann/environment/ament_prefix_path.sh
[1.151s] -- Up-to-date: /home/dalv204/sandbox/f1tenth_ws/install/vesc_ackermann/share/vesc_ackermann/environment/ament_prefix_path.dsv
[1.152s] -- Up-to-date: /home/dalv204/sandbox/f1tenth_ws/install/vesc_ackermann/share/vesc_ackermann/environment/path.sh
[1.153s] -- Up-to-date: /home/dalv204/sandbox/f1tenth_ws/install/vesc_ackermann/share/vesc_ackermann/environment/path.dsv
[1.153s] -- Up-to-date: /home/dalv204/sandbox/f1tenth_ws/install/vesc_ackermann/share/vesc_ackermann/local_setup.bash
[1.153s] -- Up-to-date: /home/dalv204/sandbox/f1tenth_ws/install/vesc_ackermann/share/vesc_ackermann/local_setup.sh
[1.154s] -- Up-to-date: /home/dalv204/sandbox/f1tenth_ws/install/vesc_ackermann/share/vesc_ackermann/local_setup.zsh
[1.155s] -- Up-to-date: /home/dalv204/sandbox/f1tenth_ws/install/vesc_ackermann/share/vesc_ackermann/local_setup.dsv
[1.155s] -- Installing: /home/dalv204/sandbox/f1tenth_ws/install/vesc_ackermann/share/vesc_ackermann/package.dsv
[1.157s] -- Up-to-date: /home/dalv204/sandbox/f1tenth_ws/install/vesc_ackermann/share/ament_index/resource_index/packages/vesc_ackermann
[1.158s] -- Up-to-date: /home/dalv204/sandbox/f1tenth_ws/install/vesc_ackermann/share/ament_index/resource_index/rclcpp_components/vesc_ackermann
[1.159s] -- Up-to-date: /home/dalv204/sandbox/f1tenth_ws/install/vesc_ackermann/share/vesc_ackermann/cmake/ament_cmake_export_dependencies-extras.cmake
[1.160s] -- Up-to-date: /home/dalv204/sandbox/f1tenth_ws/install/vesc_ackermann/share/vesc_ackermann/cmake/ament_cmake_export_include_directories-extras.cmake
[1.160s] -- Up-to-date: /home/dalv204/sandbox/f1tenth_ws/install/vesc_ackermann/share/vesc_ackermann/cmake/ament_cmake_export_libraries-extras.cmake
[1.161s] -- Up-to-date: /home/dalv204/sandbox/f1tenth_ws/install/vesc_ackermann/share/vesc_ackermann/cmake/vesc_ackermannConfig.cmake
[1.161s] -- Up-to-date: /home/dalv204/sandbox/f1tenth_ws/install/vesc_ackermann/share/vesc_ackermann/cmake/vesc_ackermannConfig-version.cmake
[1.162s] -- Up-to-date: /home/dalv204/sandbox/f1tenth_ws/install/vesc_ackermann/share/vesc_ackermann/package.xml
[1.172s] Invoked command in '/home/dalv204/sandbox/f1tenth_ws/build/vesc_ackermann' returned '0': CMAKE_PREFIX_PATH=/home/dalv204/sandbox/f1tenth_ws/install/vesc_msgs:/home/dalv204/sandbox/f1tenth_ws/install/wall_follow:/home/dalv204/sandbox/f1tenth_ws/install/vesc:/home/dalv204/sandbox/f1tenth_ws/install/vesc_driver:/home/dalv204/sandbox/f1tenth_ws/install/vesc_ackermann:/home/dalv204/sandbox/f1tenth_ws/install/teleop_tools:/home/dalv204/sandbox/f1tenth_ws/install/teleop_tools_msgs:/home/dalv204/sandbox/f1tenth_ws/install/pure_pursuit:/home/dalv204/sandbox/f1tenth_ws/install/lab2_pkg:/home/dalv204/sandbox/f1tenth_ws/install/gap_follow:/home/dalv204/sandbox/f1tenth_ws/install/ackermann_mux:/opt/ros/foxy:/home/dalv204/sandbox/f1tenth_ws/install/f1tenth_stack:/home/dalv204/sandbox/f1tenth_ws/install/joy_teleop:/home/dalv204/sandbox/f1tenth_ws/install/particle_filter:/home/dalv204/sandbox/f1tenth_ws/install/mouse_teleop:/home/dalv204/sandbox/f1tenth_ws/install/key_teleop LD_LIBRARY_PATH=/home/dalv204/sandbox/f1tenth_ws/install/vesc_msgs/lib:/home/dalv204/sandbox/f1tenth_ws/install/vesc_driver/lib:/home/dalv204/sandbox/f1tenth_ws/install/vesc_ackermann/lib:/home/dalv204/sandbox/f1tenth_ws/install/teleop_tools_msgs/lib:/opt/ros/foxy/opt/yaml_cpp_vendor/lib:/opt/ros/foxy/opt/rviz_ogre_vendor/lib:/opt/ros/foxy/lib/aarch64-linux-gnu:/opt/ros/foxy/lib PYTHONPATH=/home/dalv204/sandbox/f1tenth_ws/install/vesc_msgs/lib/python3.8/site-packages:/home/dalv204/sandbox/f1tenth_ws/install/wall_follow/lib/python3.8/site-packages:/home/dalv204/sandbox/f1tenth_ws/install/f1tenth_stack/lib/python3.8/site-packages:/home/dalv204/sandbox/f1tenth_ws/install/joy_teleop/lib/python3.8/site-packages:/home/dalv204/sandbox/f1tenth_ws/install/teleop_tools_msgs/lib/python3.8/site-packages:/home/dalv204/sandbox/f1tenth_ws/install/pure_pursuit/lib/python3.8/site-packages:/home/dalv204/sandbox/f1tenth_ws/install/particle_filter/lib/python3.8/site-packages:/home/dalv204/sandbox/f1tenth_ws/install/mouse_teleop/lib/python3.8/site-packages:/home/dalv204/sandbox/f1tenth_ws/install/key_teleop/lib/python3.8/site-packages:/home/dalv204/sandbox/f1tenth_ws/install/gap_follow/lib/python3.8/site-packages:/opt/ros/foxy/lib/python3.8/site-packages /usr/bin/cmake --install /home/dalv204/sandbox/f1tenth_ws/build/vesc_ackermann
