[2.662s] Invoking command in '/home/dalv204/sandbox/f1tenth_ws/src/f1tenth_system/teleop_tools/mouse_teleop': PYTHONPATH=/home/dalv204/sandbox/f1tenth_ws/build/mouse_teleop/prefix_override:/usr/lib/python3/dist-packages/colcon_core/task/python/colcon_distutils_commands:/home/dalv204/sandbox/f1tenth_ws/install/mouse_teleop/lib/python3.8/site-packages:${PYTHONPATH} /usr/bin/python3 -W ignore:setup.py install is deprecated setup.py egg_info --egg-base ../../../../build/mouse_teleop build --build-base /home/dalv204/sandbox/f1tenth_ws/build/mouse_teleop/build install --record /home/dalv204/sandbox/f1tenth_ws/build/mouse_teleop/install.log --install-scripts $base/lib/mouse_teleop --single-version-externally-managed install_data
[3.435s] running egg_info
[3.438s] writing ../../../../build/mouse_teleop/mouse_teleop.egg-info/PKG-INFO
[3.440s] writing dependency_links to ../../../../build/mouse_teleop/mouse_teleop.egg-info/dependency_links.txt
[3.441s] writing entry points to ../../../../build/mouse_teleop/mouse_teleop.egg-info/entry_points.txt
[3.443s] writing requirements to ../../../../build/mouse_teleop/mouse_teleop.egg-info/requires.txt
[3.444s] writing top-level names to ../../../../build/mouse_teleop/mouse_teleop.egg-info/top_level.txt
[3.535s] reading manifest file '../../../../build/mouse_teleop/mouse_teleop.egg-info/SOURCES.txt'
[3.536s] writing manifest file '../../../../build/mouse_teleop/mouse_teleop.egg-info/SOURCES.txt'
[3.536s] running build
[3.538s] running build_py
[3.538s] running install
[3.538s] running install_lib
[3.545s] running install_data
[3.546s] running install_egg_info
[3.551s] removing '/home/dalv204/sandbox/f1tenth_ws/install/mouse_teleop/lib/python3.8/site-packages/mouse_teleop-0.3.0-py3.8.egg-info' (and everything under it)
[3.557s] Copying ../../../../build/mouse_teleop/mouse_teleop.egg-info to /home/dalv204/sandbox/f1tenth_ws/install/mouse_teleop/lib/python3.8/site-packages/mouse_teleop-0.3.0-py3.8.egg-info
[3.557s] running install_scripts
[3.602s] Installing mouse_teleop script to /home/dalv204/sandbox/f1tenth_ws/install/mouse_teleop/lib/mouse_teleop
[3.603s] writing list of installed files to '/home/dalv204/sandbox/f1tenth_ws/build/mouse_teleop/install.log'
[3.703s] Invoked command in '/home/dalv204/sandbox/f1tenth_ws/src/f1tenth_system/teleop_tools/mouse_teleop' returned '0': PYTHONPATH=/home/dalv204/sandbox/f1tenth_ws/build/mouse_teleop/prefix_override:/usr/lib/python3/dist-packages/colcon_core/task/python/colcon_distutils_commands:/home/dalv204/sandbox/f1tenth_ws/install/mouse_teleop/lib/python3.8/site-packages:${PYTHONPATH} /usr/bin/python3 -W ignore:setup.py install is deprecated setup.py egg_info --egg-base ../../../../build/mouse_teleop build --build-base /home/dalv204/sandbox/f1tenth_ws/build/mouse_teleop/build install --record /home/dalv204/sandbox/f1tenth_ws/build/mouse_teleop/install.log --install-scripts $base/lib/mouse_teleop --single-version-externally-managed install_data
