[0.065s] Invoking command in '/home/dalv204/sandbox/f1tenth_ws/build/wall_follow': CMAKE_PREFIX_PATH=${CMAKE_PREFIX_PATH}:/home/dalv204/sandbox/f1tenth_ws/install/f1tenth_stack:/home/dalv204/sandbox/f1tenth_ws/install/joy_teleop:/home/dalv204/sandbox/f1tenth_ws/install/particle_filter:/home/dalv204/sandbox/f1tenth_ws/install/mouse_teleop:/home/dalv204/sandbox/f1tenth_ws/install/key_teleop /usr/bin/cmake /home/dalv204/sandbox/f1tenth_ws/src/wall_following/wall_follow -DCMAKE_INSTALL_PREFIX=/home/dalv204/sandbox/f1tenth_ws/install/wall_follow
[0.192s] -- The C compiler identification is GNU 9.4.0
[0.307s] -- The CXX compiler identification is GNU 9.4.0
[0.319s] -- Check for working C compiler: /usr/bin/cc
[0.475s] -- Check for working C compiler: /usr/bin/cc -- works
[0.476s] -- Detecting C compiler ABI info
[0.631s] -- Detecting C compiler ABI info - done
[0.651s] -- Detecting C compile features
[0.651s] -- Detecting C compile features - done
[0.656s] -- Check for working CXX compiler: /usr/bin/c++
[0.829s] -- Check for working CXX compiler: /usr/bin/c++ -- works
[0.829s] -- Detecting CXX compiler ABI info
[1.013s] -- Detecting CXX compiler ABI info - done
[1.036s] -- Detecting CXX compile features
[1.037s] -- Detecting CXX compile features - done
[1.039s] -- Found ament_cmake: 0.9.12 (/opt/ros/foxy/share/ament_cmake/cmake)
[1.104s] -- Found PythonInterp: /usr/bin/python3 (found suitable version "3.8.10", minimum required is "3") 
[1.105s] -- Using PYTHON_EXECUTABLE: /usr/bin/python3
[1.549s] -- Found rclcpp: 2.4.3 (/opt/ros/foxy/share/rclcpp/cmake)
[1.650s] -- Using all available rosidl_typesupport_c: rosidl_typesupport_fastrtps_c;rosidl_typesupport_introspection_c
[1.672s] -- Found rosidl_adapter: 1.3.1 (/opt/ros/foxy/share/rosidl_adapter/cmake)
[1.854s] -- Found OpenSSL: /usr/lib/aarch64-linux-gnu/libcrypto.so (found version "1.1.1f")  
[1.914s] -- Found FastRTPS: /opt/ros/foxy/include  
[2.083s] -- Using all available rosidl_typesupport_cpp: rosidl_typesupport_fastrtps_cpp;rosidl_typesupport_introspection_cpp
[2.199s] -- Found rmw_implementation_cmake: 1.0.4 (/opt/ros/foxy/share/rmw_implementation_cmake/cmake)
[2.203s] -- Using RMW implementation 'rmw_fastrtps_cpp' as default
[2.204s] -- Looking for pthread.h
[2.348s] -- Looking for pthread.h - found
[2.349s] -- Performing Test CMAKE_HAVE_LIBC_PTHREAD
[2.497s] -- Performing Test CMAKE_HAVE_LIBC_PTHREAD - Failed
[2.497s] -- Looking for pthread_create in pthreads
[2.623s] -- Looking for pthread_create in pthreads - not found
[2.623s] -- Looking for pthread_create in pthread
[2.766s] -- Looking for pthread_create in pthread - found
[2.768s] -- Found Threads: TRUE  
[3.058s] -- Found rclpy: 1.0.13 (/opt/ros/foxy/share/rclpy/cmake)
[3.061s] -- Found geometry_msgs: 2.0.5 (/opt/ros/foxy/share/geometry_msgs/cmake)
[3.125s] -- Found nav_msgs: 2.0.5 (/opt/ros/foxy/share/nav_msgs/cmake)
[3.256s] -- Found ackermann_msgs: 2.0.2 (/opt/ros/foxy/share/ackermann_msgs/cmake)
[3.318s] -- Found sensor_msgs: 2.0.5 (/opt/ros/foxy/share/sensor_msgs/cmake)
[3.510s] -- Found ament_lint_auto: 0.9.8 (/opt/ros/foxy/share/ament_lint_auto/cmake)
[3.676s] -- Added test 'copyright' to check source files copyright and LICENSE
[3.678s] -- Added test 'cppcheck' to perform static code analysis on C / C++ code
[3.678s] -- Configured cppcheck include dirs: /home/dalv204/sandbox/f1tenth_ws/src/wall_following/wall_follow/include
[3.678s] -- Configured cppcheck exclude dirs and/or files: 
[3.680s] -- Added test 'cpplint' to check C / C++ code against the Google style
[3.680s] -- Configured cpplint exclude dirs and/or files: 
[3.681s] -- Added test 'flake8' to check Python code syntax and style conventions
[3.682s] -- Added test 'lint_cmake' to check CMake code style
[3.683s] -- Added test 'pep257' to check Python code against some of the style conventions in PEP 257
[3.685s] -- Added test 'uncrustify' to check C / C++ code style
[3.685s] -- Configured uncrustify additional arguments: 
[3.686s] -- Added test 'xmllint' to check XML markup files
[3.694s] -- Configuring done
[3.713s] -- Generating done
[3.716s] -- Build files have been written to: /home/dalv204/sandbox/f1tenth_ws/build/wall_follow
[3.741s] Invoked command in '/home/dalv204/sandbox/f1tenth_ws/build/wall_follow' returned '0': CMAKE_PREFIX_PATH=${CMAKE_PREFIX_PATH}:/home/dalv204/sandbox/f1tenth_ws/install/f1tenth_stack:/home/dalv204/sandbox/f1tenth_ws/install/joy_teleop:/home/dalv204/sandbox/f1tenth_ws/install/particle_filter:/home/dalv204/sandbox/f1tenth_ws/install/mouse_teleop:/home/dalv204/sandbox/f1tenth_ws/install/key_teleop /usr/bin/cmake /home/dalv204/sandbox/f1tenth_ws/src/wall_following/wall_follow -DCMAKE_INSTALL_PREFIX=/home/dalv204/sandbox/f1tenth_ws/install/wall_follow
[3.747s] Invoking command in '/home/dalv204/sandbox/f1tenth_ws/build/wall_follow': CMAKE_PREFIX_PATH=${CMAKE_PREFIX_PATH}:/home/dalv204/sandbox/f1tenth_ws/install/f1tenth_stack:/home/dalv204/sandbox/f1tenth_ws/install/joy_teleop:/home/dalv204/sandbox/f1tenth_ws/install/particle_filter:/home/dalv204/sandbox/f1tenth_ws/install/mouse_teleop:/home/dalv204/sandbox/f1tenth_ws/install/key_teleop /usr/bin/cmake --build /home/dalv204/sandbox/f1tenth_ws/build/wall_follow -- -j6 -l6
[3.835s] [35m[1mScanning dependencies of target wall_follow_node[0m
[3.909s] [ 50%] [32mBuilding CXX object CMakeFiles/wall_follow_node.dir/src/wall_follow_node.cpp.o[0m
[6.737s] [01m[K/home/dalv204/sandbox/f1tenth_ws/src/wall_following/wall_follow/src/wall_follow_node.cpp:[m[K In member function ‘[01m[Kdouble WallFollow::get_range(float*, double)[m[K’:
[6.737s] [01m[K/home/dalv204/sandbox/f1tenth_ws/src/wall_following/wall_follow/src/wall_follow_node.cpp:30:29:[m[K [01;35m[Kwarning: [m[Kunused parameter ‘[01m[Krange_data[m[K’ [[01;35m[K-Wunused-parameter[m[K]
[6.737s]    30 |     double get_range([01;35m[Kfloat* range_data[m[K, double angle)
[6.737s]       |                      [01;35m[K~~~~~~~^~~~~~~~~~[m[K
[6.737s] [01m[K/home/dalv204/sandbox/f1tenth_ws/src/wall_following/wall_follow/src/wall_follow_node.cpp:30:48:[m[K [01;35m[Kwarning: [m[Kunused parameter ‘[01m[Kangle[m[K’ [[01;35m[K-Wunused-parameter[m[K]
[6.737s]    30 |     double get_range(float* range_data, [01;35m[Kdouble angle[m[K)
[6.738s]       |                                         [01;35m[K~~~~~~~^~~~~[m[K
[6.738s] [01m[K/home/dalv204/sandbox/f1tenth_ws/src/wall_following/wall_follow/src/wall_follow_node.cpp:[m[K In member function ‘[01m[Kdouble WallFollow::get_error(float*, double)[m[K’:
[6.738s] [01m[K/home/dalv204/sandbox/f1tenth_ws/src/wall_following/wall_follow/src/wall_follow_node.cpp:47:29:[m[K [01;35m[Kwarning: [m[Kunused parameter ‘[01m[Krange_data[m[K’ [[01;35m[K-Wunused-parameter[m[K]
[6.738s]    47 |     double get_error([01;35m[Kfloat* range_data[m[K, double dist)
[6.738s]       |                      [01;35m[K~~~~~~~^~~~~~~~~~[m[K
[6.738s] [01m[K/home/dalv204/sandbox/f1tenth_ws/src/wall_following/wall_follow/src/wall_follow_node.cpp:47:48:[m[K [01;35m[Kwarning: [m[Kunused parameter ‘[01m[Kdist[m[K’ [[01;35m[K-Wunused-parameter[m[K]
[6.738s]    47 |     double get_error(float* range_data, [01;35m[Kdouble dist[m[K)
[6.738s]       |                                         [01;35m[K~~~~~~~^~~~[m[K
[6.738s] [01m[K/home/dalv204/sandbox/f1tenth_ws/src/wall_following/wall_follow/src/wall_follow_node.cpp:[m[K In member function ‘[01m[Kvoid WallFollow::pid_control(double, double)[m[K’:
[6.739s] [01m[K/home/dalv204/sandbox/f1tenth_ws/src/wall_following/wall_follow/src/wall_follow_node.cpp:76:16:[m[K [01;35m[Kwarning: [m[Kunused variable ‘[01m[Kangle[m[K’ [[01;35m[K-Wunused-variable[m[K]
[6.739s]    76 |         double [01;35m[Kangle[m[K = 0.0;
[6.739s]       |                [01;35m[K^~~~~[m[K
[6.739s] [01m[K/home/dalv204/sandbox/f1tenth_ws/src/wall_following/wall_follow/src/wall_follow_node.cpp:64:29:[m[K [01;35m[Kwarning: [m[Kunused parameter ‘[01m[Kerror[m[K’ [[01;35m[K-Wunused-parameter[m[K]
[6.739s]    64 |     void pid_control([01;35m[Kdouble error[m[K, double velocity)
[6.739s]       |                      [01;35m[K~~~~~~~^~~~~[m[K
[6.739s] [01m[K/home/dalv204/sandbox/f1tenth_ws/src/wall_following/wall_follow/src/wall_follow_node.cpp:64:43:[m[K [01;35m[Kwarning: [m[Kunused parameter ‘[01m[Kvelocity[m[K’ [[01;35m[K-Wunused-parameter[m[K]
[6.739s]    64 |     void pid_control(double error, [01;35m[Kdouble velocity[m[K)
[6.739s]       |                                    [01;35m[K~~~~~~~^~~~~~~~[m[K
[6.743s] [01m[K/home/dalv204/sandbox/f1tenth_ws/src/wall_following/wall_follow/src/wall_follow_node.cpp:[m[K In member function ‘[01m[Kvoid WallFollow::scan_callback(sensor_msgs::msg::LaserScan_<std::allocator<void> >::ConstSharedPtr)[m[K’:
[6.743s] [01m[K/home/dalv204/sandbox/f1tenth_ws/src/wall_following/wall_follow/src/wall_follow_node.cpp:93:16:[m[K [01;35m[Kwarning: [m[Kunused variable ‘[01m[Kerror[m[K’ [[01;35m[K-Wunused-variable[m[K]
[6.743s]    93 |         double [01;35m[Kerror[m[K = 0.0; // TODO: replace with error calculated by get_error()
[6.744s]       |                [01;35m[K^~~~~[m[K
[6.744s] [01m[K/home/dalv204/sandbox/f1tenth_ws/src/wall_following/wall_follow/src/wall_follow_node.cpp:94:16:[m[K [01;35m[Kwarning: [m[Kunused variable ‘[01m[Kvelocity[m[K’ [[01;35m[K-Wunused-variable[m[K]
[6.744s]    94 |         double [01;35m[Kvelocity[m[K = 0.0; // TODO: calculate desired car velocity based on error
[6.744s]       |                [01;35m[K^~~~~~~~[m[K
[6.744s] [01m[K/home/dalv204/sandbox/f1tenth_ws/src/wall_following/wall_follow/src/wall_follow_node.cpp:82:74:[m[K [01;35m[Kwarning: [m[Kunused parameter ‘[01m[Kscan_msg[m[K’ [[01;35m[K-Wunused-parameter[m[K]
[6.744s]    82 | void scan_callback([01;35m[Kconst sensor_msgs::msg::LaserScan::ConstSharedPtr scan_msg[m[K)
[6.744s]       |                    [01;35m[K~~~~~~~~~~~~~~~~~~~~~~~~~~~~~~~~~~~~~~~~~~~~~~~~~~^~~~~~~~[m[K
[6.744s] 
[7.942s] [100%] [32m[1mLinking CXX executable wall_follow_node[0m
[8.176s] [100%] Built target wall_follow_node
[8.204s] Invoked command in '/home/dalv204/sandbox/f1tenth_ws/build/wall_follow' returned '0': CMAKE_PREFIX_PATH=${CMAKE_PREFIX_PATH}:/home/dalv204/sandbox/f1tenth_ws/install/f1tenth_stack:/home/dalv204/sandbox/f1tenth_ws/install/joy_teleop:/home/dalv204/sandbox/f1tenth_ws/install/particle_filter:/home/dalv204/sandbox/f1tenth_ws/install/mouse_teleop:/home/dalv204/sandbox/f1tenth_ws/install/key_teleop /usr/bin/cmake --build /home/dalv204/sandbox/f1tenth_ws/build/wall_follow -- -j6 -l6
[8.261s] Invoking command in '/home/dalv204/sandbox/f1tenth_ws/build/wall_follow': CMAKE_PREFIX_PATH=${CMAKE_PREFIX_PATH}:/home/dalv204/sandbox/f1tenth_ws/install/f1tenth_stack:/home/dalv204/sandbox/f1tenth_ws/install/joy_teleop:/home/dalv204/sandbox/f1tenth_ws/install/particle_filter:/home/dalv204/sandbox/f1tenth_ws/install/mouse_teleop:/home/dalv204/sandbox/f1tenth_ws/install/key_teleop /usr/bin/cmake --install /home/dalv204/sandbox/f1tenth_ws/build/wall_follow
[8.282s] -- Install configuration: ""
[8.282s] -- Installing: /home/dalv204/sandbox/f1tenth_ws/install/wall_follow/lib/wall_follow/wall_follow_node
[8.283s] -- Set runtime path of "/home/dalv204/sandbox/f1tenth_ws/install/wall_follow/lib/wall_follow/wall_follow_node" to ""
[8.283s] -- Installing: /home/dalv204/sandbox/f1tenth_ws/install/wall_follow/share/wall_follow/environment/pythonpath.sh
[8.283s] -- Installing: /home/dalv204/sandbox/f1tenth_ws/install/wall_follow/share/wall_follow/environment/pythonpath.dsv
[8.283s] -- Installing: /home/dalv204/sandbox/f1tenth_ws/install/wall_follow/lib/python3.8/site-packages/wall_follow
[8.284s] -- Installing: /home/dalv204/sandbox/f1tenth_ws/install/wall_follow/lib/python3.8/site-packages/wall_follow/__init__.py
[8.349s] Listing '/home/dalv204/sandbox/f1tenth_ws/install/wall_follow/lib/python3.8/site-packages/wall_follow'...
[8.350s] Compiling '/home/dalv204/sandbox/f1tenth_ws/install/wall_follow/lib/python3.8/site-packages/wall_follow/__init__.py'...
[8.360s] -- Installing: /home/dalv204/sandbox/f1tenth_ws/install/wall_follow/lib/wall_follow/wall_follow_node.py
[8.361s] -- Installing: /home/dalv204/sandbox/f1tenth_ws/install/wall_follow/share/ament_index/resource_index/package_run_dependencies/wall_follow
[8.361s] -- Installing: /home/dalv204/sandbox/f1tenth_ws/install/wall_follow/share/ament_index/resource_index/parent_prefix_path/wall_follow
[8.362s] -- Installing: /home/dalv204/sandbox/f1tenth_ws/install/wall_follow/share/wall_follow/environment/ament_prefix_path.sh
[8.362s] -- Installing: /home/dalv204/sandbox/f1tenth_ws/install/wall_follow/share/wall_follow/environment/ament_prefix_path.dsv
[8.362s] -- Installing: /home/dalv204/sandbox/f1tenth_ws/install/wall_follow/share/wall_follow/environment/path.sh
[8.362s] -- Installing: /home/dalv204/sandbox/f1tenth_ws/install/wall_follow/share/wall_follow/environment/path.dsv
[8.363s] -- Installing: /home/dalv204/sandbox/f1tenth_ws/install/wall_follow/share/wall_follow/local_setup.bash
[8.363s] -- Installing: /home/dalv204/sandbox/f1tenth_ws/install/wall_follow/share/wall_follow/local_setup.sh
[8.363s] -- Installing: /home/dalv204/sandbox/f1tenth_ws/install/wall_follow/share/wall_follow/local_setup.zsh
[8.364s] -- Installing: /home/dalv204/sandbox/f1tenth_ws/install/wall_follow/share/wall_follow/local_setup.dsv
[8.364s] -- Installing: /home/dalv204/sandbox/f1tenth_ws/install/wall_follow/share/wall_follow/package.dsv
[8.364s] -- Installing: /home/dalv204/sandbox/f1tenth_ws/install/wall_follow/share/ament_index/resource_index/packages/wall_follow
[8.365s] -- Installing: /home/dalv204/sandbox/f1tenth_ws/install/wall_follow/share/wall_follow/cmake/wall_followConfig.cmake
[8.365s] -- Installing: /home/dalv204/sandbox/f1tenth_ws/install/wall_follow/share/wall_follow/cmake/wall_followConfig-version.cmake
[8.365s] -- Installing: /home/dalv204/sandbox/f1tenth_ws/install/wall_follow/share/wall_follow/package.xml
[8.373s] Invoked command in '/home/dalv204/sandbox/f1tenth_ws/build/wall_follow' returned '0': CMAKE_PREFIX_PATH=${CMAKE_PREFIX_PATH}:/home/dalv204/sandbox/f1tenth_ws/install/f1tenth_stack:/home/dalv204/sandbox/f1tenth_ws/install/joy_teleop:/home/dalv204/sandbox/f1tenth_ws/install/particle_filter:/home/dalv204/sandbox/f1tenth_ws/install/mouse_teleop:/home/dalv204/sandbox/f1tenth_ws/install/key_teleop /usr/bin/cmake --install /home/dalv204/sandbox/f1tenth_ws/build/wall_follow
