[0.627s] Invoking command in '/home/dalv204/sandbox/f1tenth_ws/build/gap_follow': CMAKE_PREFIX_PATH=${CMAKE_PREFIX_PATH}:/home/dalv204/sandbox/f1tenth_ws/install/f1tenth_stack:/home/dalv204/sandbox/f1tenth_ws/install/joy_teleop:/home/dalv204/sandbox/f1tenth_ws/install/particle_filter:/home/dalv204/sandbox/f1tenth_ws/install/mouse_teleop:/home/dalv204/sandbox/f1tenth_ws/install/key_teleop /usr/bin/cmake /home/dalv204/sandbox/f1tenth_ws/src/obstacle_dodge/gap_follow -DCMAKE_INSTALL_PREFIX=/home/dalv204/sandbox/f1tenth_ws/install/gap_follow
[1.140s] -- The C compiler identification is GNU 9.4.0
[1.143s] -- The CXX compiler identification is GNU 9.4.0
[1.143s] -- Check for working C compiler: /usr/bin/cc
[1.144s] -- Check for working C compiler: /usr/bin/cc -- works
[1.144s] -- Detecting C compiler ABI info
[1.229s] -- Detecting C compiler ABI info - done
[1.260s] -- Detecting C compile features
[1.261s] -- Detecting C compile features - done
[1.284s] -- Check for working CXX compiler: /usr/bin/c++
[1.471s] -- Check for working CXX compiler: /usr/bin/c++ -- works
[1.472s] -- Detecting CXX compiler ABI info
[1.637s] -- Detecting CXX compiler ABI info - done
[1.658s] -- Detecting CXX compile features
[1.658s] -- Detecting CXX compile features - done
[1.664s] -- Found ament_cmake: 0.9.12 (/opt/ros/foxy/share/ament_cmake/cmake)
[1.721s] -- Found PythonInterp: /usr/bin/python3 (found suitable version "3.8.10", minimum required is "3") 
[1.722s] -- Using PYTHON_EXECUTABLE: /usr/bin/python3
[2.213s] -- Found rclcpp: 2.4.3 (/opt/ros/foxy/share/rclcpp/cmake)
[2.326s] -- Using all available rosidl_typesupport_c: rosidl_typesupport_fastrtps_c;rosidl_typesupport_introspection_c
[2.343s] -- Found rosidl_adapter: 1.3.1 (/opt/ros/foxy/share/rosidl_adapter/cmake)
[2.525s] -- Found OpenSSL: /usr/lib/aarch64-linux-gnu/libcrypto.so (found version "1.1.1f")  
[2.587s] -- Found FastRTPS: /opt/ros/foxy/include  
[2.783s] -- Using all available rosidl_typesupport_cpp: rosidl_typesupport_fastrtps_cpp;rosidl_typesupport_introspection_cpp
[2.932s] -- Found rmw_implementation_cmake: 1.0.4 (/opt/ros/foxy/share/rmw_implementation_cmake/cmake)
[2.938s] -- Using RMW implementation 'rmw_fastrtps_cpp' as default
[2.942s] -- Looking for pthread.h
[3.155s] -- Looking for pthread.h - found
[3.155s] -- Performing Test CMAKE_HAVE_LIBC_PTHREAD
[3.349s] -- Performing Test CMAKE_HAVE_LIBC_PTHREAD - Failed
[3.349s] -- Looking for pthread_create in pthreads
[3.482s] -- Looking for pthread_create in pthreads - not found
[3.482s] -- Looking for pthread_create in pthread
[3.631s] -- Looking for pthread_create in pthread - found
[3.638s] -- Found Threads: TRUE  
[3.947s] -- Found rclpy: 1.0.13 (/opt/ros/foxy/share/rclpy/cmake)
[3.950s] -- Found geometry_msgs: 2.0.5 (/opt/ros/foxy/share/geometry_msgs/cmake)
[4.016s] -- Found nav_msgs: 2.0.5 (/opt/ros/foxy/share/nav_msgs/cmake)
[4.149s] -- Found ackermann_msgs: 2.0.2 (/opt/ros/foxy/share/ackermann_msgs/cmake)
[4.214s] -- Found sensor_msgs: 2.0.5 (/opt/ros/foxy/share/sensor_msgs/cmake)
[4.418s] -- Found ament_lint_auto: 0.9.8 (/opt/ros/foxy/share/ament_lint_auto/cmake)
[4.602s] -- Added test 'copyright' to check source files copyright and LICENSE
[4.605s] -- Added test 'cppcheck' to perform static code analysis on C / C++ code
[4.605s] -- Configured cppcheck include dirs: /home/dalv204/sandbox/f1tenth_ws/src/obstacle_dodge/gap_follow/include
[4.605s] -- Configured cppcheck exclude dirs and/or files: 
[4.607s] -- Added test 'cpplint' to check C / C++ code against the Google style
[4.607s] -- Configured cpplint exclude dirs and/or files: 
[4.608s] -- Added test 'flake8' to check Python code syntax and style conventions
[4.610s] -- Added test 'lint_cmake' to check CMake code style
[4.611s] -- Added test 'pep257' to check Python code against some of the style conventions in PEP 257
[4.613s] -- Added test 'uncrustify' to check C / C++ code style
[4.613s] -- Configured uncrustify additional arguments: 
[4.615s] -- Added test 'xmllint' to check XML markup files
[4.623s] -- Configuring done
[4.642s] -- Generating done
[4.645s] -- Build files have been written to: /home/dalv204/sandbox/f1tenth_ws/build/gap_follow
[4.922s] Invoked command in '/home/dalv204/sandbox/f1tenth_ws/build/gap_follow' returned '0': CMAKE_PREFIX_PATH=${CMAKE_PREFIX_PATH}:/home/dalv204/sandbox/f1tenth_ws/install/f1tenth_stack:/home/dalv204/sandbox/f1tenth_ws/install/joy_teleop:/home/dalv204/sandbox/f1tenth_ws/install/particle_filter:/home/dalv204/sandbox/f1tenth_ws/install/mouse_teleop:/home/dalv204/sandbox/f1tenth_ws/install/key_teleop /usr/bin/cmake /home/dalv204/sandbox/f1tenth_ws/src/obstacle_dodge/gap_follow -DCMAKE_INSTALL_PREFIX=/home/dalv204/sandbox/f1tenth_ws/install/gap_follow
[4.928s] Invoking command in '/home/dalv204/sandbox/f1tenth_ws/build/gap_follow': CMAKE_PREFIX_PATH=${CMAKE_PREFIX_PATH}:/home/dalv204/sandbox/f1tenth_ws/install/f1tenth_stack:/home/dalv204/sandbox/f1tenth_ws/install/joy_teleop:/home/dalv204/sandbox/f1tenth_ws/install/particle_filter:/home/dalv204/sandbox/f1tenth_ws/install/mouse_teleop:/home/dalv204/sandbox/f1tenth_ws/install/key_teleop /usr/bin/cmake --build /home/dalv204/sandbox/f1tenth_ws/build/gap_follow -- -j6 -l6
[5.019s] [35m[1mScanning dependencies of target reactive_node[0m
[5.136s] [ 50%] [32mBuilding CXX object CMakeFiles/reactive_node.dir/src/reactive_node.cpp.o[0m
[7.942s] [01m[K/home/dalv204/sandbox/f1tenth_ws/src/obstacle_dodge/gap_follow/src/reactive_node.cpp:[m[K In member function ‘[01m[Kvoid ReactiveFollowGap::preprocess_lidar(float*)[m[K’:
[7.943s] [01m[K/home/dalv204/sandbox/f1tenth_ws/src/obstacle_dodge/gap_follow/src/reactive_node.cpp:24:34:[m[K [01;35m[Kwarning: [m[Kunused parameter ‘[01m[Kranges[m[K’ [[01;35m[K-Wunused-parameter[m[K]
[7.943s]    24 |     void preprocess_lidar([01;35m[Kfloat* ranges[m[K)
[7.943s]       |                           [01;35m[K~~~~~~~^~~~~~[m[K
[7.943s] [01m[K/home/dalv204/sandbox/f1tenth_ws/src/obstacle_dodge/gap_follow/src/reactive_node.cpp:[m[K In member function ‘[01m[Kvoid ReactiveFollowGap::find_max_gap(float*, int*)[m[K’:
[7.944s] [01m[K/home/dalv204/sandbox/f1tenth_ws/src/obstacle_dodge/gap_follow/src/reactive_node.cpp:32:30:[m[K [01;35m[Kwarning: [m[Kunused parameter ‘[01m[Kranges[m[K’ [[01;35m[K-Wunused-parameter[m[K]
[7.944s]    32 |     void find_max_gap([01;35m[Kfloat* ranges[m[K, int* indice)
[7.944s]       |                       [01;35m[K~~~~~~~^~~~~~[m[K
[7.944s] [01m[K/home/dalv204/sandbox/f1tenth_ws/src/obstacle_dodge/gap_follow/src/reactive_node.cpp:32:43:[m[K [01;35m[Kwarning: [m[Kunused parameter ‘[01m[Kindice[m[K’ [[01;35m[K-Wunused-parameter[m[K]
[7.945s]    32 |     void find_max_gap(float* ranges, [01;35m[Kint* indice[m[K)
[7.945s]       |                                      [01;35m[K~~~~~^~~~~~[m[K
[7.945s] [01m[K/home/dalv204/sandbox/f1tenth_ws/src/obstacle_dodge/gap_follow/src/reactive_node.cpp:[m[K In member function ‘[01m[Kvoid ReactiveFollowGap::find_best_point(float*, int*)[m[K’:
[7.945s] [01m[K/home/dalv204/sandbox/f1tenth_ws/src/obstacle_dodge/gap_follow/src/reactive_node.cpp:38:33:[m[K [01;35m[Kwarning: [m[Kunused parameter ‘[01m[Kranges[m[K’ [[01;35m[K-Wunused-parameter[m[K]
[7.946s]    38 |     void find_best_point([01;35m[Kfloat* ranges[m[K, int* indice)
[7.946s]       |                          [01;35m[K~~~~~~~^~~~~~[m[K
[7.946s] [01m[K/home/dalv204/sandbox/f1tenth_ws/src/obstacle_dodge/gap_follow/src/reactive_node.cpp:38:46:[m[K [01;35m[Kwarning: [m[Kunused parameter ‘[01m[Kindice[m[K’ [[01;35m[K-Wunused-parameter[m[K]
[7.946s]    38 |     void find_best_point(float* ranges, [01;35m[Kint* indice[m[K)
[7.947s]       |                                         [01;35m[K~~~~~^~~~~~[m[K
[7.947s] [01m[K/home/dalv204/sandbox/f1tenth_ws/src/obstacle_dodge/gap_follow/src/reactive_node.cpp:[m[K In member function ‘[01m[Kvoid ReactiveFollowGap::lidar_callback(sensor_msgs::msg::LaserScan_<std::allocator<void> >::ConstSharedPtr)[m[K’:
[7.948s] [01m[K/home/dalv204/sandbox/f1tenth_ws/src/obstacle_dodge/gap_follow/src/reactive_node.cpp:47:75:[m[K [01;35m[Kwarning: [m[Kunused parameter ‘[01m[Kscan_msg[m[K’ [[01;35m[K-Wunused-parameter[m[K]
[7.948s]    47 | oid lidar_callback([01;35m[Kconst sensor_msgs::msg::LaserScan::ConstSharedPtr scan_msg[m[K)
[7.948s]       |                    [01;35m[K~~~~~~~~~~~~~~~~~~~~~~~~~~~~~~~~~~~~~~~~~~~~~~~~~~^~~~~~~~[m[K
[7.948s] 
[9.020s] [100%] [32m[1mLinking CXX executable reactive_node[0m
[9.267s] [100%] Built target reactive_node
[9.292s] Invoked command in '/home/dalv204/sandbox/f1tenth_ws/build/gap_follow' returned '0': CMAKE_PREFIX_PATH=${CMAKE_PREFIX_PATH}:/home/dalv204/sandbox/f1tenth_ws/install/f1tenth_stack:/home/dalv204/sandbox/f1tenth_ws/install/joy_teleop:/home/dalv204/sandbox/f1tenth_ws/install/particle_filter:/home/dalv204/sandbox/f1tenth_ws/install/mouse_teleop:/home/dalv204/sandbox/f1tenth_ws/install/key_teleop /usr/bin/cmake --build /home/dalv204/sandbox/f1tenth_ws/build/gap_follow -- -j6 -l6
[9.348s] Invoking command in '/home/dalv204/sandbox/f1tenth_ws/build/gap_follow': CMAKE_PREFIX_PATH=${CMAKE_PREFIX_PATH}:/home/dalv204/sandbox/f1tenth_ws/install/f1tenth_stack:/home/dalv204/sandbox/f1tenth_ws/install/joy_teleop:/home/dalv204/sandbox/f1tenth_ws/install/particle_filter:/home/dalv204/sandbox/f1tenth_ws/install/mouse_teleop:/home/dalv204/sandbox/f1tenth_ws/install/key_teleop /usr/bin/cmake --install /home/dalv204/sandbox/f1tenth_ws/build/gap_follow
[9.367s] -- Install configuration: ""
[9.368s] -- Installing: /home/dalv204/sandbox/f1tenth_ws/install/gap_follow/lib/gap_follow/reactive_node
[9.368s] -- Set runtime path of "/home/dalv204/sandbox/f1tenth_ws/install/gap_follow/lib/gap_follow/reactive_node" to ""
[9.369s] -- Installing: /home/dalv204/sandbox/f1tenth_ws/install/gap_follow/share/gap_follow/environment/pythonpath.sh
[9.369s] -- Installing: /home/dalv204/sandbox/f1tenth_ws/install/gap_follow/share/gap_follow/environment/pythonpath.dsv
[9.369s] -- Installing: /home/dalv204/sandbox/f1tenth_ws/install/gap_follow/lib/python3.8/site-packages/gap_follow
[9.369s] -- Installing: /home/dalv204/sandbox/f1tenth_ws/install/gap_follow/lib/python3.8/site-packages/gap_follow/__init__.py
[9.433s] Listing '/home/dalv204/sandbox/f1tenth_ws/install/gap_follow/lib/python3.8/site-packages/gap_follow'...
[9.433s] Compiling '/home/dalv204/sandbox/f1tenth_ws/install/gap_follow/lib/python3.8/site-packages/gap_follow/__init__.py'...
[9.443s] -- Installing: /home/dalv204/sandbox/f1tenth_ws/install/gap_follow/lib/gap_follow/reactive_node.py
[9.443s] -- Installing: /home/dalv204/sandbox/f1tenth_ws/install/gap_follow/share/ament_index/resource_index/package_run_dependencies/gap_follow
[9.444s] -- Installing: /home/dalv204/sandbox/f1tenth_ws/install/gap_follow/share/ament_index/resource_index/parent_prefix_path/gap_follow
[9.444s] -- Installing: /home/dalv204/sandbox/f1tenth_ws/install/gap_follow/share/gap_follow/environment/ament_prefix_path.sh
[9.444s] -- Installing: /home/dalv204/sandbox/f1tenth_ws/install/gap_follow/share/gap_follow/environment/ament_prefix_path.dsv
[9.445s] -- Installing: /home/dalv204/sandbox/f1tenth_ws/install/gap_follow/share/gap_follow/environment/path.sh
[9.445s] -- Installing: /home/dalv204/sandbox/f1tenth_ws/install/gap_follow/share/gap_follow/environment/path.dsv
[9.445s] -- Installing: /home/dalv204/sandbox/f1tenth_ws/install/gap_follow/share/gap_follow/local_setup.bash
[9.445s] -- Installing: /home/dalv204/sandbox/f1tenth_ws/install/gap_follow/share/gap_follow/local_setup.sh
[9.446s] -- Installing: /home/dalv204/sandbox/f1tenth_ws/install/gap_follow/share/gap_follow/local_setup.zsh
[9.446s] -- Installing: /home/dalv204/sandbox/f1tenth_ws/install/gap_follow/share/gap_follow/local_setup.dsv
[9.446s] -- Installing: /home/dalv204/sandbox/f1tenth_ws/install/gap_follow/share/gap_follow/package.dsv
[9.447s] -- Installing: /home/dalv204/sandbox/f1tenth_ws/install/gap_follow/share/ament_index/resource_index/packages/gap_follow
[9.447s] -- Installing: /home/dalv204/sandbox/f1tenth_ws/install/gap_follow/share/gap_follow/cmake/gap_followConfig.cmake
[9.447s] -- Installing: /home/dalv204/sandbox/f1tenth_ws/install/gap_follow/share/gap_follow/cmake/gap_followConfig-version.cmake
[9.447s] -- Installing: /home/dalv204/sandbox/f1tenth_ws/install/gap_follow/share/gap_follow/package.xml
[9.455s] Invoked command in '/home/dalv204/sandbox/f1tenth_ws/build/gap_follow' returned '0': CMAKE_PREFIX_PATH=${CMAKE_PREFIX_PATH}:/home/dalv204/sandbox/f1tenth_ws/install/f1tenth_stack:/home/dalv204/sandbox/f1tenth_ws/install/joy_teleop:/home/dalv204/sandbox/f1tenth_ws/install/particle_filter:/home/dalv204/sandbox/f1tenth_ws/install/mouse_teleop:/home/dalv204/sandbox/f1tenth_ws/install/key_teleop /usr/bin/cmake --install /home/dalv204/sandbox/f1tenth_ws/build/gap_follow
