[0.582s] Invoking command in '/home/dalv204/sandbox/f1tenth_ws/build/vesc_driver': CMAKE_PREFIX_PATH=/home/dalv204/sandbox/f1tenth_ws/install/vesc_msgs:/home/dalv204/sandbox/f1tenth_ws/install/wall_follow:/home/dalv204/sandbox/f1tenth_ws/install/vesc:/home/dalv204/sandbox/f1tenth_ws/install/vesc_driver:/home/dalv204/sandbox/f1tenth_ws/install/vesc_ackermann:/home/dalv204/sandbox/f1tenth_ws/install/teleop_tools:/home/dalv204/sandbox/f1tenth_ws/install/teleop_tools_msgs:/home/dalv204/sandbox/f1tenth_ws/install/pure_pursuit:/home/dalv204/sandbox/f1tenth_ws/install/lab2_pkg:/home/dalv204/sandbox/f1tenth_ws/install/gap_follow:/home/dalv204/sandbox/f1tenth_ws/install/ackermann_mux:/opt/ros/foxy:/home/dalv204/sandbox/f1tenth_ws/install/f1tenth_stack:/home/dalv204/sandbox/f1tenth_ws/install/joy_teleop:/home/dalv204/sandbox/f1tenth_ws/install/particle_filter:/home/dalv204/sandbox/f1tenth_ws/install/mouse_teleop:/home/dalv204/sandbox/f1tenth_ws/install/key_teleop LD_LIBRARY_PATH=/home/dalv204/sandbox/f1tenth_ws/install/vesc_msgs/lib:/home/dalv204/sandbox/f1tenth_ws/install/vesc_driver/lib:/home/dalv204/sandbox/f1tenth_ws/install/vesc_ackermann/lib:/home/dalv204/sandbox/f1tenth_ws/install/teleop_tools_msgs/lib:/opt/ros/foxy/opt/yaml_cpp_vendor/lib:/opt/ros/foxy/opt/rviz_ogre_vendor/lib:/opt/ros/foxy/lib/aarch64-linux-gnu:/opt/ros/foxy/lib PYTHONPATH=/home/dalv204/sandbox/f1tenth_ws/install/vesc_msgs/lib/python3.8/site-packages:/home/dalv204/sandbox/f1tenth_ws/install/wall_follow/lib/python3.8/site-packages:/home/dalv204/sandbox/f1tenth_ws/install/f1tenth_stack/lib/python3.8/site-packages:/home/dalv204/sandbox/f1tenth_ws/install/joy_teleop/lib/python3.8/site-packages:/home/dalv204/sandbox/f1tenth_ws/install/teleop_tools_msgs/lib/python3.8/site-packages:/home/dalv204/sandbox/f1tenth_ws/install/pure_pursuit/lib/python3.8/site-packages:/home/dalv204/sandbox/f1tenth_ws/install/particle_filter/lib/python3.8/site-packages:/home/dalv204/sandbox/f1tenth_ws/install/mouse_teleop/lib/python3.8/site-packages:/home/dalv204/sandbox/f1tenth_ws/install/key_teleop/lib/python3.8/site-packages:/home/dalv204/sandbox/f1tenth_ws/install/gap_follow/lib/python3.8/site-packages:/opt/ros/foxy/lib/python3.8/site-packages /usr/bin/cmake --build /home/dalv204/sandbox/f1tenth_ws/build/vesc_driver -- -j6 -l6
[0.607s] make: Warning: File 'Makefile' has modification time 1718621155 s in the future
[0.714s] make[1]: Warning: File 'CMakeFiles/Makefile2' has modification time 1718621155 s in the future
[0.723s] make[2]: Warning: File 'CMakeFiles/vesc_driver.dir/flags.make' has modification time 1718621155 s in the future
[0.730s] make[2]: Warning: File 'CMakeFiles/vesc_driver_node.dir/flags.make' has modification time 1718621155 s in the future
[0.763s] make[2]: warning:  Clock skew detected.  Your build may be incomplete.
[0.778s] make[2]: Warning: File 'CMakeFiles/vesc_driver.dir/flags.make' has modification time 1718621155 s in the future
[0.780s] make[2]: warning:  Clock skew detected.  Your build may be incomplete.
[0.785s] make[2]: Warning: File 'CMakeFiles/vesc_driver_node.dir/flags.make' has modification time 1718621155 s in the future
[0.821s] make[2]: warning:  Clock skew detected.  Your build may be incomplete.
[0.850s] [ 20%] Built target vesc_driver_node
[0.859s] make[2]: warning:  Clock skew detected.  Your build may be incomplete.
[0.893s] [ 70%] Built target vesc_driver
[0.904s] make[2]: Warning: File 'CMakeFiles/vesc_device_namer.dir/flags.make' has modification time 1718621155 s in the future
[0.945s] make[2]: warning:  Clock skew detected.  Your build may be incomplete.
[0.954s] make[2]: Warning: File 'CMakeFiles/vesc_device_namer.dir/flags.make' has modification time 1718621155 s in the future
[0.964s] make[2]: warning:  Clock skew detected.  Your build may be incomplete.
[1.007s] [100%] Built target vesc_device_namer
[1.009s] make[1]: warning:  Clock skew detected.  Your build may be incomplete.
[1.038s] make: warning:  Clock skew detected.  Your build may be incomplete.
[1.072s] Invoked command in '/home/dalv204/sandbox/f1tenth_ws/build/vesc_driver' returned '0': CMAKE_PREFIX_PATH=/home/dalv204/sandbox/f1tenth_ws/install/vesc_msgs:/home/dalv204/sandbox/f1tenth_ws/install/wall_follow:/home/dalv204/sandbox/f1tenth_ws/install/vesc:/home/dalv204/sandbox/f1tenth_ws/install/vesc_driver:/home/dalv204/sandbox/f1tenth_ws/install/vesc_ackermann:/home/dalv204/sandbox/f1tenth_ws/install/teleop_tools:/home/dalv204/sandbox/f1tenth_ws/install/teleop_tools_msgs:/home/dalv204/sandbox/f1tenth_ws/install/pure_pursuit:/home/dalv204/sandbox/f1tenth_ws/install/lab2_pkg:/home/dalv204/sandbox/f1tenth_ws/install/gap_follow:/home/dalv204/sandbox/f1tenth_ws/install/ackermann_mux:/opt/ros/foxy:/home/dalv204/sandbox/f1tenth_ws/install/f1tenth_stack:/home/dalv204/sandbox/f1tenth_ws/install/joy_teleop:/home/dalv204/sandbox/f1tenth_ws/install/particle_filter:/home/dalv204/sandbox/f1tenth_ws/install/mouse_teleop:/home/dalv204/sandbox/f1tenth_ws/install/key_teleop LD_LIBRARY_PATH=/home/dalv204/sandbox/f1tenth_ws/install/vesc_msgs/lib:/home/dalv204/sandbox/f1tenth_ws/install/vesc_driver/lib:/home/dalv204/sandbox/f1tenth_ws/install/vesc_ackermann/lib:/home/dalv204/sandbox/f1tenth_ws/install/teleop_tools_msgs/lib:/opt/ros/foxy/opt/yaml_cpp_vendor/lib:/opt/ros/foxy/opt/rviz_ogre_vendor/lib:/opt/ros/foxy/lib/aarch64-linux-gnu:/opt/ros/foxy/lib PYTHONPATH=/home/dalv204/sandbox/f1tenth_ws/install/vesc_msgs/lib/python3.8/site-packages:/home/dalv204/sandbox/f1tenth_ws/install/wall_follow/lib/python3.8/site-packages:/home/dalv204/sandbox/f1tenth_ws/install/f1tenth_stack/lib/python3.8/site-packages:/home/dalv204/sandbox/f1tenth_ws/install/joy_teleop/lib/python3.8/site-packages:/home/dalv204/sandbox/f1tenth_ws/install/teleop_tools_msgs/lib/python3.8/site-packages:/home/dalv204/sandbox/f1tenth_ws/install/pure_pursuit/lib/python3.8/site-packages:/home/dalv204/sandbox/f1tenth_ws/install/particle_filter/lib/python3.8/site-packages:/home/dalv204/sandbox/f1tenth_ws/install/mouse_teleop/lib/python3.8/site-packages:/home/dalv204/sandbox/f1tenth_ws/install/key_teleop/lib/python3.8/site-packages:/home/dalv204/sandbox/f1tenth_ws/install/gap_follow/lib/python3.8/site-packages:/opt/ros/foxy/lib/python3.8/site-packages /usr/bin/cmake --build /home/dalv204/sandbox/f1tenth_ws/build/vesc_driver -- -j6 -l6
[1.265s] Invoking command in '/home/dalv204/sandbox/f1tenth_ws/build/vesc_driver': CMAKE_PREFIX_PATH=/home/dalv204/sandbox/f1tenth_ws/install/vesc_msgs:/home/dalv204/sandbox/f1tenth_ws/install/wall_follow:/home/dalv204/sandbox/f1tenth_ws/install/vesc:/home/dalv204/sandbox/f1tenth_ws/install/vesc_driver:/home/dalv204/sandbox/f1tenth_ws/install/vesc_ackermann:/home/dalv204/sandbox/f1tenth_ws/install/teleop_tools:/home/dalv204/sandbox/f1tenth_ws/install/teleop_tools_msgs:/home/dalv204/sandbox/f1tenth_ws/install/pure_pursuit:/home/dalv204/sandbox/f1tenth_ws/install/lab2_pkg:/home/dalv204/sandbox/f1tenth_ws/install/gap_follow:/home/dalv204/sandbox/f1tenth_ws/install/ackermann_mux:/opt/ros/foxy:/home/dalv204/sandbox/f1tenth_ws/install/f1tenth_stack:/home/dalv204/sandbox/f1tenth_ws/install/joy_teleop:/home/dalv204/sandbox/f1tenth_ws/install/particle_filter:/home/dalv204/sandbox/f1tenth_ws/install/mouse_teleop:/home/dalv204/sandbox/f1tenth_ws/install/key_teleop LD_LIBRARY_PATH=/home/dalv204/sandbox/f1tenth_ws/install/vesc_msgs/lib:/home/dalv204/sandbox/f1tenth_ws/install/vesc_driver/lib:/home/dalv204/sandbox/f1tenth_ws/install/vesc_ackermann/lib:/home/dalv204/sandbox/f1tenth_ws/install/teleop_tools_msgs/lib:/opt/ros/foxy/opt/yaml_cpp_vendor/lib:/opt/ros/foxy/opt/rviz_ogre_vendor/lib:/opt/ros/foxy/lib/aarch64-linux-gnu:/opt/ros/foxy/lib PYTHONPATH=/home/dalv204/sandbox/f1tenth_ws/install/vesc_msgs/lib/python3.8/site-packages:/home/dalv204/sandbox/f1tenth_ws/install/wall_follow/lib/python3.8/site-packages:/home/dalv204/sandbox/f1tenth_ws/install/f1tenth_stack/lib/python3.8/site-packages:/home/dalv204/sandbox/f1tenth_ws/install/joy_teleop/lib/python3.8/site-packages:/home/dalv204/sandbox/f1tenth_ws/install/teleop_tools_msgs/lib/python3.8/site-packages:/home/dalv204/sandbox/f1tenth_ws/install/pure_pursuit/lib/python3.8/site-packages:/home/dalv204/sandbox/f1tenth_ws/install/particle_filter/lib/python3.8/site-packages:/home/dalv204/sandbox/f1tenth_ws/install/mouse_teleop/lib/python3.8/site-packages:/home/dalv204/sandbox/f1tenth_ws/install/key_teleop/lib/python3.8/site-packages:/home/dalv204/sandbox/f1tenth_ws/install/gap_follow/lib/python3.8/site-packages:/opt/ros/foxy/lib/python3.8/site-packages /usr/bin/cmake --install /home/dalv204/sandbox/f1tenth_ws/build/vesc_driver
[1.295s] -- Install configuration: ""
[1.295s] -- Up-to-date: /home/dalv204/sandbox/f1tenth_ws/install/vesc_driver/lib/vesc_driver/vesc_driver_node
[1.296s] -- Up-to-date: /home/dalv204/sandbox/f1tenth_ws/install/vesc_driver/include
[1.296s] -- Up-to-date: /home/dalv204/sandbox/f1tenth_ws/install/vesc_driver/include/vesc_driver
[1.296s] -- Up-to-date: /home/dalv204/sandbox/f1tenth_ws/install/vesc_driver/include/vesc_driver/vesc_interface.hpp
[1.297s] -- Up-to-date: /home/dalv204/sandbox/f1tenth_ws/install/vesc_driver/include/vesc_driver/vesc_driver.hpp
[1.297s] -- Up-to-date: /home/dalv204/sandbox/f1tenth_ws/install/vesc_driver/include/vesc_driver/vesc_packet_factory.hpp
[1.297s] -- Up-to-date: /home/dalv204/sandbox/f1tenth_ws/install/vesc_driver/include/vesc_driver/vesc_packet.hpp
[1.297s] -- Up-to-date: /home/dalv204/sandbox/f1tenth_ws/install/vesc_driver/include/vesc_driver/crc.hpp
[1.297s] -- Up-to-date: /home/dalv204/sandbox/f1tenth_ws/install/vesc_driver/include/vesc_driver/vesc_device_uuid_lookup.hpp
[1.297s] -- Up-to-date: /home/dalv204/sandbox/f1tenth_ws/install/vesc_driver/include/vesc_driver/datatypes.hpp
[1.297s] -- Up-to-date: /home/dalv204/sandbox/f1tenth_ws/install/vesc_driver/share/vesc_driver/environment/library_path.sh
[1.298s] -- Up-to-date: /home/dalv204/sandbox/f1tenth_ws/install/vesc_driver/share/vesc_driver/environment/library_path.dsv
[1.298s] -- Up-to-date: /home/dalv204/sandbox/f1tenth_ws/install/vesc_driver/lib/libvesc_driver.so
[1.299s] -- Up-to-date: /home/dalv204/sandbox/f1tenth_ws/install/vesc_driver/lib/vesc_driver/vesc_device_namer
[1.299s] -- Up-to-date: /home/dalv204/sandbox/f1tenth_ws/install/vesc_driver/share/vesc_driver/launch
[1.299s] -- Up-to-date: /home/dalv204/sandbox/f1tenth_ws/install/vesc_driver/share/vesc_driver/launch/vesc_driver_node.launch.py
[1.300s] -- Up-to-date: /home/dalv204/sandbox/f1tenth_ws/install/vesc_driver/share/vesc_driver/params
[1.300s] -- Up-to-date: /home/dalv204/sandbox/f1tenth_ws/install/vesc_driver/share/vesc_driver/params/vesc_config.yaml
[1.300s] -- Up-to-date: /home/dalv204/sandbox/f1tenth_ws/install/vesc_driver/share/ament_index/resource_index/package_run_dependencies/vesc_driver
[1.300s] -- Up-to-date: /home/dalv204/sandbox/f1tenth_ws/install/vesc_driver/share/ament_index/resource_index/parent_prefix_path/vesc_driver
[1.300s] -- Up-to-date: /home/dalv204/sandbox/f1tenth_ws/install/vesc_driver/share/vesc_driver/environment/ament_prefix_path.sh
[1.301s] -- Up-to-date: /home/dalv204/sandbox/f1tenth_ws/install/vesc_driver/share/vesc_driver/environment/ament_prefix_path.dsv
[1.301s] -- Up-to-date: /home/dalv204/sandbox/f1tenth_ws/install/vesc_driver/share/vesc_driver/environment/path.sh
[1.301s] -- Up-to-date: /home/dalv204/sandbox/f1tenth_ws/install/vesc_driver/share/vesc_driver/environment/path.dsv
[1.301s] -- Up-to-date: /home/dalv204/sandbox/f1tenth_ws/install/vesc_driver/share/vesc_driver/local_setup.bash
[1.301s] -- Up-to-date: /home/dalv204/sandbox/f1tenth_ws/install/vesc_driver/share/vesc_driver/local_setup.sh
[1.302s] -- Up-to-date: /home/dalv204/sandbox/f1tenth_ws/install/vesc_driver/share/vesc_driver/local_setup.zsh
[1.302s] -- Up-to-date: /home/dalv204/sandbox/f1tenth_ws/install/vesc_driver/share/vesc_driver/local_setup.dsv
[1.302s] -- Installing: /home/dalv204/sandbox/f1tenth_ws/install/vesc_driver/share/vesc_driver/package.dsv
[1.302s] -- Up-to-date: /home/dalv204/sandbox/f1tenth_ws/install/vesc_driver/share/ament_index/resource_index/packages/vesc_driver
[1.303s] -- Up-to-date: /home/dalv204/sandbox/f1tenth_ws/install/vesc_driver/share/ament_index/resource_index/rclcpp_components/vesc_driver
[1.303s] -- Up-to-date: /home/dalv204/sandbox/f1tenth_ws/install/vesc_driver/share/vesc_driver/cmake/ament_cmake_export_dependencies-extras.cmake
[1.303s] -- Up-to-date: /home/dalv204/sandbox/f1tenth_ws/install/vesc_driver/share/vesc_driver/cmake/ament_cmake_export_include_directories-extras.cmake
[1.303s] -- Up-to-date: /home/dalv204/sandbox/f1tenth_ws/install/vesc_driver/share/vesc_driver/cmake/ament_cmake_export_libraries-extras.cmake
[1.303s] -- Up-to-date: /home/dalv204/sandbox/f1tenth_ws/install/vesc_driver/share/vesc_driver/cmake/vesc_driverConfig.cmake
[1.303s] -- Up-to-date: /home/dalv204/sandbox/f1tenth_ws/install/vesc_driver/share/vesc_driver/cmake/vesc_driverConfig-version.cmake
[1.303s] -- Up-to-date: /home/dalv204/sandbox/f1tenth_ws/install/vesc_driver/share/vesc_driver/package.xml
[1.310s] Invoked command in '/home/dalv204/sandbox/f1tenth_ws/build/vesc_driver' returned '0': CMAKE_PREFIX_PATH=/home/dalv204/sandbox/f1tenth_ws/install/vesc_msgs:/home/dalv204/sandbox/f1tenth_ws/install/wall_follow:/home/dalv204/sandbox/f1tenth_ws/install/vesc:/home/dalv204/sandbox/f1tenth_ws/install/vesc_driver:/home/dalv204/sandbox/f1tenth_ws/install/vesc_ackermann:/home/dalv204/sandbox/f1tenth_ws/install/teleop_tools:/home/dalv204/sandbox/f1tenth_ws/install/teleop_tools_msgs:/home/dalv204/sandbox/f1tenth_ws/install/pure_pursuit:/home/dalv204/sandbox/f1tenth_ws/install/lab2_pkg:/home/dalv204/sandbox/f1tenth_ws/install/gap_follow:/home/dalv204/sandbox/f1tenth_ws/install/ackermann_mux:/opt/ros/foxy:/home/dalv204/sandbox/f1tenth_ws/install/f1tenth_stack:/home/dalv204/sandbox/f1tenth_ws/install/joy_teleop:/home/dalv204/sandbox/f1tenth_ws/install/particle_filter:/home/dalv204/sandbox/f1tenth_ws/install/mouse_teleop:/home/dalv204/sandbox/f1tenth_ws/install/key_teleop LD_LIBRARY_PATH=/home/dalv204/sandbox/f1tenth_ws/install/vesc_msgs/lib:/home/dalv204/sandbox/f1tenth_ws/install/vesc_driver/lib:/home/dalv204/sandbox/f1tenth_ws/install/vesc_ackermann/lib:/home/dalv204/sandbox/f1tenth_ws/install/teleop_tools_msgs/lib:/opt/ros/foxy/opt/yaml_cpp_vendor/lib:/opt/ros/foxy/opt/rviz_ogre_vendor/lib:/opt/ros/foxy/lib/aarch64-linux-gnu:/opt/ros/foxy/lib PYTHONPATH=/home/dalv204/sandbox/f1tenth_ws/install/vesc_msgs/lib/python3.8/site-packages:/home/dalv204/sandbox/f1tenth_ws/install/wall_follow/lib/python3.8/site-packages:/home/dalv204/sandbox/f1tenth_ws/install/f1tenth_stack/lib/python3.8/site-packages:/home/dalv204/sandbox/f1tenth_ws/install/joy_teleop/lib/python3.8/site-packages:/home/dalv204/sandbox/f1tenth_ws/install/teleop_tools_msgs/lib/python3.8/site-packages:/home/dalv204/sandbox/f1tenth_ws/install/pure_pursuit/lib/python3.8/site-packages:/home/dalv204/sandbox/f1tenth_ws/install/particle_filter/lib/python3.8/site-packages:/home/dalv204/sandbox/f1tenth_ws/install/mouse_teleop/lib/python3.8/site-packages:/home/dalv204/sandbox/f1tenth_ws/install/key_teleop/lib/python3.8/site-packages:/home/dalv204/sandbox/f1tenth_ws/install/gap_follow/lib/python3.8/site-packages:/opt/ros/foxy/lib/python3.8/site-packages /usr/bin/cmake --install /home/dalv204/sandbox/f1tenth_ws/build/vesc_driver
