[0.069s] Invoking command in '/home/dalv204/sandbox/f1tenth_ws/build/path_finder': /usr/bin/cmake --build /home/dalv204/sandbox/f1tenth_ws/build/path_finder -- -j6 -l6
[0.237s] [100%] Built target rrt_node
[0.263s] Invoked command in '/home/dalv204/sandbox/f1tenth_ws/build/path_finder' returned '0': /usr/bin/cmake --build /home/dalv204/sandbox/f1tenth_ws/build/path_finder -- -j6 -l6
[0.331s] Invoking command in '/home/dalv204/sandbox/f1tenth_ws/build/path_finder': /usr/bin/cmake --install /home/dalv204/sandbox/f1tenth_ws/build/path_finder
[0.358s] -- Install configuration: ""
[0.358s] -- Up-to-date: /home/dalv204/sandbox/f1tenth_ws/install/path_finder/lib/path_finder/rrt_node
[0.358s] -- Up-to-date: /home/dalv204/sandbox/f1tenth_ws/install/path_finder/share/path_finder/environment/pythonpath.sh
[0.358s] -- Up-to-date: /home/dalv204/sandbox/f1tenth_ws/install/path_finder/share/path_finder/environment/pythonpath.dsv
[0.359s] -- Up-to-date: /home/dalv204/sandbox/f1tenth_ws/install/path_finder/lib/python3.8/site-packages/path_finder
[0.359s] -- Up-to-date: /home/dalv204/sandbox/f1tenth_ws/install/path_finder/lib/python3.8/site-packages/path_finder/__init__.py
[0.432s] Listing '/home/dalv204/sandbox/f1tenth_ws/install/path_finder/lib/python3.8/site-packages/path_finder'...
[0.453s] -- Up-to-date: /home/dalv204/sandbox/f1tenth_ws/install/path_finder/lib/path_finder/rrt_node.py
[0.454s] -- Up-to-date: /home/dalv204/sandbox/f1tenth_ws/install/path_finder/lib/path_finder/pp_logic.py
[0.455s] -- Up-to-date: /home/dalv204/sandbox/f1tenth_ws/install/path_finder/lib/path_finder/lbc_node.py
[0.457s] -- Up-to-date: /home/dalv204/sandbox/f1tenth_ws/install/path_finder/lib/path_finder/util.py
[0.466s] -- Up-to-date: /home/dalv204/sandbox/f1tenth_ws/install/path_finder/share/path_finder/config
[0.467s] -- Up-to-date: /home/dalv204/sandbox/f1tenth_ws/install/path_finder/share/path_finder/config/params.yaml
[0.467s] -- Up-to-date: /home/dalv204/sandbox/f1tenth_ws/install/path_finder/share/ament_index/resource_index/package_run_dependencies/path_finder
[0.467s] -- Up-to-date: /home/dalv204/sandbox/f1tenth_ws/install/path_finder/share/ament_index/resource_index/parent_prefix_path/path_finder
[0.467s] -- Up-to-date: /home/dalv204/sandbox/f1tenth_ws/install/path_finder/share/path_finder/environment/ament_prefix_path.sh
[0.467s] -- Up-to-date: /home/dalv204/sandbox/f1tenth_ws/install/path_finder/share/path_finder/environment/ament_prefix_path.dsv
[0.467s] -- Up-to-date: /home/dalv204/sandbox/f1tenth_ws/install/path_finder/share/path_finder/environment/path.sh
[0.468s] -- Up-to-date: /home/dalv204/sandbox/f1tenth_ws/install/path_finder/share/path_finder/environment/path.dsv
[0.468s] -- Up-to-date: /home/dalv204/sandbox/f1tenth_ws/install/path_finder/share/path_finder/local_setup.bash
[0.468s] -- Up-to-date: /home/dalv204/sandbox/f1tenth_ws/install/path_finder/share/path_finder/local_setup.sh
[0.468s] -- Up-to-date: /home/dalv204/sandbox/f1tenth_ws/install/path_finder/share/path_finder/local_setup.zsh
[0.468s] -- Up-to-date: /home/dalv204/sandbox/f1tenth_ws/install/path_finder/share/path_finder/local_setup.dsv
[0.468s] -- Installing: /home/dalv204/sandbox/f1tenth_ws/install/path_finder/share/path_finder/package.dsv
[0.468s] -- Up-to-date: /home/dalv204/sandbox/f1tenth_ws/install/path_finder/share/ament_index/resource_index/packages/path_finder
[0.468s] -- Up-to-date: /home/dalv204/sandbox/f1tenth_ws/install/path_finder/share/path_finder/cmake/path_finderConfig.cmake
[0.469s] -- Up-to-date: /home/dalv204/sandbox/f1tenth_ws/install/path_finder/share/path_finder/cmake/path_finderConfig-version.cmake
[0.469s] -- Up-to-date: /home/dalv204/sandbox/f1tenth_ws/install/path_finder/share/path_finder/package.xml
[0.478s] Invoked command in '/home/dalv204/sandbox/f1tenth_ws/build/path_finder' returned '0': /usr/bin/cmake --install /home/dalv204/sandbox/f1tenth_ws/build/path_finder
