[0.086s] Invoking command in '/home/dalv204/sandbox/f1tenth_ws/build/wall_follow': /usr/bin/cmake --build /home/dalv204/sandbox/f1tenth_ws/build/wall_follow -- -j6 -l6
[0.120s] make: Warning: File 'Makefile' has modification time 1720692210 s in the future
[0.308s] make[1]: Warning: File 'CMakeFiles/Makefile2' has modification time 1720692210 s in the future
[0.322s] make[2]: Warning: File 'CMakeFiles/wall_follow_node.dir/flags.make' has modification time 1720692210 s in the future
[0.393s] make[2]: warning:  Clock skew detected.  Your build may be incomplete.
[0.408s] make[2]: Warning: File 'CMakeFiles/wall_follow_node.dir/flags.make' has modification time 1720692210 s in the future
[0.452s] make[2]: warning:  Clock skew detected.  Your build may be incomplete.
[0.511s] [100%] Built target wall_follow_node
[0.513s] make[1]: warning:  Clock skew detected.  Your build may be incomplete.
[0.573s] make: warning:  Clock skew detected.  Your build may be incomplete.
[0.581s] Invoked command in '/home/dalv204/sandbox/f1tenth_ws/build/wall_follow' returned '0': /usr/bin/cmake --build /home/dalv204/sandbox/f1tenth_ws/build/wall_follow -- -j6 -l6
[0.956s] Invoking command in '/home/dalv204/sandbox/f1tenth_ws/build/wall_follow': /usr/bin/cmake --install /home/dalv204/sandbox/f1tenth_ws/build/wall_follow
[1.005s] -- Install configuration: ""
[1.005s] -- Up-to-date: /home/dalv204/sandbox/f1tenth_ws/install/wall_follow/lib/wall_follow/wall_follow_node
[1.006s] -- Up-to-date: /home/dalv204/sandbox/f1tenth_ws/install/wall_follow/share/wall_follow/environment/pythonpath.sh
[1.006s] -- Up-to-date: /home/dalv204/sandbox/f1tenth_ws/install/wall_follow/share/wall_follow/environment/pythonpath.dsv
[1.006s] -- Up-to-date: /home/dalv204/sandbox/f1tenth_ws/install/wall_follow/lib/python3.8/site-packages/wall_follow
[1.007s] -- Up-to-date: /home/dalv204/sandbox/f1tenth_ws/install/wall_follow/lib/python3.8/site-packages/wall_follow/__init__.py
[1.258s] Listing '/home/dalv204/sandbox/f1tenth_ws/install/wall_follow/lib/python3.8/site-packages/wall_follow'...
[1.322s] -- Up-to-date: /home/dalv204/sandbox/f1tenth_ws/install/wall_follow/lib/wall_follow/wall_follow_node.py
[1.323s] -- Up-to-date: /home/dalv204/sandbox/f1tenth_ws/install/wall_follow/share/ament_index/resource_index/package_run_dependencies/wall_follow
[1.323s] -- Up-to-date: /home/dalv204/sandbox/f1tenth_ws/install/wall_follow/share/ament_index/resource_index/parent_prefix_path/wall_follow
[1.323s] -- Up-to-date: /home/dalv204/sandbox/f1tenth_ws/install/wall_follow/share/wall_follow/environment/ament_prefix_path.sh
[1.323s] -- Up-to-date: /home/dalv204/sandbox/f1tenth_ws/install/wall_follow/share/wall_follow/environment/ament_prefix_path.dsv
[1.323s] -- Up-to-date: /home/dalv204/sandbox/f1tenth_ws/install/wall_follow/share/wall_follow/environment/path.sh
[1.323s] -- Up-to-date: /home/dalv204/sandbox/f1tenth_ws/install/wall_follow/share/wall_follow/environment/path.dsv
[1.324s] -- Up-to-date: /home/dalv204/sandbox/f1tenth_ws/install/wall_follow/share/wall_follow/local_setup.bash
[1.324s] -- Up-to-date: /home/dalv204/sandbox/f1tenth_ws/install/wall_follow/share/wall_follow/local_setup.sh
[1.324s] -- Up-to-date: /home/dalv204/sandbox/f1tenth_ws/install/wall_follow/share/wall_follow/local_setup.zsh
[1.324s] -- Up-to-date: /home/dalv204/sandbox/f1tenth_ws/install/wall_follow/share/wall_follow/local_setup.dsv
[1.324s] -- Installing: /home/dalv204/sandbox/f1tenth_ws/install/wall_follow/share/wall_follow/package.dsv
[1.324s] -- Up-to-date: /home/dalv204/sandbox/f1tenth_ws/install/wall_follow/share/ament_index/resource_index/packages/wall_follow
[1.325s] -- Up-to-date: /home/dalv204/sandbox/f1tenth_ws/install/wall_follow/share/wall_follow/cmake/wall_followConfig.cmake
[1.325s] -- Up-to-date: /home/dalv204/sandbox/f1tenth_ws/install/wall_follow/share/wall_follow/cmake/wall_followConfig-version.cmake
[1.325s] -- Up-to-date: /home/dalv204/sandbox/f1tenth_ws/install/wall_follow/share/wall_follow/package.xml
[1.330s] Invoked command in '/home/dalv204/sandbox/f1tenth_ws/build/wall_follow' returned '0': /usr/bin/cmake --install /home/dalv204/sandbox/f1tenth_ws/build/wall_follow
