[0.028s] Invoking command in '/home/dalv204/sandbox/f1tenth_ws/build/pure_pursuit': /usr/bin/cmake --build /home/dalv204/sandbox/f1tenth_ws/build/pure_pursuit -- -j6 -l6
[0.222s] [100%] Built target pure_pursuit_node
[0.249s] Invoked command in '/home/dalv204/sandbox/f1tenth_ws/build/pure_pursuit' returned '0': /usr/bin/cmake --build /home/dalv204/sandbox/f1tenth_ws/build/pure_pursuit -- -j6 -l6
[0.367s] Invoking command in '/home/dalv204/sandbox/f1tenth_ws/build/pure_pursuit': /usr/bin/cmake --install /home/dalv204/sandbox/f1tenth_ws/build/pure_pursuit
[0.385s] -- Install configuration: ""
[0.386s] -- Up-to-date: /home/dalv204/sandbox/f1tenth_ws/install/pure_pursuit/lib/pure_pursuit/pure_pursuit_node
[0.386s] -- Up-to-date: /home/dalv204/sandbox/f1tenth_ws/install/pure_pursuit/share/pure_pursuit/environment/pythonpath.sh
[0.386s] -- Up-to-date: /home/dalv204/sandbox/f1tenth_ws/install/pure_pursuit/share/pure_pursuit/environment/pythonpath.dsv
[0.386s] -- Up-to-date: /home/dalv204/sandbox/f1tenth_ws/install/pure_pursuit/lib/python3.8/site-packages/pure_pursuit
[0.386s] -- Up-to-date: /home/dalv204/sandbox/f1tenth_ws/install/pure_pursuit/lib/python3.8/site-packages/pure_pursuit/__init__.py
[0.445s] Listing '/home/dalv204/sandbox/f1tenth_ws/install/pure_pursuit/lib/python3.8/site-packages/pure_pursuit'...
[0.457s] -- Up-to-date: /home/dalv204/sandbox/f1tenth_ws/install/pure_pursuit/lib/pure_pursuit/pure_pursuit_node.py
[0.457s] -- Up-to-date: /home/dalv204/sandbox/f1tenth_ws/install/pure_pursuit/share/ament_index/resource_index/package_run_dependencies/pure_pursuit
[0.457s] -- Up-to-date: /home/dalv204/sandbox/f1tenth_ws/install/pure_pursuit/share/ament_index/resource_index/parent_prefix_path/pure_pursuit
[0.457s] -- Up-to-date: /home/dalv204/sandbox/f1tenth_ws/install/pure_pursuit/share/pure_pursuit/environment/ament_prefix_path.sh
[0.458s] -- Up-to-date: /home/dalv204/sandbox/f1tenth_ws/install/pure_pursuit/share/pure_pursuit/environment/ament_prefix_path.dsv
[0.458s] -- Up-to-date: /home/dalv204/sandbox/f1tenth_ws/install/pure_pursuit/share/pure_pursuit/environment/path.sh
[0.458s] -- Up-to-date: /home/dalv204/sandbox/f1tenth_ws/install/pure_pursuit/share/pure_pursuit/environment/path.dsv
[0.458s] -- Up-to-date: /home/dalv204/sandbox/f1tenth_ws/install/pure_pursuit/share/pure_pursuit/local_setup.bash
[0.458s] -- Up-to-date: /home/dalv204/sandbox/f1tenth_ws/install/pure_pursuit/share/pure_pursuit/local_setup.sh
[0.458s] -- Up-to-date: /home/dalv204/sandbox/f1tenth_ws/install/pure_pursuit/share/pure_pursuit/local_setup.zsh
[0.458s] -- Up-to-date: /home/dalv204/sandbox/f1tenth_ws/install/pure_pursuit/share/pure_pursuit/local_setup.dsv
[0.459s] -- Installing: /home/dalv204/sandbox/f1tenth_ws/install/pure_pursuit/share/pure_pursuit/package.dsv
[0.459s] -- Up-to-date: /home/dalv204/sandbox/f1tenth_ws/install/pure_pursuit/share/ament_index/resource_index/packages/pure_pursuit
[0.459s] -- Up-to-date: /home/dalv204/sandbox/f1tenth_ws/install/pure_pursuit/share/pure_pursuit/cmake/pure_pursuitConfig.cmake
[0.459s] -- Up-to-date: /home/dalv204/sandbox/f1tenth_ws/install/pure_pursuit/share/pure_pursuit/cmake/pure_pursuitConfig-version.cmake
[0.459s] -- Up-to-date: /home/dalv204/sandbox/f1tenth_ws/install/pure_pursuit/share/pure_pursuit/package.xml
[0.469s] Invoked command in '/home/dalv204/sandbox/f1tenth_ws/build/pure_pursuit' returned '0': /usr/bin/cmake --install /home/dalv204/sandbox/f1tenth_ws/build/pure_pursuit
