[0.157s] Invoking command in '/home/dalv204/sandbox/f1tenth_ws/build/ackermann_mux': CMAKE_PREFIX_PATH=${CMAKE_PREFIX_PATH}:/home/dalv204/sandbox/f1tenth_ws/install/f1tenth_stack:/home/dalv204/sandbox/f1tenth_ws/install/joy_teleop:/home/dalv204/sandbox/f1tenth_ws/install/particle_filter:/home/dalv204/sandbox/f1tenth_ws/install/mouse_teleop:/home/dalv204/sandbox/f1tenth_ws/install/key_teleop /usr/bin/cmake --build /home/dalv204/sandbox/f1tenth_ws/build/ackermann_mux -- -j6 -l6
[1.093s] [100%] Built target ackermann_mux
[1.099s] Invoked command in '/home/dalv204/sandbox/f1tenth_ws/build/ackermann_mux' returned '0': CMAKE_PREFIX_PATH=${CMAKE_PREFIX_PATH}:/home/dalv204/sandbox/f1tenth_ws/install/f1tenth_stack:/home/dalv204/sandbox/f1tenth_ws/install/joy_teleop:/home/dalv204/sandbox/f1tenth_ws/install/particle_filter:/home/dalv204/sandbox/f1tenth_ws/install/mouse_teleop:/home/dalv204/sandbox/f1tenth_ws/install/key_teleop /usr/bin/cmake --build /home/dalv204/sandbox/f1tenth_ws/build/ackermann_mux -- -j6 -l6
[1.293s] Invoking command in '/home/dalv204/sandbox/f1tenth_ws/build/ackermann_mux': CMAKE_PREFIX_PATH=${CMAKE_PREFIX_PATH}:/home/dalv204/sandbox/f1tenth_ws/install/f1tenth_stack:/home/dalv204/sandbox/f1tenth_ws/install/joy_teleop:/home/dalv204/sandbox/f1tenth_ws/install/particle_filter:/home/dalv204/sandbox/f1tenth_ws/install/mouse_teleop:/home/dalv204/sandbox/f1tenth_ws/install/key_teleop /usr/bin/cmake --install /home/dalv204/sandbox/f1tenth_ws/build/ackermann_mux
[1.319s] -- Install configuration: ""
[1.320s] -- Up-to-date: /home/dalv204/sandbox/f1tenth_ws/install/ackermann_mux/lib/ackermann_mux/ackermann_mux
[1.320s] -- Up-to-date: /home/dalv204/sandbox/f1tenth_ws/install/ackermann_mux/share/ackermann_mux/launch
[1.320s] -- Up-to-date: /home/dalv204/sandbox/f1tenth_ws/install/ackermann_mux/share/ackermann_mux/launch/ackermann_mux_launch.py
[1.321s] -- Up-to-date: /home/dalv204/sandbox/f1tenth_ws/install/ackermann_mux/share/ackermann_mux/config
[1.321s] -- Up-to-date: /home/dalv204/sandbox/f1tenth_ws/install/ackermann_mux/share/ackermann_mux/config/ackermann_mux_topics.yaml
[1.321s] -- Up-to-date: /home/dalv204/sandbox/f1tenth_ws/install/ackermann_mux/share/ackermann_mux/config/ackermann_mux_locks.yaml
[1.321s] -- Up-to-date: /home/dalv204/sandbox/f1tenth_ws/install/ackermann_mux/share/ackermann_mux/config/joystick.yaml
[1.321s] -- Up-to-date: /home/dalv204/sandbox/f1tenth_ws/install/ackermann_mux/include
[1.322s] -- Up-to-date: /home/dalv204/sandbox/f1tenth_ws/install/ackermann_mux/include/ackermann_mux
[1.322s] -- Up-to-date: /home/dalv204/sandbox/f1tenth_ws/install/ackermann_mux/include/ackermann_mux/ackermann_mux_diagnostics_status.hpp
[1.322s] -- Up-to-date: /home/dalv204/sandbox/f1tenth_ws/install/ackermann_mux/include/ackermann_mux/topic_handle.hpp
[1.323s] -- Up-to-date: /home/dalv204/sandbox/f1tenth_ws/install/ackermann_mux/include/ackermann_mux/ackermann_mux_diagnostics.hpp
[1.323s] -- Up-to-date: /home/dalv204/sandbox/f1tenth_ws/install/ackermann_mux/include/ackermann_mux/params_helpers.hpp
[1.323s] -- Up-to-date: /home/dalv204/sandbox/f1tenth_ws/install/ackermann_mux/include/ackermann_mux/ackermann_mux.hpp
[1.324s] -- Up-to-date: /home/dalv204/sandbox/f1tenth_ws/install/ackermann_mux/include/ackermann_mux/utils.hpp
[1.324s] -- Up-to-date: /home/dalv204/sandbox/f1tenth_ws/install/ackermann_mux/share/ament_index/resource_index/package_run_dependencies/ackermann_mux
[1.324s] -- Up-to-date: /home/dalv204/sandbox/f1tenth_ws/install/ackermann_mux/share/ament_index/resource_index/parent_prefix_path/ackermann_mux
[1.333s] -- Up-to-date: /home/dalv204/sandbox/f1tenth_ws/install/ackermann_mux/share/ackermann_mux/environment/ament_prefix_path.sh
[1.334s] -- Up-to-date: /home/dalv204/sandbox/f1tenth_ws/install/ackermann_mux/share/ackermann_mux/environment/ament_prefix_path.dsv
[1.335s] -- Up-to-date: /home/dalv204/sandbox/f1tenth_ws/install/ackermann_mux/share/ackermann_mux/environment/path.sh
[1.335s] -- Up-to-date: /home/dalv204/sandbox/f1tenth_ws/install/ackermann_mux/share/ackermann_mux/environment/path.dsv
[1.336s] -- Up-to-date: /home/dalv204/sandbox/f1tenth_ws/install/ackermann_mux/share/ackermann_mux/local_setup.bash
[1.336s] -- Up-to-date: /home/dalv204/sandbox/f1tenth_ws/install/ackermann_mux/share/ackermann_mux/local_setup.sh
[1.336s] -- Up-to-date: /home/dalv204/sandbox/f1tenth_ws/install/ackermann_mux/share/ackermann_mux/local_setup.zsh
[1.337s] -- Up-to-date: /home/dalv204/sandbox/f1tenth_ws/install/ackermann_mux/share/ackermann_mux/local_setup.dsv
[1.337s] -- Installing: /home/dalv204/sandbox/f1tenth_ws/install/ackermann_mux/share/ackermann_mux/package.dsv
[1.337s] -- Up-to-date: /home/dalv204/sandbox/f1tenth_ws/install/ackermann_mux/share/ament_index/resource_index/packages/ackermann_mux
[1.337s] -- Up-to-date: /home/dalv204/sandbox/f1tenth_ws/install/ackermann_mux/share/ackermann_mux/cmake/ament_cmake_export_include_directories-extras.cmake
[1.340s] -- Up-to-date: /home/dalv204/sandbox/f1tenth_ws/install/ackermann_mux/share/ackermann_mux/cmake/ament_cmake_export_dependencies-extras.cmake
[1.340s] -- Up-to-date: /home/dalv204/sandbox/f1tenth_ws/install/ackermann_mux/share/ackermann_mux/cmake/ackermann_muxConfig.cmake
[1.340s] -- Up-to-date: /home/dalv204/sandbox/f1tenth_ws/install/ackermann_mux/share/ackermann_mux/cmake/ackermann_muxConfig-version.cmake
[1.340s] -- Up-to-date: /home/dalv204/sandbox/f1tenth_ws/install/ackermann_mux/share/ackermann_mux/package.xml
[1.357s] Invoked command in '/home/dalv204/sandbox/f1tenth_ws/build/ackermann_mux' returned '0': CMAKE_PREFIX_PATH=${CMAKE_PREFIX_PATH}:/home/dalv204/sandbox/f1tenth_ws/install/f1tenth_stack:/home/dalv204/sandbox/f1tenth_ws/install/joy_teleop:/home/dalv204/sandbox/f1tenth_ws/install/particle_filter:/home/dalv204/sandbox/f1tenth_ws/install/mouse_teleop:/home/dalv204/sandbox/f1tenth_ws/install/key_teleop /usr/bin/cmake --install /home/dalv204/sandbox/f1tenth_ws/build/ackermann_mux
