[1.795s] Invoking command in '/home/dalv204/sandbox/f1tenth_ws/src/f1tenth_system/teleop_tools/joy_teleop': AMENT_PREFIX_PATH=/home/dalv204/sandbox/f1tenth_ws/install/teleop_tools_msgs:${AMENT_PREFIX_PATH} CMAKE_PREFIX_PATH=/home/dalv204/sandbox/f1tenth_ws/install/teleop_tools_msgs${CMAKE_PREFIX_PATH} LD_LIBRARY_PATH=/home/dalv204/sandbox/f1tenth_ws/install/teleop_tools_msgs/lib:${LD_LIBRARY_PATH} PYTHONPATH=/home/dalv204/sandbox/f1tenth_ws/build/joy_teleop/prefix_override:/usr/lib/python3/dist-packages/colcon_core/task/python/colcon_distutils_commands:/home/dalv204/sandbox/f1tenth_ws/install/joy_teleop/lib/python3.8/site-packages:/home/dalv204/sandbox/f1tenth_ws/install/teleop_tools_msgs/lib/python3.8/site-packages:${PYTHONPATH} /usr/bin/python3 -W ignore:setup.py install is deprecated setup.py egg_info --egg-base ../../../../build/joy_teleop build --build-base /home/dalv204/sandbox/f1tenth_ws/build/joy_teleop/build install --record /home/dalv204/sandbox/f1tenth_ws/build/joy_teleop/install.log --install-scripts $base/lib/joy_teleop --single-version-externally-managed install_data
[2.222s] running egg_info
[2.223s] writing ../../../../build/joy_teleop/joy_teleop.egg-info/PKG-INFO
[2.226s] writing dependency_links to ../../../../build/joy_teleop/joy_teleop.egg-info/dependency_links.txt
[2.226s] writing entry points to ../../../../build/joy_teleop/joy_teleop.egg-info/entry_points.txt
[2.227s] writing requirements to ../../../../build/joy_teleop/joy_teleop.egg-info/requires.txt
[2.227s] writing top-level names to ../../../../build/joy_teleop/joy_teleop.egg-info/top_level.txt
[2.292s] reading manifest file '../../../../build/joy_teleop/joy_teleop.egg-info/SOURCES.txt'
[2.294s] writing manifest file '../../../../build/joy_teleop/joy_teleop.egg-info/SOURCES.txt'
[2.294s] running build
[2.294s] running build_py
[2.295s] copying joy_teleop/joy_teleop.py -> /home/dalv204/sandbox/f1tenth_ws/build/joy_teleop/build/lib/joy_teleop
[2.295s] running install
[2.297s] running install_lib
[2.299s] copying /home/dalv204/sandbox/f1tenth_ws/build/joy_teleop/build/lib/joy_teleop/joy_teleop.py -> /home/dalv204/sandbox/f1tenth_ws/install/joy_teleop/lib/python3.8/site-packages/joy_teleop
[2.301s] byte-compiling /home/dalv204/sandbox/f1tenth_ws/install/joy_teleop/lib/python3.8/site-packages/joy_teleop/joy_teleop.py to joy_teleop.cpython-38.pyc
[2.307s] running install_data
[2.308s] running install_egg_info
[2.311s] removing '/home/dalv204/sandbox/f1tenth_ws/install/joy_teleop/lib/python3.8/site-packages/joy_teleop-0.3.0-py3.8.egg-info' (and everything under it)
[2.311s] Copying ../../../../build/joy_teleop/joy_teleop.egg-info to /home/dalv204/sandbox/f1tenth_ws/install/joy_teleop/lib/python3.8/site-packages/joy_teleop-0.3.0-py3.8.egg-info
[2.313s] running install_scripts
[2.349s] Installing incrementer_server script to /home/dalv204/sandbox/f1tenth_ws/install/joy_teleop/lib/joy_teleop
[2.349s] Installing joy_teleop script to /home/dalv204/sandbox/f1tenth_ws/install/joy_teleop/lib/joy_teleop
[2.349s] writing list of installed files to '/home/dalv204/sandbox/f1tenth_ws/build/joy_teleop/install.log'
[2.407s] Invoked command in '/home/dalv204/sandbox/f1tenth_ws/src/f1tenth_system/teleop_tools/joy_teleop' returned '0': AMENT_PREFIX_PATH=/home/dalv204/sandbox/f1tenth_ws/install/teleop_tools_msgs:${AMENT_PREFIX_PATH} CMAKE_PREFIX_PATH=/home/dalv204/sandbox/f1tenth_ws/install/teleop_tools_msgs${CMAKE_PREFIX_PATH} LD_LIBRARY_PATH=/home/dalv204/sandbox/f1tenth_ws/install/teleop_tools_msgs/lib:${LD_LIBRARY_PATH} PYTHONPATH=/home/dalv204/sandbox/f1tenth_ws/build/joy_teleop/prefix_override:/usr/lib/python3/dist-packages/colcon_core/task/python/colcon_distutils_commands:/home/dalv204/sandbox/f1tenth_ws/install/joy_teleop/lib/python3.8/site-packages:/home/dalv204/sandbox/f1tenth_ws/install/teleop_tools_msgs/lib/python3.8/site-packages:${PYTHONPATH} /usr/bin/python3 -W ignore:setup.py install is deprecated setup.py egg_info --egg-base ../../../../build/joy_teleop build --build-base /home/dalv204/sandbox/f1tenth_ws/build/joy_teleop/build install --record /home/dalv204/sandbox/f1tenth_ws/build/joy_teleop/install.log --install-scripts $base/lib/joy_teleop --single-version-externally-managed install_data
