[0.030s] Invoking command in '/home/dalv204/sandbox/f1tenth_ws/build/vesc': AMENT_PREFIX_PATH=/home/dalv204/sandbox/f1tenth_ws/install/vesc_driver:/home/dalv204/sandbox/f1tenth_ws/install/vesc_ackermann:/home/dalv204/sandbox/f1tenth_ws/install/vesc_msgs:${AMENT_PREFIX_PATH} CMAKE_PREFIX_PATH=/home/dalv204/sandbox/f1tenth_ws/install/vesc_driver:/home/dalv204/sandbox/f1tenth_ws/install/vesc_ackermann:/home/dalv204/sandbox/f1tenth_ws/install/vesc_msgs${CMAKE_PREFIX_PATH} LD_LIBRARY_PATH=/home/dalv204/sandbox/f1tenth_ws/install/vesc_driver/lib:/home/dalv204/sandbox/f1tenth_ws/install/vesc_ackermann/lib:/home/dalv204/sandbox/f1tenth_ws/install/vesc_msgs/lib:${LD_LIBRARY_PATH} PYTHONPATH=/home/dalv204/sandbox/f1tenth_ws/install/vesc_msgs/lib/python3.8/site-packages:${PYTHONPATH} /usr/bin/cmake /home/dalv204/sandbox/f1tenth_ws/src/f1tenth_system/vesc/vesc -DCMAKE_INSTALL_PREFIX=/home/dalv204/sandbox/f1tenth_ws/install/vesc
[0.133s] -- The C compiler identification is GNU 9.4.0
[0.226s] -- The CXX compiler identification is GNU 9.4.0
[0.235s] -- Check for working C compiler: /usr/bin/cc
[0.364s] -- Check for working C compiler: /usr/bin/cc -- works
[0.366s] -- Detecting C compiler ABI info
[0.502s] -- Detecting C compiler ABI info - done
[0.535s] -- Detecting C compile features
[0.535s] -- Detecting C compile features - done
[0.541s] -- Check for working CXX compiler: /usr/bin/c++
[0.685s] -- Check for working CXX compiler: /usr/bin/c++ -- works
[0.689s] -- Detecting CXX compiler ABI info
[0.839s] -- Detecting CXX compiler ABI info - done
[0.868s] -- Detecting CXX compile features
[0.869s] -- Detecting CXX compile features - done
[0.874s] -- Found ament_cmake_auto: 0.9.12 (/opt/ros/foxy/share/ament_cmake_auto/cmake)
[0.922s] -- Found PythonInterp: /usr/bin/python3 (found suitable version "3.8.10", minimum required is "3") 
[0.922s] -- Using PYTHON_EXECUTABLE: /usr/bin/python3
[1.434s] -- Configuring done
[1.438s] -- Generating done
[1.440s] -- Build files have been written to: /home/dalv204/sandbox/f1tenth_ws/build/vesc
[1.448s] Invoked command in '/home/dalv204/sandbox/f1tenth_ws/build/vesc' returned '0': AMENT_PREFIX_PATH=/home/dalv204/sandbox/f1tenth_ws/install/vesc_driver:/home/dalv204/sandbox/f1tenth_ws/install/vesc_ackermann:/home/dalv204/sandbox/f1tenth_ws/install/vesc_msgs:${AMENT_PREFIX_PATH} CMAKE_PREFIX_PATH=/home/dalv204/sandbox/f1tenth_ws/install/vesc_driver:/home/dalv204/sandbox/f1tenth_ws/install/vesc_ackermann:/home/dalv204/sandbox/f1tenth_ws/install/vesc_msgs${CMAKE_PREFIX_PATH} LD_LIBRARY_PATH=/home/dalv204/sandbox/f1tenth_ws/install/vesc_driver/lib:/home/dalv204/sandbox/f1tenth_ws/install/vesc_ackermann/lib:/home/dalv204/sandbox/f1tenth_ws/install/vesc_msgs/lib:${LD_LIBRARY_PATH} PYTHONPATH=/home/dalv204/sandbox/f1tenth_ws/install/vesc_msgs/lib/python3.8/site-packages:${PYTHONPATH} /usr/bin/cmake /home/dalv204/sandbox/f1tenth_ws/src/f1tenth_system/vesc/vesc -DCMAKE_INSTALL_PREFIX=/home/dalv204/sandbox/f1tenth_ws/install/vesc
[1.455s] Invoking command in '/home/dalv204/sandbox/f1tenth_ws/build/vesc': AMENT_PREFIX_PATH=/home/dalv204/sandbox/f1tenth_ws/install/vesc_driver:/home/dalv204/sandbox/f1tenth_ws/install/vesc_ackermann:/home/dalv204/sandbox/f1tenth_ws/install/vesc_msgs:${AMENT_PREFIX_PATH} CMAKE_PREFIX_PATH=/home/dalv204/sandbox/f1tenth_ws/install/vesc_driver:/home/dalv204/sandbox/f1tenth_ws/install/vesc_ackermann:/home/dalv204/sandbox/f1tenth_ws/install/vesc_msgs${CMAKE_PREFIX_PATH} LD_LIBRARY_PATH=/home/dalv204/sandbox/f1tenth_ws/install/vesc_driver/lib:/home/dalv204/sandbox/f1tenth_ws/install/vesc_ackermann/lib:/home/dalv204/sandbox/f1tenth_ws/install/vesc_msgs/lib:${LD_LIBRARY_PATH} PYTHONPATH=/home/dalv204/sandbox/f1tenth_ws/install/vesc_msgs/lib/python3.8/site-packages:${PYTHONPATH} /usr/bin/cmake --build /home/dalv204/sandbox/f1tenth_ws/build/vesc -- -j6 -l6
[1.533s] Invoked command in '/home/dalv204/sandbox/f1tenth_ws/build/vesc' returned '0': AMENT_PREFIX_PATH=/home/dalv204/sandbox/f1tenth_ws/install/vesc_driver:/home/dalv204/sandbox/f1tenth_ws/install/vesc_ackermann:/home/dalv204/sandbox/f1tenth_ws/install/vesc_msgs:${AMENT_PREFIX_PATH} CMAKE_PREFIX_PATH=/home/dalv204/sandbox/f1tenth_ws/install/vesc_driver:/home/dalv204/sandbox/f1tenth_ws/install/vesc_ackermann:/home/dalv204/sandbox/f1tenth_ws/install/vesc_msgs${CMAKE_PREFIX_PATH} LD_LIBRARY_PATH=/home/dalv204/sandbox/f1tenth_ws/install/vesc_driver/lib:/home/dalv204/sandbox/f1tenth_ws/install/vesc_ackermann/lib:/home/dalv204/sandbox/f1tenth_ws/install/vesc_msgs/lib:${LD_LIBRARY_PATH} PYTHONPATH=/home/dalv204/sandbox/f1tenth_ws/install/vesc_msgs/lib/python3.8/site-packages:${PYTHONPATH} /usr/bin/cmake --build /home/dalv204/sandbox/f1tenth_ws/build/vesc -- -j6 -l6
[1.576s] Invoking command in '/home/dalv204/sandbox/f1tenth_ws/build/vesc': AMENT_PREFIX_PATH=/home/dalv204/sandbox/f1tenth_ws/install/vesc_driver:/home/dalv204/sandbox/f1tenth_ws/install/vesc_ackermann:/home/dalv204/sandbox/f1tenth_ws/install/vesc_msgs:${AMENT_PREFIX_PATH} CMAKE_PREFIX_PATH=/home/dalv204/sandbox/f1tenth_ws/install/vesc_driver:/home/dalv204/sandbox/f1tenth_ws/install/vesc_ackermann:/home/dalv204/sandbox/f1tenth_ws/install/vesc_msgs${CMAKE_PREFIX_PATH} LD_LIBRARY_PATH=/home/dalv204/sandbox/f1tenth_ws/install/vesc_driver/lib:/home/dalv204/sandbox/f1tenth_ws/install/vesc_ackermann/lib:/home/dalv204/sandbox/f1tenth_ws/install/vesc_msgs/lib:${LD_LIBRARY_PATH} PYTHONPATH=/home/dalv204/sandbox/f1tenth_ws/install/vesc_msgs/lib/python3.8/site-packages:${PYTHONPATH} /usr/bin/cmake --install /home/dalv204/sandbox/f1tenth_ws/build/vesc
[1.594s] -- Install configuration: ""
[1.595s] -- Installing: /home/dalv204/sandbox/f1tenth_ws/install/vesc/share/ament_index/resource_index/package_run_dependencies/vesc
[1.595s] -- Installing: /home/dalv204/sandbox/f1tenth_ws/install/vesc/share/ament_index/resource_index/parent_prefix_path/vesc
[1.595s] -- Installing: /home/dalv204/sandbox/f1tenth_ws/install/vesc/share/vesc/environment/ament_prefix_path.sh
[1.596s] -- Installing: /home/dalv204/sandbox/f1tenth_ws/install/vesc/share/vesc/environment/ament_prefix_path.dsv
[1.596s] -- Installing: /home/dalv204/sandbox/f1tenth_ws/install/vesc/share/vesc/environment/path.sh
[1.596s] -- Installing: /home/dalv204/sandbox/f1tenth_ws/install/vesc/share/vesc/environment/path.dsv
[1.597s] -- Installing: /home/dalv204/sandbox/f1tenth_ws/install/vesc/share/vesc/local_setup.bash
[1.597s] -- Installing: /home/dalv204/sandbox/f1tenth_ws/install/vesc/share/vesc/local_setup.sh
[1.597s] -- Installing: /home/dalv204/sandbox/f1tenth_ws/install/vesc/share/vesc/local_setup.zsh
[1.598s] -- Installing: /home/dalv204/sandbox/f1tenth_ws/install/vesc/share/vesc/local_setup.dsv
[1.598s] -- Installing: /home/dalv204/sandbox/f1tenth_ws/install/vesc/share/vesc/package.dsv
[1.598s] -- Installing: /home/dalv204/sandbox/f1tenth_ws/install/vesc/share/ament_index/resource_index/packages/vesc
[1.599s] -- Installing: /home/dalv204/sandbox/f1tenth_ws/install/vesc/share/vesc/cmake/vescConfig.cmake
[1.599s] -- Installing: /home/dalv204/sandbox/f1tenth_ws/install/vesc/share/vesc/cmake/vescConfig-version.cmake
[1.599s] -- Installing: /home/dalv204/sandbox/f1tenth_ws/install/vesc/share/vesc/package.xml
[1.605s] Invoked command in '/home/dalv204/sandbox/f1tenth_ws/build/vesc' returned '0': AMENT_PREFIX_PATH=/home/dalv204/sandbox/f1tenth_ws/install/vesc_driver:/home/dalv204/sandbox/f1tenth_ws/install/vesc_ackermann:/home/dalv204/sandbox/f1tenth_ws/install/vesc_msgs:${AMENT_PREFIX_PATH} CMAKE_PREFIX_PATH=/home/dalv204/sandbox/f1tenth_ws/install/vesc_driver:/home/dalv204/sandbox/f1tenth_ws/install/vesc_ackermann:/home/dalv204/sandbox/f1tenth_ws/install/vesc_msgs${CMAKE_PREFIX_PATH} LD_LIBRARY_PATH=/home/dalv204/sandbox/f1tenth_ws/install/vesc_driver/lib:/home/dalv204/sandbox/f1tenth_ws/install/vesc_ackermann/lib:/home/dalv204/sandbox/f1tenth_ws/install/vesc_msgs/lib:${LD_LIBRARY_PATH} PYTHONPATH=/home/dalv204/sandbox/f1tenth_ws/install/vesc_msgs/lib/python3.8/site-packages:${PYTHONPATH} /usr/bin/cmake --install /home/dalv204/sandbox/f1tenth_ws/build/vesc
