[0.150s] Invoking command in '/home/dalv204/sandbox/f1tenth_ws/build/vesc_msgs': /usr/bin/cmake --build /home/dalv204/sandbox/f1tenth_ws/build/vesc_msgs -- -j6 -l6
[1.737s] [  1%] Built target vesc_msgs__cpp
[1.737s] [ 12%] Built target vesc_msgs__rosidl_generator_c
[1.737s] [ 23%] Built target vesc_msgs__rosidl_typesupport_fastrtps_cpp
[1.737s] [ 34%] Built target vesc_msgs__rosidl_typesupport_cpp
[1.738s] [ 45%] Built target vesc_msgs__rosidl_typesupport_introspection_cpp
[1.738s] [ 56%] Built target vesc_msgs__rosidl_typesupport_c
[1.738s] [ 67%] Built target vesc_msgs__rosidl_typesupport_introspection_c
[1.738s] [ 78%] Built target vesc_msgs__rosidl_typesupport_fastrtps_c
[1.738s] [ 78%] Built target vesc_msgs
[1.738s] [ 80%] Built target vesc_msgs__py
[1.738s] [ 89%] Built target vesc_msgs__python
[1.738s] [ 92%] Built target vesc_msgs__rosidl_typesupport_c__pyext
[1.759s] make: Warning: File 'Makefile' has modification time 1718621344 s in the future
[1.760s] make[1]: Warning: File 'CMakeFiles/Makefile2' has modification time 1718621343 s in the future
[1.760s] make[2]: Warning: File 'CMakeFiles/vesc_msgs__cpp.dir/progress.make' has modification time 1718621343 s in the future
[1.760s] make[2]: Warning: File 'CMakeFiles/vesc_msgs__rosidl_generator_c.dir/flags.make' has modification time 1718621343 s in the future
[1.760s] make[2]: warning:  Clock skew detected.  Your build may be incomplete.
[1.760s] make[2]: Warning: File 'CMakeFiles/vesc_msgs__cpp.dir/progress.make' has modification time 1718621343 s in the future
[1.761s] make[2]: warning:  Clock skew detected.  Your build may be incomplete.
[1.761s] make[2]: warning:  Clock skew detected.  Your build may be incomplete.
[1.761s] make[2]: Warning: File 'CMakeFiles/vesc_msgs__rosidl_generator_c.dir/flags.make' has modification time 1718621343 s in the future
[1.761s] make[2]: Warning: File 'CMakeFiles/vesc_msgs__rosidl_typesupport_cpp.dir/flags.make' has modification time 1718621343 s in the future
[1.761s] make[2]: warning:  Clock skew detected.  Your build may be incomplete.
[1.761s] make[2]: Warning: File 'CMakeFiles/vesc_msgs__rosidl_typesupport_fastrtps_cpp.dir/flags.make' has modification time 1718621343 s in the future
[1.761s] make[2]: Warning: File 'CMakeFiles/vesc_msgs__rosidl_typesupport_introspection_cpp.dir/flags.make' has modification time 1718621343 s in the future
[1.761s] make[2]: warning:  Clock skew detected.  Your build may be incomplete.
[1.762s] make[2]: Warning: File 'CMakeFiles/vesc_msgs__rosidl_typesupport_fastrtps_cpp.dir/flags.make' has modification time 1718621343 s in the future
[1.762s] make[2]: warning:  Clock skew detected.  Your build may be incomplete.
[1.762s] make[2]: warning:  Clock skew detected.  Your build may be incomplete.
[1.762s] make[2]: warning:  Clock skew detected.  Your build may be incomplete.
[1.762s] make[2]: Warning: File 'CMakeFiles/vesc_msgs__rosidl_typesupport_cpp.dir/flags.make' has modification time 1718621343 s in the future
[1.762s] make[2]: warning:  Clock skew detected.  Your build may be incomplete.
[1.762s] make[2]: Warning: File 'CMakeFiles/vesc_msgs__rosidl_typesupport_introspection_cpp.dir/flags.make' has modification time 1718621343 s in the future
[1.763s] make[2]: warning:  Clock skew detected.  Your build may be incomplete.
[1.764s] make[2]: Warning: File 'CMakeFiles/vesc_msgs__rosidl_typesupport_c.dir/flags.make' has modification time 1718621343 s in the future
[1.764s] make[2]: Warning: File 'CMakeFiles/vesc_msgs__rosidl_typesupport_introspection_c.dir/flags.make' has modification time 1718621343 s in the future
[1.764s] make[2]: Warning: File 'CMakeFiles/vesc_msgs__rosidl_typesupport_fastrtps_c.dir/flags.make' has modification time 1718621343 s in the future
[1.765s] make[2]: warning:  Clock skew detected.  Your build may be incomplete.
[1.765s] make[2]: Warning: File 'CMakeFiles/vesc_msgs__rosidl_typesupport_c.dir/flags.make' has modification time 1718621343 s in the future
[1.765s] make[2]: warning:  Clock skew detected.  Your build may be incomplete.
[1.765s] make[2]: warning:  Clock skew detected.  Your build may be incomplete.
[1.765s] make[2]: warning:  Clock skew detected.  Your build may be incomplete.
[1.765s] make[2]: Warning: File 'CMakeFiles/vesc_msgs__rosidl_typesupport_introspection_c.dir/flags.make' has modification time 1718621343 s in the future
[1.766s] make[2]: Warning: File 'CMakeFiles/vesc_msgs__rosidl_typesupport_fastrtps_c.dir/flags.make' has modification time 1718621343 s in the future
[1.766s] make[2]: warning:  Clock skew detected.  Your build may be incomplete.
[1.766s] make[2]: warning:  Clock skew detected.  Your build may be incomplete.
[1.766s] make[2]: Warning: File 'CMakeFiles/vesc_msgs.dir/progress.make' has modification time 1718621343 s in the future
[1.766s] make[2]: warning:  Clock skew detected.  Your build may be incomplete.
[1.766s] make[2]: Warning: File 'CMakeFiles/vesc_msgs.dir/progress.make' has modification time 1718621343 s in the future
[1.766s] make[2]: warning:  Clock skew detected.  Your build may be incomplete.
[1.766s] make[2]: Warning: File 'vesc_msgs__py/CMakeFiles/vesc_msgs__py.dir/progress.make' has modification time 1718621343 s in the future
[1.767s] make[2]: warning:  Clock skew detected.  Your build may be incomplete.
[1.767s] make[2]: Warning: File 'vesc_msgs__py/CMakeFiles/vesc_msgs__py.dir/progress.make' has modification time 1718621342 s in the future
[1.767s] make[2]: warning:  Clock skew detected.  Your build may be incomplete.
[1.767s] make[2]: Warning: File 'CMakeFiles/vesc_msgs__python.dir/flags.make' has modification time 1718621342 s in the future
[1.767s] make[2]: warning:  Clock skew detected.  Your build may be incomplete.
[1.767s] make[2]: Warning: File 'CMakeFiles/vesc_msgs__python.dir/flags.make' has modification time 1718621342 s in the future
[1.768s] make[2]: warning:  Clock skew detected.  Your build may be incomplete.
[1.768s] make[2]: Warning: File 'CMakeFiles/vesc_msgs__rosidl_typesupport_c__pyext.dir/flags.make' has modification time 1718621342 s in the future
[1.769s] make[2]: Warning: File 'CMakeFiles/vesc_msgs__rosidl_typesupport_introspection_c__pyext.dir/flags.make' has modification time 1718621342 s in the future
[1.769s] make[2]: Warning: File 'CMakeFiles/vesc_msgs__rosidl_typesupport_fastrtps_c__pyext.dir/flags.make' has modification time 1718621342 s in the future
[1.769s] make[2]: warning:  Clock skew detected.  Your build may be incomplete.
[1.769s] make[2]: Warning: File 'CMakeFiles/vesc_msgs__rosidl_typesupport_c__pyext.dir/flags.make' has modification time 1718621342 s in the future
[1.769s] make[2]: warning:  Clock skew detected.  Your build may be incomplete.
[1.769s] make[2]: warning:  Clock skew detected.  Your build may be incomplete.
[1.769s] make[2]: warning:  Clock skew detected.  Your build may be incomplete.
[1.769s] make[2]: Warning: File 'CMakeFiles/vesc_msgs__rosidl_typesupport_fastrtps_c__pyext.dir/flags.make' has modification time 1718621342 s in the future
[1.770s] make[2]: Warning: File 'CMakeFiles/vesc_msgs__rosidl_typesupport_introspection_c__pyext.dir/flags.make' has modification time 1718621342 s in the future
[1.770s] make[2]: warning:  Clock skew detected.  Your build may be incomplete.
[1.770s] make[2]: warning:  Clock skew detected.  Your build may be incomplete.
[1.845s] [ 96%] Built target vesc_msgs__rosidl_typesupport_fastrtps_c__pyext
[1.913s] [100%] Built target vesc_msgs__rosidl_typesupport_introspection_c__pyext
[1.920s] make[1]: warning:  Clock skew detected.  Your build may be incomplete.
[2.006s] make: warning:  Clock skew detected.  Your build may be incomplete.
[2.022s] Invoked command in '/home/dalv204/sandbox/f1tenth_ws/build/vesc_msgs' returned '0': /usr/bin/cmake --build /home/dalv204/sandbox/f1tenth_ws/build/vesc_msgs -- -j6 -l6
[5.870s] Invoking command in '/home/dalv204/sandbox/f1tenth_ws/build/vesc_msgs': /usr/bin/cmake --install /home/dalv204/sandbox/f1tenth_ws/build/vesc_msgs
[6.108s] -- Install configuration: ""
[6.108s] -- Up-to-date: /home/dalv204/sandbox/f1tenth_ws/install/vesc_msgs/share/ament_index/resource_index/rosidl_interfaces/vesc_msgs
[6.108s] -- Up-to-date: /home/dalv204/sandbox/f1tenth_ws/install/vesc_msgs/include/vesc_msgs
[6.109s] -- Up-to-date: /home/dalv204/sandbox/f1tenth_ws/install/vesc_msgs/include/vesc_msgs/msg
[6.109s] -- Up-to-date: /home/dalv204/sandbox/f1tenth_ws/install/vesc_msgs/include/vesc_msgs/msg/vesc_imu.h
[6.109s] -- Up-to-date: /home/dalv204/sandbox/f1tenth_ws/install/vesc_msgs/include/vesc_msgs/msg/vesc_imu_stamped.h
[6.109s] -- Up-to-date: /home/dalv204/sandbox/f1tenth_ws/install/vesc_msgs/include/vesc_msgs/msg/vesc_state.h
[6.109s] -- Up-to-date: /home/dalv204/sandbox/f1tenth_ws/install/vesc_msgs/include/vesc_msgs/msg/detail
[6.109s] -- Up-to-date: /home/dalv204/sandbox/f1tenth_ws/install/vesc_msgs/include/vesc_msgs/msg/detail/vesc_state__functions.c
[6.109s] -- Up-to-date: /home/dalv204/sandbox/f1tenth_ws/install/vesc_msgs/include/vesc_msgs/msg/detail/vesc_imu_stamped__functions.c
[6.109s] -- Up-to-date: /home/dalv204/sandbox/f1tenth_ws/install/vesc_msgs/include/vesc_msgs/msg/detail/vesc_imu__struct.h
[6.110s] -- Up-to-date: /home/dalv204/sandbox/f1tenth_ws/install/vesc_msgs/include/vesc_msgs/msg/detail/vesc_state_stamped__functions.c
[6.110s] -- Up-to-date: /home/dalv204/sandbox/f1tenth_ws/install/vesc_msgs/include/vesc_msgs/msg/detail/vesc_imu__type_support.h
[6.110s] -- Up-to-date: /home/dalv204/sandbox/f1tenth_ws/install/vesc_msgs/include/vesc_msgs/msg/detail/vesc_imu__functions.c
[6.110s] -- Up-to-date: /home/dalv204/sandbox/f1tenth_ws/install/vesc_msgs/include/vesc_msgs/msg/detail/vesc_state__struct.h
[6.111s] -- Up-to-date: /home/dalv204/sandbox/f1tenth_ws/install/vesc_msgs/include/vesc_msgs/msg/detail/vesc_imu_stamped__struct.h
[6.112s] -- Up-to-date: /home/dalv204/sandbox/f1tenth_ws/install/vesc_msgs/include/vesc_msgs/msg/detail/vesc_state__type_support.h
[6.113s] -- Up-to-date: /home/dalv204/sandbox/f1tenth_ws/install/vesc_msgs/include/vesc_msgs/msg/detail/vesc_imu__functions.h
[6.117s] -- Up-to-date: /home/dalv204/sandbox/f1tenth_ws/install/vesc_msgs/include/vesc_msgs/msg/detail/vesc_imu_stamped__type_support.h
[6.118s] -- Up-to-date: /home/dalv204/sandbox/f1tenth_ws/install/vesc_msgs/include/vesc_msgs/msg/detail/vesc_state_stamped__functions.h
[6.119s] -- Up-to-date: /home/dalv204/sandbox/f1tenth_ws/install/vesc_msgs/include/vesc_msgs/msg/detail/vesc_state__functions.h
[6.119s] -- Up-to-date: /home/dalv204/sandbox/f1tenth_ws/install/vesc_msgs/include/vesc_msgs/msg/detail/vesc_state_stamped__struct.h
[6.119s] -- Up-to-date: /home/dalv204/sandbox/f1tenth_ws/install/vesc_msgs/include/vesc_msgs/msg/detail/vesc_state_stamped__type_support.h
[6.119s] -- Up-to-date: /home/dalv204/sandbox/f1tenth_ws/install/vesc_msgs/include/vesc_msgs/msg/detail/vesc_imu_stamped__functions.h
[6.119s] -- Up-to-date: /home/dalv204/sandbox/f1tenth_ws/install/vesc_msgs/include/vesc_msgs/msg/vesc_state_stamped.h
[6.119s] -- Up-to-date: /home/dalv204/sandbox/f1tenth_ws/install/vesc_msgs/include/vesc_msgs/msg/rosidl_generator_c__visibility_control.h
[6.119s] -- Up-to-date: /home/dalv204/sandbox/f1tenth_ws/install/vesc_msgs/share/vesc_msgs/environment/library_path.sh
[6.120s] -- Up-to-date: /home/dalv204/sandbox/f1tenth_ws/install/vesc_msgs/share/vesc_msgs/environment/library_path.dsv
[6.120s] -- Up-to-date: /home/dalv204/sandbox/f1tenth_ws/install/vesc_msgs/lib/libvesc_msgs__rosidl_generator_c.so
[6.120s] -- Up-to-date: /home/dalv204/sandbox/f1tenth_ws/install/vesc_msgs/include/vesc_msgs
[6.120s] -- Up-to-date: /home/dalv204/sandbox/f1tenth_ws/install/vesc_msgs/include/vesc_msgs/msg
[6.120s] -- Up-to-date: /home/dalv204/sandbox/f1tenth_ws/install/vesc_msgs/include/vesc_msgs/msg/rosidl_typesupport_fastrtps_c__visibility_control.h
[6.120s] -- Up-to-date: /home/dalv204/sandbox/f1tenth_ws/install/vesc_msgs/include/vesc_msgs/msg/detail
[6.120s] -- Up-to-date: /home/dalv204/sandbox/f1tenth_ws/install/vesc_msgs/include/vesc_msgs/msg/detail/vesc_imu__rosidl_typesupport_fastrtps_c.h
[6.120s] -- Up-to-date: /home/dalv204/sandbox/f1tenth_ws/install/vesc_msgs/include/vesc_msgs/msg/detail/vesc_state__rosidl_typesupport_fastrtps_c.h
[6.121s] -- Up-to-date: /home/dalv204/sandbox/f1tenth_ws/install/vesc_msgs/include/vesc_msgs/msg/detail/vesc_state_stamped__rosidl_typesupport_fastrtps_c.h
[6.121s] -- Up-to-date: /home/dalv204/sandbox/f1tenth_ws/install/vesc_msgs/include/vesc_msgs/msg/detail/vesc_imu_stamped__rosidl_typesupport_fastrtps_c.h
[6.121s] -- Up-to-date: /home/dalv204/sandbox/f1tenth_ws/install/vesc_msgs/lib/libvesc_msgs__rosidl_typesupport_fastrtps_c.so
[6.121s] -- Up-to-date: /home/dalv204/sandbox/f1tenth_ws/install/vesc_msgs/include/vesc_msgs
[6.121s] -- Up-to-date: /home/dalv204/sandbox/f1tenth_ws/install/vesc_msgs/include/vesc_msgs/msg
[6.121s] -- Up-to-date: /home/dalv204/sandbox/f1tenth_ws/install/vesc_msgs/include/vesc_msgs/msg/rosidl_typesupport_fastrtps_cpp__visibility_control.h
[6.121s] -- Up-to-date: /home/dalv204/sandbox/f1tenth_ws/install/vesc_msgs/include/vesc_msgs/msg/detail
[6.121s] -- Up-to-date: /home/dalv204/sandbox/f1tenth_ws/install/vesc_msgs/include/vesc_msgs/msg/detail/vesc_imu__rosidl_typesupport_fastrtps_cpp.hpp
[6.122s] -- Up-to-date: /home/dalv204/sandbox/f1tenth_ws/install/vesc_msgs/include/vesc_msgs/msg/detail/vesc_imu_stamped__rosidl_typesupport_fastrtps_cpp.hpp
[6.122s] -- Up-to-date: /home/dalv204/sandbox/f1tenth_ws/install/vesc_msgs/include/vesc_msgs/msg/detail/dds_fastrtps
[6.122s] -- Up-to-date: /home/dalv204/sandbox/f1tenth_ws/install/vesc_msgs/include/vesc_msgs/msg/detail/vesc_state_stamped__rosidl_typesupport_fastrtps_cpp.hpp
[6.122s] -- Up-to-date: /home/dalv204/sandbox/f1tenth_ws/install/vesc_msgs/include/vesc_msgs/msg/detail/vesc_state__rosidl_typesupport_fastrtps_cpp.hpp
[6.122s] -- Up-to-date: /home/dalv204/sandbox/f1tenth_ws/install/vesc_msgs/lib/libvesc_msgs__rosidl_typesupport_fastrtps_cpp.so
[6.122s] -- Up-to-date: /home/dalv204/sandbox/f1tenth_ws/install/vesc_msgs/include/vesc_msgs
[6.122s] -- Up-to-date: /home/dalv204/sandbox/f1tenth_ws/install/vesc_msgs/include/vesc_msgs/msg
[6.122s] -- Up-to-date: /home/dalv204/sandbox/f1tenth_ws/install/vesc_msgs/include/vesc_msgs/msg/detail
[6.123s] -- Up-to-date: /home/dalv204/sandbox/f1tenth_ws/install/vesc_msgs/include/vesc_msgs/msg/detail/vesc_imu__type_support.c
[6.123s] -- Up-to-date: /home/dalv204/sandbox/f1tenth_ws/install/vesc_msgs/include/vesc_msgs/msg/detail/vesc_state_stamped__type_support.c
[6.123s] -- Up-to-date: /home/dalv204/sandbox/f1tenth_ws/install/vesc_msgs/include/vesc_msgs/msg/detail/vesc_state__rosidl_typesupport_introspection_c.h
[6.123s] -- Up-to-date: /home/dalv204/sandbox/f1tenth_ws/install/vesc_msgs/include/vesc_msgs/msg/detail/vesc_imu_stamped__rosidl_typesupport_introspection_c.h
[6.123s] -- Up-to-date: /home/dalv204/sandbox/f1tenth_ws/install/vesc_msgs/include/vesc_msgs/msg/detail/vesc_state__type_support.c
[6.123s] -- Up-to-date: /home/dalv204/sandbox/f1tenth_ws/install/vesc_msgs/include/vesc_msgs/msg/detail/vesc_state_stamped__rosidl_typesupport_introspection_c.h
[6.123s] -- Up-to-date: /home/dalv204/sandbox/f1tenth_ws/install/vesc_msgs/include/vesc_msgs/msg/detail/vesc_imu__rosidl_typesupport_introspection_c.h
[6.123s] -- Up-to-date: /home/dalv204/sandbox/f1tenth_ws/install/vesc_msgs/include/vesc_msgs/msg/detail/vesc_imu_stamped__type_support.c
[6.123s] -- Up-to-date: /home/dalv204/sandbox/f1tenth_ws/install/vesc_msgs/include/vesc_msgs/msg/rosidl_typesupport_introspection_c__visibility_control.h
[6.124s] -- Up-to-date: /home/dalv204/sandbox/f1tenth_ws/install/vesc_msgs/lib/libvesc_msgs__rosidl_typesupport_introspection_c.so
[6.124s] -- Up-to-date: /home/dalv204/sandbox/f1tenth_ws/install/vesc_msgs/lib/libvesc_msgs__rosidl_typesupport_c.so
[6.124s] -- Up-to-date: /home/dalv204/sandbox/f1tenth_ws/install/vesc_msgs/include/vesc_msgs
[6.124s] -- Up-to-date: /home/dalv204/sandbox/f1tenth_ws/install/vesc_msgs/include/vesc_msgs/msg
[6.124s] -- Up-to-date: /home/dalv204/sandbox/f1tenth_ws/install/vesc_msgs/include/vesc_msgs/msg/vesc_state_stamped.hpp
[6.124s] -- Up-to-date: /home/dalv204/sandbox/f1tenth_ws/install/vesc_msgs/include/vesc_msgs/msg/rosidl_generator_cpp__visibility_control.hpp
[6.124s] -- Up-to-date: /home/dalv204/sandbox/f1tenth_ws/install/vesc_msgs/include/vesc_msgs/msg/vesc_state.hpp
[6.125s] -- Up-to-date: /home/dalv204/sandbox/f1tenth_ws/install/vesc_msgs/include/vesc_msgs/msg/detail
[6.125s] -- Up-to-date: /home/dalv204/sandbox/f1tenth_ws/install/vesc_msgs/include/vesc_msgs/msg/detail/vesc_imu_stamped__struct.hpp
[6.125s] -- Up-to-date: /home/dalv204/sandbox/f1tenth_ws/install/vesc_msgs/include/vesc_msgs/msg/detail/vesc_imu_stamped__type_support.hpp
[6.125s] -- Up-to-date: /home/dalv204/sandbox/f1tenth_ws/install/vesc_msgs/include/vesc_msgs/msg/detail/vesc_imu__type_support.hpp
[6.125s] -- Up-to-date: /home/dalv204/sandbox/f1tenth_ws/install/vesc_msgs/include/vesc_msgs/msg/detail/vesc_state_stamped__builder.hpp
[6.125s] -- Up-to-date: /home/dalv204/sandbox/f1tenth_ws/install/vesc_msgs/include/vesc_msgs/msg/detail/vesc_state_stamped__struct.hpp
[6.125s] -- Up-to-date: /home/dalv204/sandbox/f1tenth_ws/install/vesc_msgs/include/vesc_msgs/msg/detail/vesc_imu__builder.hpp
[6.125s] -- Up-to-date: /home/dalv204/sandbox/f1tenth_ws/install/vesc_msgs/include/vesc_msgs/msg/detail/vesc_imu_stamped__traits.hpp
[6.126s] -- Up-to-date: /home/dalv204/sandbox/f1tenth_ws/install/vesc_msgs/include/vesc_msgs/msg/detail/vesc_state_stamped__traits.hpp
[6.126s] -- Up-to-date: /home/dalv204/sandbox/f1tenth_ws/install/vesc_msgs/include/vesc_msgs/msg/detail/vesc_state__struct.hpp
[6.126s] -- Up-to-date: /home/dalv204/sandbox/f1tenth_ws/install/vesc_msgs/include/vesc_msgs/msg/detail/vesc_state_stamped__type_support.hpp
[6.126s] -- Up-to-date: /home/dalv204/sandbox/f1tenth_ws/install/vesc_msgs/include/vesc_msgs/msg/detail/vesc_state__traits.hpp
[6.126s] -- Up-to-date: /home/dalv204/sandbox/f1tenth_ws/install/vesc_msgs/include/vesc_msgs/msg/detail/vesc_state__type_support.hpp
[6.126s] -- Up-to-date: /home/dalv204/sandbox/f1tenth_ws/install/vesc_msgs/include/vesc_msgs/msg/detail/vesc_state__builder.hpp
[6.126s] -- Up-to-date: /home/dalv204/sandbox/f1tenth_ws/install/vesc_msgs/include/vesc_msgs/msg/detail/vesc_imu_stamped__builder.hpp
[6.126s] -- Up-to-date: /home/dalv204/sandbox/f1tenth_ws/install/vesc_msgs/include/vesc_msgs/msg/detail/vesc_imu__traits.hpp
[6.131s] -- Up-to-date: /home/dalv204/sandbox/f1tenth_ws/install/vesc_msgs/include/vesc_msgs/msg/detail/vesc_imu__struct.hpp
[6.131s] -- Up-to-date: /home/dalv204/sandbox/f1tenth_ws/install/vesc_msgs/include/vesc_msgs/msg/vesc_imu_stamped.hpp
[6.131s] -- Up-to-date: /home/dalv204/sandbox/f1tenth_ws/install/vesc_msgs/include/vesc_msgs/msg/vesc_imu.hpp
[6.131s] -- Up-to-date: /home/dalv204/sandbox/f1tenth_ws/install/vesc_msgs/include/vesc_msgs
[6.132s] -- Up-to-date: /home/dalv204/sandbox/f1tenth_ws/install/vesc_msgs/include/vesc_msgs/msg
[6.132s] -- Up-to-date: /home/dalv204/sandbox/f1tenth_ws/install/vesc_msgs/include/vesc_msgs/msg/detail
[6.132s] -- Up-to-date: /home/dalv204/sandbox/f1tenth_ws/install/vesc_msgs/include/vesc_msgs/msg/detail/vesc_state__rosidl_typesupport_introspection_cpp.hpp
[6.132s] -- Up-to-date: /home/dalv204/sandbox/f1tenth_ws/install/vesc_msgs/include/vesc_msgs/msg/detail/vesc_imu__rosidl_typesupport_introspection_cpp.hpp
[6.132s] -- Up-to-date: /home/dalv204/sandbox/f1tenth_ws/install/vesc_msgs/include/vesc_msgs/msg/detail/vesc_state_stamped__rosidl_typesupport_introspection_cpp.hpp
[6.132s] -- Up-to-date: /home/dalv204/sandbox/f1tenth_ws/install/vesc_msgs/include/vesc_msgs/msg/detail/vesc_imu_stamped__rosidl_typesupport_introspection_cpp.hpp
[6.132s] -- Up-to-date: /home/dalv204/sandbox/f1tenth_ws/install/vesc_msgs/include/vesc_msgs/msg/detail/vesc_imu_stamped__type_support.cpp
[6.133s] -- Up-to-date: /home/dalv204/sandbox/f1tenth_ws/install/vesc_msgs/include/vesc_msgs/msg/detail/vesc_state_stamped__type_support.cpp
[6.133s] -- Up-to-date: /home/dalv204/sandbox/f1tenth_ws/install/vesc_msgs/include/vesc_msgs/msg/detail/vesc_state__type_support.cpp
[6.133s] -- Up-to-date: /home/dalv204/sandbox/f1tenth_ws/install/vesc_msgs/include/vesc_msgs/msg/detail/vesc_imu__type_support.cpp
[6.133s] -- Up-to-date: /home/dalv204/sandbox/f1tenth_ws/install/vesc_msgs/lib/libvesc_msgs__rosidl_typesupport_introspection_cpp.so
[6.133s] -- Up-to-date: /home/dalv204/sandbox/f1tenth_ws/install/vesc_msgs/lib/libvesc_msgs__rosidl_typesupport_cpp.so
[6.133s] -- Up-to-date: /home/dalv204/sandbox/f1tenth_ws/install/vesc_msgs/share/vesc_msgs/environment/pythonpath.sh
[6.133s] -- Up-to-date: /home/dalv204/sandbox/f1tenth_ws/install/vesc_msgs/share/vesc_msgs/environment/pythonpath.dsv
[6.133s] -- Up-to-date: /home/dalv204/sandbox/f1tenth_ws/install/vesc_msgs/lib/python3.8/site-packages/vesc_msgs/__init__.py
[6.134s] -- Up-to-date: /home/dalv204/sandbox/f1tenth_ws/install/vesc_msgs/lib/python3.8/site-packages/vesc_msgs/msg
[6.134s] -- Up-to-date: /home/dalv204/sandbox/f1tenth_ws/install/vesc_msgs/lib/python3.8/site-packages/vesc_msgs/msg/_vesc_imu_stamped_s.c
[6.134s] -- Up-to-date: /home/dalv204/sandbox/f1tenth_ws/install/vesc_msgs/lib/python3.8/site-packages/vesc_msgs/msg/_vesc_imu.py
[6.134s] -- Up-to-date: /home/dalv204/sandbox/f1tenth_ws/install/vesc_msgs/lib/python3.8/site-packages/vesc_msgs/msg/_vesc_state.py
[6.134s] -- Up-to-date: /home/dalv204/sandbox/f1tenth_ws/install/vesc_msgs/lib/python3.8/site-packages/vesc_msgs/msg/_vesc_state_stamped_s.c
[6.134s] -- Up-to-date: /home/dalv204/sandbox/f1tenth_ws/install/vesc_msgs/lib/python3.8/site-packages/vesc_msgs/msg/_vesc_state_stamped.py
[6.134s] -- Up-to-date: /home/dalv204/sandbox/f1tenth_ws/install/vesc_msgs/lib/python3.8/site-packages/vesc_msgs/msg/_vesc_state_s.c
[6.134s] -- Up-to-date: /home/dalv204/sandbox/f1tenth_ws/install/vesc_msgs/lib/python3.8/site-packages/vesc_msgs/msg/_vesc_imu_s.c
[6.135s] -- Up-to-date: /home/dalv204/sandbox/f1tenth_ws/install/vesc_msgs/lib/python3.8/site-packages/vesc_msgs/msg/_vesc_imu_stamped.py
[6.135s] -- Up-to-date: /home/dalv204/sandbox/f1tenth_ws/install/vesc_msgs/lib/python3.8/site-packages/vesc_msgs/msg/__init__.py
[6.135s] -- Up-to-date: /home/dalv204/sandbox/f1tenth_ws/install/vesc_msgs/lib/python3.8/site-packages/vesc_msgs/vesc_msgs_s__rosidl_typesupport_fastrtps_c.cpython-38-aarch64-linux-gnu.so
[6.135s] -- Up-to-date: /home/dalv204/sandbox/f1tenth_ws/install/vesc_msgs/lib/python3.8/site-packages/vesc_msgs/vesc_msgs_s__rosidl_typesupport_introspection_c.cpython-38-aarch64-linux-gnu.so
[6.135s] -- Up-to-date: /home/dalv204/sandbox/f1tenth_ws/install/vesc_msgs/lib/python3.8/site-packages/vesc_msgs/vesc_msgs_s__rosidl_typesupport_c.cpython-38-aarch64-linux-gnu.so
[6.135s] -- Up-to-date: /home/dalv204/sandbox/f1tenth_ws/install/vesc_msgs/lib/libvesc_msgs__python.so
[6.135s] -- Up-to-date: /home/dalv204/sandbox/f1tenth_ws/install/vesc_msgs/share/vesc_msgs/msg/VescState.idl
[6.135s] -- Up-to-date: /home/dalv204/sandbox/f1tenth_ws/install/vesc_msgs/share/vesc_msgs/msg/VescStateStamped.idl
[6.136s] -- Up-to-date: /home/dalv204/sandbox/f1tenth_ws/install/vesc_msgs/share/vesc_msgs/msg/VescImu.idl
[6.136s] -- Up-to-date: /home/dalv204/sandbox/f1tenth_ws/install/vesc_msgs/share/vesc_msgs/msg/VescImuStamped.idl
[6.136s] -- Up-to-date: /home/dalv204/sandbox/f1tenth_ws/install/vesc_msgs/share/vesc_msgs/msg/VescState.msg
[6.136s] -- Up-to-date: /home/dalv204/sandbox/f1tenth_ws/install/vesc_msgs/share/vesc_msgs/msg/VescStateStamped.msg
[6.136s] -- Up-to-date: /home/dalv204/sandbox/f1tenth_ws/install/vesc_msgs/share/vesc_msgs/msg/VescImu.msg
[6.141s] -- Up-to-date: /home/dalv204/sandbox/f1tenth_ws/install/vesc_msgs/share/vesc_msgs/msg/VescImuStamped.msg
[6.142s] -- Up-to-date: /home/dalv204/sandbox/f1tenth_ws/install/vesc_msgs/share/ament_index/resource_index/package_run_dependencies/vesc_msgs
[6.142s] -- Up-to-date: /home/dalv204/sandbox/f1tenth_ws/install/vesc_msgs/share/ament_index/resource_index/parent_prefix_path/vesc_msgs
[6.143s] -- Up-to-date: /home/dalv204/sandbox/f1tenth_ws/install/vesc_msgs/share/vesc_msgs/environment/ament_prefix_path.sh
[6.143s] -- Up-to-date: /home/dalv204/sandbox/f1tenth_ws/install/vesc_msgs/share/vesc_msgs/environment/ament_prefix_path.dsv
[6.143s] -- Up-to-date: /home/dalv204/sandbox/f1tenth_ws/install/vesc_msgs/share/vesc_msgs/environment/path.sh
[6.143s] -- Up-to-date: /home/dalv204/sandbox/f1tenth_ws/install/vesc_msgs/share/vesc_msgs/environment/path.dsv
[6.143s] -- Up-to-date: /home/dalv204/sandbox/f1tenth_ws/install/vesc_msgs/share/vesc_msgs/local_setup.bash
[6.143s] -- Up-to-date: /home/dalv204/sandbox/f1tenth_ws/install/vesc_msgs/share/vesc_msgs/local_setup.sh
[6.143s] -- Up-to-date: /home/dalv204/sandbox/f1tenth_ws/install/vesc_msgs/share/vesc_msgs/local_setup.zsh
[6.144s] -- Up-to-date: /home/dalv204/sandbox/f1tenth_ws/install/vesc_msgs/share/vesc_msgs/local_setup.dsv
[6.144s] -- Installing: /home/dalv204/sandbox/f1tenth_ws/install/vesc_msgs/share/vesc_msgs/package.dsv
[6.144s] -- Up-to-date: /home/dalv204/sandbox/f1tenth_ws/install/vesc_msgs/share/ament_index/resource_index/packages/vesc_msgs
[6.144s] -- Up-to-date: /home/dalv204/sandbox/f1tenth_ws/install/vesc_msgs/share/vesc_msgs/cmake/vesc_msgs__rosidl_generator_cExport.cmake
[6.144s] -- Up-to-date: /home/dalv204/sandbox/f1tenth_ws/install/vesc_msgs/share/vesc_msgs/cmake/vesc_msgs__rosidl_generator_cExport-noconfig.cmake
[6.153s] -- Up-to-date: /home/dalv204/sandbox/f1tenth_ws/install/vesc_msgs/share/vesc_msgs/cmake/vesc_msgs__rosidl_typesupport_introspection_cExport.cmake
[6.162s] -- Up-to-date: /home/dalv204/sandbox/f1tenth_ws/install/vesc_msgs/share/vesc_msgs/cmake/vesc_msgs__rosidl_typesupport_introspection_cExport-noconfig.cmake
[6.162s] -- Up-to-date: /home/dalv204/sandbox/f1tenth_ws/install/vesc_msgs/share/vesc_msgs/cmake/vesc_msgs__rosidl_typesupport_cExport.cmake
[6.162s] -- Up-to-date: /home/dalv204/sandbox/f1tenth_ws/install/vesc_msgs/share/vesc_msgs/cmake/vesc_msgs__rosidl_typesupport_cExport-noconfig.cmake
[6.162s] -- Up-to-date: /home/dalv204/sandbox/f1tenth_ws/install/vesc_msgs/share/vesc_msgs/cmake/vesc_msgs__rosidl_generator_cppExport.cmake
[6.162s] -- Up-to-date: /home/dalv204/sandbox/f1tenth_ws/install/vesc_msgs/share/vesc_msgs/cmake/vesc_msgs__rosidl_typesupport_introspection_cppExport.cmake
[6.163s] -- Up-to-date: /home/dalv204/sandbox/f1tenth_ws/install/vesc_msgs/share/vesc_msgs/cmake/vesc_msgs__rosidl_typesupport_introspection_cppExport-noconfig.cmake
[6.163s] -- Up-to-date: /home/dalv204/sandbox/f1tenth_ws/install/vesc_msgs/share/vesc_msgs/cmake/vesc_msgs__rosidl_typesupport_cppExport.cmake
[6.163s] -- Up-to-date: /home/dalv204/sandbox/f1tenth_ws/install/vesc_msgs/share/vesc_msgs/cmake/vesc_msgs__rosidl_typesupport_cppExport-noconfig.cmake
[6.163s] -- Up-to-date: /home/dalv204/sandbox/f1tenth_ws/install/vesc_msgs/share/vesc_msgs/cmake/rosidl_cmake-extras.cmake
[6.163s] -- Up-to-date: /home/dalv204/sandbox/f1tenth_ws/install/vesc_msgs/share/vesc_msgs/cmake/ament_cmake_export_dependencies-extras.cmake
[6.163s] -- Up-to-date: /home/dalv204/sandbox/f1tenth_ws/install/vesc_msgs/share/vesc_msgs/cmake/ament_cmake_export_libraries-extras.cmake
[6.166s] -- Up-to-date: /home/dalv204/sandbox/f1tenth_ws/install/vesc_msgs/share/vesc_msgs/cmake/ament_cmake_export_targets-extras.cmake
[6.166s] -- Up-to-date: /home/dalv204/sandbox/f1tenth_ws/install/vesc_msgs/share/vesc_msgs/cmake/ament_cmake_export_include_directories-extras.cmake
[6.167s] -- Up-to-date: /home/dalv204/sandbox/f1tenth_ws/install/vesc_msgs/share/vesc_msgs/cmake/rosidl_cmake_export_typesupport_libraries-extras.cmake
[6.167s] -- Up-to-date: /home/dalv204/sandbox/f1tenth_ws/install/vesc_msgs/share/vesc_msgs/cmake/rosidl_cmake_export_typesupport_targets-extras.cmake
[6.167s] -- Up-to-date: /home/dalv204/sandbox/f1tenth_ws/install/vesc_msgs/share/vesc_msgs/cmake/vesc_msgsConfig.cmake
[6.167s] -- Up-to-date: /home/dalv204/sandbox/f1tenth_ws/install/vesc_msgs/share/vesc_msgs/cmake/vesc_msgsConfig-version.cmake
[6.167s] -- Up-to-date: /home/dalv204/sandbox/f1tenth_ws/install/vesc_msgs/share/vesc_msgs/package.xml
[6.219s] Invoked command in '/home/dalv204/sandbox/f1tenth_ws/build/vesc_msgs' returned '0': /usr/bin/cmake --install /home/dalv204/sandbox/f1tenth_ws/build/vesc_msgs
