[0.050s] Invoking command in '/home/dalv204/sandbox/f1tenth_ws/build/teleop_tools': AMENT_PREFIX_PATH=/home/dalv204/sandbox/f1tenth_ws/install/joy_teleop:/home/dalv204/sandbox/f1tenth_ws/install/teleop_tools_msgs:/home/dalv204/sandbox/f1tenth_ws/install/key_teleop:${AMENT_PREFIX_PATH} CMAKE_PREFIX_PATH=/home/dalv204/sandbox/f1tenth_ws/install/teleop_tools_msgs${CMAKE_PREFIX_PATH} LD_LIBRARY_PATH=/home/dalv204/sandbox/f1tenth_ws/install/teleop_tools_msgs/lib:${LD_LIBRARY_PATH} PYTHONPATH=/home/dalv204/sandbox/f1tenth_ws/install/joy_teleop/lib/python3.8/site-packages:/home/dalv204/sandbox/f1tenth_ws/install/teleop_tools_msgs/lib/python3.8/site-packages:/home/dalv204/sandbox/f1tenth_ws/install/key_teleop/lib/python3.8/site-packages:${PYTHONPATH} /usr/bin/cmake --build /home/dalv204/sandbox/f1tenth_ws/build/teleop_tools -- -j6 -l6
[0.071s] make: Warning: File 'Makefile' has modification time 1718621368 s in the future
[0.115s] make[1]: Warning: File 'CMakeFiles/Makefile2' has modification time 1718621368 s in the future
[0.115s] make[1]: warning:  Clock skew detected.  Your build may be incomplete.
[0.131s] make: warning:  Clock skew detected.  Your build may be incomplete.
[0.528s] Invoked command in '/home/dalv204/sandbox/f1tenth_ws/build/teleop_tools' returned '0': AMENT_PREFIX_PATH=/home/dalv204/sandbox/f1tenth_ws/install/joy_teleop:/home/dalv204/sandbox/f1tenth_ws/install/teleop_tools_msgs:/home/dalv204/sandbox/f1tenth_ws/install/key_teleop:${AMENT_PREFIX_PATH} CMAKE_PREFIX_PATH=/home/dalv204/sandbox/f1tenth_ws/install/teleop_tools_msgs${CMAKE_PREFIX_PATH} LD_LIBRARY_PATH=/home/dalv204/sandbox/f1tenth_ws/install/teleop_tools_msgs/lib:${LD_LIBRARY_PATH} PYTHONPATH=/home/dalv204/sandbox/f1tenth_ws/install/joy_teleop/lib/python3.8/site-packages:/home/dalv204/sandbox/f1tenth_ws/install/teleop_tools_msgs/lib/python3.8/site-packages:/home/dalv204/sandbox/f1tenth_ws/install/key_teleop/lib/python3.8/site-packages:${PYTHONPATH} /usr/bin/cmake --build /home/dalv204/sandbox/f1tenth_ws/build/teleop_tools -- -j6 -l6
[0.573s] Invoking command in '/home/dalv204/sandbox/f1tenth_ws/build/teleop_tools': AMENT_PREFIX_PATH=/home/dalv204/sandbox/f1tenth_ws/install/joy_teleop:/home/dalv204/sandbox/f1tenth_ws/install/teleop_tools_msgs:/home/dalv204/sandbox/f1tenth_ws/install/key_teleop:${AMENT_PREFIX_PATH} CMAKE_PREFIX_PATH=/home/dalv204/sandbox/f1tenth_ws/install/teleop_tools_msgs${CMAKE_PREFIX_PATH} LD_LIBRARY_PATH=/home/dalv204/sandbox/f1tenth_ws/install/teleop_tools_msgs/lib:${LD_LIBRARY_PATH} PYTHONPATH=/home/dalv204/sandbox/f1tenth_ws/install/joy_teleop/lib/python3.8/site-packages:/home/dalv204/sandbox/f1tenth_ws/install/teleop_tools_msgs/lib/python3.8/site-packages:/home/dalv204/sandbox/f1tenth_ws/install/key_teleop/lib/python3.8/site-packages:${PYTHONPATH} /usr/bin/cmake --install /home/dalv204/sandbox/f1tenth_ws/build/teleop_tools
[0.595s] -- Install configuration: ""
[0.596s] -- Up-to-date: /home/dalv204/sandbox/f1tenth_ws/install/teleop_tools/share/ament_index/resource_index/package_run_dependencies/teleop_tools
[0.596s] -- Up-to-date: /home/dalv204/sandbox/f1tenth_ws/install/teleop_tools/share/ament_index/resource_index/parent_prefix_path/teleop_tools
[0.597s] -- Up-to-date: /home/dalv204/sandbox/f1tenth_ws/install/teleop_tools/share/teleop_tools/environment/ament_prefix_path.sh
[0.597s] -- Up-to-date: /home/dalv204/sandbox/f1tenth_ws/install/teleop_tools/share/teleop_tools/environment/ament_prefix_path.dsv
[0.597s] -- Up-to-date: /home/dalv204/sandbox/f1tenth_ws/install/teleop_tools/share/teleop_tools/environment/path.sh
[0.597s] -- Up-to-date: /home/dalv204/sandbox/f1tenth_ws/install/teleop_tools/share/teleop_tools/environment/path.dsv
[0.598s] -- Up-to-date: /home/dalv204/sandbox/f1tenth_ws/install/teleop_tools/share/teleop_tools/local_setup.bash
[0.598s] -- Up-to-date: /home/dalv204/sandbox/f1tenth_ws/install/teleop_tools/share/teleop_tools/local_setup.sh
[0.598s] -- Up-to-date: /home/dalv204/sandbox/f1tenth_ws/install/teleop_tools/share/teleop_tools/local_setup.zsh
[0.598s] -- Up-to-date: /home/dalv204/sandbox/f1tenth_ws/install/teleop_tools/share/teleop_tools/local_setup.dsv
[0.598s] -- Installing: /home/dalv204/sandbox/f1tenth_ws/install/teleop_tools/share/teleop_tools/package.dsv
[0.599s] -- Up-to-date: /home/dalv204/sandbox/f1tenth_ws/install/teleop_tools/share/ament_index/resource_index/packages/teleop_tools
[0.599s] -- Up-to-date: /home/dalv204/sandbox/f1tenth_ws/install/teleop_tools/share/teleop_tools/cmake/teleop_toolsConfig.cmake
[0.599s] -- Up-to-date: /home/dalv204/sandbox/f1tenth_ws/install/teleop_tools/share/teleop_tools/cmake/teleop_toolsConfig-version.cmake
[0.600s] -- Up-to-date: /home/dalv204/sandbox/f1tenth_ws/install/teleop_tools/share/teleop_tools/package.xml
[0.606s] Invoked command in '/home/dalv204/sandbox/f1tenth_ws/build/teleop_tools' returned '0': AMENT_PREFIX_PATH=/home/dalv204/sandbox/f1tenth_ws/install/joy_teleop:/home/dalv204/sandbox/f1tenth_ws/install/teleop_tools_msgs:/home/dalv204/sandbox/f1tenth_ws/install/key_teleop:${AMENT_PREFIX_PATH} CMAKE_PREFIX_PATH=/home/dalv204/sandbox/f1tenth_ws/install/teleop_tools_msgs${CMAKE_PREFIX_PATH} LD_LIBRARY_PATH=/home/dalv204/sandbox/f1tenth_ws/install/teleop_tools_msgs/lib:${LD_LIBRARY_PATH} PYTHONPATH=/home/dalv204/sandbox/f1tenth_ws/install/joy_teleop/lib/python3.8/site-packages:/home/dalv204/sandbox/f1tenth_ws/install/teleop_tools_msgs/lib/python3.8/site-packages:/home/dalv204/sandbox/f1tenth_ws/install/key_teleop/lib/python3.8/site-packages:${PYTHONPATH} /usr/bin/cmake --install /home/dalv204/sandbox/f1tenth_ws/build/teleop_tools
