[0.102s] Invoking command in '/home/dalv204/sandbox/f1tenth_ws/build/vesc_msgs': /usr/bin/cmake --build /home/dalv204/sandbox/f1tenth_ws/build/vesc_msgs -- -j6 -l6
[0.651s] [  1%] Built target vesc_msgs__cpp
[0.651s] [ 12%] Built target vesc_msgs__rosidl_generator_c
[0.651s] [ 23%] Built target vesc_msgs__rosidl_typesupport_fastrtps_cpp
[0.651s] [ 34%] Built target vesc_msgs__rosidl_typesupport_introspection_cpp
[0.651s] [ 45%] Built target vesc_msgs__rosidl_typesupport_cpp
[0.652s] [ 56%] Built target vesc_msgs__rosidl_typesupport_c
[0.652s] [ 67%] Built target vesc_msgs__rosidl_typesupport_introspection_c
[0.652s] [ 78%] Built target vesc_msgs__rosidl_typesupport_fastrtps_c
[0.652s] [ 78%] Built target vesc_msgs
[0.659s] [ 80%] Built target vesc_msgs__py
[0.741s] [ 89%] Built target vesc_msgs__python
[0.856s] [ 92%] Built target vesc_msgs__rosidl_typesupport_c__pyext
[0.875s] [ 96%] Built target vesc_msgs__rosidl_typesupport_fastrtps_c__pyext
[0.880s] [100%] Built target vesc_msgs__rosidl_typesupport_introspection_c__pyext
[0.924s] Invoked command in '/home/dalv204/sandbox/f1tenth_ws/build/vesc_msgs' returned '0': /usr/bin/cmake --build /home/dalv204/sandbox/f1tenth_ws/build/vesc_msgs -- -j6 -l6
[1.601s] Invoking command in '/home/dalv204/sandbox/f1tenth_ws/build/vesc_msgs': /usr/bin/cmake --install /home/dalv204/sandbox/f1tenth_ws/build/vesc_msgs
[1.634s] -- Install configuration: ""
[1.634s] -- Up-to-date: /home/dalv204/sandbox/f1tenth_ws/install/vesc_msgs/share/ament_index/resource_index/rosidl_interfaces/vesc_msgs
[1.634s] -- Up-to-date: /home/dalv204/sandbox/f1tenth_ws/install/vesc_msgs/include/vesc_msgs
[1.639s] -- Up-to-date: /home/dalv204/sandbox/f1tenth_ws/install/vesc_msgs/include/vesc_msgs/msg
[1.639s] -- Up-to-date: /home/dalv204/sandbox/f1tenth_ws/install/vesc_msgs/include/vesc_msgs/msg/vesc_imu.h
[1.639s] -- Up-to-date: /home/dalv204/sandbox/f1tenth_ws/install/vesc_msgs/include/vesc_msgs/msg/vesc_imu_stamped.h
[1.639s] -- Up-to-date: /home/dalv204/sandbox/f1tenth_ws/install/vesc_msgs/include/vesc_msgs/msg/vesc_state.h
[1.640s] -- Up-to-date: /home/dalv204/sandbox/f1tenth_ws/install/vesc_msgs/include/vesc_msgs/msg/detail
[1.640s] -- Up-to-date: /home/dalv204/sandbox/f1tenth_ws/install/vesc_msgs/include/vesc_msgs/msg/detail/vesc_state__functions.c
[1.640s] -- Up-to-date: /home/dalv204/sandbox/f1tenth_ws/install/vesc_msgs/include/vesc_msgs/msg/detail/vesc_imu_stamped__functions.c
[1.640s] -- Up-to-date: /home/dalv204/sandbox/f1tenth_ws/install/vesc_msgs/include/vesc_msgs/msg/detail/vesc_imu__struct.h
[1.640s] -- Up-to-date: /home/dalv204/sandbox/f1tenth_ws/install/vesc_msgs/include/vesc_msgs/msg/detail/vesc_state_stamped__functions.c
[1.640s] -- Up-to-date: /home/dalv204/sandbox/f1tenth_ws/install/vesc_msgs/include/vesc_msgs/msg/detail/vesc_imu__type_support.h
[1.640s] -- Up-to-date: /home/dalv204/sandbox/f1tenth_ws/install/vesc_msgs/include/vesc_msgs/msg/detail/vesc_imu__functions.c
[1.641s] -- Up-to-date: /home/dalv204/sandbox/f1tenth_ws/install/vesc_msgs/include/vesc_msgs/msg/detail/vesc_state__struct.h
[1.641s] -- Up-to-date: /home/dalv204/sandbox/f1tenth_ws/install/vesc_msgs/include/vesc_msgs/msg/detail/vesc_imu_stamped__struct.h
[1.641s] -- Up-to-date: /home/dalv204/sandbox/f1tenth_ws/install/vesc_msgs/include/vesc_msgs/msg/detail/vesc_state__type_support.h
[1.641s] -- Up-to-date: /home/dalv204/sandbox/f1tenth_ws/install/vesc_msgs/include/vesc_msgs/msg/detail/vesc_imu__functions.h
[1.641s] -- Up-to-date: /home/dalv204/sandbox/f1tenth_ws/install/vesc_msgs/include/vesc_msgs/msg/detail/vesc_imu_stamped__type_support.h
[1.642s] -- Up-to-date: /home/dalv204/sandbox/f1tenth_ws/install/vesc_msgs/include/vesc_msgs/msg/detail/vesc_state_stamped__functions.h
[1.643s] -- Up-to-date: /home/dalv204/sandbox/f1tenth_ws/install/vesc_msgs/include/vesc_msgs/msg/detail/vesc_state__functions.h
[1.643s] -- Up-to-date: /home/dalv204/sandbox/f1tenth_ws/install/vesc_msgs/include/vesc_msgs/msg/detail/vesc_state_stamped__struct.h
[1.643s] -- Up-to-date: /home/dalv204/sandbox/f1tenth_ws/install/vesc_msgs/include/vesc_msgs/msg/detail/vesc_state_stamped__type_support.h
[1.644s] -- Up-to-date: /home/dalv204/sandbox/f1tenth_ws/install/vesc_msgs/include/vesc_msgs/msg/detail/vesc_imu_stamped__functions.h
[1.644s] -- Up-to-date: /home/dalv204/sandbox/f1tenth_ws/install/vesc_msgs/include/vesc_msgs/msg/vesc_state_stamped.h
[1.645s] -- Up-to-date: /home/dalv204/sandbox/f1tenth_ws/install/vesc_msgs/include/vesc_msgs/msg/rosidl_generator_c__visibility_control.h
[1.645s] -- Up-to-date: /home/dalv204/sandbox/f1tenth_ws/install/vesc_msgs/share/vesc_msgs/environment/library_path.sh
[1.646s] -- Up-to-date: /home/dalv204/sandbox/f1tenth_ws/install/vesc_msgs/share/vesc_msgs/environment/library_path.dsv
[1.646s] -- Up-to-date: /home/dalv204/sandbox/f1tenth_ws/install/vesc_msgs/lib/libvesc_msgs__rosidl_generator_c.so
[1.646s] -- Up-to-date: /home/dalv204/sandbox/f1tenth_ws/install/vesc_msgs/include/vesc_msgs
[1.648s] -- Up-to-date: /home/dalv204/sandbox/f1tenth_ws/install/vesc_msgs/include/vesc_msgs/msg
[1.649s] -- Up-to-date: /home/dalv204/sandbox/f1tenth_ws/install/vesc_msgs/include/vesc_msgs/msg/rosidl_typesupport_fastrtps_c__visibility_control.h
[1.649s] -- Up-to-date: /home/dalv204/sandbox/f1tenth_ws/install/vesc_msgs/include/vesc_msgs/msg/detail
[1.650s] -- Up-to-date: /home/dalv204/sandbox/f1tenth_ws/install/vesc_msgs/include/vesc_msgs/msg/detail/vesc_imu__rosidl_typesupport_fastrtps_c.h
[1.650s] -- Up-to-date: /home/dalv204/sandbox/f1tenth_ws/install/vesc_msgs/include/vesc_msgs/msg/detail/vesc_state__rosidl_typesupport_fastrtps_c.h
[1.650s] -- Up-to-date: /home/dalv204/sandbox/f1tenth_ws/install/vesc_msgs/include/vesc_msgs/msg/detail/vesc_state_stamped__rosidl_typesupport_fastrtps_c.h
[1.650s] -- Up-to-date: /home/dalv204/sandbox/f1tenth_ws/install/vesc_msgs/include/vesc_msgs/msg/detail/vesc_imu_stamped__rosidl_typesupport_fastrtps_c.h
[1.650s] -- Up-to-date: /home/dalv204/sandbox/f1tenth_ws/install/vesc_msgs/lib/libvesc_msgs__rosidl_typesupport_fastrtps_c.so
[1.651s] -- Up-to-date: /home/dalv204/sandbox/f1tenth_ws/install/vesc_msgs/include/vesc_msgs
[1.651s] -- Up-to-date: /home/dalv204/sandbox/f1tenth_ws/install/vesc_msgs/include/vesc_msgs/msg
[1.651s] -- Up-to-date: /home/dalv204/sandbox/f1tenth_ws/install/vesc_msgs/include/vesc_msgs/msg/rosidl_typesupport_fastrtps_cpp__visibility_control.h
[1.651s] -- Up-to-date: /home/dalv204/sandbox/f1tenth_ws/install/vesc_msgs/include/vesc_msgs/msg/detail
[1.651s] -- Up-to-date: /home/dalv204/sandbox/f1tenth_ws/install/vesc_msgs/include/vesc_msgs/msg/detail/vesc_imu__rosidl_typesupport_fastrtps_cpp.hpp
[1.652s] -- Up-to-date: /home/dalv204/sandbox/f1tenth_ws/install/vesc_msgs/include/vesc_msgs/msg/detail/vesc_imu_stamped__rosidl_typesupport_fastrtps_cpp.hpp
[1.652s] -- Up-to-date: /home/dalv204/sandbox/f1tenth_ws/install/vesc_msgs/include/vesc_msgs/msg/detail/dds_fastrtps
[1.653s] -- Up-to-date: /home/dalv204/sandbox/f1tenth_ws/install/vesc_msgs/include/vesc_msgs/msg/detail/vesc_state_stamped__rosidl_typesupport_fastrtps_cpp.hpp
[1.653s] -- Up-to-date: /home/dalv204/sandbox/f1tenth_ws/install/vesc_msgs/include/vesc_msgs/msg/detail/vesc_state__rosidl_typesupport_fastrtps_cpp.hpp
[1.653s] -- Up-to-date: /home/dalv204/sandbox/f1tenth_ws/install/vesc_msgs/lib/libvesc_msgs__rosidl_typesupport_fastrtps_cpp.so
[1.653s] -- Up-to-date: /home/dalv204/sandbox/f1tenth_ws/install/vesc_msgs/include/vesc_msgs
[1.653s] -- Up-to-date: /home/dalv204/sandbox/f1tenth_ws/install/vesc_msgs/include/vesc_msgs/msg
[1.654s] -- Up-to-date: /home/dalv204/sandbox/f1tenth_ws/install/vesc_msgs/include/vesc_msgs/msg/detail
[1.654s] -- Up-to-date: /home/dalv204/sandbox/f1tenth_ws/install/vesc_msgs/include/vesc_msgs/msg/detail/vesc_imu__type_support.c
[1.655s] -- Up-to-date: /home/dalv204/sandbox/f1tenth_ws/install/vesc_msgs/include/vesc_msgs/msg/detail/vesc_state_stamped__type_support.c
[1.655s] -- Up-to-date: /home/dalv204/sandbox/f1tenth_ws/install/vesc_msgs/include/vesc_msgs/msg/detail/vesc_state__rosidl_typesupport_introspection_c.h
[1.655s] -- Up-to-date: /home/dalv204/sandbox/f1tenth_ws/install/vesc_msgs/include/vesc_msgs/msg/detail/vesc_imu_stamped__rosidl_typesupport_introspection_c.h
[1.656s] -- Up-to-date: /home/dalv204/sandbox/f1tenth_ws/install/vesc_msgs/include/vesc_msgs/msg/detail/vesc_state__type_support.c
[1.656s] -- Up-to-date: /home/dalv204/sandbox/f1tenth_ws/install/vesc_msgs/include/vesc_msgs/msg/detail/vesc_state_stamped__rosidl_typesupport_introspection_c.h
[1.656s] -- Up-to-date: /home/dalv204/sandbox/f1tenth_ws/install/vesc_msgs/include/vesc_msgs/msg/detail/vesc_imu__rosidl_typesupport_introspection_c.h
[1.656s] -- Up-to-date: /home/dalv204/sandbox/f1tenth_ws/install/vesc_msgs/include/vesc_msgs/msg/detail/vesc_imu_stamped__type_support.c
[1.656s] -- Up-to-date: /home/dalv204/sandbox/f1tenth_ws/install/vesc_msgs/include/vesc_msgs/msg/rosidl_typesupport_introspection_c__visibility_control.h
[1.656s] -- Up-to-date: /home/dalv204/sandbox/f1tenth_ws/install/vesc_msgs/lib/libvesc_msgs__rosidl_typesupport_introspection_c.so
[1.656s] -- Up-to-date: /home/dalv204/sandbox/f1tenth_ws/install/vesc_msgs/lib/libvesc_msgs__rosidl_typesupport_c.so
[1.656s] -- Up-to-date: /home/dalv204/sandbox/f1tenth_ws/install/vesc_msgs/include/vesc_msgs
[1.657s] -- Up-to-date: /home/dalv204/sandbox/f1tenth_ws/install/vesc_msgs/include/vesc_msgs/msg
[1.657s] -- Up-to-date: /home/dalv204/sandbox/f1tenth_ws/install/vesc_msgs/include/vesc_msgs/msg/vesc_state_stamped.hpp
[1.657s] -- Up-to-date: /home/dalv204/sandbox/f1tenth_ws/install/vesc_msgs/include/vesc_msgs/msg/rosidl_generator_cpp__visibility_control.hpp
[1.657s] -- Up-to-date: /home/dalv204/sandbox/f1tenth_ws/install/vesc_msgs/include/vesc_msgs/msg/vesc_state.hpp
[1.657s] -- Up-to-date: /home/dalv204/sandbox/f1tenth_ws/install/vesc_msgs/include/vesc_msgs/msg/detail
[1.657s] -- Up-to-date: /home/dalv204/sandbox/f1tenth_ws/install/vesc_msgs/include/vesc_msgs/msg/detail/vesc_imu_stamped__struct.hpp
[1.658s] -- Up-to-date: /home/dalv204/sandbox/f1tenth_ws/install/vesc_msgs/include/vesc_msgs/msg/detail/vesc_imu_stamped__type_support.hpp
[1.658s] -- Up-to-date: /home/dalv204/sandbox/f1tenth_ws/install/vesc_msgs/include/vesc_msgs/msg/detail/vesc_imu__type_support.hpp
[1.658s] -- Up-to-date: /home/dalv204/sandbox/f1tenth_ws/install/vesc_msgs/include/vesc_msgs/msg/detail/vesc_state_stamped__builder.hpp
[1.658s] -- Up-to-date: /home/dalv204/sandbox/f1tenth_ws/install/vesc_msgs/include/vesc_msgs/msg/detail/vesc_state_stamped__struct.hpp
[1.658s] -- Up-to-date: /home/dalv204/sandbox/f1tenth_ws/install/vesc_msgs/include/vesc_msgs/msg/detail/vesc_imu__builder.hpp
[1.658s] -- Up-to-date: /home/dalv204/sandbox/f1tenth_ws/install/vesc_msgs/include/vesc_msgs/msg/detail/vesc_imu_stamped__traits.hpp
[1.658s] -- Up-to-date: /home/dalv204/sandbox/f1tenth_ws/install/vesc_msgs/include/vesc_msgs/msg/detail/vesc_state_stamped__traits.hpp
[1.658s] -- Up-to-date: /home/dalv204/sandbox/f1tenth_ws/install/vesc_msgs/include/vesc_msgs/msg/detail/vesc_state__struct.hpp
[1.658s] -- Up-to-date: /home/dalv204/sandbox/f1tenth_ws/install/vesc_msgs/include/vesc_msgs/msg/detail/vesc_state_stamped__type_support.hpp
[1.659s] -- Up-to-date: /home/dalv204/sandbox/f1tenth_ws/install/vesc_msgs/include/vesc_msgs/msg/detail/vesc_state__traits.hpp
[1.659s] -- Up-to-date: /home/dalv204/sandbox/f1tenth_ws/install/vesc_msgs/include/vesc_msgs/msg/detail/vesc_state__type_support.hpp
[1.659s] -- Up-to-date: /home/dalv204/sandbox/f1tenth_ws/install/vesc_msgs/include/vesc_msgs/msg/detail/vesc_state__builder.hpp
[1.659s] -- Up-to-date: /home/dalv204/sandbox/f1tenth_ws/install/vesc_msgs/include/vesc_msgs/msg/detail/vesc_imu_stamped__builder.hpp
[1.659s] -- Up-to-date: /home/dalv204/sandbox/f1tenth_ws/install/vesc_msgs/include/vesc_msgs/msg/detail/vesc_imu__traits.hpp
[1.659s] -- Up-to-date: /home/dalv204/sandbox/f1tenth_ws/install/vesc_msgs/include/vesc_msgs/msg/detail/vesc_imu__struct.hpp
[1.659s] -- Up-to-date: /home/dalv204/sandbox/f1tenth_ws/install/vesc_msgs/include/vesc_msgs/msg/vesc_imu_stamped.hpp
[1.659s] -- Up-to-date: /home/dalv204/sandbox/f1tenth_ws/install/vesc_msgs/include/vesc_msgs/msg/vesc_imu.hpp
[1.660s] -- Up-to-date: /home/dalv204/sandbox/f1tenth_ws/install/vesc_msgs/include/vesc_msgs
[1.660s] -- Up-to-date: /home/dalv204/sandbox/f1tenth_ws/install/vesc_msgs/include/vesc_msgs/msg
[1.660s] -- Up-to-date: /home/dalv204/sandbox/f1tenth_ws/install/vesc_msgs/include/vesc_msgs/msg/detail
[1.660s] -- Up-to-date: /home/dalv204/sandbox/f1tenth_ws/install/vesc_msgs/include/vesc_msgs/msg/detail/vesc_state__rosidl_typesupport_introspection_cpp.hpp
[1.660s] -- Up-to-date: /home/dalv204/sandbox/f1tenth_ws/install/vesc_msgs/include/vesc_msgs/msg/detail/vesc_imu__rosidl_typesupport_introspection_cpp.hpp
[1.660s] -- Up-to-date: /home/dalv204/sandbox/f1tenth_ws/install/vesc_msgs/include/vesc_msgs/msg/detail/vesc_state_stamped__rosidl_typesupport_introspection_cpp.hpp
[1.660s] -- Up-to-date: /home/dalv204/sandbox/f1tenth_ws/install/vesc_msgs/include/vesc_msgs/msg/detail/vesc_imu_stamped__rosidl_typesupport_introspection_cpp.hpp
[1.660s] -- Up-to-date: /home/dalv204/sandbox/f1tenth_ws/install/vesc_msgs/include/vesc_msgs/msg/detail/vesc_imu_stamped__type_support.cpp
[1.661s] -- Up-to-date: /home/dalv204/sandbox/f1tenth_ws/install/vesc_msgs/include/vesc_msgs/msg/detail/vesc_state_stamped__type_support.cpp
[1.661s] -- Up-to-date: /home/dalv204/sandbox/f1tenth_ws/install/vesc_msgs/include/vesc_msgs/msg/detail/vesc_state__type_support.cpp
[1.661s] -- Up-to-date: /home/dalv204/sandbox/f1tenth_ws/install/vesc_msgs/include/vesc_msgs/msg/detail/vesc_imu__type_support.cpp
[1.661s] -- Up-to-date: /home/dalv204/sandbox/f1tenth_ws/install/vesc_msgs/lib/libvesc_msgs__rosidl_typesupport_introspection_cpp.so
[1.661s] -- Up-to-date: /home/dalv204/sandbox/f1tenth_ws/install/vesc_msgs/lib/libvesc_msgs__rosidl_typesupport_cpp.so
[1.661s] -- Up-to-date: /home/dalv204/sandbox/f1tenth_ws/install/vesc_msgs/share/vesc_msgs/environment/pythonpath.sh
[1.661s] -- Up-to-date: /home/dalv204/sandbox/f1tenth_ws/install/vesc_msgs/share/vesc_msgs/environment/pythonpath.dsv
[1.661s] -- Up-to-date: /home/dalv204/sandbox/f1tenth_ws/install/vesc_msgs/lib/python3.8/site-packages/vesc_msgs/__init__.py
[1.728s] -- Up-to-date: /home/dalv204/sandbox/f1tenth_ws/install/vesc_msgs/lib/python3.8/site-packages/vesc_msgs/msg
[1.729s] -- Up-to-date: /home/dalv204/sandbox/f1tenth_ws/install/vesc_msgs/lib/python3.8/site-packages/vesc_msgs/msg/_vesc_imu_stamped_s.c
[1.729s] -- Up-to-date: /home/dalv204/sandbox/f1tenth_ws/install/vesc_msgs/lib/python3.8/site-packages/vesc_msgs/msg/_vesc_imu.py
[1.729s] -- Up-to-date: /home/dalv204/sandbox/f1tenth_ws/install/vesc_msgs/lib/python3.8/site-packages/vesc_msgs/msg/_vesc_state.py
[1.729s] -- Up-to-date: /home/dalv204/sandbox/f1tenth_ws/install/vesc_msgs/lib/python3.8/site-packages/vesc_msgs/msg/_vesc_state_stamped_s.c
[1.730s] -- Up-to-date: /home/dalv204/sandbox/f1tenth_ws/install/vesc_msgs/lib/python3.8/site-packages/vesc_msgs/msg/_vesc_state_stamped.py
[1.730s] -- Up-to-date: /home/dalv204/sandbox/f1tenth_ws/install/vesc_msgs/lib/python3.8/site-packages/vesc_msgs/msg/_vesc_state_s.c
[1.730s] -- Up-to-date: /home/dalv204/sandbox/f1tenth_ws/install/vesc_msgs/lib/python3.8/site-packages/vesc_msgs/msg/_vesc_imu_s.c
[1.730s] -- Up-to-date: /home/dalv204/sandbox/f1tenth_ws/install/vesc_msgs/lib/python3.8/site-packages/vesc_msgs/msg/_vesc_imu_stamped.py
[1.730s] -- Up-to-date: /home/dalv204/sandbox/f1tenth_ws/install/vesc_msgs/lib/python3.8/site-packages/vesc_msgs/msg/__init__.py
[1.731s] -- Up-to-date: /home/dalv204/sandbox/f1tenth_ws/install/vesc_msgs/lib/python3.8/site-packages/vesc_msgs/vesc_msgs_s__rosidl_typesupport_fastrtps_c.cpython-38-aarch64-linux-gnu.so
[1.734s] -- Up-to-date: /home/dalv204/sandbox/f1tenth_ws/install/vesc_msgs/lib/python3.8/site-packages/vesc_msgs/vesc_msgs_s__rosidl_typesupport_introspection_c.cpython-38-aarch64-linux-gnu.so
[1.737s] -- Up-to-date: /home/dalv204/sandbox/f1tenth_ws/install/vesc_msgs/lib/python3.8/site-packages/vesc_msgs/vesc_msgs_s__rosidl_typesupport_c.cpython-38-aarch64-linux-gnu.so
[1.740s] -- Up-to-date: /home/dalv204/sandbox/f1tenth_ws/install/vesc_msgs/lib/libvesc_msgs__python.so
[1.741s] -- Up-to-date: /home/dalv204/sandbox/f1tenth_ws/install/vesc_msgs/share/vesc_msgs/msg/VescState.idl
[1.741s] -- Up-to-date: /home/dalv204/sandbox/f1tenth_ws/install/vesc_msgs/share/vesc_msgs/msg/VescStateStamped.idl
[1.741s] -- Up-to-date: /home/dalv204/sandbox/f1tenth_ws/install/vesc_msgs/share/vesc_msgs/msg/VescImu.idl
[1.742s] -- Up-to-date: /home/dalv204/sandbox/f1tenth_ws/install/vesc_msgs/share/vesc_msgs/msg/VescImuStamped.idl
[1.742s] -- Up-to-date: /home/dalv204/sandbox/f1tenth_ws/install/vesc_msgs/share/vesc_msgs/msg/VescState.msg
[1.742s] -- Up-to-date: /home/dalv204/sandbox/f1tenth_ws/install/vesc_msgs/share/vesc_msgs/msg/VescStateStamped.msg
[1.742s] -- Up-to-date: /home/dalv204/sandbox/f1tenth_ws/install/vesc_msgs/share/vesc_msgs/msg/VescImu.msg
[1.743s] -- Up-to-date: /home/dalv204/sandbox/f1tenth_ws/install/vesc_msgs/share/vesc_msgs/msg/VescImuStamped.msg
[1.744s] -- Up-to-date: /home/dalv204/sandbox/f1tenth_ws/install/vesc_msgs/share/ament_index/resource_index/package_run_dependencies/vesc_msgs
[1.744s] -- Up-to-date: /home/dalv204/sandbox/f1tenth_ws/install/vesc_msgs/share/ament_index/resource_index/parent_prefix_path/vesc_msgs
[1.744s] -- Up-to-date: /home/dalv204/sandbox/f1tenth_ws/install/vesc_msgs/share/vesc_msgs/environment/ament_prefix_path.sh
[1.745s] -- Up-to-date: /home/dalv204/sandbox/f1tenth_ws/install/vesc_msgs/share/vesc_msgs/environment/ament_prefix_path.dsv
[1.745s] -- Up-to-date: /home/dalv204/sandbox/f1tenth_ws/install/vesc_msgs/share/vesc_msgs/environment/path.sh
[1.745s] -- Up-to-date: /home/dalv204/sandbox/f1tenth_ws/install/vesc_msgs/share/vesc_msgs/environment/path.dsv
[1.745s] -- Up-to-date: /home/dalv204/sandbox/f1tenth_ws/install/vesc_msgs/share/vesc_msgs/local_setup.bash
[1.745s] -- Up-to-date: /home/dalv204/sandbox/f1tenth_ws/install/vesc_msgs/share/vesc_msgs/local_setup.sh
[1.745s] -- Up-to-date: /home/dalv204/sandbox/f1tenth_ws/install/vesc_msgs/share/vesc_msgs/local_setup.zsh
[1.745s] -- Up-to-date: /home/dalv204/sandbox/f1tenth_ws/install/vesc_msgs/share/vesc_msgs/local_setup.dsv
[1.746s] -- Installing: /home/dalv204/sandbox/f1tenth_ws/install/vesc_msgs/share/vesc_msgs/package.dsv
[1.746s] -- Up-to-date: /home/dalv204/sandbox/f1tenth_ws/install/vesc_msgs/share/ament_index/resource_index/packages/vesc_msgs
[1.752s] -- Up-to-date: /home/dalv204/sandbox/f1tenth_ws/install/vesc_msgs/share/vesc_msgs/cmake/vesc_msgs__rosidl_generator_cExport.cmake
[1.752s] -- Up-to-date: /home/dalv204/sandbox/f1tenth_ws/install/vesc_msgs/share/vesc_msgs/cmake/vesc_msgs__rosidl_generator_cExport-noconfig.cmake
[1.754s] -- Up-to-date: /home/dalv204/sandbox/f1tenth_ws/install/vesc_msgs/share/vesc_msgs/cmake/vesc_msgs__rosidl_typesupport_introspection_cExport.cmake
[1.754s] -- Up-to-date: /home/dalv204/sandbox/f1tenth_ws/install/vesc_msgs/share/vesc_msgs/cmake/vesc_msgs__rosidl_typesupport_introspection_cExport-noconfig.cmake
[1.756s] -- Up-to-date: /home/dalv204/sandbox/f1tenth_ws/install/vesc_msgs/share/vesc_msgs/cmake/vesc_msgs__rosidl_typesupport_cExport.cmake
[1.756s] -- Up-to-date: /home/dalv204/sandbox/f1tenth_ws/install/vesc_msgs/share/vesc_msgs/cmake/vesc_msgs__rosidl_typesupport_cExport-noconfig.cmake
[1.757s] -- Up-to-date: /home/dalv204/sandbox/f1tenth_ws/install/vesc_msgs/share/vesc_msgs/cmake/vesc_msgs__rosidl_generator_cppExport.cmake
[1.759s] -- Up-to-date: /home/dalv204/sandbox/f1tenth_ws/install/vesc_msgs/share/vesc_msgs/cmake/vesc_msgs__rosidl_typesupport_introspection_cppExport.cmake
[1.759s] -- Up-to-date: /home/dalv204/sandbox/f1tenth_ws/install/vesc_msgs/share/vesc_msgs/cmake/vesc_msgs__rosidl_typesupport_introspection_cppExport-noconfig.cmake
[1.760s] -- Up-to-date: /home/dalv204/sandbox/f1tenth_ws/install/vesc_msgs/share/vesc_msgs/cmake/vesc_msgs__rosidl_typesupport_cppExport.cmake
[1.760s] -- Up-to-date: /home/dalv204/sandbox/f1tenth_ws/install/vesc_msgs/share/vesc_msgs/cmake/vesc_msgs__rosidl_typesupport_cppExport-noconfig.cmake
[1.761s] -- Up-to-date: /home/dalv204/sandbox/f1tenth_ws/install/vesc_msgs/share/vesc_msgs/cmake/rosidl_cmake-extras.cmake
[1.761s] -- Up-to-date: /home/dalv204/sandbox/f1tenth_ws/install/vesc_msgs/share/vesc_msgs/cmake/ament_cmake_export_dependencies-extras.cmake
[1.761s] -- Up-to-date: /home/dalv204/sandbox/f1tenth_ws/install/vesc_msgs/share/vesc_msgs/cmake/ament_cmake_export_libraries-extras.cmake
[1.761s] -- Up-to-date: /home/dalv204/sandbox/f1tenth_ws/install/vesc_msgs/share/vesc_msgs/cmake/ament_cmake_export_targets-extras.cmake
[1.761s] -- Up-to-date: /home/dalv204/sandbox/f1tenth_ws/install/vesc_msgs/share/vesc_msgs/cmake/ament_cmake_export_include_directories-extras.cmake
[1.762s] -- Up-to-date: /home/dalv204/sandbox/f1tenth_ws/install/vesc_msgs/share/vesc_msgs/cmake/rosidl_cmake_export_typesupport_libraries-extras.cmake
[1.762s] -- Up-to-date: /home/dalv204/sandbox/f1tenth_ws/install/vesc_msgs/share/vesc_msgs/cmake/rosidl_cmake_export_typesupport_targets-extras.cmake
[1.762s] -- Up-to-date: /home/dalv204/sandbox/f1tenth_ws/install/vesc_msgs/share/vesc_msgs/cmake/vesc_msgsConfig.cmake
[1.762s] -- Up-to-date: /home/dalv204/sandbox/f1tenth_ws/install/vesc_msgs/share/vesc_msgs/cmake/vesc_msgsConfig-version.cmake
[1.762s] -- Up-to-date: /home/dalv204/sandbox/f1tenth_ws/install/vesc_msgs/share/vesc_msgs/package.xml
[2.217s] Invoked command in '/home/dalv204/sandbox/f1tenth_ws/build/vesc_msgs' returned '0': /usr/bin/cmake --install /home/dalv204/sandbox/f1tenth_ws/build/vesc_msgs
