[0.542s] Invoking command in '/home/dalv204/sandbox/f1tenth_ws/build/gap_follow': /usr/bin/cmake --build /home/dalv204/sandbox/f1tenth_ws/build/gap_follow -- -j6 -l6
[0.672s] [100%] Built target reactive_node
[0.717s] Invoked command in '/home/dalv204/sandbox/f1tenth_ws/build/gap_follow' returned '0': /usr/bin/cmake --build /home/dalv204/sandbox/f1tenth_ws/build/gap_follow -- -j6 -l6
[0.798s] Invoking command in '/home/dalv204/sandbox/f1tenth_ws/build/gap_follow': /usr/bin/cmake --install /home/dalv204/sandbox/f1tenth_ws/build/gap_follow
[0.825s] -- Install configuration: ""
[0.827s] -- Up-to-date: /home/dalv204/sandbox/f1tenth_ws/install/gap_follow/lib/gap_follow/reactive_node
[0.828s] -- Up-to-date: /home/dalv204/sandbox/f1tenth_ws/install/gap_follow/share/gap_follow/environment/pythonpath.sh
[0.828s] -- Up-to-date: /home/dalv204/sandbox/f1tenth_ws/install/gap_follow/share/gap_follow/environment/pythonpath.dsv
[0.829s] -- Up-to-date: /home/dalv204/sandbox/f1tenth_ws/install/gap_follow/lib/python3.8/site-packages/gap_follow
[0.829s] -- Up-to-date: /home/dalv204/sandbox/f1tenth_ws/install/gap_follow/lib/python3.8/site-packages/gap_follow/__init__.py
[0.887s] Listing '/home/dalv204/sandbox/f1tenth_ws/install/gap_follow/lib/python3.8/site-packages/gap_follow'...
[0.891s] -- Up-to-date: /home/dalv204/sandbox/f1tenth_ws/install/gap_follow/lib/gap_follow/reactive_node.py
[0.892s] -- Up-to-date: /home/dalv204/sandbox/f1tenth_ws/install/gap_follow/share/ament_index/resource_index/package_run_dependencies/gap_follow
[0.892s] -- Up-to-date: /home/dalv204/sandbox/f1tenth_ws/install/gap_follow/share/ament_index/resource_index/parent_prefix_path/gap_follow
[0.892s] -- Up-to-date: /home/dalv204/sandbox/f1tenth_ws/install/gap_follow/share/gap_follow/environment/ament_prefix_path.sh
[0.893s] -- Up-to-date: /home/dalv204/sandbox/f1tenth_ws/install/gap_follow/share/gap_follow/environment/ament_prefix_path.dsv
[0.893s] -- Up-to-date: /home/dalv204/sandbox/f1tenth_ws/install/gap_follow/share/gap_follow/environment/path.sh
[0.893s] -- Up-to-date: /home/dalv204/sandbox/f1tenth_ws/install/gap_follow/share/gap_follow/environment/path.dsv
[0.893s] -- Up-to-date: /home/dalv204/sandbox/f1tenth_ws/install/gap_follow/share/gap_follow/local_setup.bash
[0.893s] -- Up-to-date: /home/dalv204/sandbox/f1tenth_ws/install/gap_follow/share/gap_follow/local_setup.sh
[0.893s] -- Up-to-date: /home/dalv204/sandbox/f1tenth_ws/install/gap_follow/share/gap_follow/local_setup.zsh
[0.893s] -- Up-to-date: /home/dalv204/sandbox/f1tenth_ws/install/gap_follow/share/gap_follow/local_setup.dsv
[0.894s] -- Installing: /home/dalv204/sandbox/f1tenth_ws/install/gap_follow/share/gap_follow/package.dsv
[0.894s] -- Up-to-date: /home/dalv204/sandbox/f1tenth_ws/install/gap_follow/share/ament_index/resource_index/packages/gap_follow
[0.894s] -- Up-to-date: /home/dalv204/sandbox/f1tenth_ws/install/gap_follow/share/gap_follow/cmake/gap_followConfig.cmake
[0.894s] -- Up-to-date: /home/dalv204/sandbox/f1tenth_ws/install/gap_follow/share/gap_follow/cmake/gap_followConfig-version.cmake
[0.894s] -- Up-to-date: /home/dalv204/sandbox/f1tenth_ws/install/gap_follow/share/gap_follow/package.xml
[0.918s] Invoked command in '/home/dalv204/sandbox/f1tenth_ws/build/gap_follow' returned '0': /usr/bin/cmake --install /home/dalv204/sandbox/f1tenth_ws/build/gap_follow
