[0.050s] Invoking command in '/home/dalv204/sandbox/f1tenth_ws/build/wall_follow': /usr/bin/cmake --build /home/dalv204/sandbox/f1tenth_ws/build/wall_follow -- -j6 -l6
[0.225s] [100%] Built target wall_follow_node
[0.255s] Invoked command in '/home/dalv204/sandbox/f1tenth_ws/build/wall_follow' returned '0': /usr/bin/cmake --build /home/dalv204/sandbox/f1tenth_ws/build/wall_follow -- -j6 -l6
[0.329s] Invoking command in '/home/dalv204/sandbox/f1tenth_ws/build/wall_follow': /usr/bin/cmake --install /home/dalv204/sandbox/f1tenth_ws/build/wall_follow
[0.346s] -- Install configuration: ""
[0.347s] -- Up-to-date: /home/dalv204/sandbox/f1tenth_ws/install/wall_follow/lib/wall_follow/wall_follow_node
[0.348s] -- Up-to-date: /home/dalv204/sandbox/f1tenth_ws/install/wall_follow/share/wall_follow/environment/pythonpath.sh
[0.348s] -- Up-to-date: /home/dalv204/sandbox/f1tenth_ws/install/wall_follow/share/wall_follow/environment/pythonpath.dsv
[0.348s] -- Up-to-date: /home/dalv204/sandbox/f1tenth_ws/install/wall_follow/lib/python3.8/site-packages/wall_follow
[0.348s] -- Up-to-date: /home/dalv204/sandbox/f1tenth_ws/install/wall_follow/lib/python3.8/site-packages/wall_follow/__init__.py
[0.415s] Listing '/home/dalv204/sandbox/f1tenth_ws/install/wall_follow/lib/python3.8/site-packages/wall_follow'...
[0.428s] -- Up-to-date: /home/dalv204/sandbox/f1tenth_ws/install/wall_follow/lib/wall_follow/wall_follow_node.py
[0.431s] -- Up-to-date: /home/dalv204/sandbox/f1tenth_ws/install/wall_follow/share/ament_index/resource_index/package_run_dependencies/wall_follow
[0.431s] -- Up-to-date: /home/dalv204/sandbox/f1tenth_ws/install/wall_follow/share/ament_index/resource_index/parent_prefix_path/wall_follow
[0.432s] -- Up-to-date: /home/dalv204/sandbox/f1tenth_ws/install/wall_follow/share/wall_follow/environment/ament_prefix_path.sh
[0.432s] -- Up-to-date: /home/dalv204/sandbox/f1tenth_ws/install/wall_follow/share/wall_follow/environment/ament_prefix_path.dsv
[0.432s] -- Up-to-date: /home/dalv204/sandbox/f1tenth_ws/install/wall_follow/share/wall_follow/environment/path.sh
[0.432s] -- Up-to-date: /home/dalv204/sandbox/f1tenth_ws/install/wall_follow/share/wall_follow/environment/path.dsv
[0.432s] -- Up-to-date: /home/dalv204/sandbox/f1tenth_ws/install/wall_follow/share/wall_follow/local_setup.bash
[0.432s] -- Up-to-date: /home/dalv204/sandbox/f1tenth_ws/install/wall_follow/share/wall_follow/local_setup.sh
[0.432s] -- Up-to-date: /home/dalv204/sandbox/f1tenth_ws/install/wall_follow/share/wall_follow/local_setup.zsh
[0.433s] -- Up-to-date: /home/dalv204/sandbox/f1tenth_ws/install/wall_follow/share/wall_follow/local_setup.dsv
[0.433s] -- Installing: /home/dalv204/sandbox/f1tenth_ws/install/wall_follow/share/wall_follow/package.dsv
[0.434s] -- Up-to-date: /home/dalv204/sandbox/f1tenth_ws/install/wall_follow/share/ament_index/resource_index/packages/wall_follow
[0.443s] -- Up-to-date: /home/dalv204/sandbox/f1tenth_ws/install/wall_follow/share/wall_follow/cmake/wall_followConfig.cmake
[0.444s] -- Up-to-date: /home/dalv204/sandbox/f1tenth_ws/install/wall_follow/share/wall_follow/cmake/wall_followConfig-version.cmake
[0.444s] -- Up-to-date: /home/dalv204/sandbox/f1tenth_ws/install/wall_follow/share/wall_follow/package.xml
[0.473s] Invoked command in '/home/dalv204/sandbox/f1tenth_ws/build/wall_follow' returned '0': /usr/bin/cmake --install /home/dalv204/sandbox/f1tenth_ws/build/wall_follow
