[2.637s] Invoking command in '/home/dalv204/sandbox/f1tenth_ws/src/f1tenth_system/teleop_tools/key_teleop': PYTHONPATH=/home/dalv204/sandbox/f1tenth_ws/build/key_teleop/prefix_override:/usr/lib/python3/dist-packages/colcon_core/task/python/colcon_distutils_commands:/home/dalv204/sandbox/f1tenth_ws/install/key_teleop/lib/python3.8/site-packages:${PYTHONPATH} /usr/bin/python3 -W ignore:setup.py install is deprecated setup.py egg_info --egg-base ../../../../build/key_teleop build --build-base /home/dalv204/sandbox/f1tenth_ws/build/key_teleop/build install --record /home/dalv204/sandbox/f1tenth_ws/build/key_teleop/install.log --install-scripts $base/lib/key_teleop --single-version-externally-managed install_data
[3.285s] running egg_info
[3.286s] writing ../../../../build/key_teleop/key_teleop.egg-info/PKG-INFO
[3.288s] writing dependency_links to ../../../../build/key_teleop/key_teleop.egg-info/dependency_links.txt
[3.289s] writing entry points to ../../../../build/key_teleop/key_teleop.egg-info/entry_points.txt
[3.299s] writing requirements to ../../../../build/key_teleop/key_teleop.egg-info/requires.txt
[3.300s] writing top-level names to ../../../../build/key_teleop/key_teleop.egg-info/top_level.txt
[3.459s] reading manifest file '../../../../build/key_teleop/key_teleop.egg-info/SOURCES.txt'
[3.469s] writing manifest file '../../../../build/key_teleop/key_teleop.egg-info/SOURCES.txt'
[3.471s] running build
[3.471s] running build_py
[3.474s] running install
[3.481s] running install_lib
[3.491s] running install_data
[3.491s] running install_egg_info
[3.498s] removing '/home/dalv204/sandbox/f1tenth_ws/install/key_teleop/lib/python3.8/site-packages/key_teleop-0.3.0-py3.8.egg-info' (and everything under it)
[3.499s] Copying ../../../../build/key_teleop/key_teleop.egg-info to /home/dalv204/sandbox/f1tenth_ws/install/key_teleop/lib/python3.8/site-packages/key_teleop-0.3.0-py3.8.egg-info
[3.501s] running install_scripts
[3.551s] Installing key_teleop script to /home/dalv204/sandbox/f1tenth_ws/install/key_teleop/lib/key_teleop
[3.552s] writing list of installed files to '/home/dalv204/sandbox/f1tenth_ws/build/key_teleop/install.log'
[4.144s] Invoked command in '/home/dalv204/sandbox/f1tenth_ws/src/f1tenth_system/teleop_tools/key_teleop' returned '0': PYTHONPATH=/home/dalv204/sandbox/f1tenth_ws/build/key_teleop/prefix_override:/usr/lib/python3/dist-packages/colcon_core/task/python/colcon_distutils_commands:/home/dalv204/sandbox/f1tenth_ws/install/key_teleop/lib/python3.8/site-packages:${PYTHONPATH} /usr/bin/python3 -W ignore:setup.py install is deprecated setup.py egg_info --egg-base ../../../../build/key_teleop build --build-base /home/dalv204/sandbox/f1tenth_ws/build/key_teleop/build install --record /home/dalv204/sandbox/f1tenth_ws/build/key_teleop/install.log --install-scripts $base/lib/key_teleop --single-version-externally-managed install_data
