[0.559s] Invoking command in '/home/dalv204/sandbox/f1tenth_ws/build/gap_follow': /usr/bin/cmake --build /home/dalv204/sandbox/f1tenth_ws/build/gap_follow -- -j6 -l6
[0.621s] make: Warning: File 'Makefile' has modification time 1720689426 s in the future
[0.628s] make[1]: Warning: File 'CMakeFiles/Makefile2' has modification time 1720689426 s in the future
[0.630s] make[2]: Warning: File 'CMakeFiles/reactive_node.dir/flags.make' has modification time 1720689426 s in the future
[0.656s] make[2]: warning:  Clock skew detected.  Your build may be incomplete.
[0.662s] make[2]: Warning: File 'CMakeFiles/reactive_node.dir/flags.make' has modification time 1720689426 s in the future
[0.694s] make[2]: warning:  Clock skew detected.  Your build may be incomplete.
[0.709s] [100%] Built target reactive_node
[0.710s] make[1]: warning:  Clock skew detected.  Your build may be incomplete.
[0.750s] make: warning:  Clock skew detected.  Your build may be incomplete.
[0.755s] Invoked command in '/home/dalv204/sandbox/f1tenth_ws/build/gap_follow' returned '0': /usr/bin/cmake --build /home/dalv204/sandbox/f1tenth_ws/build/gap_follow -- -j6 -l6
[0.842s] Invoking command in '/home/dalv204/sandbox/f1tenth_ws/build/gap_follow': /usr/bin/cmake --install /home/dalv204/sandbox/f1tenth_ws/build/gap_follow
[0.898s] -- Install configuration: ""
[0.905s] -- Up-to-date: /home/dalv204/sandbox/f1tenth_ws/install/gap_follow/lib/gap_follow/reactive_node
[0.906s] -- Up-to-date: /home/dalv204/sandbox/f1tenth_ws/install/gap_follow/share/gap_follow/environment/pythonpath.sh
[0.906s] -- Up-to-date: /home/dalv204/sandbox/f1tenth_ws/install/gap_follow/share/gap_follow/environment/pythonpath.dsv
[0.906s] -- Up-to-date: /home/dalv204/sandbox/f1tenth_ws/install/gap_follow/lib/python3.8/site-packages/gap_follow
[0.906s] -- Up-to-date: /home/dalv204/sandbox/f1tenth_ws/install/gap_follow/lib/python3.8/site-packages/gap_follow/__init__.py
[0.930s] Listing '/home/dalv204/sandbox/f1tenth_ws/install/gap_follow/lib/python3.8/site-packages/gap_follow'...
[0.949s] -- Up-to-date: /home/dalv204/sandbox/f1tenth_ws/install/gap_follow/lib/gap_follow/reactive_node.py
[0.951s] -- Up-to-date: /home/dalv204/sandbox/f1tenth_ws/install/gap_follow/share/ament_index/resource_index/package_run_dependencies/gap_follow
[0.951s] -- Up-to-date: /home/dalv204/sandbox/f1tenth_ws/install/gap_follow/share/ament_index/resource_index/parent_prefix_path/gap_follow
[0.952s] -- Up-to-date: /home/dalv204/sandbox/f1tenth_ws/install/gap_follow/share/gap_follow/environment/ament_prefix_path.sh
[0.952s] -- Up-to-date: /home/dalv204/sandbox/f1tenth_ws/install/gap_follow/share/gap_follow/environment/ament_prefix_path.dsv
[0.954s] -- Up-to-date: /home/dalv204/sandbox/f1tenth_ws/install/gap_follow/share/gap_follow/environment/path.sh
[0.954s] -- Up-to-date: /home/dalv204/sandbox/f1tenth_ws/install/gap_follow/share/gap_follow/environment/path.dsv
[0.955s] -- Up-to-date: /home/dalv204/sandbox/f1tenth_ws/install/gap_follow/share/gap_follow/local_setup.bash
[0.956s] -- Up-to-date: /home/dalv204/sandbox/f1tenth_ws/install/gap_follow/share/gap_follow/local_setup.sh
[0.957s] -- Up-to-date: /home/dalv204/sandbox/f1tenth_ws/install/gap_follow/share/gap_follow/local_setup.zsh
[0.958s] -- Up-to-date: /home/dalv204/sandbox/f1tenth_ws/install/gap_follow/share/gap_follow/local_setup.dsv
[0.958s] -- Installing: /home/dalv204/sandbox/f1tenth_ws/install/gap_follow/share/gap_follow/package.dsv
[0.959s] -- Up-to-date: /home/dalv204/sandbox/f1tenth_ws/install/gap_follow/share/ament_index/resource_index/packages/gap_follow
[0.959s] -- Up-to-date: /home/dalv204/sandbox/f1tenth_ws/install/gap_follow/share/gap_follow/cmake/gap_followConfig.cmake
[0.960s] -- Up-to-date: /home/dalv204/sandbox/f1tenth_ws/install/gap_follow/share/gap_follow/cmake/gap_followConfig-version.cmake
[0.960s] -- Up-to-date: /home/dalv204/sandbox/f1tenth_ws/install/gap_follow/share/gap_follow/package.xml
[1.012s] Invoked command in '/home/dalv204/sandbox/f1tenth_ws/build/gap_follow' returned '0': /usr/bin/cmake --install /home/dalv204/sandbox/f1tenth_ws/build/gap_follow
