[2.392s] Invoking command in '/home/dalv204/sandbox/f1tenth_ws/src/f1tenth_system/teleop_tools/key_teleop': PYTHONPATH=/home/dalv204/sandbox/f1tenth_ws/build/key_teleop/prefix_override:/usr/lib/python3/dist-packages/colcon_core/task/python/colcon_distutils_commands:/home/dalv204/sandbox/f1tenth_ws/install/key_teleop/lib/python3.8/site-packages:${PYTHONPATH} /usr/bin/python3 -W ignore:setup.py install is deprecated setup.py egg_info --egg-base ../../../../build/key_teleop build --build-base /home/dalv204/sandbox/f1tenth_ws/build/key_teleop/build install --record /home/dalv204/sandbox/f1tenth_ws/build/key_teleop/install.log --install-scripts $base/lib/key_teleop --single-version-externally-managed install_data
[3.110s] running egg_info
[3.111s] writing ../../../../build/key_teleop/key_teleop.egg-info/PKG-INFO
[3.113s] writing dependency_links to ../../../../build/key_teleop/key_teleop.egg-info/dependency_links.txt
[3.114s] writing entry points to ../../../../build/key_teleop/key_teleop.egg-info/entry_points.txt
[3.116s] writing requirements to ../../../../build/key_teleop/key_teleop.egg-info/requires.txt
[3.117s] writing top-level names to ../../../../build/key_teleop/key_teleop.egg-info/top_level.txt
[3.211s] reading manifest file '../../../../build/key_teleop/key_teleop.egg-info/SOURCES.txt'
[3.214s] writing manifest file '../../../../build/key_teleop/key_teleop.egg-info/SOURCES.txt'
[3.215s] running build
[3.215s] running build_py
[3.215s] running install
[3.217s] running install_lib
[3.221s] running install_data
[3.222s] running install_egg_info
[3.230s] removing '/home/dalv204/sandbox/f1tenth_ws/install/key_teleop/lib/python3.8/site-packages/key_teleop-0.3.0-py3.8.egg-info' (and everything under it)
[3.235s] Copying ../../../../build/key_teleop/key_teleop.egg-info to /home/dalv204/sandbox/f1tenth_ws/install/key_teleop/lib/python3.8/site-packages/key_teleop-0.3.0-py3.8.egg-info
[3.235s] running install_scripts
[3.314s] Installing key_teleop script to /home/dalv204/sandbox/f1tenth_ws/install/key_teleop/lib/key_teleop
[3.315s] writing list of installed files to '/home/dalv204/sandbox/f1tenth_ws/build/key_teleop/install.log'
[3.441s] Invoked command in '/home/dalv204/sandbox/f1tenth_ws/src/f1tenth_system/teleop_tools/key_teleop' returned '0': PYTHONPATH=/home/dalv204/sandbox/f1tenth_ws/build/key_teleop/prefix_override:/usr/lib/python3/dist-packages/colcon_core/task/python/colcon_distutils_commands:/home/dalv204/sandbox/f1tenth_ws/install/key_teleop/lib/python3.8/site-packages:${PYTHONPATH} /usr/bin/python3 -W ignore:setup.py install is deprecated setup.py egg_info --egg-base ../../../../build/key_teleop build --build-base /home/dalv204/sandbox/f1tenth_ws/build/key_teleop/build install --record /home/dalv204/sandbox/f1tenth_ws/build/key_teleop/install.log --install-scripts $base/lib/key_teleop --single-version-externally-managed install_data
