[0.794s] Invoking command in '/home/dalv204/sandbox/f1tenth_ws/build/gap_follow': CMAKE_PREFIX_PATH=${CMAKE_PREFIX_PATH}:/home/dalv204/sandbox/f1tenth_ws/install/f1tenth_stack:/home/dalv204/sandbox/f1tenth_ws/install/joy_teleop:/home/dalv204/sandbox/f1tenth_ws/install/particle_filter:/home/dalv204/sandbox/f1tenth_ws/install/mouse_teleop:/home/dalv204/sandbox/f1tenth_ws/install/key_teleop /usr/bin/cmake --build /home/dalv204/sandbox/f1tenth_ws/build/gap_follow -- -j6 -l6
[1.098s] [100%] Built target reactive_node
[1.170s] Invoked command in '/home/dalv204/sandbox/f1tenth_ws/build/gap_follow' returned '0': CMAKE_PREFIX_PATH=${CMAKE_PREFIX_PATH}:/home/dalv204/sandbox/f1tenth_ws/install/f1tenth_stack:/home/dalv204/sandbox/f1tenth_ws/install/joy_teleop:/home/dalv204/sandbox/f1tenth_ws/install/particle_filter:/home/dalv204/sandbox/f1tenth_ws/install/mouse_teleop:/home/dalv204/sandbox/f1tenth_ws/install/key_teleop /usr/bin/cmake --build /home/dalv204/sandbox/f1tenth_ws/build/gap_follow -- -j6 -l6
[1.407s] Invoking command in '/home/dalv204/sandbox/f1tenth_ws/build/gap_follow': CMAKE_PREFIX_PATH=${CMAKE_PREFIX_PATH}:/home/dalv204/sandbox/f1tenth_ws/install/f1tenth_stack:/home/dalv204/sandbox/f1tenth_ws/install/joy_teleop:/home/dalv204/sandbox/f1tenth_ws/install/particle_filter:/home/dalv204/sandbox/f1tenth_ws/install/mouse_teleop:/home/dalv204/sandbox/f1tenth_ws/install/key_teleop /usr/bin/cmake --install /home/dalv204/sandbox/f1tenth_ws/build/gap_follow
[1.495s] -- Install configuration: ""
[1.509s] -- Up-to-date: /home/dalv204/sandbox/f1tenth_ws/install/gap_follow/lib/gap_follow/reactive_node
[1.510s] -- Up-to-date: /home/dalv204/sandbox/f1tenth_ws/install/gap_follow/share/gap_follow/environment/pythonpath.sh
[1.510s] -- Up-to-date: /home/dalv204/sandbox/f1tenth_ws/install/gap_follow/share/gap_follow/environment/pythonpath.dsv
[1.520s] -- Up-to-date: /home/dalv204/sandbox/f1tenth_ws/install/gap_follow/lib/python3.8/site-packages/gap_follow
[1.521s] -- Up-to-date: /home/dalv204/sandbox/f1tenth_ws/install/gap_follow/lib/python3.8/site-packages/gap_follow/__init__.py
[1.667s] Listing '/home/dalv204/sandbox/f1tenth_ws/install/gap_follow/lib/python3.8/site-packages/gap_follow'...
[1.683s] -- Up-to-date: /home/dalv204/sandbox/f1tenth_ws/install/gap_follow/lib/gap_follow/reactive_node.py
[1.684s] -- Up-to-date: /home/dalv204/sandbox/f1tenth_ws/install/gap_follow/share/ament_index/resource_index/package_run_dependencies/gap_follow
[1.684s] -- Up-to-date: /home/dalv204/sandbox/f1tenth_ws/install/gap_follow/share/ament_index/resource_index/parent_prefix_path/gap_follow
[1.685s] -- Up-to-date: /home/dalv204/sandbox/f1tenth_ws/install/gap_follow/share/gap_follow/environment/ament_prefix_path.sh
[1.685s] -- Up-to-date: /home/dalv204/sandbox/f1tenth_ws/install/gap_follow/share/gap_follow/environment/ament_prefix_path.dsv
[1.685s] -- Up-to-date: /home/dalv204/sandbox/f1tenth_ws/install/gap_follow/share/gap_follow/environment/path.sh
[1.685s] -- Up-to-date: /home/dalv204/sandbox/f1tenth_ws/install/gap_follow/share/gap_follow/environment/path.dsv
[1.686s] -- Up-to-date: /home/dalv204/sandbox/f1tenth_ws/install/gap_follow/share/gap_follow/local_setup.bash
[1.686s] -- Up-to-date: /home/dalv204/sandbox/f1tenth_ws/install/gap_follow/share/gap_follow/local_setup.sh
[1.686s] -- Up-to-date: /home/dalv204/sandbox/f1tenth_ws/install/gap_follow/share/gap_follow/local_setup.zsh
[1.686s] -- Up-to-date: /home/dalv204/sandbox/f1tenth_ws/install/gap_follow/share/gap_follow/local_setup.dsv
[1.686s] -- Installing: /home/dalv204/sandbox/f1tenth_ws/install/gap_follow/share/gap_follow/package.dsv
[1.686s] -- Up-to-date: /home/dalv204/sandbox/f1tenth_ws/install/gap_follow/share/ament_index/resource_index/packages/gap_follow
[1.687s] -- Up-to-date: /home/dalv204/sandbox/f1tenth_ws/install/gap_follow/share/gap_follow/cmake/gap_followConfig.cmake
[1.687s] -- Up-to-date: /home/dalv204/sandbox/f1tenth_ws/install/gap_follow/share/gap_follow/cmake/gap_followConfig-version.cmake
[1.687s] -- Up-to-date: /home/dalv204/sandbox/f1tenth_ws/install/gap_follow/share/gap_follow/package.xml
[2.445s] Invoked command in '/home/dalv204/sandbox/f1tenth_ws/build/gap_follow' returned '0': CMAKE_PREFIX_PATH=${CMAKE_PREFIX_PATH}:/home/dalv204/sandbox/f1tenth_ws/install/f1tenth_stack:/home/dalv204/sandbox/f1tenth_ws/install/joy_teleop:/home/dalv204/sandbox/f1tenth_ws/install/particle_filter:/home/dalv204/sandbox/f1tenth_ws/install/mouse_teleop:/home/dalv204/sandbox/f1tenth_ws/install/key_teleop /usr/bin/cmake --install /home/dalv204/sandbox/f1tenth_ws/build/gap_follow
