[1.339s] Invoking command in '/home/dalv204/sandbox/f1tenth_ws/src/f1tenth_system/f1tenth_stack': AMENT_PREFIX_PATH=/home/dalv204/sandbox/f1tenth_ws/install/vesc:/home/dalv204/sandbox/f1tenth_ws/install/vesc_driver:/home/dalv204/sandbox/f1tenth_ws/install/vesc_ackermann:/home/dalv204/sandbox/f1tenth_ws/install/joy_teleop:/home/dalv204/sandbox/f1tenth_ws/install/vesc_msgs:/home/dalv204/sandbox/f1tenth_ws/install/teleop_tools_msgs:/home/dalv204/sandbox/f1tenth_ws/install/ackermann_mux:${AMENT_PREFIX_PATH} CMAKE_PREFIX_PATH=/home/dalv204/sandbox/f1tenth_ws/install/vesc:/home/dalv204/sandbox/f1tenth_ws/install/vesc_driver:/home/dalv204/sandbox/f1tenth_ws/install/vesc_ackermann:/home/dalv204/sandbox/f1tenth_ws/install/vesc_msgs:/home/dalv204/sandbox/f1tenth_ws/install/teleop_tools_msgs:/home/dalv204/sandbox/f1tenth_ws/install/ackermann_mux${CMAKE_PREFIX_PATH} LD_LIBRARY_PATH=/home/dalv204/sandbox/f1tenth_ws/install/vesc_driver/lib:/home/dalv204/sandbox/f1tenth_ws/install/vesc_ackermann/lib:/home/dalv204/sandbox/f1tenth_ws/install/vesc_msgs/lib:/home/dalv204/sandbox/f1tenth_ws/install/teleop_tools_msgs/lib:${LD_LIBRARY_PATH} PYTHONPATH=/home/dalv204/sandbox/f1tenth_ws/build/f1tenth_stack/prefix_override:/home/dalv204/sandbox/f1tenth_ws/install/f1tenth_stack/lib/python3.8/site-packages:/home/dalv204/sandbox/f1tenth_ws/install/joy_teleop/lib/python3.8/site-packages:/home/dalv204/sandbox/f1tenth_ws/install/vesc_msgs/lib/python3.8/site-packages:/home/dalv204/sandbox/f1tenth_ws/install/teleop_tools_msgs/lib/python3.8/site-packages:${PYTHONPATH} /usr/bin/python3 -W ignore:setup.py install is deprecated setup.py egg_info --egg-base ../../../build/f1tenth_stack build --build-base /home/dalv204/sandbox/f1tenth_ws/build/f1tenth_stack/build install --record /home/dalv204/sandbox/f1tenth_ws/build/f1tenth_stack/install.log --install-scripts $base/lib/f1tenth_stack --single-version-externally-managed install_data
[1.751s] running egg_info
[1.752s] creating ../../../build/f1tenth_stack/f1tenth_stack.egg-info
[1.753s] writing ../../../build/f1tenth_stack/f1tenth_stack.egg-info/PKG-INFO
[1.755s] writing dependency_links to ../../../build/f1tenth_stack/f1tenth_stack.egg-info/dependency_links.txt
[1.756s] writing entry points to ../../../build/f1tenth_stack/f1tenth_stack.egg-info/entry_points.txt
[1.756s] writing requirements to ../../../build/f1tenth_stack/f1tenth_stack.egg-info/requires.txt
[1.756s] writing top-level names to ../../../build/f1tenth_stack/f1tenth_stack.egg-info/top_level.txt
[1.758s] writing manifest file '../../../build/f1tenth_stack/f1tenth_stack.egg-info/SOURCES.txt'
[1.819s] reading manifest file '../../../build/f1tenth_stack/f1tenth_stack.egg-info/SOURCES.txt'
[1.821s] writing manifest file '../../../build/f1tenth_stack/f1tenth_stack.egg-info/SOURCES.txt'
[1.821s] running build
[1.821s] running build_py
[1.821s] creating /home/dalv204/sandbox/f1tenth_ws/build/f1tenth_stack/build
[1.821s] creating /home/dalv204/sandbox/f1tenth_ws/build/f1tenth_stack/build/lib
[1.821s] creating /home/dalv204/sandbox/f1tenth_ws/build/f1tenth_stack/build/lib/f1tenth_stack
[1.822s] copying f1tenth_stack/tf_publisher.py -> /home/dalv204/sandbox/f1tenth_ws/build/f1tenth_stack/build/lib/f1tenth_stack
[1.822s] copying f1tenth_stack/throttle_interpolator.py -> /home/dalv204/sandbox/f1tenth_ws/build/f1tenth_stack/build/lib/f1tenth_stack
[1.822s] copying f1tenth_stack/__init__.py -> /home/dalv204/sandbox/f1tenth_ws/build/f1tenth_stack/build/lib/f1tenth_stack
[1.823s] running install
[1.824s] running install_lib
[1.826s] creating /home/dalv204/sandbox/f1tenth_ws/install/f1tenth_stack/lib/python3.8/site-packages/f1tenth_stack
[1.826s] copying /home/dalv204/sandbox/f1tenth_ws/build/f1tenth_stack/build/lib/f1tenth_stack/tf_publisher.py -> /home/dalv204/sandbox/f1tenth_ws/install/f1tenth_stack/lib/python3.8/site-packages/f1tenth_stack
[1.826s] copying /home/dalv204/sandbox/f1tenth_ws/build/f1tenth_stack/build/lib/f1tenth_stack/throttle_interpolator.py -> /home/dalv204/sandbox/f1tenth_ws/install/f1tenth_stack/lib/python3.8/site-packages/f1tenth_stack
[1.827s] copying /home/dalv204/sandbox/f1tenth_ws/build/f1tenth_stack/build/lib/f1tenth_stack/__init__.py -> /home/dalv204/sandbox/f1tenth_ws/install/f1tenth_stack/lib/python3.8/site-packages/f1tenth_stack
[1.828s] byte-compiling /home/dalv204/sandbox/f1tenth_ws/install/f1tenth_stack/lib/python3.8/site-packages/f1tenth_stack/tf_publisher.py to tf_publisher.cpython-38.pyc
[1.830s] byte-compiling /home/dalv204/sandbox/f1tenth_ws/install/f1tenth_stack/lib/python3.8/site-packages/f1tenth_stack/throttle_interpolator.py to throttle_interpolator.cpython-38.pyc
[1.832s] byte-compiling /home/dalv204/sandbox/f1tenth_ws/install/f1tenth_stack/lib/python3.8/site-packages/f1tenth_stack/__init__.py to __init__.cpython-38.pyc
[1.832s] running install_data
[1.832s] creating /home/dalv204/sandbox/f1tenth_ws/install/f1tenth_stack/share/ament_index
[1.833s] creating /home/dalv204/sandbox/f1tenth_ws/install/f1tenth_stack/share/ament_index/resource_index
[1.833s] creating /home/dalv204/sandbox/f1tenth_ws/install/f1tenth_stack/share/ament_index/resource_index/packages
[1.833s] copying resource/f1tenth_stack -> /home/dalv204/sandbox/f1tenth_ws/install/f1tenth_stack/share/ament_index/resource_index/packages
[1.833s] copying package.xml -> /home/dalv204/sandbox/f1tenth_ws/install/f1tenth_stack/share/f1tenth_stack
[1.833s] creating /home/dalv204/sandbox/f1tenth_ws/install/f1tenth_stack/share/f1tenth_stack/launch
[1.833s] copying launch/bringup_launch.py -> /home/dalv204/sandbox/f1tenth_ws/install/f1tenth_stack/share/f1tenth_stack/launch
[1.834s] creating /home/dalv204/sandbox/f1tenth_ws/install/f1tenth_stack/share/f1tenth_stack/config
[1.834s] copying config/mux.yaml -> /home/dalv204/sandbox/f1tenth_ws/install/f1tenth_stack/share/f1tenth_stack/config
[1.834s] copying config/vesc.yaml -> /home/dalv204/sandbox/f1tenth_ws/install/f1tenth_stack/share/f1tenth_stack/config
[1.835s] copying config/joy_teleop.yaml -> /home/dalv204/sandbox/f1tenth_ws/install/f1tenth_stack/share/f1tenth_stack/config
[1.835s] copying config/f1tenth_online_async.yaml -> /home/dalv204/sandbox/f1tenth_ws/install/f1tenth_stack/share/f1tenth_stack/config
[1.835s] copying config/sensors.yaml -> /home/dalv204/sandbox/f1tenth_ws/install/f1tenth_stack/share/f1tenth_stack/config
[1.835s] running install_egg_info
[1.839s] Copying ../../../build/f1tenth_stack/f1tenth_stack.egg-info to /home/dalv204/sandbox/f1tenth_ws/install/f1tenth_stack/lib/python3.8/site-packages/f1tenth_stack-0.0.1-py3.8.egg-info
[1.841s] running install_scripts
[1.876s] Installing tf_publisher script to /home/dalv204/sandbox/f1tenth_ws/install/f1tenth_stack/lib/f1tenth_stack
[1.876s] Installing throttle_interpolator script to /home/dalv204/sandbox/f1tenth_ws/install/f1tenth_stack/lib/f1tenth_stack
[1.876s] writing list of installed files to '/home/dalv204/sandbox/f1tenth_ws/build/f1tenth_stack/install.log'
[1.935s] Invoked command in '/home/dalv204/sandbox/f1tenth_ws/src/f1tenth_system/f1tenth_stack' returned '0': AMENT_PREFIX_PATH=/home/dalv204/sandbox/f1tenth_ws/install/vesc:/home/dalv204/sandbox/f1tenth_ws/install/vesc_driver:/home/dalv204/sandbox/f1tenth_ws/install/vesc_ackermann:/home/dalv204/sandbox/f1tenth_ws/install/joy_teleop:/home/dalv204/sandbox/f1tenth_ws/install/vesc_msgs:/home/dalv204/sandbox/f1tenth_ws/install/teleop_tools_msgs:/home/dalv204/sandbox/f1tenth_ws/install/ackermann_mux:${AMENT_PREFIX_PATH} CMAKE_PREFIX_PATH=/home/dalv204/sandbox/f1tenth_ws/install/vesc:/home/dalv204/sandbox/f1tenth_ws/install/vesc_driver:/home/dalv204/sandbox/f1tenth_ws/install/vesc_ackermann:/home/dalv204/sandbox/f1tenth_ws/install/vesc_msgs:/home/dalv204/sandbox/f1tenth_ws/install/teleop_tools_msgs:/home/dalv204/sandbox/f1tenth_ws/install/ackermann_mux${CMAKE_PREFIX_PATH} LD_LIBRARY_PATH=/home/dalv204/sandbox/f1tenth_ws/install/vesc_driver/lib:/home/dalv204/sandbox/f1tenth_ws/install/vesc_ackermann/lib:/home/dalv204/sandbox/f1tenth_ws/install/vesc_msgs/lib:/home/dalv204/sandbox/f1tenth_ws/install/teleop_tools_msgs/lib:${LD_LIBRARY_PATH} PYTHONPATH=/home/dalv204/sandbox/f1tenth_ws/build/f1tenth_stack/prefix_override:/home/dalv204/sandbox/f1tenth_ws/install/f1tenth_stack/lib/python3.8/site-packages:/home/dalv204/sandbox/f1tenth_ws/install/joy_teleop/lib/python3.8/site-packages:/home/dalv204/sandbox/f1tenth_ws/install/vesc_msgs/lib/python3.8/site-packages:/home/dalv204/sandbox/f1tenth_ws/install/teleop_tools_msgs/lib/python3.8/site-packages:${PYTHONPATH} /usr/bin/python3 -W ignore:setup.py install is deprecated setup.py egg_info --egg-base ../../../build/f1tenth_stack build --build-base /home/dalv204/sandbox/f1tenth_ws/build/f1tenth_stack/build install --record /home/dalv204/sandbox/f1tenth_ws/build/f1tenth_stack/install.log --install-scripts $base/lib/f1tenth_stack --single-version-externally-managed install_data
