[0.056s] Invoking command in '/home/dalv204/sandbox/f1tenth_ws/build/vesc_driver': CMAKE_PREFIX_PATH=/home/dalv204/sandbox/f1tenth_ws/install/vesc_msgs:/home/dalv204/sandbox/f1tenth_ws/install/wall_follow:/home/dalv204/sandbox/f1tenth_ws/install/vesc:/home/dalv204/sandbox/f1tenth_ws/install/vesc_driver:/home/dalv204/sandbox/f1tenth_ws/install/vesc_ackermann:/home/dalv204/sandbox/f1tenth_ws/install/teleop_tools:/home/dalv204/sandbox/f1tenth_ws/install/teleop_tools_msgs:/home/dalv204/sandbox/f1tenth_ws/install/pure_pursuit:/home/dalv204/sandbox/f1tenth_ws/install/lab2_pkg:/home/dalv204/sandbox/f1tenth_ws/install/gap_follow:/home/dalv204/sandbox/f1tenth_ws/install/ackermann_mux:/opt/ros/foxy:/home/dalv204/sandbox/f1tenth_ws/install/f1tenth_stack:/home/dalv204/sandbox/f1tenth_ws/install/joy_teleop:/home/dalv204/sandbox/f1tenth_ws/install/particle_filter:/home/dalv204/sandbox/f1tenth_ws/install/mouse_teleop:/home/dalv204/sandbox/f1tenth_ws/install/key_teleop LD_LIBRARY_PATH=/home/dalv204/sandbox/f1tenth_ws/install/vesc_msgs/lib:/home/dalv204/sandbox/f1tenth_ws/install/vesc_driver/lib:/home/dalv204/sandbox/f1tenth_ws/install/vesc_ackermann/lib:/home/dalv204/sandbox/f1tenth_ws/install/teleop_tools_msgs/lib:/opt/ros/foxy/opt/yaml_cpp_vendor/lib:/opt/ros/foxy/opt/rviz_ogre_vendor/lib:/opt/ros/foxy/lib/aarch64-linux-gnu:/opt/ros/foxy/lib PYTHONPATH=/home/dalv204/sandbox/f1tenth_ws/install/vesc_msgs/lib/python3.8/site-packages:/home/dalv204/sandbox/f1tenth_ws/install/wall_follow/lib/python3.8/site-packages:/home/dalv204/sandbox/f1tenth_ws/install/f1tenth_stack/lib/python3.8/site-packages:/home/dalv204/sandbox/f1tenth_ws/install/joy_teleop/lib/python3.8/site-packages:/home/dalv204/sandbox/f1tenth_ws/install/teleop_tools_msgs/lib/python3.8/site-packages:/home/dalv204/sandbox/f1tenth_ws/install/pure_pursuit/lib/python3.8/site-packages:/home/dalv204/sandbox/f1tenth_ws/install/particle_filter/lib/python3.8/site-packages:/home/dalv204/sandbox/f1tenth_ws/install/mouse_teleop/lib/python3.8/site-packages:/home/dalv204/sandbox/f1tenth_ws/install/key_teleop/lib/python3.8/site-packages:/home/dalv204/sandbox/f1tenth_ws/install/gap_follow/lib/python3.8/site-packages:/opt/ros/foxy/lib/python3.8/site-packages /usr/bin/cmake --build /home/dalv204/sandbox/f1tenth_ws/build/vesc_driver -- -j6 -l6
[0.091s] make: Warning: File 'Makefile' has modification time 1718621226 s in the future
[0.174s] make[1]: Warning: File 'CMakeFiles/Makefile2' has modification time 1718621226 s in the future
[0.186s] make[2]: Warning: File 'CMakeFiles/vesc_driver.dir/flags.make' has modification time 1718621226 s in the future
[0.201s] make[2]: Warning: File 'CMakeFiles/vesc_driver_node.dir/flags.make' has modification time 1718621226 s in the future
[0.232s] make[2]: warning:  Clock skew detected.  Your build may be incomplete.
[0.255s] make[2]: Warning: File 'CMakeFiles/vesc_driver.dir/flags.make' has modification time 1718621226 s in the future
[0.262s] make[2]: warning:  Clock skew detected.  Your build may be incomplete.
[0.274s] make[2]: warning:  Clock skew detected.  Your build may be incomplete.
[0.284s] make[2]: Warning: File 'CMakeFiles/vesc_driver_node.dir/flags.make' has modification time 1718621226 s in the future
[0.308s] make[2]: warning:  Clock skew detected.  Your build may be incomplete.
[0.311s] [ 50%] Built target vesc_driver
[0.337s] make[2]: Warning: File 'CMakeFiles/vesc_device_namer.dir/flags.make' has modification time 1718621226 s in the future
[0.345s] [ 70%] Built target vesc_driver_node
[0.384s] make[2]: warning:  Clock skew detected.  Your build may be incomplete.
[0.387s] make[2]: Warning: File 'CMakeFiles/vesc_device_namer.dir/flags.make' has modification time 1718621226 s in the future
[0.396s] make[2]: warning:  Clock skew detected.  Your build may be incomplete.
[0.416s] [100%] Built target vesc_device_namer
[0.424s] make[1]: warning:  Clock skew detected.  Your build may be incomplete.
[0.452s] make: warning:  Clock skew detected.  Your build may be incomplete.
[0.462s] Invoked command in '/home/dalv204/sandbox/f1tenth_ws/build/vesc_driver' returned '0': CMAKE_PREFIX_PATH=/home/dalv204/sandbox/f1tenth_ws/install/vesc_msgs:/home/dalv204/sandbox/f1tenth_ws/install/wall_follow:/home/dalv204/sandbox/f1tenth_ws/install/vesc:/home/dalv204/sandbox/f1tenth_ws/install/vesc_driver:/home/dalv204/sandbox/f1tenth_ws/install/vesc_ackermann:/home/dalv204/sandbox/f1tenth_ws/install/teleop_tools:/home/dalv204/sandbox/f1tenth_ws/install/teleop_tools_msgs:/home/dalv204/sandbox/f1tenth_ws/install/pure_pursuit:/home/dalv204/sandbox/f1tenth_ws/install/lab2_pkg:/home/dalv204/sandbox/f1tenth_ws/install/gap_follow:/home/dalv204/sandbox/f1tenth_ws/install/ackermann_mux:/opt/ros/foxy:/home/dalv204/sandbox/f1tenth_ws/install/f1tenth_stack:/home/dalv204/sandbox/f1tenth_ws/install/joy_teleop:/home/dalv204/sandbox/f1tenth_ws/install/particle_filter:/home/dalv204/sandbox/f1tenth_ws/install/mouse_teleop:/home/dalv204/sandbox/f1tenth_ws/install/key_teleop LD_LIBRARY_PATH=/home/dalv204/sandbox/f1tenth_ws/install/vesc_msgs/lib:/home/dalv204/sandbox/f1tenth_ws/install/vesc_driver/lib:/home/dalv204/sandbox/f1tenth_ws/install/vesc_ackermann/lib:/home/dalv204/sandbox/f1tenth_ws/install/teleop_tools_msgs/lib:/opt/ros/foxy/opt/yaml_cpp_vendor/lib:/opt/ros/foxy/opt/rviz_ogre_vendor/lib:/opt/ros/foxy/lib/aarch64-linux-gnu:/opt/ros/foxy/lib PYTHONPATH=/home/dalv204/sandbox/f1tenth_ws/install/vesc_msgs/lib/python3.8/site-packages:/home/dalv204/sandbox/f1tenth_ws/install/wall_follow/lib/python3.8/site-packages:/home/dalv204/sandbox/f1tenth_ws/install/f1tenth_stack/lib/python3.8/site-packages:/home/dalv204/sandbox/f1tenth_ws/install/joy_teleop/lib/python3.8/site-packages:/home/dalv204/sandbox/f1tenth_ws/install/teleop_tools_msgs/lib/python3.8/site-packages:/home/dalv204/sandbox/f1tenth_ws/install/pure_pursuit/lib/python3.8/site-packages:/home/dalv204/sandbox/f1tenth_ws/install/particle_filter/lib/python3.8/site-packages:/home/dalv204/sandbox/f1tenth_ws/install/mouse_teleop/lib/python3.8/site-packages:/home/dalv204/sandbox/f1tenth_ws/install/key_teleop/lib/python3.8/site-packages:/home/dalv204/sandbox/f1tenth_ws/install/gap_follow/lib/python3.8/site-packages:/opt/ros/foxy/lib/python3.8/site-packages /usr/bin/cmake --build /home/dalv204/sandbox/f1tenth_ws/build/vesc_driver -- -j6 -l6
[0.688s] Invoking command in '/home/dalv204/sandbox/f1tenth_ws/build/vesc_driver': CMAKE_PREFIX_PATH=/home/dalv204/sandbox/f1tenth_ws/install/vesc_msgs:/home/dalv204/sandbox/f1tenth_ws/install/wall_follow:/home/dalv204/sandbox/f1tenth_ws/install/vesc:/home/dalv204/sandbox/f1tenth_ws/install/vesc_driver:/home/dalv204/sandbox/f1tenth_ws/install/vesc_ackermann:/home/dalv204/sandbox/f1tenth_ws/install/teleop_tools:/home/dalv204/sandbox/f1tenth_ws/install/teleop_tools_msgs:/home/dalv204/sandbox/f1tenth_ws/install/pure_pursuit:/home/dalv204/sandbox/f1tenth_ws/install/lab2_pkg:/home/dalv204/sandbox/f1tenth_ws/install/gap_follow:/home/dalv204/sandbox/f1tenth_ws/install/ackermann_mux:/opt/ros/foxy:/home/dalv204/sandbox/f1tenth_ws/install/f1tenth_stack:/home/dalv204/sandbox/f1tenth_ws/install/joy_teleop:/home/dalv204/sandbox/f1tenth_ws/install/particle_filter:/home/dalv204/sandbox/f1tenth_ws/install/mouse_teleop:/home/dalv204/sandbox/f1tenth_ws/install/key_teleop LD_LIBRARY_PATH=/home/dalv204/sandbox/f1tenth_ws/install/vesc_msgs/lib:/home/dalv204/sandbox/f1tenth_ws/install/vesc_driver/lib:/home/dalv204/sandbox/f1tenth_ws/install/vesc_ackermann/lib:/home/dalv204/sandbox/f1tenth_ws/install/teleop_tools_msgs/lib:/opt/ros/foxy/opt/yaml_cpp_vendor/lib:/opt/ros/foxy/opt/rviz_ogre_vendor/lib:/opt/ros/foxy/lib/aarch64-linux-gnu:/opt/ros/foxy/lib PYTHONPATH=/home/dalv204/sandbox/f1tenth_ws/install/vesc_msgs/lib/python3.8/site-packages:/home/dalv204/sandbox/f1tenth_ws/install/wall_follow/lib/python3.8/site-packages:/home/dalv204/sandbox/f1tenth_ws/install/f1tenth_stack/lib/python3.8/site-packages:/home/dalv204/sandbox/f1tenth_ws/install/joy_teleop/lib/python3.8/site-packages:/home/dalv204/sandbox/f1tenth_ws/install/teleop_tools_msgs/lib/python3.8/site-packages:/home/dalv204/sandbox/f1tenth_ws/install/pure_pursuit/lib/python3.8/site-packages:/home/dalv204/sandbox/f1tenth_ws/install/particle_filter/lib/python3.8/site-packages:/home/dalv204/sandbox/f1tenth_ws/install/mouse_teleop/lib/python3.8/site-packages:/home/dalv204/sandbox/f1tenth_ws/install/key_teleop/lib/python3.8/site-packages:/home/dalv204/sandbox/f1tenth_ws/install/gap_follow/lib/python3.8/site-packages:/opt/ros/foxy/lib/python3.8/site-packages /usr/bin/cmake --install /home/dalv204/sandbox/f1tenth_ws/build/vesc_driver
[0.711s] -- Install configuration: ""
[0.712s] -- Up-to-date: /home/dalv204/sandbox/f1tenth_ws/install/vesc_driver/lib/vesc_driver/vesc_driver_node
[0.712s] -- Up-to-date: /home/dalv204/sandbox/f1tenth_ws/install/vesc_driver/include
[0.712s] -- Up-to-date: /home/dalv204/sandbox/f1tenth_ws/install/vesc_driver/include/vesc_driver
[0.712s] -- Up-to-date: /home/dalv204/sandbox/f1tenth_ws/install/vesc_driver/include/vesc_driver/vesc_interface.hpp
[0.713s] -- Up-to-date: /home/dalv204/sandbox/f1tenth_ws/install/vesc_driver/include/vesc_driver/vesc_driver.hpp
[0.713s] -- Up-to-date: /home/dalv204/sandbox/f1tenth_ws/install/vesc_driver/include/vesc_driver/vesc_packet_factory.hpp
[0.713s] -- Up-to-date: /home/dalv204/sandbox/f1tenth_ws/install/vesc_driver/include/vesc_driver/vesc_packet.hpp
[0.713s] -- Up-to-date: /home/dalv204/sandbox/f1tenth_ws/install/vesc_driver/include/vesc_driver/crc.hpp
[0.713s] -- Up-to-date: /home/dalv204/sandbox/f1tenth_ws/install/vesc_driver/include/vesc_driver/vesc_device_uuid_lookup.hpp
[0.713s] -- Up-to-date: /home/dalv204/sandbox/f1tenth_ws/install/vesc_driver/include/vesc_driver/datatypes.hpp
[0.713s] -- Up-to-date: /home/dalv204/sandbox/f1tenth_ws/install/vesc_driver/share/vesc_driver/environment/library_path.sh
[0.713s] -- Up-to-date: /home/dalv204/sandbox/f1tenth_ws/install/vesc_driver/share/vesc_driver/environment/library_path.dsv
[0.714s] -- Up-to-date: /home/dalv204/sandbox/f1tenth_ws/install/vesc_driver/lib/libvesc_driver.so
[0.714s] -- Up-to-date: /home/dalv204/sandbox/f1tenth_ws/install/vesc_driver/lib/vesc_driver/vesc_device_namer
[0.714s] -- Up-to-date: /home/dalv204/sandbox/f1tenth_ws/install/vesc_driver/share/vesc_driver/launch
[0.714s] -- Up-to-date: /home/dalv204/sandbox/f1tenth_ws/install/vesc_driver/share/vesc_driver/launch/vesc_driver_node.launch.py
[0.715s] -- Up-to-date: /home/dalv204/sandbox/f1tenth_ws/install/vesc_driver/share/vesc_driver/params
[0.715s] -- Up-to-date: /home/dalv204/sandbox/f1tenth_ws/install/vesc_driver/share/vesc_driver/params/vesc_config.yaml
[0.715s] -- Up-to-date: /home/dalv204/sandbox/f1tenth_ws/install/vesc_driver/share/ament_index/resource_index/package_run_dependencies/vesc_driver
[0.715s] -- Up-to-date: /home/dalv204/sandbox/f1tenth_ws/install/vesc_driver/share/ament_index/resource_index/parent_prefix_path/vesc_driver
[0.715s] -- Up-to-date: /home/dalv204/sandbox/f1tenth_ws/install/vesc_driver/share/vesc_driver/environment/ament_prefix_path.sh
[0.716s] -- Up-to-date: /home/dalv204/sandbox/f1tenth_ws/install/vesc_driver/share/vesc_driver/environment/ament_prefix_path.dsv
[0.718s] -- Up-to-date: /home/dalv204/sandbox/f1tenth_ws/install/vesc_driver/share/vesc_driver/environment/path.sh
[0.718s] -- Up-to-date: /home/dalv204/sandbox/f1tenth_ws/install/vesc_driver/share/vesc_driver/environment/path.dsv
[0.718s] -- Up-to-date: /home/dalv204/sandbox/f1tenth_ws/install/vesc_driver/share/vesc_driver/local_setup.bash
[0.718s] -- Up-to-date: /home/dalv204/sandbox/f1tenth_ws/install/vesc_driver/share/vesc_driver/local_setup.sh
[0.719s] -- Up-to-date: /home/dalv204/sandbox/f1tenth_ws/install/vesc_driver/share/vesc_driver/local_setup.zsh
[0.719s] -- Up-to-date: /home/dalv204/sandbox/f1tenth_ws/install/vesc_driver/share/vesc_driver/local_setup.dsv
[0.719s] -- Installing: /home/dalv204/sandbox/f1tenth_ws/install/vesc_driver/share/vesc_driver/package.dsv
[0.719s] -- Up-to-date: /home/dalv204/sandbox/f1tenth_ws/install/vesc_driver/share/ament_index/resource_index/packages/vesc_driver
[0.720s] -- Up-to-date: /home/dalv204/sandbox/f1tenth_ws/install/vesc_driver/share/ament_index/resource_index/rclcpp_components/vesc_driver
[0.720s] -- Up-to-date: /home/dalv204/sandbox/f1tenth_ws/install/vesc_driver/share/vesc_driver/cmake/ament_cmake_export_dependencies-extras.cmake
[0.720s] -- Up-to-date: /home/dalv204/sandbox/f1tenth_ws/install/vesc_driver/share/vesc_driver/cmake/ament_cmake_export_include_directories-extras.cmake
[0.720s] -- Up-to-date: /home/dalv204/sandbox/f1tenth_ws/install/vesc_driver/share/vesc_driver/cmake/ament_cmake_export_libraries-extras.cmake
[0.720s] -- Up-to-date: /home/dalv204/sandbox/f1tenth_ws/install/vesc_driver/share/vesc_driver/cmake/vesc_driverConfig.cmake
[0.720s] -- Up-to-date: /home/dalv204/sandbox/f1tenth_ws/install/vesc_driver/share/vesc_driver/cmake/vesc_driverConfig-version.cmake
[0.720s] -- Up-to-date: /home/dalv204/sandbox/f1tenth_ws/install/vesc_driver/share/vesc_driver/package.xml
[0.764s] Invoked command in '/home/dalv204/sandbox/f1tenth_ws/build/vesc_driver' returned '0': CMAKE_PREFIX_PATH=/home/dalv204/sandbox/f1tenth_ws/install/vesc_msgs:/home/dalv204/sandbox/f1tenth_ws/install/wall_follow:/home/dalv204/sandbox/f1tenth_ws/install/vesc:/home/dalv204/sandbox/f1tenth_ws/install/vesc_driver:/home/dalv204/sandbox/f1tenth_ws/install/vesc_ackermann:/home/dalv204/sandbox/f1tenth_ws/install/teleop_tools:/home/dalv204/sandbox/f1tenth_ws/install/teleop_tools_msgs:/home/dalv204/sandbox/f1tenth_ws/install/pure_pursuit:/home/dalv204/sandbox/f1tenth_ws/install/lab2_pkg:/home/dalv204/sandbox/f1tenth_ws/install/gap_follow:/home/dalv204/sandbox/f1tenth_ws/install/ackermann_mux:/opt/ros/foxy:/home/dalv204/sandbox/f1tenth_ws/install/f1tenth_stack:/home/dalv204/sandbox/f1tenth_ws/install/joy_teleop:/home/dalv204/sandbox/f1tenth_ws/install/particle_filter:/home/dalv204/sandbox/f1tenth_ws/install/mouse_teleop:/home/dalv204/sandbox/f1tenth_ws/install/key_teleop LD_LIBRARY_PATH=/home/dalv204/sandbox/f1tenth_ws/install/vesc_msgs/lib:/home/dalv204/sandbox/f1tenth_ws/install/vesc_driver/lib:/home/dalv204/sandbox/f1tenth_ws/install/vesc_ackermann/lib:/home/dalv204/sandbox/f1tenth_ws/install/teleop_tools_msgs/lib:/opt/ros/foxy/opt/yaml_cpp_vendor/lib:/opt/ros/foxy/opt/rviz_ogre_vendor/lib:/opt/ros/foxy/lib/aarch64-linux-gnu:/opt/ros/foxy/lib PYTHONPATH=/home/dalv204/sandbox/f1tenth_ws/install/vesc_msgs/lib/python3.8/site-packages:/home/dalv204/sandbox/f1tenth_ws/install/wall_follow/lib/python3.8/site-packages:/home/dalv204/sandbox/f1tenth_ws/install/f1tenth_stack/lib/python3.8/site-packages:/home/dalv204/sandbox/f1tenth_ws/install/joy_teleop/lib/python3.8/site-packages:/home/dalv204/sandbox/f1tenth_ws/install/teleop_tools_msgs/lib/python3.8/site-packages:/home/dalv204/sandbox/f1tenth_ws/install/pure_pursuit/lib/python3.8/site-packages:/home/dalv204/sandbox/f1tenth_ws/install/particle_filter/lib/python3.8/site-packages:/home/dalv204/sandbox/f1tenth_ws/install/mouse_teleop/lib/python3.8/site-packages:/home/dalv204/sandbox/f1tenth_ws/install/key_teleop/lib/python3.8/site-packages:/home/dalv204/sandbox/f1tenth_ws/install/gap_follow/lib/python3.8/site-packages:/opt/ros/foxy/lib/python3.8/site-packages /usr/bin/cmake --install /home/dalv204/sandbox/f1tenth_ws/build/vesc_driver
