[0.042s] Invoking command in '/home/dalv204/sandbox/f1tenth_ws/build/teleop_tools': AMENT_PREFIX_PATH=/home/dalv204/sandbox/f1tenth_ws/install/joy_teleop:/home/dalv204/sandbox/f1tenth_ws/install/teleop_tools_msgs:/home/dalv204/sandbox/f1tenth_ws/install/key_teleop:${AMENT_PREFIX_PATH} CMAKE_PREFIX_PATH=/home/dalv204/sandbox/f1tenth_ws/install/teleop_tools_msgs${CMAKE_PREFIX_PATH} LD_LIBRARY_PATH=/home/dalv204/sandbox/f1tenth_ws/install/teleop_tools_msgs/lib:${LD_LIBRARY_PATH} PYTHONPATH=/home/dalv204/sandbox/f1tenth_ws/install/joy_teleop/lib/python3.8/site-packages:/home/dalv204/sandbox/f1tenth_ws/install/teleop_tools_msgs/lib/python3.8/site-packages:/home/dalv204/sandbox/f1tenth_ws/install/key_teleop/lib/python3.8/site-packages:${PYTHONPATH} /usr/bin/cmake --build /home/dalv204/sandbox/f1tenth_ws/build/teleop_tools -- -j6 -l6
[0.524s] Invoked command in '/home/dalv204/sandbox/f1tenth_ws/build/teleop_tools' returned '0': AMENT_PREFIX_PATH=/home/dalv204/sandbox/f1tenth_ws/install/joy_teleop:/home/dalv204/sandbox/f1tenth_ws/install/teleop_tools_msgs:/home/dalv204/sandbox/f1tenth_ws/install/key_teleop:${AMENT_PREFIX_PATH} CMAKE_PREFIX_PATH=/home/dalv204/sandbox/f1tenth_ws/install/teleop_tools_msgs${CMAKE_PREFIX_PATH} LD_LIBRARY_PATH=/home/dalv204/sandbox/f1tenth_ws/install/teleop_tools_msgs/lib:${LD_LIBRARY_PATH} PYTHONPATH=/home/dalv204/sandbox/f1tenth_ws/install/joy_teleop/lib/python3.8/site-packages:/home/dalv204/sandbox/f1tenth_ws/install/teleop_tools_msgs/lib/python3.8/site-packages:/home/dalv204/sandbox/f1tenth_ws/install/key_teleop/lib/python3.8/site-packages:${PYTHONPATH} /usr/bin/cmake --build /home/dalv204/sandbox/f1tenth_ws/build/teleop_tools -- -j6 -l6
[0.568s] Invoking command in '/home/dalv204/sandbox/f1tenth_ws/build/teleop_tools': AMENT_PREFIX_PATH=/home/dalv204/sandbox/f1tenth_ws/install/joy_teleop:/home/dalv204/sandbox/f1tenth_ws/install/teleop_tools_msgs:/home/dalv204/sandbox/f1tenth_ws/install/key_teleop:${AMENT_PREFIX_PATH} CMAKE_PREFIX_PATH=/home/dalv204/sandbox/f1tenth_ws/install/teleop_tools_msgs${CMAKE_PREFIX_PATH} LD_LIBRARY_PATH=/home/dalv204/sandbox/f1tenth_ws/install/teleop_tools_msgs/lib:${LD_LIBRARY_PATH} PYTHONPATH=/home/dalv204/sandbox/f1tenth_ws/install/joy_teleop/lib/python3.8/site-packages:/home/dalv204/sandbox/f1tenth_ws/install/teleop_tools_msgs/lib/python3.8/site-packages:/home/dalv204/sandbox/f1tenth_ws/install/key_teleop/lib/python3.8/site-packages:${PYTHONPATH} /usr/bin/cmake --install /home/dalv204/sandbox/f1tenth_ws/build/teleop_tools
[0.588s] -- Install configuration: ""
[0.589s] -- Up-to-date: /home/dalv204/sandbox/f1tenth_ws/install/teleop_tools/share/ament_index/resource_index/package_run_dependencies/teleop_tools
[0.589s] -- Up-to-date: /home/dalv204/sandbox/f1tenth_ws/install/teleop_tools/share/ament_index/resource_index/parent_prefix_path/teleop_tools
[0.589s] -- Up-to-date: /home/dalv204/sandbox/f1tenth_ws/install/teleop_tools/share/teleop_tools/environment/ament_prefix_path.sh
[0.589s] -- Up-to-date: /home/dalv204/sandbox/f1tenth_ws/install/teleop_tools/share/teleop_tools/environment/ament_prefix_path.dsv
[0.589s] -- Up-to-date: /home/dalv204/sandbox/f1tenth_ws/install/teleop_tools/share/teleop_tools/environment/path.sh
[0.590s] -- Up-to-date: /home/dalv204/sandbox/f1tenth_ws/install/teleop_tools/share/teleop_tools/environment/path.dsv
[0.590s] -- Up-to-date: /home/dalv204/sandbox/f1tenth_ws/install/teleop_tools/share/teleop_tools/local_setup.bash
[0.590s] -- Up-to-date: /home/dalv204/sandbox/f1tenth_ws/install/teleop_tools/share/teleop_tools/local_setup.sh
[0.590s] -- Up-to-date: /home/dalv204/sandbox/f1tenth_ws/install/teleop_tools/share/teleop_tools/local_setup.zsh
[0.590s] -- Up-to-date: /home/dalv204/sandbox/f1tenth_ws/install/teleop_tools/share/teleop_tools/local_setup.dsv
[0.590s] -- Installing: /home/dalv204/sandbox/f1tenth_ws/install/teleop_tools/share/teleop_tools/package.dsv
[0.590s] -- Up-to-date: /home/dalv204/sandbox/f1tenth_ws/install/teleop_tools/share/ament_index/resource_index/packages/teleop_tools
[0.590s] -- Up-to-date: /home/dalv204/sandbox/f1tenth_ws/install/teleop_tools/share/teleop_tools/cmake/teleop_toolsConfig.cmake
[0.591s] -- Up-to-date: /home/dalv204/sandbox/f1tenth_ws/install/teleop_tools/share/teleop_tools/cmake/teleop_toolsConfig-version.cmake
[0.591s] -- Up-to-date: /home/dalv204/sandbox/f1tenth_ws/install/teleop_tools/share/teleop_tools/package.xml
[0.598s] Invoked command in '/home/dalv204/sandbox/f1tenth_ws/build/teleop_tools' returned '0': AMENT_PREFIX_PATH=/home/dalv204/sandbox/f1tenth_ws/install/joy_teleop:/home/dalv204/sandbox/f1tenth_ws/install/teleop_tools_msgs:/home/dalv204/sandbox/f1tenth_ws/install/key_teleop:${AMENT_PREFIX_PATH} CMAKE_PREFIX_PATH=/home/dalv204/sandbox/f1tenth_ws/install/teleop_tools_msgs${CMAKE_PREFIX_PATH} LD_LIBRARY_PATH=/home/dalv204/sandbox/f1tenth_ws/install/teleop_tools_msgs/lib:${LD_LIBRARY_PATH} PYTHONPATH=/home/dalv204/sandbox/f1tenth_ws/install/joy_teleop/lib/python3.8/site-packages:/home/dalv204/sandbox/f1tenth_ws/install/teleop_tools_msgs/lib/python3.8/site-packages:/home/dalv204/sandbox/f1tenth_ws/install/key_teleop/lib/python3.8/site-packages:${PYTHONPATH} /usr/bin/cmake --install /home/dalv204/sandbox/f1tenth_ws/build/teleop_tools
