[0.087s] Invoking command in '/home/dalv204/sandbox/f1tenth_ws/build/ackermann_mux': /usr/bin/cmake --build /home/dalv204/sandbox/f1tenth_ws/build/ackermann_mux -- -j6 -l6
[0.701s] [100%] Built target ackermann_mux
[0.714s] Invoked command in '/home/dalv204/sandbox/f1tenth_ws/build/ackermann_mux' returned '0': /usr/bin/cmake --build /home/dalv204/sandbox/f1tenth_ws/build/ackermann_mux -- -j6 -l6
[0.874s] Invoking command in '/home/dalv204/sandbox/f1tenth_ws/build/ackermann_mux': /usr/bin/cmake --install /home/dalv204/sandbox/f1tenth_ws/build/ackermann_mux
[0.894s] -- Install configuration: ""
[0.895s] -- Up-to-date: /home/dalv204/sandbox/f1tenth_ws/install/ackermann_mux/lib/ackermann_mux/ackermann_mux
[0.906s] -- Up-to-date: /home/dalv204/sandbox/f1tenth_ws/install/ackermann_mux/share/ackermann_mux/launch
[0.908s] -- Up-to-date: /home/dalv204/sandbox/f1tenth_ws/install/ackermann_mux/share/ackermann_mux/launch/ackermann_mux_launch.py
[0.909s] -- Up-to-date: /home/dalv204/sandbox/f1tenth_ws/install/ackermann_mux/share/ackermann_mux/config
[0.909s] -- Up-to-date: /home/dalv204/sandbox/f1tenth_ws/install/ackermann_mux/share/ackermann_mux/config/ackermann_mux_topics.yaml
[0.909s] -- Up-to-date: /home/dalv204/sandbox/f1tenth_ws/install/ackermann_mux/share/ackermann_mux/config/ackermann_mux_locks.yaml
[0.909s] -- Up-to-date: /home/dalv204/sandbox/f1tenth_ws/install/ackermann_mux/share/ackermann_mux/config/joystick.yaml
[0.910s] -- Up-to-date: /home/dalv204/sandbox/f1tenth_ws/install/ackermann_mux/include
[0.910s] -- Up-to-date: /home/dalv204/sandbox/f1tenth_ws/install/ackermann_mux/include/ackermann_mux
[0.910s] -- Up-to-date: /home/dalv204/sandbox/f1tenth_ws/install/ackermann_mux/include/ackermann_mux/ackermann_mux_diagnostics_status.hpp
[0.910s] -- Up-to-date: /home/dalv204/sandbox/f1tenth_ws/install/ackermann_mux/include/ackermann_mux/topic_handle.hpp
[0.912s] -- Up-to-date: /home/dalv204/sandbox/f1tenth_ws/install/ackermann_mux/include/ackermann_mux/ackermann_mux_diagnostics.hpp
[0.912s] -- Up-to-date: /home/dalv204/sandbox/f1tenth_ws/install/ackermann_mux/include/ackermann_mux/params_helpers.hpp
[0.913s] -- Up-to-date: /home/dalv204/sandbox/f1tenth_ws/install/ackermann_mux/include/ackermann_mux/ackermann_mux.hpp
[0.913s] -- Up-to-date: /home/dalv204/sandbox/f1tenth_ws/install/ackermann_mux/include/ackermann_mux/utils.hpp
[0.913s] -- Up-to-date: /home/dalv204/sandbox/f1tenth_ws/install/ackermann_mux/share/ament_index/resource_index/package_run_dependencies/ackermann_mux
[0.913s] -- Up-to-date: /home/dalv204/sandbox/f1tenth_ws/install/ackermann_mux/share/ament_index/resource_index/parent_prefix_path/ackermann_mux
[0.913s] -- Up-to-date: /home/dalv204/sandbox/f1tenth_ws/install/ackermann_mux/share/ackermann_mux/environment/ament_prefix_path.sh
[0.914s] -- Up-to-date: /home/dalv204/sandbox/f1tenth_ws/install/ackermann_mux/share/ackermann_mux/environment/ament_prefix_path.dsv
[0.914s] -- Up-to-date: /home/dalv204/sandbox/f1tenth_ws/install/ackermann_mux/share/ackermann_mux/environment/path.sh
[0.914s] -- Up-to-date: /home/dalv204/sandbox/f1tenth_ws/install/ackermann_mux/share/ackermann_mux/environment/path.dsv
[0.914s] -- Up-to-date: /home/dalv204/sandbox/f1tenth_ws/install/ackermann_mux/share/ackermann_mux/local_setup.bash
[0.915s] -- Up-to-date: /home/dalv204/sandbox/f1tenth_ws/install/ackermann_mux/share/ackermann_mux/local_setup.sh
[0.915s] -- Up-to-date: /home/dalv204/sandbox/f1tenth_ws/install/ackermann_mux/share/ackermann_mux/local_setup.zsh
[0.915s] -- Up-to-date: /home/dalv204/sandbox/f1tenth_ws/install/ackermann_mux/share/ackermann_mux/local_setup.dsv
[0.915s] -- Installing: /home/dalv204/sandbox/f1tenth_ws/install/ackermann_mux/share/ackermann_mux/package.dsv
[0.915s] -- Up-to-date: /home/dalv204/sandbox/f1tenth_ws/install/ackermann_mux/share/ament_index/resource_index/packages/ackermann_mux
[0.915s] -- Up-to-date: /home/dalv204/sandbox/f1tenth_ws/install/ackermann_mux/share/ackermann_mux/cmake/ament_cmake_export_include_directories-extras.cmake
[0.915s] -- Up-to-date: /home/dalv204/sandbox/f1tenth_ws/install/ackermann_mux/share/ackermann_mux/cmake/ament_cmake_export_dependencies-extras.cmake
[0.916s] -- Up-to-date: /home/dalv204/sandbox/f1tenth_ws/install/ackermann_mux/share/ackermann_mux/cmake/ackermann_muxConfig.cmake
[0.916s] -- Up-to-date: /home/dalv204/sandbox/f1tenth_ws/install/ackermann_mux/share/ackermann_mux/cmake/ackermann_muxConfig-version.cmake
[0.916s] -- Up-to-date: /home/dalv204/sandbox/f1tenth_ws/install/ackermann_mux/share/ackermann_mux/package.xml
[0.928s] Invoked command in '/home/dalv204/sandbox/f1tenth_ws/build/ackermann_mux' returned '0': /usr/bin/cmake --install /home/dalv204/sandbox/f1tenth_ws/build/ackermann_mux
