[0.203s] DEBUG:colcon:Command line arguments: ['/usr/bin/colcon', 'build']
[0.203s] DEBUG:colcon:Parsed command line arguments: Namespace(allow_overriding=[], ament_cmake_args=None, base_paths=['.'], build_base='build', catkin_cmake_args=None, catkin_skip_building_tests=False, cmake_args=None, cmake_clean_cache=False, cmake_clean_first=False, cmake_force_configure=False, cmake_target=None, cmake_target_skip_unavailable=False, continue_on_error=False, event_handlers=None, executor='parallel', ignore_user_meta=False, install_base='install', log_base=None, log_level=None, main=<bound method BuildVerb.main of <colcon_core.verb.build.BuildVerb object at 0x7f2ed9a0f7f0>>, merge_install=False, metas=['./colcon.meta'], packages_above=None, packages_above_and_dependencies=None, packages_above_depth=None, packages_end=None, packages_ignore=None, packages_ignore_regex=None, packages_select=None, packages_select_build_failed=False, packages_select_by_dep=None, packages_select_regex=None, packages_select_test_failures=False, packages_skip=None, packages_skip_build_finished=False, packages_skip_by_dep=None, packages_skip_regex=None, packages_skip_test_passed=False, packages_skip_up_to=None, packages_start=None, packages_up_to=None, packages_up_to_regex=None, parallel_workers=16, paths=None, symlink_install=False, test_result_base=None, verb_extension=<colcon_core.verb.build.BuildVerb object at 0x7f2ed9a0f7f0>, verb_name='build', verb_parser=<colcon_defaults.argument_parser.defaults.DefaultArgumentsDecorator object at 0x7f2ed98e7430>)
[0.284s] Level 1:colcon.colcon_core.package_discovery:discover_packages(colcon_meta) check parameters
[0.284s] Level 1:colcon.colcon_core.package_discovery:discover_packages(recursive) check parameters
[0.284s] Level 1:colcon.colcon_core.package_discovery:discover_packages(ignore) check parameters
[0.284s] Level 1:colcon.colcon_core.package_discovery:discover_packages(path) check parameters
[0.284s] Level 1:colcon.colcon_core.package_discovery:discover_packages(colcon_meta) discover
[0.284s] Level 1:colcon.colcon_core.package_discovery:discover_packages(recursive) discover
[0.284s] INFO:colcon.colcon_core.package_discovery:Crawling recursively for packages in '/home/dalv204/f1tenth_ws/src/pure_pursuit'
[0.284s] Level 1:colcon.colcon_core.package_identification:_identify(.) by extensions ['ignore', 'ignore_ament_install']
[0.284s] Level 1:colcon.colcon_core.package_identification:_identify(.) by extension 'ignore'
[0.284s] Level 1:colcon.colcon_core.package_identification:_identify(.) by extension 'ignore_ament_install'
[0.284s] Level 1:colcon.colcon_core.package_identification:_identify(.) by extensions ['colcon_pkg']
[0.284s] Level 1:colcon.colcon_core.package_identification:_identify(.) by extension 'colcon_pkg'
[0.284s] Level 1:colcon.colcon_core.package_identification:_identify(.) by extensions ['colcon_meta']
[0.285s] Level 1:colcon.colcon_core.package_identification:_identify(.) by extension 'colcon_meta'
[0.285s] Level 1:colcon.colcon_core.package_identification:_identify(.) by extensions ['ros']
[0.285s] Level 1:colcon.colcon_core.package_identification:_identify(.) by extension 'ros'
[0.293s] Level 1:colcon.colcon_core.package_identification:_identify(.) by extensions ['cmake', 'python']
[0.293s] Level 1:colcon.colcon_core.package_identification:_identify(.) by extension 'cmake'
[0.293s] Level 1:colcon.colcon_core.package_identification:_identify(.) by extension 'python'
[0.293s] Level 1:colcon.colcon_core.package_identification:_identify(.) by extensions ['python_setup_py']
[0.293s] Level 1:colcon.colcon_core.package_identification:_identify(.) by extension 'python_setup_py'
[0.293s] Level 1:colcon.colcon_core.package_identification:_identify(build) by extensions ['ignore', 'ignore_ament_install']
[0.293s] Level 1:colcon.colcon_core.package_identification:_identify(build) by extension 'ignore'
[0.293s] Level 1:colcon.colcon_core.package_identification:_identify(build) ignored
[0.293s] Level 1:colcon.colcon_core.package_identification:_identify(install) by extensions ['ignore', 'ignore_ament_install']
[0.293s] Level 1:colcon.colcon_core.package_identification:_identify(install) by extension 'ignore'
[0.293s] Level 1:colcon.colcon_core.package_identification:_identify(install) ignored
[0.294s] Level 1:colcon.colcon_core.package_identification:_identify(log) by extensions ['ignore', 'ignore_ament_install']
[0.294s] Level 1:colcon.colcon_core.package_identification:_identify(log) by extension 'ignore'
[0.294s] Level 1:colcon.colcon_core.package_identification:_identify(log) ignored
[0.294s] Level 1:colcon.colcon_core.package_identification:_identify(pure_pursuit) by extensions ['ignore', 'ignore_ament_install']
[0.294s] Level 1:colcon.colcon_core.package_identification:_identify(pure_pursuit) by extension 'ignore'
[0.294s] Level 1:colcon.colcon_core.package_identification:_identify(pure_pursuit) by extension 'ignore_ament_install'
[0.294s] Level 1:colcon.colcon_core.package_identification:_identify(pure_pursuit) by extensions ['colcon_pkg']
[0.294s] Level 1:colcon.colcon_core.package_identification:_identify(pure_pursuit) by extension 'colcon_pkg'
[0.294s] Level 1:colcon.colcon_core.package_identification:_identify(pure_pursuit) by extensions ['colcon_meta']
[0.294s] Level 1:colcon.colcon_core.package_identification:_identify(pure_pursuit) by extension 'colcon_meta'
[0.294s] Level 1:colcon.colcon_core.package_identification:_identify(pure_pursuit) by extensions ['ros']
[0.294s] Level 1:colcon.colcon_core.package_identification:_identify(pure_pursuit) by extension 'ros'
[0.296s] DEBUG:colcon.colcon_core.package_identification:Package 'pure_pursuit' with type 'ros.ament_cmake' and name 'pure_pursuit'
[0.296s] Level 1:colcon.colcon_core.package_discovery:discover_packages(recursive) using defaults
[0.296s] Level 1:colcon.colcon_core.package_discovery:discover_packages(ignore) discover
[0.296s] Level 1:colcon.colcon_core.package_discovery:discover_packages(ignore) using defaults
[0.296s] Level 1:colcon.colcon_core.package_discovery:discover_packages(path) discover
[0.296s] Level 1:colcon.colcon_core.package_discovery:discover_packages(path) using defaults
[0.307s] Level 1:colcon.colcon_core.package_discovery:discover_packages(prefix_path) check parameters
[0.307s] Level 1:colcon.colcon_core.package_discovery:discover_packages(prefix_path) discover
[0.308s] DEBUG:colcon.colcon_installed_package_information.package_discovery:Found 264 installed packages in /opt/ros/foxy
[0.309s] Level 1:colcon.colcon_core.package_discovery:discover_packages(prefix_path) using defaults
[0.344s] Level 5:colcon.colcon_core.verb:set package 'pure_pursuit' build argument 'cmake_args' from command line to 'None'
[0.344s] Level 5:colcon.colcon_core.verb:set package 'pure_pursuit' build argument 'cmake_target' from command line to 'None'
[0.344s] Level 5:colcon.colcon_core.verb:set package 'pure_pursuit' build argument 'cmake_target_skip_unavailable' from command line to 'False'
[0.344s] Level 5:colcon.colcon_core.verb:set package 'pure_pursuit' build argument 'cmake_clean_cache' from command line to 'False'
[0.344s] Level 5:colcon.colcon_core.verb:set package 'pure_pursuit' build argument 'cmake_clean_first' from command line to 'False'
[0.344s] Level 5:colcon.colcon_core.verb:set package 'pure_pursuit' build argument 'cmake_force_configure' from command line to 'False'
[0.344s] Level 5:colcon.colcon_core.verb:set package 'pure_pursuit' build argument 'ament_cmake_args' from command line to 'None'
[0.344s] Level 5:colcon.colcon_core.verb:set package 'pure_pursuit' build argument 'catkin_cmake_args' from command line to 'None'
[0.344s] Level 5:colcon.colcon_core.verb:set package 'pure_pursuit' build argument 'catkin_skip_building_tests' from command line to 'False'
[0.344s] DEBUG:colcon.colcon_core.verb:Building package 'pure_pursuit' with the following arguments: {'ament_cmake_args': None, 'build_base': '/home/dalv204/f1tenth_ws/src/pure_pursuit/build/pure_pursuit', 'catkin_cmake_args': None, 'catkin_skip_building_tests': False, 'cmake_args': None, 'cmake_clean_cache': False, 'cmake_clean_first': False, 'cmake_force_configure': False, 'cmake_target': None, 'cmake_target_skip_unavailable': False, 'install_base': '/home/dalv204/f1tenth_ws/src/pure_pursuit/install/pure_pursuit', 'merge_install': False, 'path': '/home/dalv204/f1tenth_ws/src/pure_pursuit/pure_pursuit', 'symlink_install': False, 'test_result_base': None}
[0.344s] INFO:colcon.colcon_core.executor:Executing jobs using 'parallel' executor
[0.345s] DEBUG:colcon.colcon_parallel_executor.executor.parallel:run_until_complete
[0.345s] INFO:colcon.colcon_ros.task.ament_cmake.build:Building ROS package in '/home/dalv204/f1tenth_ws/src/pure_pursuit/pure_pursuit' with build type 'ament_cmake'
[0.345s] INFO:colcon.colcon_cmake.task.cmake.build:Building CMake package in '/home/dalv204/f1tenth_ws/src/pure_pursuit/pure_pursuit'
[0.347s] INFO:colcon.colcon_core.plugin_system:Skipping extension 'colcon_core.shell.bat': Not used on non-Windows systems
[0.347s] INFO:colcon.colcon_core.shell:Skip shell extension 'powershell' for command environment: Not usable outside of PowerShell
[0.347s] DEBUG:colcon.colcon_core.shell:Skip shell extension 'dsv' for command environment
[0.359s] DEBUG:colcon.colcon_core.event_handler.log_command:Invoking command in '/home/dalv204/f1tenth_ws/src/pure_pursuit/build/pure_pursuit': CMAKE_PREFIX_PATH=/opt/ros/foxy /usr/bin/cmake --build /home/dalv204/f1tenth_ws/src/pure_pursuit/build/pure_pursuit -- -j16 -l16
[0.417s] DEBUG:colcon.colcon_core.event_handler.log_command:Invoked command in '/home/dalv204/f1tenth_ws/src/pure_pursuit/build/pure_pursuit' returned '0': CMAKE_PREFIX_PATH=/opt/ros/foxy /usr/bin/cmake --build /home/dalv204/f1tenth_ws/src/pure_pursuit/build/pure_pursuit -- -j16 -l16
[0.448s] DEBUG:colcon.colcon_core.event_handler.log_command:Invoking command in '/home/dalv204/f1tenth_ws/src/pure_pursuit/build/pure_pursuit': CMAKE_PREFIX_PATH=/opt/ros/foxy /usr/bin/cmake --install /home/dalv204/f1tenth_ws/src/pure_pursuit/build/pure_pursuit
[0.477s] Level 1:colcon.colcon_core.environment:create_environment_scripts_only(pure_pursuit)
[0.478s] DEBUG:colcon.colcon_core.event_handler.log_command:Invoked command in '/home/dalv204/f1tenth_ws/src/pure_pursuit/build/pure_pursuit' returned '0': CMAKE_PREFIX_PATH=/opt/ros/foxy /usr/bin/cmake --install /home/dalv204/f1tenth_ws/src/pure_pursuit/build/pure_pursuit
[0.479s] Level 1:colcon.colcon_core.environment:checking '/home/dalv204/f1tenth_ws/src/pure_pursuit/install/pure_pursuit' for CMake module files
[0.480s] Level 1:colcon.colcon_core.environment:checking '/home/dalv204/f1tenth_ws/src/pure_pursuit/install/pure_pursuit' for CMake config files
[0.480s] Level 1:colcon.colcon_core.shell:create_environment_hook('pure_pursuit', 'cmake_prefix_path')
[0.480s] INFO:colcon.colcon_core.shell:Creating environment hook '/home/dalv204/f1tenth_ws/src/pure_pursuit/install/pure_pursuit/share/pure_pursuit/hook/cmake_prefix_path.ps1'
[0.481s] INFO:colcon.colcon_core.shell:Creating environment descriptor '/home/dalv204/f1tenth_ws/src/pure_pursuit/install/pure_pursuit/share/pure_pursuit/hook/cmake_prefix_path.dsv'
[0.481s] INFO:colcon.colcon_core.shell:Creating environment hook '/home/dalv204/f1tenth_ws/src/pure_pursuit/install/pure_pursuit/share/pure_pursuit/hook/cmake_prefix_path.sh'
[0.482s] Level 1:colcon.colcon_core.environment:checking '/home/dalv204/f1tenth_ws/src/pure_pursuit/install/pure_pursuit/lib'
[0.482s] Level 1:colcon.colcon_core.environment:checking '/home/dalv204/f1tenth_ws/src/pure_pursuit/install/pure_pursuit/bin'
[0.482s] Level 1:colcon.colcon_core.environment:checking '/home/dalv204/f1tenth_ws/src/pure_pursuit/install/pure_pursuit/lib/pkgconfig/pure_pursuit.pc'
[0.482s] Level 1:colcon.colcon_core.environment:checking '/home/dalv204/f1tenth_ws/src/pure_pursuit/install/pure_pursuit/lib/python3.8/site-packages'
[0.482s] Level 1:colcon.colcon_core.shell:create_environment_hook('pure_pursuit', 'pythonpath')
[0.482s] INFO:colcon.colcon_core.shell:Creating environment hook '/home/dalv204/f1tenth_ws/src/pure_pursuit/install/pure_pursuit/share/pure_pursuit/hook/pythonpath.ps1'
[0.483s] INFO:colcon.colcon_core.shell:Creating environment descriptor '/home/dalv204/f1tenth_ws/src/pure_pursuit/install/pure_pursuit/share/pure_pursuit/hook/pythonpath.dsv'
[0.483s] INFO:colcon.colcon_core.shell:Creating environment hook '/home/dalv204/f1tenth_ws/src/pure_pursuit/install/pure_pursuit/share/pure_pursuit/hook/pythonpath.sh'
[0.483s] Level 1:colcon.colcon_core.environment:checking '/home/dalv204/f1tenth_ws/src/pure_pursuit/install/pure_pursuit/bin'
[0.483s] INFO:colcon.colcon_core.shell:Creating package script '/home/dalv204/f1tenth_ws/src/pure_pursuit/install/pure_pursuit/share/pure_pursuit/package.ps1'
[0.484s] INFO:colcon.colcon_core.shell:Creating package descriptor '/home/dalv204/f1tenth_ws/src/pure_pursuit/install/pure_pursuit/share/pure_pursuit/package.dsv'
[0.484s] INFO:colcon.colcon_core.shell:Creating package script '/home/dalv204/f1tenth_ws/src/pure_pursuit/install/pure_pursuit/share/pure_pursuit/package.sh'
[0.485s] INFO:colcon.colcon_core.shell:Creating package script '/home/dalv204/f1tenth_ws/src/pure_pursuit/install/pure_pursuit/share/pure_pursuit/package.bash'
[0.485s] INFO:colcon.colcon_core.shell:Creating package script '/home/dalv204/f1tenth_ws/src/pure_pursuit/install/pure_pursuit/share/pure_pursuit/package.zsh'
[0.485s] Level 1:colcon.colcon_core.environment:create_file_with_runtime_dependencies(/home/dalv204/f1tenth_ws/src/pure_pursuit/install/pure_pursuit/share/colcon-core/packages/pure_pursuit)
[0.509s] Level 1:colcon.colcon_core.environment:create_environment_scripts_only(pure_pursuit)
[0.509s] Level 1:colcon.colcon_core.environment:checking '/home/dalv204/f1tenth_ws/src/pure_pursuit/install/pure_pursuit' for CMake module files
[0.510s] Level 1:colcon.colcon_core.environment:checking '/home/dalv204/f1tenth_ws/src/pure_pursuit/install/pure_pursuit' for CMake config files
[0.510s] Level 1:colcon.colcon_core.shell:create_environment_hook('pure_pursuit', 'cmake_prefix_path')
[0.510s] INFO:colcon.colcon_core.shell:Creating environment hook '/home/dalv204/f1tenth_ws/src/pure_pursuit/install/pure_pursuit/share/pure_pursuit/hook/cmake_prefix_path.ps1'
[0.510s] INFO:colcon.colcon_core.shell:Creating environment descriptor '/home/dalv204/f1tenth_ws/src/pure_pursuit/install/pure_pursuit/share/pure_pursuit/hook/cmake_prefix_path.dsv'
[0.511s] INFO:colcon.colcon_core.shell:Creating environment hook '/home/dalv204/f1tenth_ws/src/pure_pursuit/install/pure_pursuit/share/pure_pursuit/hook/cmake_prefix_path.sh'
[0.511s] Level 1:colcon.colcon_core.environment:checking '/home/dalv204/f1tenth_ws/src/pure_pursuit/install/pure_pursuit/lib'
[0.511s] Level 1:colcon.colcon_core.environment:checking '/home/dalv204/f1tenth_ws/src/pure_pursuit/install/pure_pursuit/bin'
[0.511s] Level 1:colcon.colcon_core.environment:checking '/home/dalv204/f1tenth_ws/src/pure_pursuit/install/pure_pursuit/lib/pkgconfig/pure_pursuit.pc'
[0.511s] Level 1:colcon.colcon_core.environment:checking '/home/dalv204/f1tenth_ws/src/pure_pursuit/install/pure_pursuit/lib/python3.8/site-packages'
[0.511s] Level 1:colcon.colcon_core.shell:create_environment_hook('pure_pursuit', 'pythonpath')
[0.511s] INFO:colcon.colcon_core.shell:Creating environment hook '/home/dalv204/f1tenth_ws/src/pure_pursuit/install/pure_pursuit/share/pure_pursuit/hook/pythonpath.ps1'
[0.512s] INFO:colcon.colcon_core.shell:Creating environment descriptor '/home/dalv204/f1tenth_ws/src/pure_pursuit/install/pure_pursuit/share/pure_pursuit/hook/pythonpath.dsv'
[0.512s] INFO:colcon.colcon_core.shell:Creating environment hook '/home/dalv204/f1tenth_ws/src/pure_pursuit/install/pure_pursuit/share/pure_pursuit/hook/pythonpath.sh'
[0.512s] Level 1:colcon.colcon_core.environment:checking '/home/dalv204/f1tenth_ws/src/pure_pursuit/install/pure_pursuit/bin'
[0.512s] INFO:colcon.colcon_core.shell:Creating package script '/home/dalv204/f1tenth_ws/src/pure_pursuit/install/pure_pursuit/share/pure_pursuit/package.ps1'
[0.513s] INFO:colcon.colcon_core.shell:Creating package descriptor '/home/dalv204/f1tenth_ws/src/pure_pursuit/install/pure_pursuit/share/pure_pursuit/package.dsv'
[0.513s] INFO:colcon.colcon_core.shell:Creating package script '/home/dalv204/f1tenth_ws/src/pure_pursuit/install/pure_pursuit/share/pure_pursuit/package.sh'
[0.513s] INFO:colcon.colcon_core.shell:Creating package script '/home/dalv204/f1tenth_ws/src/pure_pursuit/install/pure_pursuit/share/pure_pursuit/package.bash'
[0.514s] INFO:colcon.colcon_core.shell:Creating package script '/home/dalv204/f1tenth_ws/src/pure_pursuit/install/pure_pursuit/share/pure_pursuit/package.zsh'
[0.525s] Level 1:colcon.colcon_core.environment:create_file_with_runtime_dependencies(/home/dalv204/f1tenth_ws/src/pure_pursuit/install/pure_pursuit/share/colcon-core/packages/pure_pursuit)
[0.525s] DEBUG:colcon.colcon_parallel_executor.executor.parallel:closing loop
[0.525s] DEBUG:colcon.colcon_parallel_executor.executor.parallel:loop closed
[0.526s] DEBUG:colcon.colcon_parallel_executor.executor.parallel:run_until_complete finished with '0'
[0.526s] DEBUG:colcon.colcon_core.event_reactor:joining thread
[0.571s] INFO:colcon.colcon_core.plugin_system:Skipping extension 'colcon_notification.desktop_notification.notify_send': Could not find 'notify-send'
[0.572s] INFO:colcon.colcon_core.plugin_system:Skipping extension 'colcon_notification.desktop_notification.terminal_notifier': Not used on non-Darwin systems
[0.572s] INFO:colcon.colcon_core.plugin_system:Skipping extension 'colcon_notification.desktop_notification.win32': Not used on non-Windows systems
[0.572s] INFO:colcon.colcon_notification.desktop_notification:Sending desktop notification using 'notify2'
[0.573s] DEBUG:colcon.colcon_notification.desktop_notification.notify2:Failed to initialize notify2: org.freedesktop.DBus.Error.ServiceUnknown: The name org.freedesktop.Notifications was not provided by any .service files
[0.573s] DEBUG:colcon.colcon_core.event_reactor:joined thread
[0.573s] INFO:colcon.colcon_core.shell:Creating prefix script '/home/dalv204/f1tenth_ws/src/pure_pursuit/install/local_setup.ps1'
[0.574s] INFO:colcon.colcon_core.shell:Creating prefix util module '/home/dalv204/f1tenth_ws/src/pure_pursuit/install/_local_setup_util_ps1.py'
[0.575s] INFO:colcon.colcon_core.shell:Creating prefix chain script '/home/dalv204/f1tenth_ws/src/pure_pursuit/install/setup.ps1'
[0.576s] INFO:colcon.colcon_core.shell:Creating prefix script '/home/dalv204/f1tenth_ws/src/pure_pursuit/install/local_setup.sh'
[0.576s] INFO:colcon.colcon_core.shell:Creating prefix util module '/home/dalv204/f1tenth_ws/src/pure_pursuit/install/_local_setup_util_sh.py'
[0.576s] INFO:colcon.colcon_core.shell:Creating prefix chain script '/home/dalv204/f1tenth_ws/src/pure_pursuit/install/setup.sh'
[0.577s] INFO:colcon.colcon_core.shell:Creating prefix script '/home/dalv204/f1tenth_ws/src/pure_pursuit/install/local_setup.bash'
[0.577s] INFO:colcon.colcon_core.shell:Creating prefix chain script '/home/dalv204/f1tenth_ws/src/pure_pursuit/install/setup.bash'
[0.577s] INFO:colcon.colcon_core.shell:Creating prefix script '/home/dalv204/f1tenth_ws/src/pure_pursuit/install/local_setup.zsh'
[0.578s] INFO:colcon.colcon_core.shell:Creating prefix chain script '/home/dalv204/f1tenth_ws/src/pure_pursuit/install/setup.zsh'
