[0.564s] Invoking command in '/home/dalv204/sandbox/f1tenth_ws/build/gap_follow': /usr/bin/cmake --build /home/dalv204/sandbox/f1tenth_ws/build/gap_follow -- -j6 -l6
[0.757s] [100%] Built target reactive_node
[0.844s] Invoked command in '/home/dalv204/sandbox/f1tenth_ws/build/gap_follow' returned '0': /usr/bin/cmake --build /home/dalv204/sandbox/f1tenth_ws/build/gap_follow -- -j6 -l6
[0.907s] Invoking command in '/home/dalv204/sandbox/f1tenth_ws/build/gap_follow': /usr/bin/cmake --install /home/dalv204/sandbox/f1tenth_ws/build/gap_follow
[0.932s] -- Install configuration: ""
[0.933s] -- Up-to-date: /home/dalv204/sandbox/f1tenth_ws/install/gap_follow/lib/gap_follow/reactive_node
[0.935s] -- Up-to-date: /home/dalv204/sandbox/f1tenth_ws/install/gap_follow/share/gap_follow/environment/pythonpath.sh
[0.935s] -- Up-to-date: /home/dalv204/sandbox/f1tenth_ws/install/gap_follow/share/gap_follow/environment/pythonpath.dsv
[0.937s] -- Up-to-date: /home/dalv204/sandbox/f1tenth_ws/install/gap_follow/lib/python3.8/site-packages/gap_follow
[0.939s] -- Up-to-date: /home/dalv204/sandbox/f1tenth_ws/install/gap_follow/lib/python3.8/site-packages/gap_follow/__init__.py
[1.012s] Listing '/home/dalv204/sandbox/f1tenth_ws/install/gap_follow/lib/python3.8/site-packages/gap_follow'...
[1.026s] -- Up-to-date: /home/dalv204/sandbox/f1tenth_ws/install/gap_follow/lib/gap_follow/reactive_node.py
[1.029s] -- Up-to-date: /home/dalv204/sandbox/f1tenth_ws/install/gap_follow/share/ament_index/resource_index/package_run_dependencies/gap_follow
[1.030s] -- Up-to-date: /home/dalv204/sandbox/f1tenth_ws/install/gap_follow/share/ament_index/resource_index/parent_prefix_path/gap_follow
[1.030s] -- Up-to-date: /home/dalv204/sandbox/f1tenth_ws/install/gap_follow/share/gap_follow/environment/ament_prefix_path.sh
[1.030s] -- Up-to-date: /home/dalv204/sandbox/f1tenth_ws/install/gap_follow/share/gap_follow/environment/ament_prefix_path.dsv
[1.031s] -- Up-to-date: /home/dalv204/sandbox/f1tenth_ws/install/gap_follow/share/gap_follow/environment/path.sh
[1.031s] -- Up-to-date: /home/dalv204/sandbox/f1tenth_ws/install/gap_follow/share/gap_follow/environment/path.dsv
[1.031s] -- Up-to-date: /home/dalv204/sandbox/f1tenth_ws/install/gap_follow/share/gap_follow/local_setup.bash
[1.031s] -- Up-to-date: /home/dalv204/sandbox/f1tenth_ws/install/gap_follow/share/gap_follow/local_setup.sh
[1.031s] -- Up-to-date: /home/dalv204/sandbox/f1tenth_ws/install/gap_follow/share/gap_follow/local_setup.zsh
[1.031s] -- Up-to-date: /home/dalv204/sandbox/f1tenth_ws/install/gap_follow/share/gap_follow/local_setup.dsv
[1.031s] -- Installing: /home/dalv204/sandbox/f1tenth_ws/install/gap_follow/share/gap_follow/package.dsv
[1.033s] -- Up-to-date: /home/dalv204/sandbox/f1tenth_ws/install/gap_follow/share/ament_index/resource_index/packages/gap_follow
[1.034s] -- Up-to-date: /home/dalv204/sandbox/f1tenth_ws/install/gap_follow/share/gap_follow/cmake/gap_followConfig.cmake
[1.034s] -- Up-to-date: /home/dalv204/sandbox/f1tenth_ws/install/gap_follow/share/gap_follow/cmake/gap_followConfig-version.cmake
[1.035s] -- Up-to-date: /home/dalv204/sandbox/f1tenth_ws/install/gap_follow/share/gap_follow/package.xml
[1.496s] Invoked command in '/home/dalv204/sandbox/f1tenth_ws/build/gap_follow' returned '0': /usr/bin/cmake --install /home/dalv204/sandbox/f1tenth_ws/build/gap_follow
