[0.100s] Invoking command in '/home/dalv204/sandbox/f1tenth_ws/build/teleop_tools_msgs': CMAKE_PREFIX_PATH=${CMAKE_PREFIX_PATH}:/home/dalv204/sandbox/f1tenth_ws/install/f1tenth_stack:/home/dalv204/sandbox/f1tenth_ws/install/joy_teleop:/home/dalv204/sandbox/f1tenth_ws/install/particle_filter:/home/dalv204/sandbox/f1tenth_ws/install/mouse_teleop:/home/dalv204/sandbox/f1tenth_ws/install/key_teleop /usr/bin/cmake --build /home/dalv204/sandbox/f1tenth_ws/build/teleop_tools_msgs -- -j6 -l6
[1.156s] [  3%] Built target teleop_tools_msgs__cpp
[1.156s] [ 12%] Built target teleop_tools_msgs__rosidl_generator_c
[1.156s] [ 22%] Built target teleop_tools_msgs__rosidl_typesupport_introspection_cpp
[1.157s] [ 32%] Built target teleop_tools_msgs__rosidl_typesupport_cpp
[1.158s] [ 41%] Built target teleop_tools_msgs__rosidl_typesupport_introspection_c
[1.158s] [ 51%] Built target teleop_tools_msgs__rosidl_typesupport_fastrtps_cpp
[1.161s] [ 61%] Built target teleop_tools_msgs__rosidl_typesupport_c
[1.161s] [ 70%] Built target teleop_tools_msgs__rosidl_typesupport_fastrtps_c
[1.161s] [ 70%] Built target teleop_tools_msgs
[1.162s] [ 74%] Built target teleop_tools_msgs__py
[1.162s] [ 80%] Built target teleop_tools_msgs__python
[1.162s] [ 87%] Built target teleop_tools_msgs__rosidl_typesupport_fastrtps_c__pyext
[1.162s] [ 93%] Built target teleop_tools_msgs__rosidl_typesupport_c__pyext
[1.162s] [100%] Built target teleop_tools_msgs__rosidl_typesupport_introspection_c__pyext
[1.166s] Invoked command in '/home/dalv204/sandbox/f1tenth_ws/build/teleop_tools_msgs' returned '0': CMAKE_PREFIX_PATH=${CMAKE_PREFIX_PATH}:/home/dalv204/sandbox/f1tenth_ws/install/f1tenth_stack:/home/dalv204/sandbox/f1tenth_ws/install/joy_teleop:/home/dalv204/sandbox/f1tenth_ws/install/particle_filter:/home/dalv204/sandbox/f1tenth_ws/install/mouse_teleop:/home/dalv204/sandbox/f1tenth_ws/install/key_teleop /usr/bin/cmake --build /home/dalv204/sandbox/f1tenth_ws/build/teleop_tools_msgs -- -j6 -l6
[1.292s] Invoking command in '/home/dalv204/sandbox/f1tenth_ws/build/teleop_tools_msgs': CMAKE_PREFIX_PATH=${CMAKE_PREFIX_PATH}:/home/dalv204/sandbox/f1tenth_ws/install/f1tenth_stack:/home/dalv204/sandbox/f1tenth_ws/install/joy_teleop:/home/dalv204/sandbox/f1tenth_ws/install/particle_filter:/home/dalv204/sandbox/f1tenth_ws/install/mouse_teleop:/home/dalv204/sandbox/f1tenth_ws/install/key_teleop /usr/bin/cmake --install /home/dalv204/sandbox/f1tenth_ws/build/teleop_tools_msgs
[1.318s] -- Install configuration: ""
[1.318s] -- Up-to-date: /home/dalv204/sandbox/f1tenth_ws/install/teleop_tools_msgs/share/ament_index/resource_index/rosidl_interfaces/teleop_tools_msgs
[1.319s] -- Up-to-date: /home/dalv204/sandbox/f1tenth_ws/install/teleop_tools_msgs/include/teleop_tools_msgs
[1.319s] -- Up-to-date: /home/dalv204/sandbox/f1tenth_ws/install/teleop_tools_msgs/include/teleop_tools_msgs/action
[1.319s] -- Up-to-date: /home/dalv204/sandbox/f1tenth_ws/install/teleop_tools_msgs/include/teleop_tools_msgs/action/detail
[1.319s] -- Up-to-date: /home/dalv204/sandbox/f1tenth_ws/install/teleop_tools_msgs/include/teleop_tools_msgs/action/detail/increment__struct.h
[1.319s] -- Up-to-date: /home/dalv204/sandbox/f1tenth_ws/install/teleop_tools_msgs/include/teleop_tools_msgs/action/detail/increment__functions.h
[1.321s] -- Up-to-date: /home/dalv204/sandbox/f1tenth_ws/install/teleop_tools_msgs/include/teleop_tools_msgs/action/detail/increment__functions.c
[1.322s] -- Up-to-date: /home/dalv204/sandbox/f1tenth_ws/install/teleop_tools_msgs/include/teleop_tools_msgs/action/detail/increment__type_support.h
[1.322s] -- Up-to-date: /home/dalv204/sandbox/f1tenth_ws/install/teleop_tools_msgs/include/teleop_tools_msgs/action/increment.h
[1.322s] -- Up-to-date: /home/dalv204/sandbox/f1tenth_ws/install/teleop_tools_msgs/include/teleop_tools_msgs/msg
[1.323s] -- Up-to-date: /home/dalv204/sandbox/f1tenth_ws/install/teleop_tools_msgs/include/teleop_tools_msgs/msg/rosidl_generator_c__visibility_control.h
[1.323s] -- Up-to-date: /home/dalv204/sandbox/f1tenth_ws/install/teleop_tools_msgs/share/teleop_tools_msgs/environment/library_path.sh
[1.324s] -- Up-to-date: /home/dalv204/sandbox/f1tenth_ws/install/teleop_tools_msgs/share/teleop_tools_msgs/environment/library_path.dsv
[1.324s] -- Up-to-date: /home/dalv204/sandbox/f1tenth_ws/install/teleop_tools_msgs/lib/libteleop_tools_msgs__rosidl_generator_c.so
[1.324s] -- Up-to-date: /home/dalv204/sandbox/f1tenth_ws/install/teleop_tools_msgs/include/teleop_tools_msgs
[1.325s] -- Up-to-date: /home/dalv204/sandbox/f1tenth_ws/install/teleop_tools_msgs/include/teleop_tools_msgs/action
[1.326s] -- Up-to-date: /home/dalv204/sandbox/f1tenth_ws/install/teleop_tools_msgs/include/teleop_tools_msgs/action/detail
[1.326s] -- Up-to-date: /home/dalv204/sandbox/f1tenth_ws/install/teleop_tools_msgs/include/teleop_tools_msgs/action/detail/increment__rosidl_typesupport_fastrtps_c.h
[1.326s] -- Up-to-date: /home/dalv204/sandbox/f1tenth_ws/install/teleop_tools_msgs/include/teleop_tools_msgs/msg
[1.327s] -- Up-to-date: /home/dalv204/sandbox/f1tenth_ws/install/teleop_tools_msgs/include/teleop_tools_msgs/msg/rosidl_typesupport_fastrtps_c__visibility_control.h
[1.329s] -- Up-to-date: /home/dalv204/sandbox/f1tenth_ws/install/teleop_tools_msgs/lib/libteleop_tools_msgs__rosidl_typesupport_fastrtps_c.so
[1.330s] -- Up-to-date: /home/dalv204/sandbox/f1tenth_ws/install/teleop_tools_msgs/include/teleop_tools_msgs
[1.333s] -- Up-to-date: /home/dalv204/sandbox/f1tenth_ws/install/teleop_tools_msgs/include/teleop_tools_msgs/action
[1.333s] -- Up-to-date: /home/dalv204/sandbox/f1tenth_ws/install/teleop_tools_msgs/include/teleop_tools_msgs/action/detail
[1.334s] -- Up-to-date: /home/dalv204/sandbox/f1tenth_ws/install/teleop_tools_msgs/include/teleop_tools_msgs/action/detail/increment__rosidl_typesupport_fastrtps_cpp.hpp
[1.335s] -- Up-to-date: /home/dalv204/sandbox/f1tenth_ws/install/teleop_tools_msgs/include/teleop_tools_msgs/action/detail/dds_fastrtps
[1.335s] -- Up-to-date: /home/dalv204/sandbox/f1tenth_ws/install/teleop_tools_msgs/include/teleop_tools_msgs/msg
[1.335s] -- Up-to-date: /home/dalv204/sandbox/f1tenth_ws/install/teleop_tools_msgs/include/teleop_tools_msgs/msg/rosidl_typesupport_fastrtps_cpp__visibility_control.h
[1.335s] -- Up-to-date: /home/dalv204/sandbox/f1tenth_ws/install/teleop_tools_msgs/lib/libteleop_tools_msgs__rosidl_typesupport_fastrtps_cpp.so
[1.336s] -- Up-to-date: /home/dalv204/sandbox/f1tenth_ws/install/teleop_tools_msgs/include/teleop_tools_msgs
[1.336s] -- Up-to-date: /home/dalv204/sandbox/f1tenth_ws/install/teleop_tools_msgs/include/teleop_tools_msgs/action
[1.336s] -- Up-to-date: /home/dalv204/sandbox/f1tenth_ws/install/teleop_tools_msgs/include/teleop_tools_msgs/action/detail
[1.337s] -- Up-to-date: /home/dalv204/sandbox/f1tenth_ws/install/teleop_tools_msgs/include/teleop_tools_msgs/action/detail/increment__rosidl_typesupport_introspection_c.h
[1.338s] -- Up-to-date: /home/dalv204/sandbox/f1tenth_ws/install/teleop_tools_msgs/include/teleop_tools_msgs/action/detail/increment__type_support.c
[1.338s] -- Up-to-date: /home/dalv204/sandbox/f1tenth_ws/install/teleop_tools_msgs/include/teleop_tools_msgs/msg
[1.338s] -- Up-to-date: /home/dalv204/sandbox/f1tenth_ws/install/teleop_tools_msgs/include/teleop_tools_msgs/msg/rosidl_typesupport_introspection_c__visibility_control.h
[1.338s] -- Up-to-date: /home/dalv204/sandbox/f1tenth_ws/install/teleop_tools_msgs/lib/libteleop_tools_msgs__rosidl_typesupport_introspection_c.so
[1.340s] -- Up-to-date: /home/dalv204/sandbox/f1tenth_ws/install/teleop_tools_msgs/lib/libteleop_tools_msgs__rosidl_typesupport_c.so
[1.340s] -- Up-to-date: /home/dalv204/sandbox/f1tenth_ws/install/teleop_tools_msgs/include/teleop_tools_msgs
[1.340s] -- Up-to-date: /home/dalv204/sandbox/f1tenth_ws/install/teleop_tools_msgs/include/teleop_tools_msgs/action
[1.341s] -- Up-to-date: /home/dalv204/sandbox/f1tenth_ws/install/teleop_tools_msgs/include/teleop_tools_msgs/action/detail
[1.342s] -- Up-to-date: /home/dalv204/sandbox/f1tenth_ws/install/teleop_tools_msgs/include/teleop_tools_msgs/action/detail/increment__builder.hpp
[1.342s] -- Up-to-date: /home/dalv204/sandbox/f1tenth_ws/install/teleop_tools_msgs/include/teleop_tools_msgs/action/detail/increment__struct.hpp
[1.342s] -- Up-to-date: /home/dalv204/sandbox/f1tenth_ws/install/teleop_tools_msgs/include/teleop_tools_msgs/action/detail/increment__type_support.hpp
[1.343s] -- Up-to-date: /home/dalv204/sandbox/f1tenth_ws/install/teleop_tools_msgs/include/teleop_tools_msgs/action/detail/increment__traits.hpp
[1.343s] -- Up-to-date: /home/dalv204/sandbox/f1tenth_ws/install/teleop_tools_msgs/include/teleop_tools_msgs/action/increment.hpp
[1.344s] -- Up-to-date: /home/dalv204/sandbox/f1tenth_ws/install/teleop_tools_msgs/include/teleop_tools_msgs/msg
[1.348s] -- Up-to-date: /home/dalv204/sandbox/f1tenth_ws/install/teleop_tools_msgs/include/teleop_tools_msgs/msg/rosidl_generator_cpp__visibility_control.hpp
[1.349s] -- Up-to-date: /home/dalv204/sandbox/f1tenth_ws/install/teleop_tools_msgs/include/teleop_tools_msgs
[1.349s] -- Up-to-date: /home/dalv204/sandbox/f1tenth_ws/install/teleop_tools_msgs/include/teleop_tools_msgs/action
[1.349s] -- Up-to-date: /home/dalv204/sandbox/f1tenth_ws/install/teleop_tools_msgs/include/teleop_tools_msgs/action/detail
[1.349s] -- Up-to-date: /home/dalv204/sandbox/f1tenth_ws/install/teleop_tools_msgs/include/teleop_tools_msgs/action/detail/increment__type_support.cpp
[1.349s] -- Up-to-date: /home/dalv204/sandbox/f1tenth_ws/install/teleop_tools_msgs/include/teleop_tools_msgs/action/detail/increment__rosidl_typesupport_introspection_cpp.hpp
[1.349s] -- Up-to-date: /home/dalv204/sandbox/f1tenth_ws/install/teleop_tools_msgs/lib/libteleop_tools_msgs__rosidl_typesupport_introspection_cpp.so
[1.349s] -- Up-to-date: /home/dalv204/sandbox/f1tenth_ws/install/teleop_tools_msgs/lib/libteleop_tools_msgs__rosidl_typesupport_cpp.so
[1.350s] -- Up-to-date: /home/dalv204/sandbox/f1tenth_ws/install/teleop_tools_msgs/share/teleop_tools_msgs/environment/pythonpath.sh
[1.350s] -- Up-to-date: /home/dalv204/sandbox/f1tenth_ws/install/teleop_tools_msgs/share/teleop_tools_msgs/environment/pythonpath.dsv
[1.350s] -- Up-to-date: /home/dalv204/sandbox/f1tenth_ws/install/teleop_tools_msgs/lib/python3.8/site-packages/teleop_tools_msgs/__init__.py
[1.410s] -- Up-to-date: /home/dalv204/sandbox/f1tenth_ws/install/teleop_tools_msgs/lib/python3.8/site-packages/teleop_tools_msgs/action
[1.410s] -- Up-to-date: /home/dalv204/sandbox/f1tenth_ws/install/teleop_tools_msgs/lib/python3.8/site-packages/teleop_tools_msgs/action/_increment.py
[1.410s] -- Up-to-date: /home/dalv204/sandbox/f1tenth_ws/install/teleop_tools_msgs/lib/python3.8/site-packages/teleop_tools_msgs/action/_increment_s.c
[1.410s] -- Up-to-date: /home/dalv204/sandbox/f1tenth_ws/install/teleop_tools_msgs/lib/python3.8/site-packages/teleop_tools_msgs/action/__init__.py
[1.411s] -- Up-to-date: /home/dalv204/sandbox/f1tenth_ws/install/teleop_tools_msgs/lib/python3.8/site-packages/teleop_tools_msgs/teleop_tools_msgs_s__rosidl_typesupport_fastrtps_c.cpython-38-aarch64-linux-gnu.so
[1.412s] -- Up-to-date: /home/dalv204/sandbox/f1tenth_ws/install/teleop_tools_msgs/lib/python3.8/site-packages/teleop_tools_msgs/teleop_tools_msgs_s__rosidl_typesupport_introspection_c.cpython-38-aarch64-linux-gnu.so
[1.413s] -- Up-to-date: /home/dalv204/sandbox/f1tenth_ws/install/teleop_tools_msgs/lib/python3.8/site-packages/teleop_tools_msgs/teleop_tools_msgs_s__rosidl_typesupport_c.cpython-38-aarch64-linux-gnu.so
[1.415s] -- Up-to-date: /home/dalv204/sandbox/f1tenth_ws/install/teleop_tools_msgs/lib/libteleop_tools_msgs__python.so
[1.415s] -- Up-to-date: /home/dalv204/sandbox/f1tenth_ws/install/teleop_tools_msgs/share/teleop_tools_msgs/action/Increment.idl
[1.415s] -- Up-to-date: /home/dalv204/sandbox/f1tenth_ws/install/teleop_tools_msgs/share/teleop_tools_msgs/action/Increment.action
[1.416s] -- Up-to-date: /home/dalv204/sandbox/f1tenth_ws/install/teleop_tools_msgs/share/ament_index/resource_index/package_run_dependencies/teleop_tools_msgs
[1.416s] -- Up-to-date: /home/dalv204/sandbox/f1tenth_ws/install/teleop_tools_msgs/share/ament_index/resource_index/parent_prefix_path/teleop_tools_msgs
[1.416s] -- Up-to-date: /home/dalv204/sandbox/f1tenth_ws/install/teleop_tools_msgs/share/teleop_tools_msgs/environment/ament_prefix_path.sh
[1.416s] -- Up-to-date: /home/dalv204/sandbox/f1tenth_ws/install/teleop_tools_msgs/share/teleop_tools_msgs/environment/ament_prefix_path.dsv
[1.416s] -- Up-to-date: /home/dalv204/sandbox/f1tenth_ws/install/teleop_tools_msgs/share/teleop_tools_msgs/environment/path.sh
[1.416s] -- Up-to-date: /home/dalv204/sandbox/f1tenth_ws/install/teleop_tools_msgs/share/teleop_tools_msgs/environment/path.dsv
[1.417s] -- Up-to-date: /home/dalv204/sandbox/f1tenth_ws/install/teleop_tools_msgs/share/teleop_tools_msgs/local_setup.bash
[1.417s] -- Up-to-date: /home/dalv204/sandbox/f1tenth_ws/install/teleop_tools_msgs/share/teleop_tools_msgs/local_setup.sh
[1.417s] -- Up-to-date: /home/dalv204/sandbox/f1tenth_ws/install/teleop_tools_msgs/share/teleop_tools_msgs/local_setup.zsh
[1.417s] -- Up-to-date: /home/dalv204/sandbox/f1tenth_ws/install/teleop_tools_msgs/share/teleop_tools_msgs/local_setup.dsv
[1.417s] -- Installing: /home/dalv204/sandbox/f1tenth_ws/install/teleop_tools_msgs/share/teleop_tools_msgs/package.dsv
[1.418s] -- Up-to-date: /home/dalv204/sandbox/f1tenth_ws/install/teleop_tools_msgs/share/ament_index/resource_index/packages/teleop_tools_msgs
[1.418s] -- Up-to-date: /home/dalv204/sandbox/f1tenth_ws/install/teleop_tools_msgs/share/teleop_tools_msgs/cmake/teleop_tools_msgs__rosidl_generator_cExport.cmake
[1.418s] -- Up-to-date: /home/dalv204/sandbox/f1tenth_ws/install/teleop_tools_msgs/share/teleop_tools_msgs/cmake/teleop_tools_msgs__rosidl_generator_cExport-noconfig.cmake
[1.418s] -- Up-to-date: /home/dalv204/sandbox/f1tenth_ws/install/teleop_tools_msgs/share/teleop_tools_msgs/cmake/teleop_tools_msgs__rosidl_typesupport_introspection_cExport.cmake
[1.418s] -- Up-to-date: /home/dalv204/sandbox/f1tenth_ws/install/teleop_tools_msgs/share/teleop_tools_msgs/cmake/teleop_tools_msgs__rosidl_typesupport_introspection_cExport-noconfig.cmake
[1.418s] -- Up-to-date: /home/dalv204/sandbox/f1tenth_ws/install/teleop_tools_msgs/share/teleop_tools_msgs/cmake/teleop_tools_msgs__rosidl_typesupport_cExport.cmake
[1.419s] -- Up-to-date: /home/dalv204/sandbox/f1tenth_ws/install/teleop_tools_msgs/share/teleop_tools_msgs/cmake/teleop_tools_msgs__rosidl_typesupport_cExport-noconfig.cmake
[1.419s] -- Up-to-date: /home/dalv204/sandbox/f1tenth_ws/install/teleop_tools_msgs/share/teleop_tools_msgs/cmake/teleop_tools_msgs__rosidl_generator_cppExport.cmake
[1.419s] -- Up-to-date: /home/dalv204/sandbox/f1tenth_ws/install/teleop_tools_msgs/share/teleop_tools_msgs/cmake/teleop_tools_msgs__rosidl_typesupport_introspection_cppExport.cmake
[1.419s] -- Up-to-date: /home/dalv204/sandbox/f1tenth_ws/install/teleop_tools_msgs/share/teleop_tools_msgs/cmake/teleop_tools_msgs__rosidl_typesupport_introspection_cppExport-noconfig.cmake
[1.420s] -- Up-to-date: /home/dalv204/sandbox/f1tenth_ws/install/teleop_tools_msgs/share/teleop_tools_msgs/cmake/teleop_tools_msgs__rosidl_typesupport_cppExport.cmake
[1.420s] -- Up-to-date: /home/dalv204/sandbox/f1tenth_ws/install/teleop_tools_msgs/share/teleop_tools_msgs/cmake/teleop_tools_msgs__rosidl_typesupport_cppExport-noconfig.cmake
[1.422s] -- Up-to-date: /home/dalv204/sandbox/f1tenth_ws/install/teleop_tools_msgs/share/teleop_tools_msgs/cmake/rosidl_cmake-extras.cmake
[1.423s] -- Up-to-date: /home/dalv204/sandbox/f1tenth_ws/install/teleop_tools_msgs/share/teleop_tools_msgs/cmake/ament_cmake_export_dependencies-extras.cmake
[1.423s] -- Up-to-date: /home/dalv204/sandbox/f1tenth_ws/install/teleop_tools_msgs/share/teleop_tools_msgs/cmake/ament_cmake_export_libraries-extras.cmake
[1.423s] -- Up-to-date: /home/dalv204/sandbox/f1tenth_ws/install/teleop_tools_msgs/share/teleop_tools_msgs/cmake/ament_cmake_export_targets-extras.cmake
[1.423s] -- Up-to-date: /home/dalv204/sandbox/f1tenth_ws/install/teleop_tools_msgs/share/teleop_tools_msgs/cmake/ament_cmake_export_include_directories-extras.cmake
[1.423s] -- Up-to-date: /home/dalv204/sandbox/f1tenth_ws/install/teleop_tools_msgs/share/teleop_tools_msgs/cmake/rosidl_cmake_export_typesupport_libraries-extras.cmake
[1.423s] -- Up-to-date: /home/dalv204/sandbox/f1tenth_ws/install/teleop_tools_msgs/share/teleop_tools_msgs/cmake/rosidl_cmake_export_typesupport_targets-extras.cmake
[1.424s] -- Up-to-date: /home/dalv204/sandbox/f1tenth_ws/install/teleop_tools_msgs/share/teleop_tools_msgs/cmake/teleop_tools_msgsConfig.cmake
[1.424s] -- Up-to-date: /home/dalv204/sandbox/f1tenth_ws/install/teleop_tools_msgs/share/teleop_tools_msgs/cmake/teleop_tools_msgsConfig-version.cmake
[1.424s] -- Up-to-date: /home/dalv204/sandbox/f1tenth_ws/install/teleop_tools_msgs/share/teleop_tools_msgs/package.xml
[1.440s] Invoked command in '/home/dalv204/sandbox/f1tenth_ws/build/teleop_tools_msgs' returned '0': CMAKE_PREFIX_PATH=${CMAKE_PREFIX_PATH}:/home/dalv204/sandbox/f1tenth_ws/install/f1tenth_stack:/home/dalv204/sandbox/f1tenth_ws/install/joy_teleop:/home/dalv204/sandbox/f1tenth_ws/install/particle_filter:/home/dalv204/sandbox/f1tenth_ws/install/mouse_teleop:/home/dalv204/sandbox/f1tenth_ws/install/key_teleop /usr/bin/cmake --install /home/dalv204/sandbox/f1tenth_ws/build/teleop_tools_msgs
