[0.080s] Invoking command in '/home/dalv204/sandbox/f1tenth_ws/build/ackermann_mux': /usr/bin/cmake --build /home/dalv204/sandbox/f1tenth_ws/build/ackermann_mux -- -j6 -l6
[0.660s] make: Warning: File 'Makefile' has modification time 1718621405 s in the future
[0.660s] make[1]: Warning: File 'CMakeFiles/Makefile2' has modification time 1718621405 s in the future
[0.660s] make[2]: Warning: File 'CMakeFiles/ackermann_mux.dir/flags.make' has modification time 1718621405 s in the future
[0.661s] make[2]: warning:  Clock skew detected.  Your build may be incomplete.
[0.661s] make[2]: Warning: File 'CMakeFiles/ackermann_mux.dir/flags.make' has modification time 1718621405 s in the future
[0.661s] make[2]: warning:  Clock skew detected.  Your build may be incomplete.
[0.661s] make[1]: warning:  Clock skew detected.  Your build may be incomplete.
[0.661s] make: warning:  Clock skew detected.  Your build may be incomplete.
[0.661s] [100%] Built target ackermann_mux
[0.663s] Invoked command in '/home/dalv204/sandbox/f1tenth_ws/build/ackermann_mux' returned '0': /usr/bin/cmake --build /home/dalv204/sandbox/f1tenth_ws/build/ackermann_mux -- -j6 -l6
[0.758s] Invoking command in '/home/dalv204/sandbox/f1tenth_ws/build/ackermann_mux': /usr/bin/cmake --install /home/dalv204/sandbox/f1tenth_ws/build/ackermann_mux
[0.782s] -- Install configuration: ""
[0.783s] -- Up-to-date: /home/dalv204/sandbox/f1tenth_ws/install/ackermann_mux/lib/ackermann_mux/ackermann_mux
[0.783s] -- Up-to-date: /home/dalv204/sandbox/f1tenth_ws/install/ackermann_mux/share/ackermann_mux/launch
[0.783s] -- Up-to-date: /home/dalv204/sandbox/f1tenth_ws/install/ackermann_mux/share/ackermann_mux/launch/ackermann_mux_launch.py
[0.783s] -- Up-to-date: /home/dalv204/sandbox/f1tenth_ws/install/ackermann_mux/share/ackermann_mux/config
[0.784s] -- Up-to-date: /home/dalv204/sandbox/f1tenth_ws/install/ackermann_mux/share/ackermann_mux/config/ackermann_mux_topics.yaml
[0.784s] -- Up-to-date: /home/dalv204/sandbox/f1tenth_ws/install/ackermann_mux/share/ackermann_mux/config/ackermann_mux_locks.yaml
[0.784s] -- Up-to-date: /home/dalv204/sandbox/f1tenth_ws/install/ackermann_mux/share/ackermann_mux/config/joystick.yaml
[0.784s] -- Up-to-date: /home/dalv204/sandbox/f1tenth_ws/install/ackermann_mux/include
[0.784s] -- Up-to-date: /home/dalv204/sandbox/f1tenth_ws/install/ackermann_mux/include/ackermann_mux
[0.784s] -- Up-to-date: /home/dalv204/sandbox/f1tenth_ws/install/ackermann_mux/include/ackermann_mux/ackermann_mux_diagnostics_status.hpp
[0.784s] -- Up-to-date: /home/dalv204/sandbox/f1tenth_ws/install/ackermann_mux/include/ackermann_mux/topic_handle.hpp
[0.784s] -- Up-to-date: /home/dalv204/sandbox/f1tenth_ws/install/ackermann_mux/include/ackermann_mux/ackermann_mux_diagnostics.hpp
[0.785s] -- Up-to-date: /home/dalv204/sandbox/f1tenth_ws/install/ackermann_mux/include/ackermann_mux/params_helpers.hpp
[0.785s] -- Up-to-date: /home/dalv204/sandbox/f1tenth_ws/install/ackermann_mux/include/ackermann_mux/ackermann_mux.hpp
[0.785s] -- Up-to-date: /home/dalv204/sandbox/f1tenth_ws/install/ackermann_mux/include/ackermann_mux/utils.hpp
[0.786s] -- Up-to-date: /home/dalv204/sandbox/f1tenth_ws/install/ackermann_mux/share/ament_index/resource_index/package_run_dependencies/ackermann_mux
[0.786s] -- Up-to-date: /home/dalv204/sandbox/f1tenth_ws/install/ackermann_mux/share/ament_index/resource_index/parent_prefix_path/ackermann_mux
[0.786s] -- Up-to-date: /home/dalv204/sandbox/f1tenth_ws/install/ackermann_mux/share/ackermann_mux/environment/ament_prefix_path.sh
[0.786s] -- Up-to-date: /home/dalv204/sandbox/f1tenth_ws/install/ackermann_mux/share/ackermann_mux/environment/ament_prefix_path.dsv
[0.787s] -- Up-to-date: /home/dalv204/sandbox/f1tenth_ws/install/ackermann_mux/share/ackermann_mux/environment/path.sh
[0.787s] -- Up-to-date: /home/dalv204/sandbox/f1tenth_ws/install/ackermann_mux/share/ackermann_mux/environment/path.dsv
[0.787s] -- Up-to-date: /home/dalv204/sandbox/f1tenth_ws/install/ackermann_mux/share/ackermann_mux/local_setup.bash
[0.787s] -- Up-to-date: /home/dalv204/sandbox/f1tenth_ws/install/ackermann_mux/share/ackermann_mux/local_setup.sh
[0.787s] -- Up-to-date: /home/dalv204/sandbox/f1tenth_ws/install/ackermann_mux/share/ackermann_mux/local_setup.zsh
[0.787s] -- Up-to-date: /home/dalv204/sandbox/f1tenth_ws/install/ackermann_mux/share/ackermann_mux/local_setup.dsv
[0.787s] -- Installing: /home/dalv204/sandbox/f1tenth_ws/install/ackermann_mux/share/ackermann_mux/package.dsv
[0.788s] -- Up-to-date: /home/dalv204/sandbox/f1tenth_ws/install/ackermann_mux/share/ament_index/resource_index/packages/ackermann_mux
[0.788s] -- Up-to-date: /home/dalv204/sandbox/f1tenth_ws/install/ackermann_mux/share/ackermann_mux/cmake/ament_cmake_export_include_directories-extras.cmake
[0.788s] -- Up-to-date: /home/dalv204/sandbox/f1tenth_ws/install/ackermann_mux/share/ackermann_mux/cmake/ament_cmake_export_dependencies-extras.cmake
[0.788s] -- Up-to-date: /home/dalv204/sandbox/f1tenth_ws/install/ackermann_mux/share/ackermann_mux/cmake/ackermann_muxConfig.cmake
[0.788s] -- Up-to-date: /home/dalv204/sandbox/f1tenth_ws/install/ackermann_mux/share/ackermann_mux/cmake/ackermann_muxConfig-version.cmake
[0.788s] -- Up-to-date: /home/dalv204/sandbox/f1tenth_ws/install/ackermann_mux/share/ackermann_mux/package.xml
[0.817s] Invoked command in '/home/dalv204/sandbox/f1tenth_ws/build/ackermann_mux' returned '0': /usr/bin/cmake --install /home/dalv204/sandbox/f1tenth_ws/build/ackermann_mux
