[0.022s] Invoking command in '/home/dalv204/lab2_ws/build/lab2_pkg': CMAKE_PREFIX_PATH=${CMAKE_PREFIX_PATH}:/opt/ros/foxy /usr/bin/cmake --build /home/dalv204/lab2_ws/build/lab2_pkg -- -j16 -l16
[0.061s] -- Found ament_cmake: 0.9.12 (/opt/ros/foxy/share/ament_cmake/cmake)
[0.104s] -- Using PYTHON_EXECUTABLE: /usr/bin/python3
[0.349s] -- Found rclpy: 1.0.13 (/opt/ros/foxy/share/rclpy/cmake)
[0.349s] -- Found ackermann_msgs: 2.0.2 (/opt/ros/foxy/share/ackermann_msgs/cmake)
[0.692s] -- Using all available rosidl_typesupport_c: rosidl_typesupport_fastrtps_c;rosidl_typesupport_introspection_c
[0.696s] -- Found rosidl_adapter: 1.3.1 (/opt/ros/foxy/share/rosidl_adapter/cmake)
[9.899s] -- Using all available rosidl_typesupport_cpp: rosidl_typesupport_fastrtps_cpp;rosidl_typesupport_introspection_cpp
[10.020s] -- Found ament_lint_auto: 0.9.8 (/opt/ros/foxy/share/ament_lint_auto/cmake)
[10.106s] -- Added test 'copyright' to check source files copyright and LICENSE
[10.109s] -- Added test 'flake8' to check Python code syntax and style conventions
[10.109s] -- Added test 'lint_cmake' to check CMake code style
[10.110s] -- Added test 'pep257' to check Python code against some of the style conventions in PEP 257
[10.112s] -- Added test 'xmllint' to check XML markup files
[10.115s] -- Configuring done
[10.120s] -- Generating done
[10.121s] -- Build files have been written to: /home/dalv204/lab2_ws/build/lab2_pkg
[10.160s] Invoked command in '/home/dalv204/lab2_ws/build/lab2_pkg' returned '0': CMAKE_PREFIX_PATH=${CMAKE_PREFIX_PATH}:/opt/ros/foxy /usr/bin/cmake --build /home/dalv204/lab2_ws/build/lab2_pkg -- -j16 -l16
[10.214s] Invoking command in '/home/dalv204/lab2_ws/build/lab2_pkg': CMAKE_PREFIX_PATH=${CMAKE_PREFIX_PATH}:/opt/ros/foxy /usr/bin/cmake --install /home/dalv204/lab2_ws/build/lab2_pkg
[10.225s] -- Install configuration: ""
[10.226s] -- Up-to-date: /home/dalv204/lab2_ws/install/lab2_pkg/lib/lab2_pkg/safety_node.py
[10.226s] -- Installing: /home/dalv204/lab2_ws/install/lab2_pkg/share/lab2_pkg/launch/launch
[10.226s] -- Installing: /home/dalv204/lab2_ws/install/lab2_pkg/share/lab2_pkg/launch/launch/safety_launch.py
[10.226s] -- Installing: /home/dalv204/lab2_ws/install/lab2_pkg/share/lab2_pkg/launch/launch/.vscode
[10.227s] -- Installing: /home/dalv204/lab2_ws/install/lab2_pkg/share/lab2_pkg/launch/launch/.vscode/settings.json
[10.228s] -- Installing: /home/dalv204/lab2_ws/install/lab2_pkg/share/lab2_pkg/launch/launch/.vscode/c_cpp_properties.json
[10.228s] -- Up-to-date: /home/dalv204/lab2_ws/install/lab2_pkg/share/ament_index/resource_index/package_run_dependencies/lab2_pkg
[10.228s] -- Up-to-date: /home/dalv204/lab2_ws/install/lab2_pkg/share/ament_index/resource_index/parent_prefix_path/lab2_pkg
[10.228s] -- Up-to-date: /home/dalv204/lab2_ws/install/lab2_pkg/share/lab2_pkg/environment/ament_prefix_path.sh
[10.228s] -- Installing: /home/dalv204/lab2_ws/install/lab2_pkg/share/lab2_pkg/environment/ament_prefix_path.dsv
[10.229s] -- Up-to-date: /home/dalv204/lab2_ws/install/lab2_pkg/share/lab2_pkg/environment/path.sh
[10.229s] -- Installing: /home/dalv204/lab2_ws/install/lab2_pkg/share/lab2_pkg/environment/path.dsv
[10.229s] -- Up-to-date: /home/dalv204/lab2_ws/install/lab2_pkg/share/lab2_pkg/local_setup.bash
[10.229s] -- Up-to-date: /home/dalv204/lab2_ws/install/lab2_pkg/share/lab2_pkg/local_setup.sh
[10.230s] -- Up-to-date: /home/dalv204/lab2_ws/install/lab2_pkg/share/lab2_pkg/local_setup.zsh
[10.230s] -- Installing: /home/dalv204/lab2_ws/install/lab2_pkg/share/lab2_pkg/local_setup.dsv
[10.230s] -- Installing: /home/dalv204/lab2_ws/install/lab2_pkg/share/lab2_pkg/package.dsv
[10.231s] -- Up-to-date: /home/dalv204/lab2_ws/install/lab2_pkg/share/ament_index/resource_index/packages/lab2_pkg
[10.231s] -- Up-to-date: /home/dalv204/lab2_ws/install/lab2_pkg/share/lab2_pkg/cmake/lab2_pkgConfig.cmake
[10.231s] -- Up-to-date: /home/dalv204/lab2_ws/install/lab2_pkg/share/lab2_pkg/cmake/lab2_pkgConfig-version.cmake
[10.231s] -- Up-to-date: /home/dalv204/lab2_ws/install/lab2_pkg/share/lab2_pkg/package.xml
[10.235s] Invoked command in '/home/dalv204/lab2_ws/build/lab2_pkg' returned '0': CMAKE_PREFIX_PATH=${CMAKE_PREFIX_PATH}:/opt/ros/foxy /usr/bin/cmake --install /home/dalv204/lab2_ws/build/lab2_pkg
