[1.402s] Invoking command in '/home/dalv204/sandbox/f1tenth_ws/src/f1tenth_system/f1tenth_stack': AMENT_PREFIX_PATH=/home/dalv204/sandbox/f1tenth_ws/install/vesc:/home/dalv204/sandbox/f1tenth_ws/install/vesc_driver:/home/dalv204/sandbox/f1tenth_ws/install/vesc_ackermann:/home/dalv204/sandbox/f1tenth_ws/install/joy_teleop:/home/dalv204/sandbox/f1tenth_ws/install/vesc_msgs:/home/dalv204/sandbox/f1tenth_ws/install/teleop_tools_msgs:/home/dalv204/sandbox/f1tenth_ws/install/ackermann_mux:${AMENT_PREFIX_PATH} CMAKE_PREFIX_PATH=/home/dalv204/sandbox/f1tenth_ws/install/vesc:/home/dalv204/sandbox/f1tenth_ws/install/vesc_driver:/home/dalv204/sandbox/f1tenth_ws/install/vesc_ackermann:/home/dalv204/sandbox/f1tenth_ws/install/vesc_msgs:/home/dalv204/sandbox/f1tenth_ws/install/teleop_tools_msgs:/home/dalv204/sandbox/f1tenth_ws/install/ackermann_mux${CMAKE_PREFIX_PATH} LD_LIBRARY_PATH=/home/dalv204/sandbox/f1tenth_ws/install/vesc_driver/lib:/home/dalv204/sandbox/f1tenth_ws/install/vesc_ackermann/lib:/home/dalv204/sandbox/f1tenth_ws/install/vesc_msgs/lib:/home/dalv204/sandbox/f1tenth_ws/install/teleop_tools_msgs/lib:${LD_LIBRARY_PATH} PYTHONPATH=/home/dalv204/sandbox/f1tenth_ws/build/f1tenth_stack/prefix_override:/usr/lib/python3/dist-packages/colcon_core/task/python/colcon_distutils_commands:/home/dalv204/sandbox/f1tenth_ws/install/f1tenth_stack/lib/python3.8/site-packages:/home/dalv204/sandbox/f1tenth_ws/install/joy_teleop/lib/python3.8/site-packages:/home/dalv204/sandbox/f1tenth_ws/install/vesc_msgs/lib/python3.8/site-packages:/home/dalv204/sandbox/f1tenth_ws/install/teleop_tools_msgs/lib/python3.8/site-packages:${PYTHONPATH} /usr/bin/python3 -W ignore:setup.py install is deprecated setup.py egg_info --egg-base ../../../build/f1tenth_stack build --build-base /home/dalv204/sandbox/f1tenth_ws/build/f1tenth_stack/build install --record /home/dalv204/sandbox/f1tenth_ws/build/f1tenth_stack/install.log --install-scripts $base/lib/f1tenth_stack --single-version-externally-managed install_data
[1.822s] running egg_info
[1.823s] writing ../../../build/f1tenth_stack/f1tenth_stack.egg-info/PKG-INFO
[1.830s] writing dependency_links to ../../../build/f1tenth_stack/f1tenth_stack.egg-info/dependency_links.txt
[1.830s] writing entry points to ../../../build/f1tenth_stack/f1tenth_stack.egg-info/entry_points.txt
[1.830s] writing requirements to ../../../build/f1tenth_stack/f1tenth_stack.egg-info/requires.txt
[1.831s] writing top-level names to ../../../build/f1tenth_stack/f1tenth_stack.egg-info/top_level.txt
[1.894s] reading manifest file '../../../build/f1tenth_stack/f1tenth_stack.egg-info/SOURCES.txt'
[1.896s] writing manifest file '../../../build/f1tenth_stack/f1tenth_stack.egg-info/SOURCES.txt'
[1.896s] running build
[1.896s] running build_py
[1.897s] running install
[1.899s] running install_lib
[1.903s] running install_data
[1.904s] running install_egg_info
[1.908s] removing '/home/dalv204/sandbox/f1tenth_ws/install/f1tenth_stack/lib/python3.8/site-packages/f1tenth_stack-0.0.1-py3.8.egg-info' (and everything under it)
[1.908s] Copying ../../../build/f1tenth_stack/f1tenth_stack.egg-info to /home/dalv204/sandbox/f1tenth_ws/install/f1tenth_stack/lib/python3.8/site-packages/f1tenth_stack-0.0.1-py3.8.egg-info
[1.911s] running install_scripts
[1.948s] Installing tf_publisher script to /home/dalv204/sandbox/f1tenth_ws/install/f1tenth_stack/lib/f1tenth_stack
[1.949s] Installing throttle_interpolator script to /home/dalv204/sandbox/f1tenth_ws/install/f1tenth_stack/lib/f1tenth_stack
[1.952s] writing list of installed files to '/home/dalv204/sandbox/f1tenth_ws/build/f1tenth_stack/install.log'
[2.013s] Invoked command in '/home/dalv204/sandbox/f1tenth_ws/src/f1tenth_system/f1tenth_stack' returned '0': AMENT_PREFIX_PATH=/home/dalv204/sandbox/f1tenth_ws/install/vesc:/home/dalv204/sandbox/f1tenth_ws/install/vesc_driver:/home/dalv204/sandbox/f1tenth_ws/install/vesc_ackermann:/home/dalv204/sandbox/f1tenth_ws/install/joy_teleop:/home/dalv204/sandbox/f1tenth_ws/install/vesc_msgs:/home/dalv204/sandbox/f1tenth_ws/install/teleop_tools_msgs:/home/dalv204/sandbox/f1tenth_ws/install/ackermann_mux:${AMENT_PREFIX_PATH} CMAKE_PREFIX_PATH=/home/dalv204/sandbox/f1tenth_ws/install/vesc:/home/dalv204/sandbox/f1tenth_ws/install/vesc_driver:/home/dalv204/sandbox/f1tenth_ws/install/vesc_ackermann:/home/dalv204/sandbox/f1tenth_ws/install/vesc_msgs:/home/dalv204/sandbox/f1tenth_ws/install/teleop_tools_msgs:/home/dalv204/sandbox/f1tenth_ws/install/ackermann_mux${CMAKE_PREFIX_PATH} LD_LIBRARY_PATH=/home/dalv204/sandbox/f1tenth_ws/install/vesc_driver/lib:/home/dalv204/sandbox/f1tenth_ws/install/vesc_ackermann/lib:/home/dalv204/sandbox/f1tenth_ws/install/vesc_msgs/lib:/home/dalv204/sandbox/f1tenth_ws/install/teleop_tools_msgs/lib:${LD_LIBRARY_PATH} PYTHONPATH=/home/dalv204/sandbox/f1tenth_ws/build/f1tenth_stack/prefix_override:/usr/lib/python3/dist-packages/colcon_core/task/python/colcon_distutils_commands:/home/dalv204/sandbox/f1tenth_ws/install/f1tenth_stack/lib/python3.8/site-packages:/home/dalv204/sandbox/f1tenth_ws/install/joy_teleop/lib/python3.8/site-packages:/home/dalv204/sandbox/f1tenth_ws/install/vesc_msgs/lib/python3.8/site-packages:/home/dalv204/sandbox/f1tenth_ws/install/teleop_tools_msgs/lib/python3.8/site-packages:${PYTHONPATH} /usr/bin/python3 -W ignore:setup.py install is deprecated setup.py egg_info --egg-base ../../../build/f1tenth_stack build --build-base /home/dalv204/sandbox/f1tenth_ws/build/f1tenth_stack/build install --record /home/dalv204/sandbox/f1tenth_ws/build/f1tenth_stack/install.log --install-scripts $base/lib/f1tenth_stack --single-version-externally-managed install_data
