[0.168s] Invoking command in '/home/dalv204/sandbox/f1tenth_ws/build/wall_follow': CMAKE_PREFIX_PATH=${CMAKE_PREFIX_PATH}:/home/dalv204/sandbox/f1tenth_ws/install/f1tenth_stack:/home/dalv204/sandbox/f1tenth_ws/install/joy_teleop:/home/dalv204/sandbox/f1tenth_ws/install/particle_filter:/home/dalv204/sandbox/f1tenth_ws/install/mouse_teleop:/home/dalv204/sandbox/f1tenth_ws/install/key_teleop /usr/bin/cmake --build /home/dalv204/sandbox/f1tenth_ws/build/wall_follow -- -j6 -l6
[0.367s] [100%] Built target wall_follow_node
[0.411s] Invoked command in '/home/dalv204/sandbox/f1tenth_ws/build/wall_follow' returned '0': CMAKE_PREFIX_PATH=${CMAKE_PREFIX_PATH}:/home/dalv204/sandbox/f1tenth_ws/install/f1tenth_stack:/home/dalv204/sandbox/f1tenth_ws/install/joy_teleop:/home/dalv204/sandbox/f1tenth_ws/install/particle_filter:/home/dalv204/sandbox/f1tenth_ws/install/mouse_teleop:/home/dalv204/sandbox/f1tenth_ws/install/key_teleop /usr/bin/cmake --build /home/dalv204/sandbox/f1tenth_ws/build/wall_follow -- -j6 -l6
[0.585s] Invoking command in '/home/dalv204/sandbox/f1tenth_ws/build/wall_follow': CMAKE_PREFIX_PATH=${CMAKE_PREFIX_PATH}:/home/dalv204/sandbox/f1tenth_ws/install/f1tenth_stack:/home/dalv204/sandbox/f1tenth_ws/install/joy_teleop:/home/dalv204/sandbox/f1tenth_ws/install/particle_filter:/home/dalv204/sandbox/f1tenth_ws/install/mouse_teleop:/home/dalv204/sandbox/f1tenth_ws/install/key_teleop /usr/bin/cmake --install /home/dalv204/sandbox/f1tenth_ws/build/wall_follow
[0.625s] -- Install configuration: ""
[0.629s] -- Up-to-date: /home/dalv204/sandbox/f1tenth_ws/install/wall_follow/lib/wall_follow/wall_follow_node
[0.633s] -- Up-to-date: /home/dalv204/sandbox/f1tenth_ws/install/wall_follow/share/wall_follow/environment/pythonpath.sh
[0.634s] -- Up-to-date: /home/dalv204/sandbox/f1tenth_ws/install/wall_follow/share/wall_follow/environment/pythonpath.dsv
[0.634s] -- Up-to-date: /home/dalv204/sandbox/f1tenth_ws/install/wall_follow/lib/python3.8/site-packages/wall_follow
[0.635s] -- Up-to-date: /home/dalv204/sandbox/f1tenth_ws/install/wall_follow/lib/python3.8/site-packages/wall_follow/__init__.py
[0.751s] Listing '/home/dalv204/sandbox/f1tenth_ws/install/wall_follow/lib/python3.8/site-packages/wall_follow'...
[0.763s] -- Up-to-date: /home/dalv204/sandbox/f1tenth_ws/install/wall_follow/lib/wall_follow/wall_follow_node.py
[0.764s] -- Up-to-date: /home/dalv204/sandbox/f1tenth_ws/install/wall_follow/share/ament_index/resource_index/package_run_dependencies/wall_follow
[0.765s] -- Up-to-date: /home/dalv204/sandbox/f1tenth_ws/install/wall_follow/share/ament_index/resource_index/parent_prefix_path/wall_follow
[0.765s] -- Up-to-date: /home/dalv204/sandbox/f1tenth_ws/install/wall_follow/share/wall_follow/environment/ament_prefix_path.sh
[0.765s] -- Up-to-date: /home/dalv204/sandbox/f1tenth_ws/install/wall_follow/share/wall_follow/environment/ament_prefix_path.dsv
[0.765s] -- Up-to-date: /home/dalv204/sandbox/f1tenth_ws/install/wall_follow/share/wall_follow/environment/path.sh
[0.765s] -- Up-to-date: /home/dalv204/sandbox/f1tenth_ws/install/wall_follow/share/wall_follow/environment/path.dsv
[0.765s] -- Up-to-date: /home/dalv204/sandbox/f1tenth_ws/install/wall_follow/share/wall_follow/local_setup.bash
[0.766s] -- Up-to-date: /home/dalv204/sandbox/f1tenth_ws/install/wall_follow/share/wall_follow/local_setup.sh
[0.766s] -- Up-to-date: /home/dalv204/sandbox/f1tenth_ws/install/wall_follow/share/wall_follow/local_setup.zsh
[0.766s] -- Up-to-date: /home/dalv204/sandbox/f1tenth_ws/install/wall_follow/share/wall_follow/local_setup.dsv
[0.766s] -- Installing: /home/dalv204/sandbox/f1tenth_ws/install/wall_follow/share/wall_follow/package.dsv
[0.766s] -- Up-to-date: /home/dalv204/sandbox/f1tenth_ws/install/wall_follow/share/ament_index/resource_index/packages/wall_follow
[0.766s] -- Up-to-date: /home/dalv204/sandbox/f1tenth_ws/install/wall_follow/share/wall_follow/cmake/wall_followConfig.cmake
[0.766s] -- Up-to-date: /home/dalv204/sandbox/f1tenth_ws/install/wall_follow/share/wall_follow/cmake/wall_followConfig-version.cmake
[0.767s] -- Up-to-date: /home/dalv204/sandbox/f1tenth_ws/install/wall_follow/share/wall_follow/package.xml
[0.775s] Invoked command in '/home/dalv204/sandbox/f1tenth_ws/build/wall_follow' returned '0': CMAKE_PREFIX_PATH=${CMAKE_PREFIX_PATH}:/home/dalv204/sandbox/f1tenth_ws/install/f1tenth_stack:/home/dalv204/sandbox/f1tenth_ws/install/joy_teleop:/home/dalv204/sandbox/f1tenth_ws/install/particle_filter:/home/dalv204/sandbox/f1tenth_ws/install/mouse_teleop:/home/dalv204/sandbox/f1tenth_ws/install/key_teleop /usr/bin/cmake --install /home/dalv204/sandbox/f1tenth_ws/build/wall_follow
