[0.103s] Invoking command in '/home/dalv204/sandbox/f1tenth_ws/build/vesc_msgs': CMAKE_PREFIX_PATH=${CMAKE_PREFIX_PATH}:/home/dalv204/sandbox/f1tenth_ws/install/f1tenth_stack:/home/dalv204/sandbox/f1tenth_ws/install/joy_teleop:/home/dalv204/sandbox/f1tenth_ws/install/particle_filter:/home/dalv204/sandbox/f1tenth_ws/install/mouse_teleop:/home/dalv204/sandbox/f1tenth_ws/install/key_teleop /usr/bin/cmake --build /home/dalv204/sandbox/f1tenth_ws/build/vesc_msgs -- -j6 -l6
[0.675s] [  1%] Built target vesc_msgs__cpp
[0.676s] [ 12%] Built target vesc_msgs__rosidl_generator_c
[0.677s] [ 23%] Built target vesc_msgs__rosidl_typesupport_introspection_c
[0.679s] [ 34%] Built target vesc_msgs__rosidl_typesupport_introspection_cpp
[0.680s] [ 45%] Built target vesc_msgs__rosidl_typesupport_fastrtps_cpp
[0.680s] [ 56%] Built target vesc_msgs__rosidl_typesupport_cpp
[0.680s] [ 67%] Built target vesc_msgs__rosidl_typesupport_c
[0.681s] [ 78%] Built target vesc_msgs__rosidl_typesupport_fastrtps_c
[0.681s] [ 78%] Built target vesc_msgs
[0.681s] [ 80%] Built target vesc_msgs__py
[0.682s] [ 89%] Built target vesc_msgs__python
[0.682s] [ 92%] Built target vesc_msgs__rosidl_typesupport_c__pyext
[0.682s] [ 96%] Built target vesc_msgs__rosidl_typesupport_fastrtps_c__pyext
[0.683s] [100%] Built target vesc_msgs__rosidl_typesupport_introspection_c__pyext
[0.699s] Invoked command in '/home/dalv204/sandbox/f1tenth_ws/build/vesc_msgs' returned '0': CMAKE_PREFIX_PATH=${CMAKE_PREFIX_PATH}:/home/dalv204/sandbox/f1tenth_ws/install/f1tenth_stack:/home/dalv204/sandbox/f1tenth_ws/install/joy_teleop:/home/dalv204/sandbox/f1tenth_ws/install/particle_filter:/home/dalv204/sandbox/f1tenth_ws/install/mouse_teleop:/home/dalv204/sandbox/f1tenth_ws/install/key_teleop /usr/bin/cmake --build /home/dalv204/sandbox/f1tenth_ws/build/vesc_msgs -- -j6 -l6
[0.937s] Invoking command in '/home/dalv204/sandbox/f1tenth_ws/build/vesc_msgs': CMAKE_PREFIX_PATH=${CMAKE_PREFIX_PATH}:/home/dalv204/sandbox/f1tenth_ws/install/f1tenth_stack:/home/dalv204/sandbox/f1tenth_ws/install/joy_teleop:/home/dalv204/sandbox/f1tenth_ws/install/particle_filter:/home/dalv204/sandbox/f1tenth_ws/install/mouse_teleop:/home/dalv204/sandbox/f1tenth_ws/install/key_teleop /usr/bin/cmake --install /home/dalv204/sandbox/f1tenth_ws/build/vesc_msgs
[0.965s] -- Install configuration: ""
[0.965s] -- Up-to-date: /home/dalv204/sandbox/f1tenth_ws/install/vesc_msgs/share/ament_index/resource_index/rosidl_interfaces/vesc_msgs
[0.966s] -- Up-to-date: /home/dalv204/sandbox/f1tenth_ws/install/vesc_msgs/include/vesc_msgs
[0.966s] -- Up-to-date: /home/dalv204/sandbox/f1tenth_ws/install/vesc_msgs/include/vesc_msgs/msg
[0.966s] -- Up-to-date: /home/dalv204/sandbox/f1tenth_ws/install/vesc_msgs/include/vesc_msgs/msg/vesc_imu.h
[0.966s] -- Up-to-date: /home/dalv204/sandbox/f1tenth_ws/install/vesc_msgs/include/vesc_msgs/msg/vesc_imu_stamped.h
[0.966s] -- Up-to-date: /home/dalv204/sandbox/f1tenth_ws/install/vesc_msgs/include/vesc_msgs/msg/vesc_state.h
[0.966s] -- Up-to-date: /home/dalv204/sandbox/f1tenth_ws/install/vesc_msgs/include/vesc_msgs/msg/detail
[0.967s] -- Up-to-date: /home/dalv204/sandbox/f1tenth_ws/install/vesc_msgs/include/vesc_msgs/msg/detail/vesc_state__functions.c
[0.967s] -- Up-to-date: /home/dalv204/sandbox/f1tenth_ws/install/vesc_msgs/include/vesc_msgs/msg/detail/vesc_imu_stamped__functions.c
[0.967s] -- Up-to-date: /home/dalv204/sandbox/f1tenth_ws/install/vesc_msgs/include/vesc_msgs/msg/detail/vesc_imu__struct.h
[0.967s] -- Up-to-date: /home/dalv204/sandbox/f1tenth_ws/install/vesc_msgs/include/vesc_msgs/msg/detail/vesc_state_stamped__functions.c
[0.967s] -- Up-to-date: /home/dalv204/sandbox/f1tenth_ws/install/vesc_msgs/include/vesc_msgs/msg/detail/vesc_imu__type_support.h
[0.967s] -- Up-to-date: /home/dalv204/sandbox/f1tenth_ws/install/vesc_msgs/include/vesc_msgs/msg/detail/vesc_imu__functions.c
[0.967s] -- Up-to-date: /home/dalv204/sandbox/f1tenth_ws/install/vesc_msgs/include/vesc_msgs/msg/detail/vesc_state__struct.h
[0.967s] -- Up-to-date: /home/dalv204/sandbox/f1tenth_ws/install/vesc_msgs/include/vesc_msgs/msg/detail/vesc_imu_stamped__struct.h
[0.968s] -- Up-to-date: /home/dalv204/sandbox/f1tenth_ws/install/vesc_msgs/include/vesc_msgs/msg/detail/vesc_state__type_support.h
[0.968s] -- Up-to-date: /home/dalv204/sandbox/f1tenth_ws/install/vesc_msgs/include/vesc_msgs/msg/detail/vesc_imu__functions.h
[0.968s] -- Up-to-date: /home/dalv204/sandbox/f1tenth_ws/install/vesc_msgs/include/vesc_msgs/msg/detail/vesc_imu_stamped__type_support.h
[0.968s] -- Up-to-date: /home/dalv204/sandbox/f1tenth_ws/install/vesc_msgs/include/vesc_msgs/msg/detail/vesc_state_stamped__functions.h
[0.968s] -- Up-to-date: /home/dalv204/sandbox/f1tenth_ws/install/vesc_msgs/include/vesc_msgs/msg/detail/vesc_state__functions.h
[0.968s] -- Up-to-date: /home/dalv204/sandbox/f1tenth_ws/install/vesc_msgs/include/vesc_msgs/msg/detail/vesc_state_stamped__struct.h
[0.968s] -- Up-to-date: /home/dalv204/sandbox/f1tenth_ws/install/vesc_msgs/include/vesc_msgs/msg/detail/vesc_state_stamped__type_support.h
[0.968s] -- Up-to-date: /home/dalv204/sandbox/f1tenth_ws/install/vesc_msgs/include/vesc_msgs/msg/detail/vesc_imu_stamped__functions.h
[0.969s] -- Up-to-date: /home/dalv204/sandbox/f1tenth_ws/install/vesc_msgs/include/vesc_msgs/msg/vesc_state_stamped.h
[0.969s] -- Up-to-date: /home/dalv204/sandbox/f1tenth_ws/install/vesc_msgs/include/vesc_msgs/msg/rosidl_generator_c__visibility_control.h
[0.969s] -- Up-to-date: /home/dalv204/sandbox/f1tenth_ws/install/vesc_msgs/share/vesc_msgs/environment/library_path.sh
[0.969s] -- Up-to-date: /home/dalv204/sandbox/f1tenth_ws/install/vesc_msgs/share/vesc_msgs/environment/library_path.dsv
[0.969s] -- Up-to-date: /home/dalv204/sandbox/f1tenth_ws/install/vesc_msgs/lib/libvesc_msgs__rosidl_generator_c.so
[0.969s] -- Up-to-date: /home/dalv204/sandbox/f1tenth_ws/install/vesc_msgs/include/vesc_msgs
[0.970s] -- Up-to-date: /home/dalv204/sandbox/f1tenth_ws/install/vesc_msgs/include/vesc_msgs/msg
[0.970s] -- Up-to-date: /home/dalv204/sandbox/f1tenth_ws/install/vesc_msgs/include/vesc_msgs/msg/rosidl_typesupport_fastrtps_c__visibility_control.h
[0.970s] -- Up-to-date: /home/dalv204/sandbox/f1tenth_ws/install/vesc_msgs/include/vesc_msgs/msg/detail
[0.970s] -- Up-to-date: /home/dalv204/sandbox/f1tenth_ws/install/vesc_msgs/include/vesc_msgs/msg/detail/vesc_imu__rosidl_typesupport_fastrtps_c.h
[0.971s] -- Up-to-date: /home/dalv204/sandbox/f1tenth_ws/install/vesc_msgs/include/vesc_msgs/msg/detail/vesc_state__rosidl_typesupport_fastrtps_c.h
[0.971s] -- Up-to-date: /home/dalv204/sandbox/f1tenth_ws/install/vesc_msgs/include/vesc_msgs/msg/detail/vesc_state_stamped__rosidl_typesupport_fastrtps_c.h
[0.971s] -- Up-to-date: /home/dalv204/sandbox/f1tenth_ws/install/vesc_msgs/include/vesc_msgs/msg/detail/vesc_imu_stamped__rosidl_typesupport_fastrtps_c.h
[0.971s] -- Up-to-date: /home/dalv204/sandbox/f1tenth_ws/install/vesc_msgs/lib/libvesc_msgs__rosidl_typesupport_fastrtps_c.so
[0.971s] -- Up-to-date: /home/dalv204/sandbox/f1tenth_ws/install/vesc_msgs/include/vesc_msgs
[0.971s] -- Up-to-date: /home/dalv204/sandbox/f1tenth_ws/install/vesc_msgs/include/vesc_msgs/msg
[0.972s] -- Up-to-date: /home/dalv204/sandbox/f1tenth_ws/install/vesc_msgs/include/vesc_msgs/msg/rosidl_typesupport_fastrtps_cpp__visibility_control.h
[0.972s] -- Up-to-date: /home/dalv204/sandbox/f1tenth_ws/install/vesc_msgs/include/vesc_msgs/msg/detail
[0.972s] -- Up-to-date: /home/dalv204/sandbox/f1tenth_ws/install/vesc_msgs/include/vesc_msgs/msg/detail/vesc_imu__rosidl_typesupport_fastrtps_cpp.hpp
[0.972s] -- Up-to-date: /home/dalv204/sandbox/f1tenth_ws/install/vesc_msgs/include/vesc_msgs/msg/detail/vesc_imu_stamped__rosidl_typesupport_fastrtps_cpp.hpp
[0.972s] -- Up-to-date: /home/dalv204/sandbox/f1tenth_ws/install/vesc_msgs/include/vesc_msgs/msg/detail/dds_fastrtps
[0.973s] -- Up-to-date: /home/dalv204/sandbox/f1tenth_ws/install/vesc_msgs/include/vesc_msgs/msg/detail/vesc_state_stamped__rosidl_typesupport_fastrtps_cpp.hpp
[0.973s] -- Up-to-date: /home/dalv204/sandbox/f1tenth_ws/install/vesc_msgs/include/vesc_msgs/msg/detail/vesc_state__rosidl_typesupport_fastrtps_cpp.hpp
[0.973s] -- Up-to-date: /home/dalv204/sandbox/f1tenth_ws/install/vesc_msgs/lib/libvesc_msgs__rosidl_typesupport_fastrtps_cpp.so
[0.974s] -- Up-to-date: /home/dalv204/sandbox/f1tenth_ws/install/vesc_msgs/include/vesc_msgs
[0.974s] -- Up-to-date: /home/dalv204/sandbox/f1tenth_ws/install/vesc_msgs/include/vesc_msgs/msg
[0.974s] -- Up-to-date: /home/dalv204/sandbox/f1tenth_ws/install/vesc_msgs/include/vesc_msgs/msg/detail
[0.974s] -- Up-to-date: /home/dalv204/sandbox/f1tenth_ws/install/vesc_msgs/include/vesc_msgs/msg/detail/vesc_imu__type_support.c
[0.974s] -- Up-to-date: /home/dalv204/sandbox/f1tenth_ws/install/vesc_msgs/include/vesc_msgs/msg/detail/vesc_state_stamped__type_support.c
[0.975s] -- Up-to-date: /home/dalv204/sandbox/f1tenth_ws/install/vesc_msgs/include/vesc_msgs/msg/detail/vesc_state__rosidl_typesupport_introspection_c.h
[0.975s] -- Up-to-date: /home/dalv204/sandbox/f1tenth_ws/install/vesc_msgs/include/vesc_msgs/msg/detail/vesc_imu_stamped__rosidl_typesupport_introspection_c.h
[0.975s] -- Up-to-date: /home/dalv204/sandbox/f1tenth_ws/install/vesc_msgs/include/vesc_msgs/msg/detail/vesc_state__type_support.c
[0.975s] -- Up-to-date: /home/dalv204/sandbox/f1tenth_ws/install/vesc_msgs/include/vesc_msgs/msg/detail/vesc_state_stamped__rosidl_typesupport_introspection_c.h
[0.975s] -- Up-to-date: /home/dalv204/sandbox/f1tenth_ws/install/vesc_msgs/include/vesc_msgs/msg/detail/vesc_imu__rosidl_typesupport_introspection_c.h
[0.975s] -- Up-to-date: /home/dalv204/sandbox/f1tenth_ws/install/vesc_msgs/include/vesc_msgs/msg/detail/vesc_imu_stamped__type_support.c
[0.976s] -- Up-to-date: /home/dalv204/sandbox/f1tenth_ws/install/vesc_msgs/include/vesc_msgs/msg/rosidl_typesupport_introspection_c__visibility_control.h
[0.976s] -- Up-to-date: /home/dalv204/sandbox/f1tenth_ws/install/vesc_msgs/lib/libvesc_msgs__rosidl_typesupport_introspection_c.so
[0.976s] -- Up-to-date: /home/dalv204/sandbox/f1tenth_ws/install/vesc_msgs/lib/libvesc_msgs__rosidl_typesupport_c.so
[0.976s] -- Up-to-date: /home/dalv204/sandbox/f1tenth_ws/install/vesc_msgs/include/vesc_msgs
[0.977s] -- Up-to-date: /home/dalv204/sandbox/f1tenth_ws/install/vesc_msgs/include/vesc_msgs/msg
[0.977s] -- Up-to-date: /home/dalv204/sandbox/f1tenth_ws/install/vesc_msgs/include/vesc_msgs/msg/vesc_state_stamped.hpp
[0.977s] -- Up-to-date: /home/dalv204/sandbox/f1tenth_ws/install/vesc_msgs/include/vesc_msgs/msg/rosidl_generator_cpp__visibility_control.hpp
[0.977s] -- Up-to-date: /home/dalv204/sandbox/f1tenth_ws/install/vesc_msgs/include/vesc_msgs/msg/vesc_state.hpp
[0.977s] -- Up-to-date: /home/dalv204/sandbox/f1tenth_ws/install/vesc_msgs/include/vesc_msgs/msg/detail
[0.977s] -- Up-to-date: /home/dalv204/sandbox/f1tenth_ws/install/vesc_msgs/include/vesc_msgs/msg/detail/vesc_imu_stamped__struct.hpp
[0.977s] -- Up-to-date: /home/dalv204/sandbox/f1tenth_ws/install/vesc_msgs/include/vesc_msgs/msg/detail/vesc_imu_stamped__type_support.hpp
[0.977s] -- Up-to-date: /home/dalv204/sandbox/f1tenth_ws/install/vesc_msgs/include/vesc_msgs/msg/detail/vesc_imu__type_support.hpp
[0.978s] -- Up-to-date: /home/dalv204/sandbox/f1tenth_ws/install/vesc_msgs/include/vesc_msgs/msg/detail/vesc_state_stamped__builder.hpp
[0.979s] -- Up-to-date: /home/dalv204/sandbox/f1tenth_ws/install/vesc_msgs/include/vesc_msgs/msg/detail/vesc_state_stamped__struct.hpp
[0.979s] -- Up-to-date: /home/dalv204/sandbox/f1tenth_ws/install/vesc_msgs/include/vesc_msgs/msg/detail/vesc_imu__builder.hpp
[0.979s] -- Up-to-date: /home/dalv204/sandbox/f1tenth_ws/install/vesc_msgs/include/vesc_msgs/msg/detail/vesc_imu_stamped__traits.hpp
[0.979s] -- Up-to-date: /home/dalv204/sandbox/f1tenth_ws/install/vesc_msgs/include/vesc_msgs/msg/detail/vesc_state_stamped__traits.hpp
[0.979s] -- Up-to-date: /home/dalv204/sandbox/f1tenth_ws/install/vesc_msgs/include/vesc_msgs/msg/detail/vesc_state__struct.hpp
[0.979s] -- Up-to-date: /home/dalv204/sandbox/f1tenth_ws/install/vesc_msgs/include/vesc_msgs/msg/detail/vesc_state_stamped__type_support.hpp
[0.979s] -- Up-to-date: /home/dalv204/sandbox/f1tenth_ws/install/vesc_msgs/include/vesc_msgs/msg/detail/vesc_state__traits.hpp
[0.980s] -- Up-to-date: /home/dalv204/sandbox/f1tenth_ws/install/vesc_msgs/include/vesc_msgs/msg/detail/vesc_state__type_support.hpp
[0.980s] -- Up-to-date: /home/dalv204/sandbox/f1tenth_ws/install/vesc_msgs/include/vesc_msgs/msg/detail/vesc_state__builder.hpp
[0.980s] -- Up-to-date: /home/dalv204/sandbox/f1tenth_ws/install/vesc_msgs/include/vesc_msgs/msg/detail/vesc_imu_stamped__builder.hpp
[0.981s] -- Up-to-date: /home/dalv204/sandbox/f1tenth_ws/install/vesc_msgs/include/vesc_msgs/msg/detail/vesc_imu__traits.hpp
[0.981s] -- Up-to-date: /home/dalv204/sandbox/f1tenth_ws/install/vesc_msgs/include/vesc_msgs/msg/detail/vesc_imu__struct.hpp
[0.981s] -- Up-to-date: /home/dalv204/sandbox/f1tenth_ws/install/vesc_msgs/include/vesc_msgs/msg/vesc_imu_stamped.hpp
[0.981s] -- Up-to-date: /home/dalv204/sandbox/f1tenth_ws/install/vesc_msgs/include/vesc_msgs/msg/vesc_imu.hpp
[0.981s] -- Up-to-date: /home/dalv204/sandbox/f1tenth_ws/install/vesc_msgs/include/vesc_msgs
[0.981s] -- Up-to-date: /home/dalv204/sandbox/f1tenth_ws/install/vesc_msgs/include/vesc_msgs/msg
[0.981s] -- Up-to-date: /home/dalv204/sandbox/f1tenth_ws/install/vesc_msgs/include/vesc_msgs/msg/detail
[0.981s] -- Up-to-date: /home/dalv204/sandbox/f1tenth_ws/install/vesc_msgs/include/vesc_msgs/msg/detail/vesc_state__rosidl_typesupport_introspection_cpp.hpp
[0.982s] -- Up-to-date: /home/dalv204/sandbox/f1tenth_ws/install/vesc_msgs/include/vesc_msgs/msg/detail/vesc_imu__rosidl_typesupport_introspection_cpp.hpp
[0.982s] -- Up-to-date: /home/dalv204/sandbox/f1tenth_ws/install/vesc_msgs/include/vesc_msgs/msg/detail/vesc_state_stamped__rosidl_typesupport_introspection_cpp.hpp
[0.982s] -- Up-to-date: /home/dalv204/sandbox/f1tenth_ws/install/vesc_msgs/include/vesc_msgs/msg/detail/vesc_imu_stamped__rosidl_typesupport_introspection_cpp.hpp
[0.982s] -- Up-to-date: /home/dalv204/sandbox/f1tenth_ws/install/vesc_msgs/include/vesc_msgs/msg/detail/vesc_imu_stamped__type_support.cpp
[0.982s] -- Up-to-date: /home/dalv204/sandbox/f1tenth_ws/install/vesc_msgs/include/vesc_msgs/msg/detail/vesc_state_stamped__type_support.cpp
[0.982s] -- Up-to-date: /home/dalv204/sandbox/f1tenth_ws/install/vesc_msgs/include/vesc_msgs/msg/detail/vesc_state__type_support.cpp
[0.982s] -- Up-to-date: /home/dalv204/sandbox/f1tenth_ws/install/vesc_msgs/include/vesc_msgs/msg/detail/vesc_imu__type_support.cpp
[0.983s] -- Up-to-date: /home/dalv204/sandbox/f1tenth_ws/install/vesc_msgs/lib/libvesc_msgs__rosidl_typesupport_introspection_cpp.so
[0.983s] -- Up-to-date: /home/dalv204/sandbox/f1tenth_ws/install/vesc_msgs/lib/libvesc_msgs__rosidl_typesupport_cpp.so
[0.984s] -- Up-to-date: /home/dalv204/sandbox/f1tenth_ws/install/vesc_msgs/share/vesc_msgs/environment/pythonpath.sh
[0.984s] -- Up-to-date: /home/dalv204/sandbox/f1tenth_ws/install/vesc_msgs/share/vesc_msgs/environment/pythonpath.dsv
[0.984s] -- Up-to-date: /home/dalv204/sandbox/f1tenth_ws/install/vesc_msgs/lib/python3.8/site-packages/vesc_msgs/__init__.py
[1.060s] -- Up-to-date: /home/dalv204/sandbox/f1tenth_ws/install/vesc_msgs/lib/python3.8/site-packages/vesc_msgs/msg
[1.062s] -- Up-to-date: /home/dalv204/sandbox/f1tenth_ws/install/vesc_msgs/lib/python3.8/site-packages/vesc_msgs/msg/_vesc_imu_stamped_s.c
[1.062s] -- Up-to-date: /home/dalv204/sandbox/f1tenth_ws/install/vesc_msgs/lib/python3.8/site-packages/vesc_msgs/msg/_vesc_imu.py
[1.063s] -- Up-to-date: /home/dalv204/sandbox/f1tenth_ws/install/vesc_msgs/lib/python3.8/site-packages/vesc_msgs/msg/_vesc_state.py
[1.063s] -- Up-to-date: /home/dalv204/sandbox/f1tenth_ws/install/vesc_msgs/lib/python3.8/site-packages/vesc_msgs/msg/_vesc_state_stamped_s.c
[1.063s] -- Up-to-date: /home/dalv204/sandbox/f1tenth_ws/install/vesc_msgs/lib/python3.8/site-packages/vesc_msgs/msg/_vesc_state_stamped.py
[1.063s] -- Up-to-date: /home/dalv204/sandbox/f1tenth_ws/install/vesc_msgs/lib/python3.8/site-packages/vesc_msgs/msg/_vesc_state_s.c
[1.063s] -- Up-to-date: /home/dalv204/sandbox/f1tenth_ws/install/vesc_msgs/lib/python3.8/site-packages/vesc_msgs/msg/_vesc_imu_s.c
[1.064s] -- Up-to-date: /home/dalv204/sandbox/f1tenth_ws/install/vesc_msgs/lib/python3.8/site-packages/vesc_msgs/msg/_vesc_imu_stamped.py
[1.064s] -- Up-to-date: /home/dalv204/sandbox/f1tenth_ws/install/vesc_msgs/lib/python3.8/site-packages/vesc_msgs/msg/__init__.py
[1.065s] -- Up-to-date: /home/dalv204/sandbox/f1tenth_ws/install/vesc_msgs/lib/python3.8/site-packages/vesc_msgs/vesc_msgs_s__rosidl_typesupport_fastrtps_c.cpython-38-aarch64-linux-gnu.so
[1.066s] -- Up-to-date: /home/dalv204/sandbox/f1tenth_ws/install/vesc_msgs/lib/python3.8/site-packages/vesc_msgs/vesc_msgs_s__rosidl_typesupport_introspection_c.cpython-38-aarch64-linux-gnu.so
[1.066s] -- Up-to-date: /home/dalv204/sandbox/f1tenth_ws/install/vesc_msgs/lib/python3.8/site-packages/vesc_msgs/vesc_msgs_s__rosidl_typesupport_c.cpython-38-aarch64-linux-gnu.so
[1.066s] -- Up-to-date: /home/dalv204/sandbox/f1tenth_ws/install/vesc_msgs/lib/libvesc_msgs__python.so
[1.067s] -- Up-to-date: /home/dalv204/sandbox/f1tenth_ws/install/vesc_msgs/share/vesc_msgs/msg/VescState.idl
[1.067s] -- Up-to-date: /home/dalv204/sandbox/f1tenth_ws/install/vesc_msgs/share/vesc_msgs/msg/VescStateStamped.idl
[1.067s] -- Up-to-date: /home/dalv204/sandbox/f1tenth_ws/install/vesc_msgs/share/vesc_msgs/msg/VescImu.idl
[1.068s] -- Up-to-date: /home/dalv204/sandbox/f1tenth_ws/install/vesc_msgs/share/vesc_msgs/msg/VescImuStamped.idl
[1.068s] -- Up-to-date: /home/dalv204/sandbox/f1tenth_ws/install/vesc_msgs/share/vesc_msgs/msg/VescState.msg
[1.068s] -- Up-to-date: /home/dalv204/sandbox/f1tenth_ws/install/vesc_msgs/share/vesc_msgs/msg/VescStateStamped.msg
[1.068s] -- Up-to-date: /home/dalv204/sandbox/f1tenth_ws/install/vesc_msgs/share/vesc_msgs/msg/VescImu.msg
[1.069s] -- Up-to-date: /home/dalv204/sandbox/f1tenth_ws/install/vesc_msgs/share/vesc_msgs/msg/VescImuStamped.msg
[1.069s] -- Up-to-date: /home/dalv204/sandbox/f1tenth_ws/install/vesc_msgs/share/ament_index/resource_index/package_run_dependencies/vesc_msgs
[1.069s] -- Up-to-date: /home/dalv204/sandbox/f1tenth_ws/install/vesc_msgs/share/ament_index/resource_index/parent_prefix_path/vesc_msgs
[1.069s] -- Up-to-date: /home/dalv204/sandbox/f1tenth_ws/install/vesc_msgs/share/vesc_msgs/environment/ament_prefix_path.sh
[1.070s] -- Up-to-date: /home/dalv204/sandbox/f1tenth_ws/install/vesc_msgs/share/vesc_msgs/environment/ament_prefix_path.dsv
[1.070s] -- Up-to-date: /home/dalv204/sandbox/f1tenth_ws/install/vesc_msgs/share/vesc_msgs/environment/path.sh
[1.070s] -- Up-to-date: /home/dalv204/sandbox/f1tenth_ws/install/vesc_msgs/share/vesc_msgs/environment/path.dsv
[1.070s] -- Up-to-date: /home/dalv204/sandbox/f1tenth_ws/install/vesc_msgs/share/vesc_msgs/local_setup.bash
[1.071s] -- Up-to-date: /home/dalv204/sandbox/f1tenth_ws/install/vesc_msgs/share/vesc_msgs/local_setup.sh
[1.071s] -- Up-to-date: /home/dalv204/sandbox/f1tenth_ws/install/vesc_msgs/share/vesc_msgs/local_setup.zsh
[1.072s] -- Up-to-date: /home/dalv204/sandbox/f1tenth_ws/install/vesc_msgs/share/vesc_msgs/local_setup.dsv
[1.072s] -- Installing: /home/dalv204/sandbox/f1tenth_ws/install/vesc_msgs/share/vesc_msgs/package.dsv
[1.072s] -- Up-to-date: /home/dalv204/sandbox/f1tenth_ws/install/vesc_msgs/share/ament_index/resource_index/packages/vesc_msgs
[1.072s] -- Up-to-date: /home/dalv204/sandbox/f1tenth_ws/install/vesc_msgs/share/vesc_msgs/cmake/vesc_msgs__rosidl_generator_cExport.cmake
[1.073s] -- Up-to-date: /home/dalv204/sandbox/f1tenth_ws/install/vesc_msgs/share/vesc_msgs/cmake/vesc_msgs__rosidl_generator_cExport-noconfig.cmake
[1.073s] -- Up-to-date: /home/dalv204/sandbox/f1tenth_ws/install/vesc_msgs/share/vesc_msgs/cmake/vesc_msgs__rosidl_typesupport_introspection_cExport.cmake
[1.073s] -- Up-to-date: /home/dalv204/sandbox/f1tenth_ws/install/vesc_msgs/share/vesc_msgs/cmake/vesc_msgs__rosidl_typesupport_introspection_cExport-noconfig.cmake
[1.073s] -- Up-to-date: /home/dalv204/sandbox/f1tenth_ws/install/vesc_msgs/share/vesc_msgs/cmake/vesc_msgs__rosidl_typesupport_cExport.cmake
[1.073s] -- Up-to-date: /home/dalv204/sandbox/f1tenth_ws/install/vesc_msgs/share/vesc_msgs/cmake/vesc_msgs__rosidl_typesupport_cExport-noconfig.cmake
[1.074s] -- Up-to-date: /home/dalv204/sandbox/f1tenth_ws/install/vesc_msgs/share/vesc_msgs/cmake/vesc_msgs__rosidl_generator_cppExport.cmake
[1.074s] -- Up-to-date: /home/dalv204/sandbox/f1tenth_ws/install/vesc_msgs/share/vesc_msgs/cmake/vesc_msgs__rosidl_typesupport_introspection_cppExport.cmake
[1.074s] -- Up-to-date: /home/dalv204/sandbox/f1tenth_ws/install/vesc_msgs/share/vesc_msgs/cmake/vesc_msgs__rosidl_typesupport_introspection_cppExport-noconfig.cmake
[1.074s] -- Up-to-date: /home/dalv204/sandbox/f1tenth_ws/install/vesc_msgs/share/vesc_msgs/cmake/vesc_msgs__rosidl_typesupport_cppExport.cmake
[1.074s] -- Up-to-date: /home/dalv204/sandbox/f1tenth_ws/install/vesc_msgs/share/vesc_msgs/cmake/vesc_msgs__rosidl_typesupport_cppExport-noconfig.cmake
[1.075s] -- Up-to-date: /home/dalv204/sandbox/f1tenth_ws/install/vesc_msgs/share/vesc_msgs/cmake/rosidl_cmake-extras.cmake
[1.075s] -- Up-to-date: /home/dalv204/sandbox/f1tenth_ws/install/vesc_msgs/share/vesc_msgs/cmake/ament_cmake_export_dependencies-extras.cmake
[1.075s] -- Up-to-date: /home/dalv204/sandbox/f1tenth_ws/install/vesc_msgs/share/vesc_msgs/cmake/ament_cmake_export_libraries-extras.cmake
[1.075s] -- Up-to-date: /home/dalv204/sandbox/f1tenth_ws/install/vesc_msgs/share/vesc_msgs/cmake/ament_cmake_export_targets-extras.cmake
[1.075s] -- Up-to-date: /home/dalv204/sandbox/f1tenth_ws/install/vesc_msgs/share/vesc_msgs/cmake/ament_cmake_export_include_directories-extras.cmake
[1.076s] -- Up-to-date: /home/dalv204/sandbox/f1tenth_ws/install/vesc_msgs/share/vesc_msgs/cmake/rosidl_cmake_export_typesupport_libraries-extras.cmake
[1.076s] -- Up-to-date: /home/dalv204/sandbox/f1tenth_ws/install/vesc_msgs/share/vesc_msgs/cmake/rosidl_cmake_export_typesupport_targets-extras.cmake
[1.076s] -- Up-to-date: /home/dalv204/sandbox/f1tenth_ws/install/vesc_msgs/share/vesc_msgs/cmake/vesc_msgsConfig.cmake
[1.076s] -- Up-to-date: /home/dalv204/sandbox/f1tenth_ws/install/vesc_msgs/share/vesc_msgs/cmake/vesc_msgsConfig-version.cmake
[1.076s] -- Up-to-date: /home/dalv204/sandbox/f1tenth_ws/install/vesc_msgs/share/vesc_msgs/package.xml
[1.154s] Invoked command in '/home/dalv204/sandbox/f1tenth_ws/build/vesc_msgs' returned '0': CMAKE_PREFIX_PATH=${CMAKE_PREFIX_PATH}:/home/dalv204/sandbox/f1tenth_ws/install/f1tenth_stack:/home/dalv204/sandbox/f1tenth_ws/install/joy_teleop:/home/dalv204/sandbox/f1tenth_ws/install/particle_filter:/home/dalv204/sandbox/f1tenth_ws/install/mouse_teleop:/home/dalv204/sandbox/f1tenth_ws/install/key_teleop /usr/bin/cmake --install /home/dalv204/sandbox/f1tenth_ws/build/vesc_msgs
