[0.103s] Invoking command in '/home/dalv204/sandbox/f1tenth_ws/build/wall_follow': /usr/bin/cmake --build /home/dalv204/sandbox/f1tenth_ws/build/wall_follow -- -j6 -l6
[0.632s] [100%] Built target wall_follow_node
[0.689s] Invoked command in '/home/dalv204/sandbox/f1tenth_ws/build/wall_follow' returned '0': /usr/bin/cmake --build /home/dalv204/sandbox/f1tenth_ws/build/wall_follow -- -j6 -l6
[1.056s] Invoking command in '/home/dalv204/sandbox/f1tenth_ws/build/wall_follow': /usr/bin/cmake --install /home/dalv204/sandbox/f1tenth_ws/build/wall_follow
[1.119s] -- Install configuration: ""
[1.120s] -- Up-to-date: /home/dalv204/sandbox/f1tenth_ws/install/wall_follow/lib/wall_follow/wall_follow_node
[1.120s] -- Up-to-date: /home/dalv204/sandbox/f1tenth_ws/install/wall_follow/share/wall_follow/environment/pythonpath.sh
[1.120s] -- Up-to-date: /home/dalv204/sandbox/f1tenth_ws/install/wall_follow/share/wall_follow/environment/pythonpath.dsv
[1.120s] -- Up-to-date: /home/dalv204/sandbox/f1tenth_ws/install/wall_follow/lib/python3.8/site-packages/wall_follow
[1.121s] -- Up-to-date: /home/dalv204/sandbox/f1tenth_ws/install/wall_follow/lib/python3.8/site-packages/wall_follow/__init__.py
[1.280s] Listing '/home/dalv204/sandbox/f1tenth_ws/install/wall_follow/lib/python3.8/site-packages/wall_follow'...
[1.324s] -- Up-to-date: /home/dalv204/sandbox/f1tenth_ws/install/wall_follow/lib/wall_follow/wall_follow_node.py
[1.326s] -- Up-to-date: /home/dalv204/sandbox/f1tenth_ws/install/wall_follow/share/ament_index/resource_index/package_run_dependencies/wall_follow
[1.327s] -- Up-to-date: /home/dalv204/sandbox/f1tenth_ws/install/wall_follow/share/ament_index/resource_index/parent_prefix_path/wall_follow
[1.327s] -- Up-to-date: /home/dalv204/sandbox/f1tenth_ws/install/wall_follow/share/wall_follow/environment/ament_prefix_path.sh
[1.327s] -- Up-to-date: /home/dalv204/sandbox/f1tenth_ws/install/wall_follow/share/wall_follow/environment/ament_prefix_path.dsv
[1.328s] -- Up-to-date: /home/dalv204/sandbox/f1tenth_ws/install/wall_follow/share/wall_follow/environment/path.sh
[1.329s] -- Up-to-date: /home/dalv204/sandbox/f1tenth_ws/install/wall_follow/share/wall_follow/environment/path.dsv
[1.329s] -- Up-to-date: /home/dalv204/sandbox/f1tenth_ws/install/wall_follow/share/wall_follow/local_setup.bash
[1.329s] -- Up-to-date: /home/dalv204/sandbox/f1tenth_ws/install/wall_follow/share/wall_follow/local_setup.sh
[1.329s] -- Up-to-date: /home/dalv204/sandbox/f1tenth_ws/install/wall_follow/share/wall_follow/local_setup.zsh
[1.329s] -- Up-to-date: /home/dalv204/sandbox/f1tenth_ws/install/wall_follow/share/wall_follow/local_setup.dsv
[1.329s] -- Installing: /home/dalv204/sandbox/f1tenth_ws/install/wall_follow/share/wall_follow/package.dsv
[1.330s] -- Up-to-date: /home/dalv204/sandbox/f1tenth_ws/install/wall_follow/share/ament_index/resource_index/packages/wall_follow
[1.330s] -- Up-to-date: /home/dalv204/sandbox/f1tenth_ws/install/wall_follow/share/wall_follow/cmake/wall_followConfig.cmake
[1.330s] -- Up-to-date: /home/dalv204/sandbox/f1tenth_ws/install/wall_follow/share/wall_follow/cmake/wall_followConfig-version.cmake
[1.331s] -- Up-to-date: /home/dalv204/sandbox/f1tenth_ws/install/wall_follow/share/wall_follow/package.xml
[1.370s] Invoked command in '/home/dalv204/sandbox/f1tenth_ws/build/wall_follow' returned '0': /usr/bin/cmake --install /home/dalv204/sandbox/f1tenth_ws/build/wall_follow
