[0.097s] Invoking command in '/home/dalv204/sandbox/f1tenth_ws/build/teleop_tools_msgs': CMAKE_PREFIX_PATH=${CMAKE_PREFIX_PATH}:/home/dalv204/sandbox/f1tenth_ws/install/f1tenth_stack:/home/dalv204/sandbox/f1tenth_ws/install/joy_teleop:/home/dalv204/sandbox/f1tenth_ws/install/particle_filter:/home/dalv204/sandbox/f1tenth_ws/install/mouse_teleop:/home/dalv204/sandbox/f1tenth_ws/install/key_teleop /usr/bin/cmake --build /home/dalv204/sandbox/f1tenth_ws/build/teleop_tools_msgs -- -j6 -l6
[0.673s] [  9%] Built target teleop_tools_msgs__rosidl_generator_c
[0.674s] [ 12%] Built target teleop_tools_msgs__cpp
[0.675s] [ 32%] Built target teleop_tools_msgs__rosidl_typesupport_c
[0.675s] [ 32%] Built target teleop_tools_msgs__rosidl_typesupport_introspection_c
[0.675s] [ 41%] Built target teleop_tools_msgs__rosidl_typesupport_introspection_cpp
[0.675s] [ 51%] Built target teleop_tools_msgs__rosidl_typesupport_cpp
[0.675s] [ 61%] Built target teleop_tools_msgs__rosidl_typesupport_fastrtps_cpp
[0.675s] [ 70%] Built target teleop_tools_msgs__rosidl_typesupport_fastrtps_c
[0.676s] [ 70%] Built target teleop_tools_msgs
[0.676s] [ 74%] Built target teleop_tools_msgs__py
[0.676s] [ 80%] Built target teleop_tools_msgs__python
[0.676s] [ 93%] Built target teleop_tools_msgs__rosidl_typesupport_c__pyext
[0.676s] [ 96%] Built target teleop_tools_msgs__rosidl_typesupport_introspection_c__pyext
[0.676s] [100%] Built target teleop_tools_msgs__rosidl_typesupport_fastrtps_c__pyext
[0.678s] Invoked command in '/home/dalv204/sandbox/f1tenth_ws/build/teleop_tools_msgs' returned '0': CMAKE_PREFIX_PATH=${CMAKE_PREFIX_PATH}:/home/dalv204/sandbox/f1tenth_ws/install/f1tenth_stack:/home/dalv204/sandbox/f1tenth_ws/install/joy_teleop:/home/dalv204/sandbox/f1tenth_ws/install/particle_filter:/home/dalv204/sandbox/f1tenth_ws/install/mouse_teleop:/home/dalv204/sandbox/f1tenth_ws/install/key_teleop /usr/bin/cmake --build /home/dalv204/sandbox/f1tenth_ws/build/teleop_tools_msgs -- -j6 -l6
[0.801s] Invoking command in '/home/dalv204/sandbox/f1tenth_ws/build/teleop_tools_msgs': CMAKE_PREFIX_PATH=${CMAKE_PREFIX_PATH}:/home/dalv204/sandbox/f1tenth_ws/install/f1tenth_stack:/home/dalv204/sandbox/f1tenth_ws/install/joy_teleop:/home/dalv204/sandbox/f1tenth_ws/install/particle_filter:/home/dalv204/sandbox/f1tenth_ws/install/mouse_teleop:/home/dalv204/sandbox/f1tenth_ws/install/key_teleop /usr/bin/cmake --install /home/dalv204/sandbox/f1tenth_ws/build/teleop_tools_msgs
[0.825s] -- Install configuration: ""
[0.825s] -- Up-to-date: /home/dalv204/sandbox/f1tenth_ws/install/teleop_tools_msgs/share/ament_index/resource_index/rosidl_interfaces/teleop_tools_msgs
[0.826s] -- Up-to-date: /home/dalv204/sandbox/f1tenth_ws/install/teleop_tools_msgs/include/teleop_tools_msgs
[0.826s] -- Up-to-date: /home/dalv204/sandbox/f1tenth_ws/install/teleop_tools_msgs/include/teleop_tools_msgs/action
[0.826s] -- Up-to-date: /home/dalv204/sandbox/f1tenth_ws/install/teleop_tools_msgs/include/teleop_tools_msgs/action/detail
[0.826s] -- Up-to-date: /home/dalv204/sandbox/f1tenth_ws/install/teleop_tools_msgs/include/teleop_tools_msgs/action/detail/increment__struct.h
[0.826s] -- Up-to-date: /home/dalv204/sandbox/f1tenth_ws/install/teleop_tools_msgs/include/teleop_tools_msgs/action/detail/increment__functions.h
[0.826s] -- Up-to-date: /home/dalv204/sandbox/f1tenth_ws/install/teleop_tools_msgs/include/teleop_tools_msgs/action/detail/increment__functions.c
[0.826s] -- Up-to-date: /home/dalv204/sandbox/f1tenth_ws/install/teleop_tools_msgs/include/teleop_tools_msgs/action/detail/increment__type_support.h
[0.826s] -- Up-to-date: /home/dalv204/sandbox/f1tenth_ws/install/teleop_tools_msgs/include/teleop_tools_msgs/action/increment.h
[0.827s] -- Up-to-date: /home/dalv204/sandbox/f1tenth_ws/install/teleop_tools_msgs/include/teleop_tools_msgs/msg
[0.827s] -- Up-to-date: /home/dalv204/sandbox/f1tenth_ws/install/teleop_tools_msgs/include/teleop_tools_msgs/msg/rosidl_generator_c__visibility_control.h
[0.827s] -- Up-to-date: /home/dalv204/sandbox/f1tenth_ws/install/teleop_tools_msgs/share/teleop_tools_msgs/environment/library_path.sh
[0.827s] -- Up-to-date: /home/dalv204/sandbox/f1tenth_ws/install/teleop_tools_msgs/share/teleop_tools_msgs/environment/library_path.dsv
[0.828s] -- Up-to-date: /home/dalv204/sandbox/f1tenth_ws/install/teleop_tools_msgs/lib/libteleop_tools_msgs__rosidl_generator_c.so
[0.829s] -- Up-to-date: /home/dalv204/sandbox/f1tenth_ws/install/teleop_tools_msgs/include/teleop_tools_msgs
[0.829s] -- Up-to-date: /home/dalv204/sandbox/f1tenth_ws/install/teleop_tools_msgs/include/teleop_tools_msgs/action
[0.830s] -- Up-to-date: /home/dalv204/sandbox/f1tenth_ws/install/teleop_tools_msgs/include/teleop_tools_msgs/action/detail
[0.830s] -- Up-to-date: /home/dalv204/sandbox/f1tenth_ws/install/teleop_tools_msgs/include/teleop_tools_msgs/action/detail/increment__rosidl_typesupport_fastrtps_c.h
[0.830s] -- Up-to-date: /home/dalv204/sandbox/f1tenth_ws/install/teleop_tools_msgs/include/teleop_tools_msgs/msg
[0.830s] -- Up-to-date: /home/dalv204/sandbox/f1tenth_ws/install/teleop_tools_msgs/include/teleop_tools_msgs/msg/rosidl_typesupport_fastrtps_c__visibility_control.h
[0.831s] -- Up-to-date: /home/dalv204/sandbox/f1tenth_ws/install/teleop_tools_msgs/lib/libteleop_tools_msgs__rosidl_typesupport_fastrtps_c.so
[0.831s] -- Up-to-date: /home/dalv204/sandbox/f1tenth_ws/install/teleop_tools_msgs/include/teleop_tools_msgs
[0.832s] -- Up-to-date: /home/dalv204/sandbox/f1tenth_ws/install/teleop_tools_msgs/include/teleop_tools_msgs/action
[0.832s] -- Up-to-date: /home/dalv204/sandbox/f1tenth_ws/install/teleop_tools_msgs/include/teleop_tools_msgs/action/detail
[0.833s] -- Up-to-date: /home/dalv204/sandbox/f1tenth_ws/install/teleop_tools_msgs/include/teleop_tools_msgs/action/detail/increment__rosidl_typesupport_fastrtps_cpp.hpp
[0.833s] -- Up-to-date: /home/dalv204/sandbox/f1tenth_ws/install/teleop_tools_msgs/include/teleop_tools_msgs/action/detail/dds_fastrtps
[0.834s] -- Up-to-date: /home/dalv204/sandbox/f1tenth_ws/install/teleop_tools_msgs/include/teleop_tools_msgs/msg
[0.834s] -- Up-to-date: /home/dalv204/sandbox/f1tenth_ws/install/teleop_tools_msgs/include/teleop_tools_msgs/msg/rosidl_typesupport_fastrtps_cpp__visibility_control.h
[0.834s] -- Up-to-date: /home/dalv204/sandbox/f1tenth_ws/install/teleop_tools_msgs/lib/libteleop_tools_msgs__rosidl_typesupport_fastrtps_cpp.so
[0.834s] -- Up-to-date: /home/dalv204/sandbox/f1tenth_ws/install/teleop_tools_msgs/include/teleop_tools_msgs
[0.847s] -- Up-to-date: /home/dalv204/sandbox/f1tenth_ws/install/teleop_tools_msgs/include/teleop_tools_msgs/action
[0.851s] -- Up-to-date: /home/dalv204/sandbox/f1tenth_ws/install/teleop_tools_msgs/include/teleop_tools_msgs/action/detail
[0.852s] -- Up-to-date: /home/dalv204/sandbox/f1tenth_ws/install/teleop_tools_msgs/include/teleop_tools_msgs/action/detail/increment__rosidl_typesupport_introspection_c.h
[0.855s] -- Up-to-date: /home/dalv204/sandbox/f1tenth_ws/install/teleop_tools_msgs/include/teleop_tools_msgs/action/detail/increment__type_support.c
[0.855s] -- Up-to-date: /home/dalv204/sandbox/f1tenth_ws/install/teleop_tools_msgs/include/teleop_tools_msgs/msg
[0.855s] -- Up-to-date: /home/dalv204/sandbox/f1tenth_ws/install/teleop_tools_msgs/include/teleop_tools_msgs/msg/rosidl_typesupport_introspection_c__visibility_control.h
[0.855s] -- Up-to-date: /home/dalv204/sandbox/f1tenth_ws/install/teleop_tools_msgs/lib/libteleop_tools_msgs__rosidl_typesupport_introspection_c.so
[0.855s] -- Up-to-date: /home/dalv204/sandbox/f1tenth_ws/install/teleop_tools_msgs/lib/libteleop_tools_msgs__rosidl_typesupport_c.so
[0.856s] -- Up-to-date: /home/dalv204/sandbox/f1tenth_ws/install/teleop_tools_msgs/include/teleop_tools_msgs
[0.856s] -- Up-to-date: /home/dalv204/sandbox/f1tenth_ws/install/teleop_tools_msgs/include/teleop_tools_msgs/action
[0.856s] -- Up-to-date: /home/dalv204/sandbox/f1tenth_ws/install/teleop_tools_msgs/include/teleop_tools_msgs/action/detail
[0.856s] -- Up-to-date: /home/dalv204/sandbox/f1tenth_ws/install/teleop_tools_msgs/include/teleop_tools_msgs/action/detail/increment__builder.hpp
[0.856s] -- Up-to-date: /home/dalv204/sandbox/f1tenth_ws/install/teleop_tools_msgs/include/teleop_tools_msgs/action/detail/increment__struct.hpp
[0.856s] -- Up-to-date: /home/dalv204/sandbox/f1tenth_ws/install/teleop_tools_msgs/include/teleop_tools_msgs/action/detail/increment__type_support.hpp
[0.856s] -- Up-to-date: /home/dalv204/sandbox/f1tenth_ws/install/teleop_tools_msgs/include/teleop_tools_msgs/action/detail/increment__traits.hpp
[0.857s] -- Up-to-date: /home/dalv204/sandbox/f1tenth_ws/install/teleop_tools_msgs/include/teleop_tools_msgs/action/increment.hpp
[0.857s] -- Up-to-date: /home/dalv204/sandbox/f1tenth_ws/install/teleop_tools_msgs/include/teleop_tools_msgs/msg
[0.857s] -- Up-to-date: /home/dalv204/sandbox/f1tenth_ws/install/teleop_tools_msgs/include/teleop_tools_msgs/msg/rosidl_generator_cpp__visibility_control.hpp
[0.857s] -- Up-to-date: /home/dalv204/sandbox/f1tenth_ws/install/teleop_tools_msgs/include/teleop_tools_msgs
[0.857s] -- Up-to-date: /home/dalv204/sandbox/f1tenth_ws/install/teleop_tools_msgs/include/teleop_tools_msgs/action
[0.857s] -- Up-to-date: /home/dalv204/sandbox/f1tenth_ws/install/teleop_tools_msgs/include/teleop_tools_msgs/action/detail
[0.857s] -- Up-to-date: /home/dalv204/sandbox/f1tenth_ws/install/teleop_tools_msgs/include/teleop_tools_msgs/action/detail/increment__type_support.cpp
[0.857s] -- Up-to-date: /home/dalv204/sandbox/f1tenth_ws/install/teleop_tools_msgs/include/teleop_tools_msgs/action/detail/increment__rosidl_typesupport_introspection_cpp.hpp
[0.858s] -- Up-to-date: /home/dalv204/sandbox/f1tenth_ws/install/teleop_tools_msgs/lib/libteleop_tools_msgs__rosidl_typesupport_introspection_cpp.so
[0.858s] -- Up-to-date: /home/dalv204/sandbox/f1tenth_ws/install/teleop_tools_msgs/lib/libteleop_tools_msgs__rosidl_typesupport_cpp.so
[0.858s] -- Up-to-date: /home/dalv204/sandbox/f1tenth_ws/install/teleop_tools_msgs/share/teleop_tools_msgs/environment/pythonpath.sh
[0.858s] -- Up-to-date: /home/dalv204/sandbox/f1tenth_ws/install/teleop_tools_msgs/share/teleop_tools_msgs/environment/pythonpath.dsv
[0.858s] -- Up-to-date: /home/dalv204/sandbox/f1tenth_ws/install/teleop_tools_msgs/lib/python3.8/site-packages/teleop_tools_msgs/__init__.py
[0.928s] -- Up-to-date: /home/dalv204/sandbox/f1tenth_ws/install/teleop_tools_msgs/lib/python3.8/site-packages/teleop_tools_msgs/action
[0.929s] -- Up-to-date: /home/dalv204/sandbox/f1tenth_ws/install/teleop_tools_msgs/lib/python3.8/site-packages/teleop_tools_msgs/action/_increment.py
[0.930s] -- Up-to-date: /home/dalv204/sandbox/f1tenth_ws/install/teleop_tools_msgs/lib/python3.8/site-packages/teleop_tools_msgs/action/_increment_s.c
[0.930s] -- Up-to-date: /home/dalv204/sandbox/f1tenth_ws/install/teleop_tools_msgs/lib/python3.8/site-packages/teleop_tools_msgs/action/__init__.py
[0.942s] -- Up-to-date: /home/dalv204/sandbox/f1tenth_ws/install/teleop_tools_msgs/lib/python3.8/site-packages/teleop_tools_msgs/teleop_tools_msgs_s__rosidl_typesupport_fastrtps_c.cpython-38-aarch64-linux-gnu.so
[0.943s] -- Up-to-date: /home/dalv204/sandbox/f1tenth_ws/install/teleop_tools_msgs/lib/python3.8/site-packages/teleop_tools_msgs/teleop_tools_msgs_s__rosidl_typesupport_introspection_c.cpython-38-aarch64-linux-gnu.so
[0.944s] -- Up-to-date: /home/dalv204/sandbox/f1tenth_ws/install/teleop_tools_msgs/lib/python3.8/site-packages/teleop_tools_msgs/teleop_tools_msgs_s__rosidl_typesupport_c.cpython-38-aarch64-linux-gnu.so
[0.944s] -- Up-to-date: /home/dalv204/sandbox/f1tenth_ws/install/teleop_tools_msgs/lib/libteleop_tools_msgs__python.so
[0.944s] -- Up-to-date: /home/dalv204/sandbox/f1tenth_ws/install/teleop_tools_msgs/share/teleop_tools_msgs/action/Increment.idl
[0.945s] -- Up-to-date: /home/dalv204/sandbox/f1tenth_ws/install/teleop_tools_msgs/share/teleop_tools_msgs/action/Increment.action
[0.945s] -- Up-to-date: /home/dalv204/sandbox/f1tenth_ws/install/teleop_tools_msgs/share/ament_index/resource_index/package_run_dependencies/teleop_tools_msgs
[0.946s] -- Up-to-date: /home/dalv204/sandbox/f1tenth_ws/install/teleop_tools_msgs/share/ament_index/resource_index/parent_prefix_path/teleop_tools_msgs
[0.946s] -- Up-to-date: /home/dalv204/sandbox/f1tenth_ws/install/teleop_tools_msgs/share/teleop_tools_msgs/environment/ament_prefix_path.sh
[0.946s] -- Up-to-date: /home/dalv204/sandbox/f1tenth_ws/install/teleop_tools_msgs/share/teleop_tools_msgs/environment/ament_prefix_path.dsv
[0.947s] -- Up-to-date: /home/dalv204/sandbox/f1tenth_ws/install/teleop_tools_msgs/share/teleop_tools_msgs/environment/path.sh
[0.947s] -- Up-to-date: /home/dalv204/sandbox/f1tenth_ws/install/teleop_tools_msgs/share/teleop_tools_msgs/environment/path.dsv
[0.949s] -- Up-to-date: /home/dalv204/sandbox/f1tenth_ws/install/teleop_tools_msgs/share/teleop_tools_msgs/local_setup.bash
[0.949s] -- Up-to-date: /home/dalv204/sandbox/f1tenth_ws/install/teleop_tools_msgs/share/teleop_tools_msgs/local_setup.sh
[0.949s] -- Up-to-date: /home/dalv204/sandbox/f1tenth_ws/install/teleop_tools_msgs/share/teleop_tools_msgs/local_setup.zsh
[0.949s] -- Up-to-date: /home/dalv204/sandbox/f1tenth_ws/install/teleop_tools_msgs/share/teleop_tools_msgs/local_setup.dsv
[0.949s] -- Installing: /home/dalv204/sandbox/f1tenth_ws/install/teleop_tools_msgs/share/teleop_tools_msgs/package.dsv
[0.950s] -- Up-to-date: /home/dalv204/sandbox/f1tenth_ws/install/teleop_tools_msgs/share/ament_index/resource_index/packages/teleop_tools_msgs
[0.950s] -- Up-to-date: /home/dalv204/sandbox/f1tenth_ws/install/teleop_tools_msgs/share/teleop_tools_msgs/cmake/teleop_tools_msgs__rosidl_generator_cExport.cmake
[0.950s] -- Up-to-date: /home/dalv204/sandbox/f1tenth_ws/install/teleop_tools_msgs/share/teleop_tools_msgs/cmake/teleop_tools_msgs__rosidl_generator_cExport-noconfig.cmake
[0.950s] -- Up-to-date: /home/dalv204/sandbox/f1tenth_ws/install/teleop_tools_msgs/share/teleop_tools_msgs/cmake/teleop_tools_msgs__rosidl_typesupport_introspection_cExport.cmake
[0.950s] -- Up-to-date: /home/dalv204/sandbox/f1tenth_ws/install/teleop_tools_msgs/share/teleop_tools_msgs/cmake/teleop_tools_msgs__rosidl_typesupport_introspection_cExport-noconfig.cmake
[0.952s] -- Up-to-date: /home/dalv204/sandbox/f1tenth_ws/install/teleop_tools_msgs/share/teleop_tools_msgs/cmake/teleop_tools_msgs__rosidl_typesupport_cExport.cmake
[0.952s] -- Up-to-date: /home/dalv204/sandbox/f1tenth_ws/install/teleop_tools_msgs/share/teleop_tools_msgs/cmake/teleop_tools_msgs__rosidl_typesupport_cExport-noconfig.cmake
[0.956s] -- Up-to-date: /home/dalv204/sandbox/f1tenth_ws/install/teleop_tools_msgs/share/teleop_tools_msgs/cmake/teleop_tools_msgs__rosidl_generator_cppExport.cmake
[0.957s] -- Up-to-date: /home/dalv204/sandbox/f1tenth_ws/install/teleop_tools_msgs/share/teleop_tools_msgs/cmake/teleop_tools_msgs__rosidl_typesupport_introspection_cppExport.cmake
[0.957s] -- Up-to-date: /home/dalv204/sandbox/f1tenth_ws/install/teleop_tools_msgs/share/teleop_tools_msgs/cmake/teleop_tools_msgs__rosidl_typesupport_introspection_cppExport-noconfig.cmake
[0.962s] -- Up-to-date: /home/dalv204/sandbox/f1tenth_ws/install/teleop_tools_msgs/share/teleop_tools_msgs/cmake/teleop_tools_msgs__rosidl_typesupport_cppExport.cmake
[0.964s] -- Up-to-date: /home/dalv204/sandbox/f1tenth_ws/install/teleop_tools_msgs/share/teleop_tools_msgs/cmake/teleop_tools_msgs__rosidl_typesupport_cppExport-noconfig.cmake
[0.964s] -- Up-to-date: /home/dalv204/sandbox/f1tenth_ws/install/teleop_tools_msgs/share/teleop_tools_msgs/cmake/rosidl_cmake-extras.cmake
[0.964s] -- Up-to-date: /home/dalv204/sandbox/f1tenth_ws/install/teleop_tools_msgs/share/teleop_tools_msgs/cmake/ament_cmake_export_dependencies-extras.cmake
[0.964s] -- Up-to-date: /home/dalv204/sandbox/f1tenth_ws/install/teleop_tools_msgs/share/teleop_tools_msgs/cmake/ament_cmake_export_libraries-extras.cmake
[0.964s] -- Up-to-date: /home/dalv204/sandbox/f1tenth_ws/install/teleop_tools_msgs/share/teleop_tools_msgs/cmake/ament_cmake_export_targets-extras.cmake
[0.965s] -- Up-to-date: /home/dalv204/sandbox/f1tenth_ws/install/teleop_tools_msgs/share/teleop_tools_msgs/cmake/ament_cmake_export_include_directories-extras.cmake
[0.965s] -- Up-to-date: /home/dalv204/sandbox/f1tenth_ws/install/teleop_tools_msgs/share/teleop_tools_msgs/cmake/rosidl_cmake_export_typesupport_libraries-extras.cmake
[0.965s] -- Up-to-date: /home/dalv204/sandbox/f1tenth_ws/install/teleop_tools_msgs/share/teleop_tools_msgs/cmake/rosidl_cmake_export_typesupport_targets-extras.cmake
[0.965s] -- Up-to-date: /home/dalv204/sandbox/f1tenth_ws/install/teleop_tools_msgs/share/teleop_tools_msgs/cmake/teleop_tools_msgsConfig.cmake
[0.965s] -- Up-to-date: /home/dalv204/sandbox/f1tenth_ws/install/teleop_tools_msgs/share/teleop_tools_msgs/cmake/teleop_tools_msgsConfig-version.cmake
[0.965s] -- Up-to-date: /home/dalv204/sandbox/f1tenth_ws/install/teleop_tools_msgs/share/teleop_tools_msgs/package.xml
[0.972s] Invoked command in '/home/dalv204/sandbox/f1tenth_ws/build/teleop_tools_msgs' returned '0': CMAKE_PREFIX_PATH=${CMAKE_PREFIX_PATH}:/home/dalv204/sandbox/f1tenth_ws/install/f1tenth_stack:/home/dalv204/sandbox/f1tenth_ws/install/joy_teleop:/home/dalv204/sandbox/f1tenth_ws/install/particle_filter:/home/dalv204/sandbox/f1tenth_ws/install/mouse_teleop:/home/dalv204/sandbox/f1tenth_ws/install/key_teleop /usr/bin/cmake --install /home/dalv204/sandbox/f1tenth_ws/build/teleop_tools_msgs
