[0.417s] DEBUG:colcon:Command line arguments: ['/usr/bin/colcon', 'build']
[0.417s] DEBUG:colcon:Parsed command line arguments: Namespace(allow_overriding=[], ament_cmake_args=None, base_paths=['.'], build_base='build', catkin_cmake_args=None, catkin_skip_building_tests=False, cmake_args=None, cmake_clean_cache=False, cmake_clean_first=False, cmake_force_configure=False, cmake_target=None, cmake_target_skip_unavailable=False, continue_on_error=False, event_handlers=None, executor='parallel', ignore_user_meta=False, install_base='install', log_base=None, log_level=None, main=<bound method BuildVerb.main of <colcon_core.verb.build.BuildVerb object at 0x7f828720b7f0>>, merge_install=False, metas=['./colcon.meta'], packages_above=None, packages_above_and_dependencies=None, packages_above_depth=None, packages_end=None, packages_ignore=None, packages_ignore_regex=None, packages_select=None, packages_select_build_failed=False, packages_select_by_dep=None, packages_select_regex=None, packages_select_test_failures=False, packages_skip=None, packages_skip_build_finished=False, packages_skip_by_dep=None, packages_skip_regex=None, packages_skip_test_passed=False, packages_skip_up_to=None, packages_start=None, packages_up_to=None, packages_up_to_regex=None, parallel_workers=16, paths=None, symlink_install=False, test_result_base=None, verb_extension=<colcon_core.verb.build.BuildVerb object at 0x7f828720b7f0>, verb_name='build', verb_parser=<colcon_defaults.argument_parser.defaults.DefaultArgumentsDecorator object at 0x7f82870e4430>)
[0.602s] Level 1:colcon.colcon_core.package_discovery:discover_packages(colcon_meta) check parameters
[0.602s] Level 1:colcon.colcon_core.package_discovery:discover_packages(recursive) check parameters
[0.602s] Level 1:colcon.colcon_core.package_discovery:discover_packages(ignore) check parameters
[0.602s] Level 1:colcon.colcon_core.package_discovery:discover_packages(path) check parameters
[0.602s] Level 1:colcon.colcon_core.package_discovery:discover_packages(colcon_meta) discover
[0.602s] Level 1:colcon.colcon_core.package_discovery:discover_packages(recursive) discover
[0.602s] INFO:colcon.colcon_core.package_discovery:Crawling recursively for packages in '/home/dalv204/f1tenth_ws/src/pure_pursuit'
[0.602s] Level 1:colcon.colcon_core.package_identification:_identify(.) by extensions ['ignore', 'ignore_ament_install']
[0.602s] Level 1:colcon.colcon_core.package_identification:_identify(.) by extension 'ignore'
[0.603s] Level 1:colcon.colcon_core.package_identification:_identify(.) by extension 'ignore_ament_install'
[0.603s] Level 1:colcon.colcon_core.package_identification:_identify(.) by extensions ['colcon_pkg']
[0.603s] Level 1:colcon.colcon_core.package_identification:_identify(.) by extension 'colcon_pkg'
[0.603s] Level 1:colcon.colcon_core.package_identification:_identify(.) by extensions ['colcon_meta']
[0.603s] Level 1:colcon.colcon_core.package_identification:_identify(.) by extension 'colcon_meta'
[0.603s] Level 1:colcon.colcon_core.package_identification:_identify(.) by extensions ['ros']
[0.603s] Level 1:colcon.colcon_core.package_identification:_identify(.) by extension 'ros'
[0.617s] Level 1:colcon.colcon_core.package_identification:_identify(.) by extensions ['cmake', 'python']
[0.617s] Level 1:colcon.colcon_core.package_identification:_identify(.) by extension 'cmake'
[0.617s] Level 1:colcon.colcon_core.package_identification:_identify(.) by extension 'python'
[0.617s] Level 1:colcon.colcon_core.package_identification:_identify(.) by extensions ['python_setup_py']
[0.617s] Level 1:colcon.colcon_core.package_identification:_identify(.) by extension 'python_setup_py'
[0.617s] Level 1:colcon.colcon_core.package_identification:_identify(build) by extensions ['ignore', 'ignore_ament_install']
[0.617s] Level 1:colcon.colcon_core.package_identification:_identify(build) by extension 'ignore'
[0.617s] Level 1:colcon.colcon_core.package_identification:_identify(build) ignored
[0.617s] Level 1:colcon.colcon_core.package_identification:_identify(install) by extensions ['ignore', 'ignore_ament_install']
[0.617s] Level 1:colcon.colcon_core.package_identification:_identify(install) by extension 'ignore'
[0.617s] Level 1:colcon.colcon_core.package_identification:_identify(install) ignored
[0.617s] Level 1:colcon.colcon_core.package_identification:_identify(log) by extensions ['ignore', 'ignore_ament_install']
[0.617s] Level 1:colcon.colcon_core.package_identification:_identify(log) by extension 'ignore'
[0.617s] Level 1:colcon.colcon_core.package_identification:_identify(log) ignored
[0.617s] Level 1:colcon.colcon_core.package_identification:_identify(pure_pursuit) by extensions ['ignore', 'ignore_ament_install']
[0.617s] Level 1:colcon.colcon_core.package_identification:_identify(pure_pursuit) by extension 'ignore'
[0.617s] Level 1:colcon.colcon_core.package_identification:_identify(pure_pursuit) by extension 'ignore_ament_install'
[0.617s] Level 1:colcon.colcon_core.package_identification:_identify(pure_pursuit) by extensions ['colcon_pkg']
[0.618s] Level 1:colcon.colcon_core.package_identification:_identify(pure_pursuit) by extension 'colcon_pkg'
[0.618s] Level 1:colcon.colcon_core.package_identification:_identify(pure_pursuit) by extensions ['colcon_meta']
[0.618s] Level 1:colcon.colcon_core.package_identification:_identify(pure_pursuit) by extension 'colcon_meta'
[0.618s] Level 1:colcon.colcon_core.package_identification:_identify(pure_pursuit) by extensions ['ros']
[0.618s] Level 1:colcon.colcon_core.package_identification:_identify(pure_pursuit) by extension 'ros'
[0.621s] DEBUG:colcon.colcon_core.package_identification:Package 'pure_pursuit' with type 'ros.ament_cmake' and name 'pure_pursuit'
[0.621s] Level 1:colcon.colcon_core.package_discovery:discover_packages(recursive) using defaults
[0.621s] Level 1:colcon.colcon_core.package_discovery:discover_packages(ignore) discover
[0.621s] Level 1:colcon.colcon_core.package_discovery:discover_packages(ignore) using defaults
[0.621s] Level 1:colcon.colcon_core.package_discovery:discover_packages(path) discover
[0.622s] Level 1:colcon.colcon_core.package_discovery:discover_packages(path) using defaults
[0.643s] Level 1:colcon.colcon_core.package_discovery:discover_packages(prefix_path) check parameters
[0.643s] Level 1:colcon.colcon_core.package_discovery:discover_packages(prefix_path) discover
[0.649s] DEBUG:colcon.colcon_installed_package_information.package_discovery:Found 264 installed packages in /opt/ros/foxy
[0.649s] Level 1:colcon.colcon_core.package_discovery:discover_packages(prefix_path) using defaults
[0.759s] Level 5:colcon.colcon_core.verb:set package 'pure_pursuit' build argument 'cmake_args' from command line to 'None'
[0.760s] Level 5:colcon.colcon_core.verb:set package 'pure_pursuit' build argument 'cmake_target' from command line to 'None'
[0.760s] Level 5:colcon.colcon_core.verb:set package 'pure_pursuit' build argument 'cmake_target_skip_unavailable' from command line to 'False'
[0.760s] Level 5:colcon.colcon_core.verb:set package 'pure_pursuit' build argument 'cmake_clean_cache' from command line to 'False'
[0.760s] Level 5:colcon.colcon_core.verb:set package 'pure_pursuit' build argument 'cmake_clean_first' from command line to 'False'
[0.760s] Level 5:colcon.colcon_core.verb:set package 'pure_pursuit' build argument 'cmake_force_configure' from command line to 'False'
[0.760s] Level 5:colcon.colcon_core.verb:set package 'pure_pursuit' build argument 'ament_cmake_args' from command line to 'None'
[0.760s] Level 5:colcon.colcon_core.verb:set package 'pure_pursuit' build argument 'catkin_cmake_args' from command line to 'None'
[0.760s] Level 5:colcon.colcon_core.verb:set package 'pure_pursuit' build argument 'catkin_skip_building_tests' from command line to 'False'
[0.760s] DEBUG:colcon.colcon_core.verb:Building package 'pure_pursuit' with the following arguments: {'ament_cmake_args': None, 'build_base': '/home/dalv204/f1tenth_ws/src/pure_pursuit/build/pure_pursuit', 'catkin_cmake_args': None, 'catkin_skip_building_tests': False, 'cmake_args': None, 'cmake_clean_cache': False, 'cmake_clean_first': False, 'cmake_force_configure': False, 'cmake_target': None, 'cmake_target_skip_unavailable': False, 'install_base': '/home/dalv204/f1tenth_ws/src/pure_pursuit/install/pure_pursuit', 'merge_install': False, 'path': '/home/dalv204/f1tenth_ws/src/pure_pursuit/pure_pursuit', 'symlink_install': False, 'test_result_base': None}
[0.760s] INFO:colcon.colcon_core.executor:Executing jobs using 'parallel' executor
[0.761s] DEBUG:colcon.colcon_parallel_executor.executor.parallel:run_until_complete
[0.761s] INFO:colcon.colcon_ros.task.ament_cmake.build:Building ROS package in '/home/dalv204/f1tenth_ws/src/pure_pursuit/pure_pursuit' with build type 'ament_cmake'
[0.761s] INFO:colcon.colcon_cmake.task.cmake.build:Building CMake package in '/home/dalv204/f1tenth_ws/src/pure_pursuit/pure_pursuit'
[0.766s] INFO:colcon.colcon_core.plugin_system:Skipping extension 'colcon_core.shell.bat': Not used on non-Windows systems
[0.767s] INFO:colcon.colcon_core.shell:Skip shell extension 'powershell' for command environment: Not usable outside of PowerShell
[0.767s] DEBUG:colcon.colcon_core.shell:Skip shell extension 'dsv' for command environment
[0.776s] DEBUG:colcon.colcon_core.event_handler.log_command:Invoking command in '/home/dalv204/f1tenth_ws/src/pure_pursuit/build/pure_pursuit': CMAKE_PREFIX_PATH=/opt/ros/foxy /usr/bin/cmake /home/dalv204/f1tenth_ws/src/pure_pursuit/pure_pursuit -DCMAKE_INSTALL_PREFIX=/home/dalv204/f1tenth_ws/src/pure_pursuit/install/pure_pursuit
[8.725s] DEBUG:colcon.colcon_core.event_handler.log_command:Invoked command in '/home/dalv204/f1tenth_ws/src/pure_pursuit/build/pure_pursuit' returned '0': CMAKE_PREFIX_PATH=/opt/ros/foxy /usr/bin/cmake /home/dalv204/f1tenth_ws/src/pure_pursuit/pure_pursuit -DCMAKE_INSTALL_PREFIX=/home/dalv204/f1tenth_ws/src/pure_pursuit/install/pure_pursuit
[8.727s] DEBUG:colcon.colcon_core.event_handler.log_command:Invoking command in '/home/dalv204/f1tenth_ws/src/pure_pursuit/build/pure_pursuit': CMAKE_PREFIX_PATH=/opt/ros/foxy /usr/bin/cmake --build /home/dalv204/f1tenth_ws/src/pure_pursuit/build/pure_pursuit -- -j16 -l16
[10.521s] DEBUG:colcon.colcon_core.event_handler.log_command:Invoked command in '/home/dalv204/f1tenth_ws/src/pure_pursuit/build/pure_pursuit' returned '0': CMAKE_PREFIX_PATH=/opt/ros/foxy /usr/bin/cmake --build /home/dalv204/f1tenth_ws/src/pure_pursuit/build/pure_pursuit -- -j16 -l16
[10.553s] DEBUG:colcon.colcon_core.event_handler.log_command:Invoking command in '/home/dalv204/f1tenth_ws/src/pure_pursuit/build/pure_pursuit': CMAKE_PREFIX_PATH=/opt/ros/foxy /usr/bin/cmake --install /home/dalv204/f1tenth_ws/src/pure_pursuit/build/pure_pursuit
[10.590s] Level 1:colcon.colcon_core.environment:create_environment_scripts_only(pure_pursuit)
[10.590s] DEBUG:colcon.colcon_core.event_handler.log_command:Invoked command in '/home/dalv204/f1tenth_ws/src/pure_pursuit/build/pure_pursuit' returned '0': CMAKE_PREFIX_PATH=/opt/ros/foxy /usr/bin/cmake --install /home/dalv204/f1tenth_ws/src/pure_pursuit/build/pure_pursuit
[10.599s] Level 1:colcon.colcon_core.environment:checking '/home/dalv204/f1tenth_ws/src/pure_pursuit/install/pure_pursuit' for CMake module files
[10.600s] Level 1:colcon.colcon_core.environment:checking '/home/dalv204/f1tenth_ws/src/pure_pursuit/install/pure_pursuit' for CMake config files
[10.600s] Level 1:colcon.colcon_core.shell:create_environment_hook('pure_pursuit', 'cmake_prefix_path')
[10.600s] INFO:colcon.colcon_core.shell:Creating environment hook '/home/dalv204/f1tenth_ws/src/pure_pursuit/install/pure_pursuit/share/pure_pursuit/hook/cmake_prefix_path.ps1'
[10.602s] INFO:colcon.colcon_core.shell:Creating environment descriptor '/home/dalv204/f1tenth_ws/src/pure_pursuit/install/pure_pursuit/share/pure_pursuit/hook/cmake_prefix_path.dsv'
[10.602s] INFO:colcon.colcon_core.shell:Creating environment hook '/home/dalv204/f1tenth_ws/src/pure_pursuit/install/pure_pursuit/share/pure_pursuit/hook/cmake_prefix_path.sh'
[10.603s] Level 1:colcon.colcon_core.environment:checking '/home/dalv204/f1tenth_ws/src/pure_pursuit/install/pure_pursuit/lib'
[10.603s] Level 1:colcon.colcon_core.environment:checking '/home/dalv204/f1tenth_ws/src/pure_pursuit/install/pure_pursuit/bin'
[10.603s] Level 1:colcon.colcon_core.environment:checking '/home/dalv204/f1tenth_ws/src/pure_pursuit/install/pure_pursuit/lib/pkgconfig/pure_pursuit.pc'
[10.603s] Level 1:colcon.colcon_core.environment:checking '/home/dalv204/f1tenth_ws/src/pure_pursuit/install/pure_pursuit/lib/python3.8/site-packages'
[10.604s] Level 1:colcon.colcon_core.shell:create_environment_hook('pure_pursuit', 'pythonpath')
[10.604s] INFO:colcon.colcon_core.shell:Creating environment hook '/home/dalv204/f1tenth_ws/src/pure_pursuit/install/pure_pursuit/share/pure_pursuit/hook/pythonpath.ps1'
[10.604s] INFO:colcon.colcon_core.shell:Creating environment descriptor '/home/dalv204/f1tenth_ws/src/pure_pursuit/install/pure_pursuit/share/pure_pursuit/hook/pythonpath.dsv'
[10.604s] INFO:colcon.colcon_core.shell:Creating environment hook '/home/dalv204/f1tenth_ws/src/pure_pursuit/install/pure_pursuit/share/pure_pursuit/hook/pythonpath.sh'
[10.604s] Level 1:colcon.colcon_core.environment:checking '/home/dalv204/f1tenth_ws/src/pure_pursuit/install/pure_pursuit/bin'
[10.604s] INFO:colcon.colcon_core.shell:Creating package script '/home/dalv204/f1tenth_ws/src/pure_pursuit/install/pure_pursuit/share/pure_pursuit/package.ps1'
[10.605s] INFO:colcon.colcon_core.shell:Creating package descriptor '/home/dalv204/f1tenth_ws/src/pure_pursuit/install/pure_pursuit/share/pure_pursuit/package.dsv'
[10.606s] INFO:colcon.colcon_core.shell:Creating package script '/home/dalv204/f1tenth_ws/src/pure_pursuit/install/pure_pursuit/share/pure_pursuit/package.sh'
[10.607s] INFO:colcon.colcon_core.shell:Creating package script '/home/dalv204/f1tenth_ws/src/pure_pursuit/install/pure_pursuit/share/pure_pursuit/package.bash'
[10.608s] INFO:colcon.colcon_core.shell:Creating package script '/home/dalv204/f1tenth_ws/src/pure_pursuit/install/pure_pursuit/share/pure_pursuit/package.zsh'
[10.609s] Level 1:colcon.colcon_core.environment:create_file_with_runtime_dependencies(/home/dalv204/f1tenth_ws/src/pure_pursuit/install/pure_pursuit/share/colcon-core/packages/pure_pursuit)
[10.632s] Level 1:colcon.colcon_core.environment:create_environment_scripts_only(pure_pursuit)
[10.633s] Level 1:colcon.colcon_core.environment:checking '/home/dalv204/f1tenth_ws/src/pure_pursuit/install/pure_pursuit' for CMake module files
[10.633s] Level 1:colcon.colcon_core.environment:checking '/home/dalv204/f1tenth_ws/src/pure_pursuit/install/pure_pursuit' for CMake config files
[10.634s] Level 1:colcon.colcon_core.shell:create_environment_hook('pure_pursuit', 'cmake_prefix_path')
[10.634s] INFO:colcon.colcon_core.shell:Creating environment hook '/home/dalv204/f1tenth_ws/src/pure_pursuit/install/pure_pursuit/share/pure_pursuit/hook/cmake_prefix_path.ps1'
[10.634s] INFO:colcon.colcon_core.shell:Creating environment descriptor '/home/dalv204/f1tenth_ws/src/pure_pursuit/install/pure_pursuit/share/pure_pursuit/hook/cmake_prefix_path.dsv'
[10.634s] INFO:colcon.colcon_core.shell:Creating environment hook '/home/dalv204/f1tenth_ws/src/pure_pursuit/install/pure_pursuit/share/pure_pursuit/hook/cmake_prefix_path.sh'
[10.635s] Level 1:colcon.colcon_core.environment:checking '/home/dalv204/f1tenth_ws/src/pure_pursuit/install/pure_pursuit/lib'
[10.635s] Level 1:colcon.colcon_core.environment:checking '/home/dalv204/f1tenth_ws/src/pure_pursuit/install/pure_pursuit/bin'
[10.635s] Level 1:colcon.colcon_core.environment:checking '/home/dalv204/f1tenth_ws/src/pure_pursuit/install/pure_pursuit/lib/pkgconfig/pure_pursuit.pc'
[10.635s] Level 1:colcon.colcon_core.environment:checking '/home/dalv204/f1tenth_ws/src/pure_pursuit/install/pure_pursuit/lib/python3.8/site-packages'
[10.635s] Level 1:colcon.colcon_core.shell:create_environment_hook('pure_pursuit', 'pythonpath')
[10.635s] INFO:colcon.colcon_core.shell:Creating environment hook '/home/dalv204/f1tenth_ws/src/pure_pursuit/install/pure_pursuit/share/pure_pursuit/hook/pythonpath.ps1'
[10.636s] INFO:colcon.colcon_core.shell:Creating environment descriptor '/home/dalv204/f1tenth_ws/src/pure_pursuit/install/pure_pursuit/share/pure_pursuit/hook/pythonpath.dsv'
[10.636s] INFO:colcon.colcon_core.shell:Creating environment hook '/home/dalv204/f1tenth_ws/src/pure_pursuit/install/pure_pursuit/share/pure_pursuit/hook/pythonpath.sh'
[10.636s] Level 1:colcon.colcon_core.environment:checking '/home/dalv204/f1tenth_ws/src/pure_pursuit/install/pure_pursuit/bin'
[10.636s] INFO:colcon.colcon_core.shell:Creating package script '/home/dalv204/f1tenth_ws/src/pure_pursuit/install/pure_pursuit/share/pure_pursuit/package.ps1'
[10.637s] INFO:colcon.colcon_core.shell:Creating package descriptor '/home/dalv204/f1tenth_ws/src/pure_pursuit/install/pure_pursuit/share/pure_pursuit/package.dsv'
[10.637s] INFO:colcon.colcon_core.shell:Creating package script '/home/dalv204/f1tenth_ws/src/pure_pursuit/install/pure_pursuit/share/pure_pursuit/package.sh'
[10.637s] INFO:colcon.colcon_core.shell:Creating package script '/home/dalv204/f1tenth_ws/src/pure_pursuit/install/pure_pursuit/share/pure_pursuit/package.bash'
[10.648s] INFO:colcon.colcon_core.shell:Creating package script '/home/dalv204/f1tenth_ws/src/pure_pursuit/install/pure_pursuit/share/pure_pursuit/package.zsh'
[10.648s] Level 1:colcon.colcon_core.environment:create_file_with_runtime_dependencies(/home/dalv204/f1tenth_ws/src/pure_pursuit/install/pure_pursuit/share/colcon-core/packages/pure_pursuit)
[10.649s] DEBUG:colcon.colcon_parallel_executor.executor.parallel:closing loop
[10.649s] DEBUG:colcon.colcon_parallel_executor.executor.parallel:loop closed
[10.649s] DEBUG:colcon.colcon_parallel_executor.executor.parallel:run_until_complete finished with '0'
[10.649s] DEBUG:colcon.colcon_core.event_reactor:joining thread
[10.702s] INFO:colcon.colcon_core.plugin_system:Skipping extension 'colcon_notification.desktop_notification.notify_send': Could not find 'notify-send'
[10.702s] INFO:colcon.colcon_core.plugin_system:Skipping extension 'colcon_notification.desktop_notification.terminal_notifier': Not used on non-Darwin systems
[10.702s] INFO:colcon.colcon_core.plugin_system:Skipping extension 'colcon_notification.desktop_notification.win32': Not used on non-Windows systems
[10.702s] INFO:colcon.colcon_notification.desktop_notification:Sending desktop notification using 'notify2'
[10.704s] DEBUG:colcon.colcon_notification.desktop_notification.notify2:Failed to initialize notify2: org.freedesktop.DBus.Error.ServiceUnknown: The name org.freedesktop.Notifications was not provided by any .service files
[10.704s] DEBUG:colcon.colcon_core.event_reactor:joined thread
[10.705s] INFO:colcon.colcon_core.shell:Creating prefix script '/home/dalv204/f1tenth_ws/src/pure_pursuit/install/local_setup.ps1'
[10.706s] INFO:colcon.colcon_core.shell:Creating prefix util module '/home/dalv204/f1tenth_ws/src/pure_pursuit/install/_local_setup_util_ps1.py'
[10.708s] INFO:colcon.colcon_core.shell:Creating prefix chain script '/home/dalv204/f1tenth_ws/src/pure_pursuit/install/setup.ps1'
[10.708s] INFO:colcon.colcon_core.shell:Creating prefix script '/home/dalv204/f1tenth_ws/src/pure_pursuit/install/local_setup.sh'
[10.709s] INFO:colcon.colcon_core.shell:Creating prefix util module '/home/dalv204/f1tenth_ws/src/pure_pursuit/install/_local_setup_util_sh.py'
[10.710s] INFO:colcon.colcon_core.shell:Creating prefix chain script '/home/dalv204/f1tenth_ws/src/pure_pursuit/install/setup.sh'
[10.711s] INFO:colcon.colcon_core.shell:Creating prefix script '/home/dalv204/f1tenth_ws/src/pure_pursuit/install/local_setup.bash'
[10.712s] INFO:colcon.colcon_core.shell:Creating prefix chain script '/home/dalv204/f1tenth_ws/src/pure_pursuit/install/setup.bash'
[10.712s] INFO:colcon.colcon_core.shell:Creating prefix script '/home/dalv204/f1tenth_ws/src/pure_pursuit/install/local_setup.zsh'
[10.713s] INFO:colcon.colcon_core.shell:Creating prefix chain script '/home/dalv204/f1tenth_ws/src/pure_pursuit/install/setup.zsh'
