[0.068s] Invoking command in '/home/dalv204/sandbox/f1tenth_ws/build/ackermann_mux': /usr/bin/cmake /home/dalv204/sandbox/f1tenth_ws/src/f1tenth_system/ackermann_mux -DCMAKE_INSTALL_PREFIX=/home/dalv204/sandbox/f1tenth_ws/install/ackermann_mux
[1.042s] -- The C compiler identification is GNU 9.4.0
[1.042s] -- The CXX compiler identification is GNU 9.4.0
[1.042s] -- Check for working C compiler: /usr/bin/cc
[1.042s] -- Check for working C compiler: /usr/bin/cc -- works
[1.042s] -- Detecting C compiler ABI info
[1.042s] -- Detecting C compiler ABI info - done
[1.042s] -- Detecting C compile features
[1.043s] -- Detecting C compile features - done
[1.043s] -- Check for working CXX compiler: /usr/bin/c++
[1.043s] -- Check for working CXX compiler: /usr/bin/c++ -- works
[1.043s] -- Detecting CXX compiler ABI info
[1.043s] -- Detecting CXX compiler ABI info - done
[1.043s] -- Detecting CXX compile features
[1.043s] -- Detecting CXX compile features - done
[1.043s] -- Found ament_cmake: 0.9.12 (/opt/ros/foxy/share/ament_cmake/cmake)
[1.044s] -- Found PythonInterp: /usr/bin/python3 (found suitable version "3.8.10", minimum required is "3") 
[1.044s] -- Using PYTHON_EXECUTABLE: /usr/bin/python3
[1.394s] -- Found rclcpp: 2.4.3 (/opt/ros/foxy/share/rclcpp/cmake)
[1.489s] -- Using all available rosidl_typesupport_c: rosidl_typesupport_fastrtps_c;rosidl_typesupport_introspection_c
[1.502s] -- Found rosidl_adapter: 1.3.1 (/opt/ros/foxy/share/rosidl_adapter/cmake)
[1.662s] -- Found OpenSSL: /usr/lib/aarch64-linux-gnu/libcrypto.so (found version "1.1.1f")  
[1.725s] -- Found FastRTPS: /opt/ros/foxy/include  
[1.881s] -- Using all available rosidl_typesupport_cpp: rosidl_typesupport_fastrtps_cpp;rosidl_typesupport_introspection_cpp
[2.003s] -- Found rmw_implementation_cmake: 1.0.4 (/opt/ros/foxy/share/rmw_implementation_cmake/cmake)
[2.011s] -- Using RMW implementation 'rmw_fastrtps_cpp' as default
[2.014s] -- Looking for pthread.h
[2.164s] -- Looking for pthread.h - found
[2.164s] -- Performing Test CMAKE_HAVE_LIBC_PTHREAD
[2.314s] -- Performing Test CMAKE_HAVE_LIBC_PTHREAD - Failed
[2.314s] -- Looking for pthread_create in pthreads
[2.433s] -- Looking for pthread_create in pthreads - not found
[2.434s] -- Looking for pthread_create in pthread
[2.571s] -- Looking for pthread_create in pthread - found
[2.573s] -- Found Threads: TRUE  
[2.874s] -- Found ackermann_msgs: 2.0.2 (/opt/ros/foxy/share/ackermann_msgs/cmake)
[2.939s] -- Found diagnostic_updater: 3.1.2 (/opt/ros/foxy/share/diagnostic_updater/cmake)
[3.058s] -- Found ament_lint_auto: 0.9.8 (/opt/ros/foxy/share/ament_lint_auto/cmake)
[3.251s] -- Found python_cmake_module: 0.8.1 (/opt/ros/foxy/share/python_cmake_module/cmake)
[3.295s] -- Found PythonInterp: /usr/bin/python3 (found suitable version "3.8.10", minimum required is "3.5") 
[3.307s] -- Found PythonLibs: /usr/lib/aarch64-linux-gnu/libpython3.8.so (found suitable version "3.8.10", minimum required is "3.5") 
[3.307s] -- Using PYTHON_EXECUTABLE: /usr/bin/python3
[3.307s] -- Using PYTHON_INCLUDE_DIRS: /usr/include/python3.8
[3.307s] -- Using PYTHON_LIBRARIES: /usr/lib/aarch64-linux-gnu/libpython3.8.so
[3.354s] -- Found PythonExtra: .so  
[3.384s] -- Added test 'xmllint' to check XML markup files
[3.385s] -- Added test 'copyright' to check source files copyright and LICENSE
[3.389s] -- Added test 'cppcheck' to perform static code analysis on C / C++ code
[3.390s] -- Configured cppcheck include dirs: /home/dalv204/sandbox/f1tenth_ws/src/f1tenth_system/ackermann_mux/include
[3.390s] -- Configured cppcheck exclude dirs and/or files: 
[3.393s] -- Added test 'cpplint' to check C / C++ code against the Google style
[3.393s] -- Configured cpplint exclude dirs and/or files: 
[3.394s] -- Added test 'flake8' to check Python code syntax and style conventions
[3.396s] -- Added test 'lint_cmake' to check CMake code style
[3.397s] -- Added test 'pep257' to check Python code against some of the style conventions in PEP 257
[3.400s] -- Added test 'uncrustify' to check C / C++ code style
[3.401s] -- Configured uncrustify additional arguments: 
[3.412s] -- Configuring done
[3.430s] -- Generating done
[3.433s] -- Build files have been written to: /home/dalv204/sandbox/f1tenth_ws/build/ackermann_mux
[3.457s] Invoked command in '/home/dalv204/sandbox/f1tenth_ws/build/ackermann_mux' returned '0': /usr/bin/cmake /home/dalv204/sandbox/f1tenth_ws/src/f1tenth_system/ackermann_mux -DCMAKE_INSTALL_PREFIX=/home/dalv204/sandbox/f1tenth_ws/install/ackermann_mux
[3.462s] Invoking command in '/home/dalv204/sandbox/f1tenth_ws/build/ackermann_mux': /usr/bin/cmake --build /home/dalv204/sandbox/f1tenth_ws/build/ackermann_mux -- -j6 -l6
[3.548s] [35m[1mScanning dependencies of target ackermann_mux[0m
[3.686s] [ 25%] [32mBuilding CXX object CMakeFiles/ackermann_mux.dir/src/ackermann_mux_diagnostics.cpp.o[0m
[3.690s] [ 50%] [32mBuilding CXX object CMakeFiles/ackermann_mux.dir/src/ackermann_mux_node.cpp.o[0m
[3.697s] [ 75%] [32mBuilding CXX object CMakeFiles/ackermann_mux.dir/src/ackermann_mux.cpp.o[0m
[23.480s] [100%] [32m[1mLinking CXX executable ackermann_mux[0m
[25.220s] [100%] Built target ackermann_mux
[25.271s] Invoked command in '/home/dalv204/sandbox/f1tenth_ws/build/ackermann_mux' returned '0': /usr/bin/cmake --build /home/dalv204/sandbox/f1tenth_ws/build/ackermann_mux -- -j6 -l6
[25.614s] Invoking command in '/home/dalv204/sandbox/f1tenth_ws/build/ackermann_mux': /usr/bin/cmake --install /home/dalv204/sandbox/f1tenth_ws/build/ackermann_mux
[25.673s] -- Install configuration: ""
[25.673s] -- Installing: /home/dalv204/sandbox/f1tenth_ws/install/ackermann_mux/lib/ackermann_mux/ackermann_mux
[25.681s] -- Set runtime path of "/home/dalv204/sandbox/f1tenth_ws/install/ackermann_mux/lib/ackermann_mux/ackermann_mux" to ""
[25.689s] -- Installing: /home/dalv204/sandbox/f1tenth_ws/install/ackermann_mux/share/ackermann_mux/launch
[25.689s] -- Installing: /home/dalv204/sandbox/f1tenth_ws/install/ackermann_mux/share/ackermann_mux/launch/ackermann_mux_launch.py
[25.692s] -- Installing: /home/dalv204/sandbox/f1tenth_ws/install/ackermann_mux/share/ackermann_mux/config
[25.693s] -- Installing: /home/dalv204/sandbox/f1tenth_ws/install/ackermann_mux/share/ackermann_mux/config/ackermann_mux_topics.yaml
[25.693s] -- Installing: /home/dalv204/sandbox/f1tenth_ws/install/ackermann_mux/share/ackermann_mux/config/ackermann_mux_locks.yaml
[25.693s] -- Installing: /home/dalv204/sandbox/f1tenth_ws/install/ackermann_mux/share/ackermann_mux/config/joystick.yaml
[25.694s] -- Installing: /home/dalv204/sandbox/f1tenth_ws/install/ackermann_mux/include
[25.694s] -- Installing: /home/dalv204/sandbox/f1tenth_ws/install/ackermann_mux/include/ackermann_mux
[25.694s] -- Installing: /home/dalv204/sandbox/f1tenth_ws/install/ackermann_mux/include/ackermann_mux/ackermann_mux_diagnostics_status.hpp
[25.695s] -- Installing: /home/dalv204/sandbox/f1tenth_ws/install/ackermann_mux/include/ackermann_mux/topic_handle.hpp
[25.695s] -- Installing: /home/dalv204/sandbox/f1tenth_ws/install/ackermann_mux/include/ackermann_mux/ackermann_mux_diagnostics.hpp
[25.695s] -- Installing: /home/dalv204/sandbox/f1tenth_ws/install/ackermann_mux/include/ackermann_mux/params_helpers.hpp
[25.695s] -- Installing: /home/dalv204/sandbox/f1tenth_ws/install/ackermann_mux/include/ackermann_mux/ackermann_mux.hpp
[25.696s] -- Installing: /home/dalv204/sandbox/f1tenth_ws/install/ackermann_mux/include/ackermann_mux/utils.hpp
[25.696s] -- Installing: /home/dalv204/sandbox/f1tenth_ws/install/ackermann_mux/share/ament_index/resource_index/package_run_dependencies/ackermann_mux
[25.697s] -- Installing: /home/dalv204/sandbox/f1tenth_ws/install/ackermann_mux/share/ament_index/resource_index/parent_prefix_path/ackermann_mux
[25.697s] -- Installing: /home/dalv204/sandbox/f1tenth_ws/install/ackermann_mux/share/ackermann_mux/environment/ament_prefix_path.sh
[25.697s] -- Installing: /home/dalv204/sandbox/f1tenth_ws/install/ackermann_mux/share/ackermann_mux/environment/ament_prefix_path.dsv
[25.698s] -- Installing: /home/dalv204/sandbox/f1tenth_ws/install/ackermann_mux/share/ackermann_mux/environment/path.sh
[25.698s] -- Installing: /home/dalv204/sandbox/f1tenth_ws/install/ackermann_mux/share/ackermann_mux/environment/path.dsv
[25.698s] -- Installing: /home/dalv204/sandbox/f1tenth_ws/install/ackermann_mux/share/ackermann_mux/local_setup.bash
[25.700s] -- Installing: /home/dalv204/sandbox/f1tenth_ws/install/ackermann_mux/share/ackermann_mux/local_setup.sh
[25.700s] -- Installing: /home/dalv204/sandbox/f1tenth_ws/install/ackermann_mux/share/ackermann_mux/local_setup.zsh
[25.705s] -- Installing: /home/dalv204/sandbox/f1tenth_ws/install/ackermann_mux/share/ackermann_mux/local_setup.dsv
[25.705s] -- Installing: /home/dalv204/sandbox/f1tenth_ws/install/ackermann_mux/share/ackermann_mux/package.dsv
[25.706s] -- Installing: /home/dalv204/sandbox/f1tenth_ws/install/ackermann_mux/share/ament_index/resource_index/packages/ackermann_mux
[25.706s] -- Installing: /home/dalv204/sandbox/f1tenth_ws/install/ackermann_mux/share/ackermann_mux/cmake/ament_cmake_export_include_directories-extras.cmake
[25.706s] -- Installing: /home/dalv204/sandbox/f1tenth_ws/install/ackermann_mux/share/ackermann_mux/cmake/ament_cmake_export_dependencies-extras.cmake
[25.707s] -- Installing: /home/dalv204/sandbox/f1tenth_ws/install/ackermann_mux/share/ackermann_mux/cmake/ackermann_muxConfig.cmake
[25.707s] -- Installing: /home/dalv204/sandbox/f1tenth_ws/install/ackermann_mux/share/ackermann_mux/cmake/ackermann_muxConfig-version.cmake
[25.707s] -- Installing: /home/dalv204/sandbox/f1tenth_ws/install/ackermann_mux/share/ackermann_mux/package.xml
[25.719s] Invoked command in '/home/dalv204/sandbox/f1tenth_ws/build/ackermann_mux' returned '0': /usr/bin/cmake --install /home/dalv204/sandbox/f1tenth_ws/build/ackermann_mux
