[0.694s] Invoking command in '/home/dalv204/sandbox/f1tenth_ws/build/path_finder': CMAKE_PREFIX_PATH=${CMAKE_PREFIX_PATH}:/home/dalv204/sandbox/f1tenth_ws/install/f1tenth_stack:/home/dalv204/sandbox/f1tenth_ws/install/joy_teleop:/home/dalv204/sandbox/f1tenth_ws/install/particle_filter:/home/dalv204/sandbox/f1tenth_ws/install/mouse_teleop:/home/dalv204/sandbox/f1tenth_ws/install/key_teleop /usr/bin/cmake --build /home/dalv204/sandbox/f1tenth_ws/build/path_finder -- -j6 -l6
[0.888s] [100%] Built target rrt_node
[1.004s] Invoked command in '/home/dalv204/sandbox/f1tenth_ws/build/path_finder' returned '0': CMAKE_PREFIX_PATH=${CMAKE_PREFIX_PATH}:/home/dalv204/sandbox/f1tenth_ws/install/f1tenth_stack:/home/dalv204/sandbox/f1tenth_ws/install/joy_teleop:/home/dalv204/sandbox/f1tenth_ws/install/particle_filter:/home/dalv204/sandbox/f1tenth_ws/install/mouse_teleop:/home/dalv204/sandbox/f1tenth_ws/install/key_teleop /usr/bin/cmake --build /home/dalv204/sandbox/f1tenth_ws/build/path_finder -- -j6 -l6
[1.122s] Invoking command in '/home/dalv204/sandbox/f1tenth_ws/build/path_finder': CMAKE_PREFIX_PATH=${CMAKE_PREFIX_PATH}:/home/dalv204/sandbox/f1tenth_ws/install/f1tenth_stack:/home/dalv204/sandbox/f1tenth_ws/install/joy_teleop:/home/dalv204/sandbox/f1tenth_ws/install/particle_filter:/home/dalv204/sandbox/f1tenth_ws/install/mouse_teleop:/home/dalv204/sandbox/f1tenth_ws/install/key_teleop /usr/bin/cmake --install /home/dalv204/sandbox/f1tenth_ws/build/path_finder
[1.192s] -- Install configuration: ""
[1.195s] -- Up-to-date: /home/dalv204/sandbox/f1tenth_ws/install/path_finder/lib/path_finder/rrt_node
[1.197s] -- Up-to-date: /home/dalv204/sandbox/f1tenth_ws/install/path_finder/share/path_finder/environment/pythonpath.sh
[1.199s] -- Up-to-date: /home/dalv204/sandbox/f1tenth_ws/install/path_finder/share/path_finder/environment/pythonpath.dsv
[1.200s] -- Up-to-date: /home/dalv204/sandbox/f1tenth_ws/install/path_finder/lib/python3.8/site-packages/path_finder
[1.202s] -- Up-to-date: /home/dalv204/sandbox/f1tenth_ws/install/path_finder/lib/python3.8/site-packages/path_finder/__init__.py
[1.441s] Listing '/home/dalv204/sandbox/f1tenth_ws/install/path_finder/lib/python3.8/site-packages/path_finder'...
[1.474s] -- Installing: /home/dalv204/sandbox/f1tenth_ws/install/path_finder/lib/path_finder/rrt_node.py
[1.476s] -- Up-to-date: /home/dalv204/sandbox/f1tenth_ws/install/path_finder/lib/path_finder/pp_logic.py
[1.476s] -- Up-to-date: /home/dalv204/sandbox/f1tenth_ws/install/path_finder/lib/path_finder/lbc_node.py
[1.477s] -- Installing: /home/dalv204/sandbox/f1tenth_ws/install/path_finder/lib/path_finder/util.py
[1.477s] -- Up-to-date: /home/dalv204/sandbox/f1tenth_ws/install/path_finder/share/path_finder/config
[1.481s] -- Up-to-date: /home/dalv204/sandbox/f1tenth_ws/install/path_finder/share/path_finder/config/params.yaml
[1.481s] -- Up-to-date: /home/dalv204/sandbox/f1tenth_ws/install/path_finder/share/ament_index/resource_index/package_run_dependencies/path_finder
[1.481s] -- Up-to-date: /home/dalv204/sandbox/f1tenth_ws/install/path_finder/share/ament_index/resource_index/parent_prefix_path/path_finder
[1.481s] -- Up-to-date: /home/dalv204/sandbox/f1tenth_ws/install/path_finder/share/path_finder/environment/ament_prefix_path.sh
[1.482s] -- Up-to-date: /home/dalv204/sandbox/f1tenth_ws/install/path_finder/share/path_finder/environment/ament_prefix_path.dsv
[1.482s] -- Up-to-date: /home/dalv204/sandbox/f1tenth_ws/install/path_finder/share/path_finder/environment/path.sh
[1.482s] -- Up-to-date: /home/dalv204/sandbox/f1tenth_ws/install/path_finder/share/path_finder/environment/path.dsv
[1.482s] -- Up-to-date: /home/dalv204/sandbox/f1tenth_ws/install/path_finder/share/path_finder/local_setup.bash
[1.482s] -- Up-to-date: /home/dalv204/sandbox/f1tenth_ws/install/path_finder/share/path_finder/local_setup.sh
[1.482s] -- Up-to-date: /home/dalv204/sandbox/f1tenth_ws/install/path_finder/share/path_finder/local_setup.zsh
[1.482s] -- Up-to-date: /home/dalv204/sandbox/f1tenth_ws/install/path_finder/share/path_finder/local_setup.dsv
[1.483s] -- Installing: /home/dalv204/sandbox/f1tenth_ws/install/path_finder/share/path_finder/package.dsv
[1.483s] -- Up-to-date: /home/dalv204/sandbox/f1tenth_ws/install/path_finder/share/ament_index/resource_index/packages/path_finder
[1.483s] -- Up-to-date: /home/dalv204/sandbox/f1tenth_ws/install/path_finder/share/path_finder/cmake/path_finderConfig.cmake
[1.483s] -- Up-to-date: /home/dalv204/sandbox/f1tenth_ws/install/path_finder/share/path_finder/cmake/path_finderConfig-version.cmake
[1.498s] -- Up-to-date: /home/dalv204/sandbox/f1tenth_ws/install/path_finder/share/path_finder/package.xml
[1.500s] Invoked command in '/home/dalv204/sandbox/f1tenth_ws/build/path_finder' returned '0': CMAKE_PREFIX_PATH=${CMAKE_PREFIX_PATH}:/home/dalv204/sandbox/f1tenth_ws/install/f1tenth_stack:/home/dalv204/sandbox/f1tenth_ws/install/joy_teleop:/home/dalv204/sandbox/f1tenth_ws/install/particle_filter:/home/dalv204/sandbox/f1tenth_ws/install/mouse_teleop:/home/dalv204/sandbox/f1tenth_ws/install/key_teleop /usr/bin/cmake --install /home/dalv204/sandbox/f1tenth_ws/build/path_finder
