[2.674s] Invoking command in '/home/dalv204/sandbox/f1tenth_ws/src/f1tenth_system/teleop_tools/key_teleop': PYTHONPATH=/home/dalv204/sandbox/f1tenth_ws/build/key_teleop/prefix_override:/usr/lib/python3/dist-packages/colcon_core/task/python/colcon_distutils_commands:/home/dalv204/sandbox/f1tenth_ws/install/key_teleop/lib/python3.8/site-packages:${PYTHONPATH} /usr/bin/python3 -W ignore:setup.py install is deprecated setup.py egg_info --egg-base ../../../../build/key_teleop build --build-base /home/dalv204/sandbox/f1tenth_ws/build/key_teleop/build install --record /home/dalv204/sandbox/f1tenth_ws/build/key_teleop/install.log --install-scripts $base/lib/key_teleop --single-version-externally-managed install_data
[3.281s] running egg_info
[3.282s] writing ../../../../build/key_teleop/key_teleop.egg-info/PKG-INFO
[3.285s] writing dependency_links to ../../../../build/key_teleop/key_teleop.egg-info/dependency_links.txt
[3.286s] writing entry points to ../../../../build/key_teleop/key_teleop.egg-info/entry_points.txt
[3.288s] writing requirements to ../../../../build/key_teleop/key_teleop.egg-info/requires.txt
[3.288s] writing top-level names to ../../../../build/key_teleop/key_teleop.egg-info/top_level.txt
[3.357s] reading manifest file '../../../../build/key_teleop/key_teleop.egg-info/SOURCES.txt'
[3.358s] writing manifest file '../../../../build/key_teleop/key_teleop.egg-info/SOURCES.txt'
[3.359s] running build
[3.360s] running build_py
[3.361s] running install
[3.364s] running install_lib
[3.368s] running install_data
[3.369s] running install_egg_info
[3.374s] removing '/home/dalv204/sandbox/f1tenth_ws/install/key_teleop/lib/python3.8/site-packages/key_teleop-0.3.0-py3.8.egg-info' (and everything under it)
[3.375s] Copying ../../../../build/key_teleop/key_teleop.egg-info to /home/dalv204/sandbox/f1tenth_ws/install/key_teleop/lib/python3.8/site-packages/key_teleop-0.3.0-py3.8.egg-info
[3.381s] running install_scripts
[3.421s] Installing key_teleop script to /home/dalv204/sandbox/f1tenth_ws/install/key_teleop/lib/key_teleop
[3.423s] writing list of installed files to '/home/dalv204/sandbox/f1tenth_ws/build/key_teleop/install.log'
[3.621s] Invoked command in '/home/dalv204/sandbox/f1tenth_ws/src/f1tenth_system/teleop_tools/key_teleop' returned '0': PYTHONPATH=/home/dalv204/sandbox/f1tenth_ws/build/key_teleop/prefix_override:/usr/lib/python3/dist-packages/colcon_core/task/python/colcon_distutils_commands:/home/dalv204/sandbox/f1tenth_ws/install/key_teleop/lib/python3.8/site-packages:${PYTHONPATH} /usr/bin/python3 -W ignore:setup.py install is deprecated setup.py egg_info --egg-base ../../../../build/key_teleop build --build-base /home/dalv204/sandbox/f1tenth_ws/build/key_teleop/build install --record /home/dalv204/sandbox/f1tenth_ws/build/key_teleop/install.log --install-scripts $base/lib/key_teleop --single-version-externally-managed install_data
