-- Found ament_cmake: 0.9.12 (/opt/ros/foxy/share/ament_cmake/cmake)
-- Found PythonInterp: /usr/bin/python3 (found suitable version "3.8.10", minimum required is "3") 
-- Using PYTHON_EXECUTABLE: /usr/bin/python3
-- Found rclcpp: 2.4.3 (/opt/ros/foxy/share/rclcpp/cmake)
-- Using all available rosidl_typesupport_c: rosidl_typesupport_fastrtps_c;rosidl_typesupport_introspection_c
-- Found rosidl_adapter: 1.3.1 (/opt/ros/foxy/share/rosidl_adapter/cmake)
-- Found OpenSSL: /usr/lib/x86_64-linux-gnu/libcrypto.so (found version "1.1.1f")  
-- Found FastRTPS: /opt/ros/foxy/include  
-- Using all available rosidl_typesupport_cpp: rosidl_typesupport_fastrtps_cpp;rosidl_typesupport_introspection_cpp
-- Found rmw_implementation_cmake: 1.0.4 (/opt/ros/foxy/share/rmw_implementation_cmake/cmake)
-- Using RMW implementation 'rmw_fastrtps_cpp' as default
-- Looking for pthread.h
-- Looking for pthread.h - found
-- Performing Test CMAKE_HAVE_LIBC_PTHREAD
-- Performing Test CMAKE_HAVE_LIBC_PTHREAD - Failed
-- Looking for pthread_create in pthreads
-- Looking for pthread_create in pthreads - not found
-- Looking for pthread_create in pthread
-- Looking for pthread_create in pthread - found
-- Found Threads: TRUE  
-- Found rclpy: 1.0.13 (/opt/ros/foxy/share/rclpy/cmake)
-- Found geometry_msgs: 2.0.5 (/opt/ros/foxy/share/geometry_msgs/cmake)
-- Found nav_msgs: 2.0.5 (/opt/ros/foxy/share/nav_msgs/cmake)
-- Found ackermann_msgs: 2.0.2 (/opt/ros/foxy/share/ackermann_msgs/cmake)
-- Found sensor_msgs: 2.0.5 (/opt/ros/foxy/share/sensor_msgs/cmake)
-- Found visualization_msgs: 2.0.5 (/opt/ros/foxy/share/visualization_msgs/cmake)
-- Found tf2_ros: 0.13.14 (/opt/ros/foxy/share/tf2_ros/cmake)
-- Found ament_lint_auto: 0.9.8 (/opt/ros/foxy/share/ament_lint_auto/cmake)
-- Added test 'copyright' to check source files copyright and LICENSE
-- Added test 'cppcheck' to perform static code analysis on C / C++ code
-- Configured cppcheck include dirs: /home/dalv204/f1tenth_ws/src/path_finding/path_finder/include
-- Configured cppcheck exclude dirs and/or files: 
-- Added test 'cpplint' to check C / C++ code against the Google style
-- Configured cpplint exclude dirs and/or files: 
-- Added test 'flake8' to check Python code syntax and style conventions
-- Added test 'lint_cmake' to check CMake code style
-- Added test 'pep257' to check Python code against some of the style conventions in PEP 257
-- Added test 'uncrustify' to check C / C++ code style
-- Configured uncrustify additional arguments: 
-- Added test 'xmllint' to check XML markup files
-- Configuring done
-- Generating done
-- Build files have been written to: /home/dalv204/f1tenth_ws/src/path_finding/path_finder/build/path_finder
[35m[1mScanning dependencies of target rrt_node[0m
[ 66%] [32mBuilding CXX object CMakeFiles/rrt_node.dir/src/rrt.cpp.o[0m
[ 66%] [32mBuilding CXX object CMakeFiles/rrt_node.dir/src/rrt_node.cpp.o[0m
[100%] [32m[1mLinking CXX executable rrt_node[0m
[100%] Built target rrt_node
-- Install configuration: ""
-- Installing: /home/dalv204/f1tenth_ws/src/path_finding/path_finder/install/path_finder/lib/path_finder/rrt_node
-- Set runtime path of "/home/dalv204/f1tenth_ws/src/path_finding/path_finder/install/path_finder/lib/path_finder/rrt_node" to ""
-- Installing: /home/dalv204/f1tenth_ws/src/path_finding/path_finder/install/path_finder/share/path_finder/environment/pythonpath.sh
-- Installing: /home/dalv204/f1tenth_ws/src/path_finding/path_finder/install/path_finder/share/path_finder/environment/pythonpath.dsv
-- Installing: /home/dalv204/f1tenth_ws/src/path_finding/path_finder/install/path_finder/lib/python3.8/site-packages/path_finder
-- Installing: /home/dalv204/f1tenth_ws/src/path_finding/path_finder/install/path_finder/lib/python3.8/site-packages/path_finder/__init__.py
Listing '/home/dalv204/f1tenth_ws/src/path_finding/path_finder/install/path_finder/lib/python3.8/site-packages/path_finder'...
Compiling '/home/dalv204/f1tenth_ws/src/path_finding/path_finder/install/path_finder/lib/python3.8/site-packages/path_finder/__init__.py'...
-- Installing: /home/dalv204/f1tenth_ws/src/path_finding/path_finder/install/path_finder/lib/path_finder/rrt_node.py
-- Installing: /home/dalv204/f1tenth_ws/src/path_finding/path_finder/install/path_finder/share/ament_index/resource_index/package_run_dependencies/path_finder
-- Installing: /home/dalv204/f1tenth_ws/src/path_finding/path_finder/install/path_finder/share/ament_index/resource_index/parent_prefix_path/path_finder
-- Installing: /home/dalv204/f1tenth_ws/src/path_finding/path_finder/install/path_finder/share/path_finder/environment/ament_prefix_path.sh
-- Installing: /home/dalv204/f1tenth_ws/src/path_finding/path_finder/install/path_finder/share/path_finder/environment/ament_prefix_path.dsv
-- Installing: /home/dalv204/f1tenth_ws/src/path_finding/path_finder/install/path_finder/share/path_finder/environment/path.sh
-- Installing: /home/dalv204/f1tenth_ws/src/path_finding/path_finder/install/path_finder/share/path_finder/environment/path.dsv
-- Installing: /home/dalv204/f1tenth_ws/src/path_finding/path_finder/install/path_finder/share/path_finder/local_setup.bash
-- Installing: /home/dalv204/f1tenth_ws/src/path_finding/path_finder/install/path_finder/share/path_finder/local_setup.sh
-- Installing: /home/dalv204/f1tenth_ws/src/path_finding/path_finder/install/path_finder/share/path_finder/local_setup.zsh
-- Installing: /home/dalv204/f1tenth_ws/src/path_finding/path_finder/install/path_finder/share/path_finder/local_setup.dsv
-- Installing: /home/dalv204/f1tenth_ws/src/path_finding/path_finder/install/path_finder/share/path_finder/package.dsv
-- Installing: /home/dalv204/f1tenth_ws/src/path_finding/path_finder/install/path_finder/share/ament_index/resource_index/packages/path_finder
-- Installing: /home/dalv204/f1tenth_ws/src/path_finding/path_finder/install/path_finder/share/path_finder/cmake/path_finderConfig.cmake
-- Installing: /home/dalv204/f1tenth_ws/src/path_finding/path_finder/install/path_finder/share/path_finder/cmake/path_finderConfig-version.cmake
-- Installing: /home/dalv204/f1tenth_ws/src/path_finding/path_finder/install/path_finder/share/path_finder/package.xml
