[0.013s] Invoking command in '/home/dalv204/f1tenth_ws/src/path_finding/path_finder/build/path_finder': CMAKE_PREFIX_PATH=/opt/ros/foxy /usr/bin/cmake /home/dalv204/f1tenth_ws/src/path_finding/path_finder -DCMAKE_INSTALL_PREFIX=/home/dalv204/f1tenth_ws/src/path_finding/path_finder/install/path_finder
[0.028s] -- Found ament_cmake: 0.9.12 (/opt/ros/foxy/share/ament_cmake/cmake)
[0.056s] -- Found PythonInterp: /usr/bin/python3 (found suitable version "3.8.10", minimum required is "3") 
[0.056s] -- Using PYTHON_EXECUTABLE: /usr/bin/python3
[0.222s] -- Found rclcpp: 2.4.3 (/opt/ros/foxy/share/rclcpp/cmake)
[0.460s] -- Using all available rosidl_typesupport_c: rosidl_typesupport_fastrtps_c;rosidl_typesupport_introspection_c
[0.471s] -- Found rosidl_adapter: 1.3.1 (/opt/ros/foxy/share/rosidl_adapter/cmake)
[1.814s] -- Found OpenSSL: /usr/lib/x86_64-linux-gnu/libcrypto.so (found version "1.1.1f")  
[3.106s] -- Found FastRTPS: /opt/ros/foxy/include  
[5.498s] -- Using all available rosidl_typesupport_cpp: rosidl_typesupport_fastrtps_cpp;rosidl_typesupport_introspection_cpp
[5.569s] -- Found rmw_implementation_cmake: 1.0.4 (/opt/ros/foxy/share/rmw_implementation_cmake/cmake)
[5.571s] -- Using RMW implementation 'rmw_fastrtps_cpp' as default
[5.574s] -- Looking for pthread.h
[5.827s] -- Looking for pthread.h - found
[5.827s] -- Performing Test CMAKE_HAVE_LIBC_PTHREAD
[6.016s] -- Performing Test CMAKE_HAVE_LIBC_PTHREAD - Failed
[6.016s] -- Looking for pthread_create in pthreads
[6.183s] -- Looking for pthread_create in pthreads - not found
[6.183s] -- Looking for pthread_create in pthread
[6.344s] -- Looking for pthread_create in pthread - found
[6.345s] -- Found Threads: TRUE  
[6.495s] -- Found rclpy: 1.0.13 (/opt/ros/foxy/share/rclpy/cmake)
[6.497s] -- Found geometry_msgs: 2.0.5 (/opt/ros/foxy/share/geometry_msgs/cmake)
[6.533s] -- Found nav_msgs: 2.0.5 (/opt/ros/foxy/share/nav_msgs/cmake)
[6.603s] -- Found ackermann_msgs: 2.0.2 (/opt/ros/foxy/share/ackermann_msgs/cmake)
[6.637s] -- Found sensor_msgs: 2.0.5 (/opt/ros/foxy/share/sensor_msgs/cmake)
[6.702s] -- Found visualization_msgs: 2.0.5 (/opt/ros/foxy/share/visualization_msgs/cmake)
[6.771s] -- Found tf2_ros: 0.13.14 (/opt/ros/foxy/share/tf2_ros/cmake)
[7.119s] -- Found ament_lint_auto: 0.9.8 (/opt/ros/foxy/share/ament_lint_auto/cmake)
[7.193s] -- Added test 'copyright' to check source files copyright and LICENSE
[7.200s] -- Added test 'cppcheck' to perform static code analysis on C / C++ code
[7.201s] -- Configured cppcheck include dirs: /home/dalv204/f1tenth_ws/src/path_finding/path_finder/include
[7.201s] -- Configured cppcheck exclude dirs and/or files: 
[7.207s] -- Added test 'cpplint' to check C / C++ code against the Google style
[7.207s] -- Configured cpplint exclude dirs and/or files: 
[7.209s] -- Added test 'flake8' to check Python code syntax and style conventions
[7.211s] -- Added test 'lint_cmake' to check CMake code style
[7.213s] -- Added test 'pep257' to check Python code against some of the style conventions in PEP 257
[7.219s] -- Added test 'uncrustify' to check C / C++ code style
[7.220s] -- Configured uncrustify additional arguments: 
[7.221s] -- Added test 'xmllint' to check XML markup files
[7.226s] -- Configuring done
[7.241s] -- Generating done
[7.243s] -- Build files have been written to: /home/dalv204/f1tenth_ws/src/path_finding/path_finder/build/path_finder
[7.253s] Invoked command in '/home/dalv204/f1tenth_ws/src/path_finding/path_finder/build/path_finder' returned '0': CMAKE_PREFIX_PATH=/opt/ros/foxy /usr/bin/cmake /home/dalv204/f1tenth_ws/src/path_finding/path_finder -DCMAKE_INSTALL_PREFIX=/home/dalv204/f1tenth_ws/src/path_finding/path_finder/install/path_finder
[7.256s] Invoking command in '/home/dalv204/f1tenth_ws/src/path_finding/path_finder/build/path_finder': CMAKE_PREFIX_PATH=/opt/ros/foxy /usr/bin/cmake --build /home/dalv204/f1tenth_ws/src/path_finding/path_finder/build/path_finder -- -j16 -l16
[7.292s] [35m[1mScanning dependencies of target rrt_node[0m
[7.443s] [ 66%] [32mBuilding CXX object CMakeFiles/rrt_node.dir/src/rrt.cpp.o[0m
[7.443s] [ 66%] [32mBuilding CXX object CMakeFiles/rrt_node.dir/src/rrt_node.cpp.o[0m
[8.800s] [01m[K/home/dalv204/f1tenth_ws/src/path_finding/path_finder/src/rrt.cpp:[m[K In member function ‘[01m[Kvoid RRT::scan_callback(sensor_msgs::msg::LaserScan_<std::allocator<void> >::ConstSharedPtr)[m[K’:
[8.800s] [01m[K/home/dalv204/f1tenth_ws/src/path_finding/path_finder/src/rrt.cpp:33:75:[m[K [01;35m[Kwarning: [m[Kunused parameter ‘[01m[Kscan_msg[m[K’ [[01;35m[K-Wunused-parameter[m[K]
[8.800s]    33 | void RRT::scan_callback([01;35m[Kconst sensor_msgs::msg::LaserScan::ConstSharedPtr scan_msg[m[K) {
[8.800s]       |                         [01;35m[K~~~~~~~~~~~~~~~~~~~~~~~~~~~~~~~~~~~~~~~~~~~~~~~~~~^~~~~~~~[m[K
[8.804s] [01m[K/home/dalv204/f1tenth_ws/src/path_finding/path_finder/src/rrt.cpp:[m[K In member function ‘[01m[Kvoid RRT::pose_callback(nav_msgs::msg::Odometry_<std::allocator<void> >::ConstSharedPtr)[m[K’:
[8.804s] [01m[K/home/dalv204/f1tenth_ws/src/path_finding/path_finder/src/rrt.cpp:43:71:[m[K [01;35m[Kwarning: [m[Kunused parameter ‘[01m[Kpose_msg[m[K’ [[01;35m[K-Wunused-parameter[m[K]
[8.804s]    43 | void RRT::pose_callback([01;35m[Kconst nav_msgs::msg::Odometry::ConstSharedPtr pose_msg[m[K) {
[8.805s]       |                         [01;35m[K~~~~~~~~~~~~~~~~~~~~~~~~~~~~~~~~~~~~~~~~~~~~~~^~~~~~~~[m[K
[8.805s] [01m[K/home/dalv204/f1tenth_ws/src/path_finding/path_finder/src/rrt.cpp:[m[K In member function ‘[01m[Kint RRT::nearest(std::vector<RRT_Node>&, std::vector<double>&)[m[K’:
[8.805s] [01m[K/home/dalv204/f1tenth_ws/src/path_finding/path_finder/src/rrt.cpp:79:41:[m[K [01;35m[Kwarning: [m[Kunused parameter ‘[01m[Ktree[m[K’ [[01;35m[K-Wunused-parameter[m[K]
[8.805s]    79 | int RRT::nearest([01;35m[Kstd::vector<RRT_Node> &tree[m[K, std::vector<double> &sampled_point) {
[8.806s]       |                  [01;35m[K~~~~~~~~~~~~~~~~~~~~~~~^~~~[m[K
[8.806s] [01m[K/home/dalv204/f1tenth_ws/src/path_finding/path_finder/src/rrt.cpp:79:68:[m[K [01;35m[Kwarning: [m[Kunused parameter ‘[01m[Ksampled_point[m[K’ [[01;35m[K-Wunused-parameter[m[K]
[8.806s]    79 | int RRT::nearest(std::vector<RRT_Node> &tree, [01;35m[Kstd::vector<double> &sampled_point[m[K) {
[8.806s]       |                                               [01;35m[K~~~~~~~~~~~~~~~~~~~~~^~~~~~~~~~~~~[m[K
[8.806s] [01m[K/home/dalv204/f1tenth_ws/src/path_finding/path_finder/src/rrt.cpp:[m[K In member function ‘[01m[KRRT_Node RRT::steer(RRT_Node&, std::vector<double>&)[m[K’:
[8.806s] [01m[K/home/dalv204/f1tenth_ws/src/path_finding/path_finder/src/rrt.cpp:93:31:[m[K [01;35m[Kwarning: [m[Kunused parameter ‘[01m[Knearest_node[m[K’ [[01;35m[K-Wunused-parameter[m[K]
[8.806s]    93 | RRT_Node RRT::steer([01;35m[KRRT_Node &nearest_node[m[K, std::vector<double> &sampled_point) {
[8.806s]       |                     [01;35m[K~~~~~~~~~~^~~~~~~~~~~~[m[K
[8.806s] [01m[K/home/dalv204/f1tenth_ws/src/path_finding/path_finder/src/rrt.cpp:93:66:[m[K [01;35m[Kwarning: [m[Kunused parameter ‘[01m[Ksampled_point[m[K’ [[01;35m[K-Wunused-parameter[m[K]
[8.806s]    93 | RRT_Node RRT::steer(RRT_Node &nearest_node, [01;35m[Kstd::vector<double> &sampled_point[m[K) {
[8.806s]       |                                             [01;35m[K~~~~~~~~~~~~~~~~~~~~~^~~~~~~~~~~~~[m[K
[8.807s] [01m[K/home/dalv204/f1tenth_ws/src/path_finding/path_finder/src/rrt.cpp:[m[K In member function ‘[01m[Kbool RRT::check_collision(RRT_Node&, RRT_Node&)[m[K’:
[8.807s] [01m[K/home/dalv204/f1tenth_ws/src/path_finding/path_finder/src/rrt.cpp:113:37:[m[K [01;35m[Kwarning: [m[Kunused parameter ‘[01m[Knearest_node[m[K’ [[01;35m[K-Wunused-parameter[m[K]
[8.807s]   113 | bool RRT::check_collision([01;35m[KRRT_Node &nearest_node[m[K, RRT_Node &new_node) {
[8.807s]       |                           [01;35m[K~~~~~~~~~~^~~~~~~~~~~~[m[K
[8.807s] [01m[K/home/dalv204/f1tenth_ws/src/path_finding/path_finder/src/rrt.cpp:113:61:[m[K [01;35m[Kwarning: [m[Kunused parameter ‘[01m[Knew_node[m[K’ [[01;35m[K-Wunused-parameter[m[K]
[8.807s]   113 | bool RRT::check_collision(RRT_Node &nearest_node, [01;35m[KRRT_Node &new_node[m[K) {
[8.807s]       |                                                   [01;35m[K~~~~~~~~~~^~~~~~~~[m[K
[8.807s] [01m[K/home/dalv204/f1tenth_ws/src/path_finding/path_finder/src/rrt.cpp:[m[K In member function ‘[01m[Kbool RRT::is_goal(RRT_Node&, double, double)[m[K’:
[8.807s] [01m[K/home/dalv204/f1tenth_ws/src/path_finding/path_finder/src/rrt.cpp:128:29:[m[K [01;35m[Kwarning: [m[Kunused parameter ‘[01m[Klatest_added_node[m[K’ [[01;35m[K-Wunused-parameter[m[K]
[8.807s]   128 | bool RRT::is_goal([01;35m[KRRT_Node &latest_added_node[m[K, double goal_x, double goal_y) {
[8.807s]       |                   [01;35m[K~~~~~~~~~~^~~~~~~~~~~~~~~~~[m[K
[8.807s] [01m[K/home/dalv204/f1tenth_ws/src/path_finding/path_finder/src/rrt.cpp:128:55:[m[K [01;35m[Kwarning: [m[Kunused parameter ‘[01m[Kgoal_x[m[K’ [[01;35m[K-Wunused-parameter[m[K]
[8.807s]   128 | bool RRT::is_goal(RRT_Node &latest_added_node, [01;35m[Kdouble goal_x[m[K, double goal_y) {
[8.807s]       |                                                [01;35m[K~~~~~~~^~~~~~[m[K
[8.807s] [01m[K/home/dalv204/f1tenth_ws/src/path_finding/path_finder/src/rrt.cpp:128:70:[m[K [01;35m[Kwarning: [m[Kunused parameter ‘[01m[Kgoal_y[m[K’ [[01;35m[K-Wunused-parameter[m[K]
[8.807s]   128 | bool RRT::is_goal(RRT_Node &latest_added_node, double goal_x, [01;35m[Kdouble goal_y[m[K) {
[8.807s]       |                                                               [01;35m[K~~~~~~~^~~~~~[m[K
[8.808s] [01m[K/home/dalv204/f1tenth_ws/src/path_finding/path_finder/src/rrt.cpp:[m[K In member function ‘[01m[Kstd::vector<RRT_Node> RRT::find_path(std::vector<RRT_Node>&, RRT_Node&)[m[K’:
[8.808s] [01m[K/home/dalv204/f1tenth_ws/src/path_finding/path_finder/src/rrt.cpp:145:61:[m[K [01;35m[Kwarning: [m[Kunused parameter ‘[01m[Ktree[m[K’ [[01;35m[K-Wunused-parameter[m[K]
[8.808s]   145 | std::vector<RRT_Node> RRT::find_path([01;35m[Kstd::vector<RRT_Node> &tree[m[K, RRT_Node &latest_added_node) {
[8.808s]       |                                      [01;35m[K~~~~~~~~~~~~~~~~~~~~~~~^~~~[m[K
[8.808s] [01m[K/home/dalv204/f1tenth_ws/src/path_finding/path_finder/src/rrt.cpp:145:77:[m[K [01;35m[Kwarning: [m[Kunused parameter ‘[01m[Klatest_added_node[m[K’ [[01;35m[K-Wunused-parameter[m[K]
[8.808s]   145 | std::vector<RRT_Node> RRT::find_path(std::vector<RRT_Node> &tree, [01;35m[KRRT_Node &latest_added_node[m[K) {
[8.808s]       |                                                                   [01;35m[K~~~~~~~~~~^~~~~~~~~~~~~~~~~[m[K
[8.808s] [01m[K/home/dalv204/f1tenth_ws/src/path_finding/path_finder/src/rrt.cpp:[m[K In member function ‘[01m[Kdouble RRT::cost(std::vector<RRT_Node>&, RRT_Node&)[m[K’:
[8.808s] [01m[K/home/dalv204/f1tenth_ws/src/path_finding/path_finder/src/rrt.cpp:162:41:[m[K [01;35m[Kwarning: [m[Kunused parameter ‘[01m[Ktree[m[K’ [[01;35m[K-Wunused-parameter[m[K]
[8.808s]   162 | double RRT::cost([01;35m[Kstd::vector<RRT_Node> &tree[m[K, RRT_Node &node) {
[8.808s]       |                  [01;35m[K~~~~~~~~~~~~~~~~~~~~~~~^~~~[m[K
[8.808s] [01m[K/home/dalv204/f1tenth_ws/src/path_finding/path_finder/src/rrt.cpp:162:57:[m[K [01;35m[Kwarning: [m[Kunused parameter ‘[01m[Knode[m[K’ [[01;35m[K-Wunused-parameter[m[K]
[8.808s]   162 | double RRT::cost(std::vector<RRT_Node> &tree, [01;35m[KRRT_Node &node[m[K) {
[8.809s]       |                                               [01;35m[K~~~~~~~~~~^~~~[m[K
[8.809s] [01m[K/home/dalv204/f1tenth_ws/src/path_finding/path_finder/src/rrt.cpp:[m[K In member function ‘[01m[Kdouble RRT::line_cost(RRT_Node&, RRT_Node&)[m[K’:
[8.809s] [01m[K/home/dalv204/f1tenth_ws/src/path_finding/path_finder/src/rrt.cpp:176:33:[m[K [01;35m[Kwarning: [m[Kunused parameter ‘[01m[Kn1[m[K’ [[01;35m[K-Wunused-parameter[m[K]
[8.809s]   176 | double RRT::line_cost([01;35m[KRRT_Node &n1[m[K, RRT_Node &n2) {
[8.809s]       |                       [01;35m[K~~~~~~~~~~^~[m[K
[8.809s] [01m[K/home/dalv204/f1tenth_ws/src/path_finding/path_finder/src/rrt.cpp:176:47:[m[K [01;35m[Kwarning: [m[Kunused parameter ‘[01m[Kn2[m[K’ [[01;35m[K-Wunused-parameter[m[K]
[8.809s]   176 | double RRT::line_cost(RRT_Node &n1, [01;35m[KRRT_Node &n2[m[K) {
[8.809s]       |                                     [01;35m[K~~~~~~~~~~^~[m[K
[8.809s] [01m[K/home/dalv204/f1tenth_ws/src/path_finding/path_finder/src/rrt.cpp:[m[K In member function ‘[01m[Kstd::vector<int> RRT::near(std::vector<RRT_Node>&, RRT_Node&)[m[K’:
[8.809s] [01m[K/home/dalv204/f1tenth_ws/src/path_finding/path_finder/src/rrt.cpp:190:51:[m[K [01;35m[Kwarning: [m[Kunused parameter ‘[01m[Ktree[m[K’ [[01;35m[K-Wunused-parameter[m[K]
[8.809s]   190 | std::vector<int> RRT::near([01;35m[Kstd::vector<RRT_Node> &tree[m[K, RRT_Node &node) {
[8.810s]       |                            [01;35m[K~~~~~~~~~~~~~~~~~~~~~~~^~~~[m[K
[8.810s] [01m[K/home/dalv204/f1tenth_ws/src/path_finding/path_finder/src/rrt.cpp:190:67:[m[K [01;35m[Kwarning: [m[Kunused parameter ‘[01m[Knode[m[K’ [[01;35m[K-Wunused-parameter[m[K]
[8.810s]   190 | std::vector<int> RRT::near(std::vector<RRT_Node> &tree, [01;35m[KRRT_Node &node[m[K) {
[8.810s]       |                                                         [01;35m[K~~~~~~~~~~^~~~[m[K
[13.025s] [100%] [32m[1mLinking CXX executable rrt_node[0m
[13.467s] [100%] Built target rrt_node
[13.477s] Invoked command in '/home/dalv204/f1tenth_ws/src/path_finding/path_finder/build/path_finder' returned '0': CMAKE_PREFIX_PATH=/opt/ros/foxy /usr/bin/cmake --build /home/dalv204/f1tenth_ws/src/path_finding/path_finder/build/path_finder -- -j16 -l16
[13.513s] Invoking command in '/home/dalv204/f1tenth_ws/src/path_finding/path_finder/build/path_finder': CMAKE_PREFIX_PATH=/opt/ros/foxy /usr/bin/cmake --install /home/dalv204/f1tenth_ws/src/path_finding/path_finder/build/path_finder
[13.520s] -- Install configuration: ""
[13.520s] -- Installing: /home/dalv204/f1tenth_ws/src/path_finding/path_finder/install/path_finder/lib/path_finder/rrt_node
[13.523s] -- Set runtime path of "/home/dalv204/f1tenth_ws/src/path_finding/path_finder/install/path_finder/lib/path_finder/rrt_node" to ""
[13.524s] -- Installing: /home/dalv204/f1tenth_ws/src/path_finding/path_finder/install/path_finder/share/path_finder/environment/pythonpath.sh
[13.524s] -- Installing: /home/dalv204/f1tenth_ws/src/path_finding/path_finder/install/path_finder/share/path_finder/environment/pythonpath.dsv
[13.524s] -- Installing: /home/dalv204/f1tenth_ws/src/path_finding/path_finder/install/path_finder/lib/python3.8/site-packages/path_finder
[13.524s] -- Installing: /home/dalv204/f1tenth_ws/src/path_finding/path_finder/install/path_finder/lib/python3.8/site-packages/path_finder/__init__.py
[13.545s] Listing '/home/dalv204/f1tenth_ws/src/path_finding/path_finder/install/path_finder/lib/python3.8/site-packages/path_finder'...
[13.545s] Compiling '/home/dalv204/f1tenth_ws/src/path_finding/path_finder/install/path_finder/lib/python3.8/site-packages/path_finder/__init__.py'...
[13.549s] -- Installing: /home/dalv204/f1tenth_ws/src/path_finding/path_finder/install/path_finder/lib/path_finder/rrt_node.py
[13.550s] -- Installing: /home/dalv204/f1tenth_ws/src/path_finding/path_finder/install/path_finder/share/ament_index/resource_index/package_run_dependencies/path_finder
[13.550s] -- Installing: /home/dalv204/f1tenth_ws/src/path_finding/path_finder/install/path_finder/share/ament_index/resource_index/parent_prefix_path/path_finder
[13.551s] -- Installing: /home/dalv204/f1tenth_ws/src/path_finding/path_finder/install/path_finder/share/path_finder/environment/ament_prefix_path.sh
[13.551s] -- Installing: /home/dalv204/f1tenth_ws/src/path_finding/path_finder/install/path_finder/share/path_finder/environment/ament_prefix_path.dsv
[13.551s] -- Installing: /home/dalv204/f1tenth_ws/src/path_finding/path_finder/install/path_finder/share/path_finder/environment/path.sh
[13.552s] -- Installing: /home/dalv204/f1tenth_ws/src/path_finding/path_finder/install/path_finder/share/path_finder/environment/path.dsv
[13.552s] -- Installing: /home/dalv204/f1tenth_ws/src/path_finding/path_finder/install/path_finder/share/path_finder/local_setup.bash
[13.552s] -- Installing: /home/dalv204/f1tenth_ws/src/path_finding/path_finder/install/path_finder/share/path_finder/local_setup.sh
[13.553s] -- Installing: /home/dalv204/f1tenth_ws/src/path_finding/path_finder/install/path_finder/share/path_finder/local_setup.zsh
[13.553s] -- Installing: /home/dalv204/f1tenth_ws/src/path_finding/path_finder/install/path_finder/share/path_finder/local_setup.dsv
[13.553s] -- Installing: /home/dalv204/f1tenth_ws/src/path_finding/path_finder/install/path_finder/share/path_finder/package.dsv
[13.553s] -- Installing: /home/dalv204/f1tenth_ws/src/path_finding/path_finder/install/path_finder/share/ament_index/resource_index/packages/path_finder
[13.553s] -- Installing: /home/dalv204/f1tenth_ws/src/path_finding/path_finder/install/path_finder/share/path_finder/cmake/path_finderConfig.cmake
[13.554s] -- Installing: /home/dalv204/f1tenth_ws/src/path_finding/path_finder/install/path_finder/share/path_finder/cmake/path_finderConfig-version.cmake
[13.554s] -- Installing: /home/dalv204/f1tenth_ws/src/path_finding/path_finder/install/path_finder/share/path_finder/package.xml
[13.557s] Invoked command in '/home/dalv204/f1tenth_ws/src/path_finding/path_finder/build/path_finder' returned '0': CMAKE_PREFIX_PATH=/opt/ros/foxy /usr/bin/cmake --install /home/dalv204/f1tenth_ws/src/path_finding/path_finder/build/path_finder
