[0.196s] Invoking command in '/home/dalv204/sandbox/f1tenth_ws/build/pure_pursuit': CMAKE_PREFIX_PATH=${CMAKE_PREFIX_PATH}:/home/dalv204/sandbox/f1tenth_ws/install/f1tenth_stack:/home/dalv204/sandbox/f1tenth_ws/install/joy_teleop:/home/dalv204/sandbox/f1tenth_ws/install/particle_filter:/home/dalv204/sandbox/f1tenth_ws/install/mouse_teleop:/home/dalv204/sandbox/f1tenth_ws/install/key_teleop /usr/bin/cmake --build /home/dalv204/sandbox/f1tenth_ws/build/pure_pursuit -- -j6 -l6
[0.979s] [100%] Built target pure_pursuit_node
[1.204s] Invoked command in '/home/dalv204/sandbox/f1tenth_ws/build/pure_pursuit' returned '0': CMAKE_PREFIX_PATH=${CMAKE_PREFIX_PATH}:/home/dalv204/sandbox/f1tenth_ws/install/f1tenth_stack:/home/dalv204/sandbox/f1tenth_ws/install/joy_teleop:/home/dalv204/sandbox/f1tenth_ws/install/particle_filter:/home/dalv204/sandbox/f1tenth_ws/install/mouse_teleop:/home/dalv204/sandbox/f1tenth_ws/install/key_teleop /usr/bin/cmake --build /home/dalv204/sandbox/f1tenth_ws/build/pure_pursuit -- -j6 -l6
[1.437s] Invoking command in '/home/dalv204/sandbox/f1tenth_ws/build/pure_pursuit': CMAKE_PREFIX_PATH=${CMAKE_PREFIX_PATH}:/home/dalv204/sandbox/f1tenth_ws/install/f1tenth_stack:/home/dalv204/sandbox/f1tenth_ws/install/joy_teleop:/home/dalv204/sandbox/f1tenth_ws/install/particle_filter:/home/dalv204/sandbox/f1tenth_ws/install/mouse_teleop:/home/dalv204/sandbox/f1tenth_ws/install/key_teleop /usr/bin/cmake --install /home/dalv204/sandbox/f1tenth_ws/build/pure_pursuit
[1.473s] -- Install configuration: ""
[1.474s] -- Up-to-date: /home/dalv204/sandbox/f1tenth_ws/install/pure_pursuit/lib/pure_pursuit/pure_pursuit_node
[1.474s] -- Up-to-date: /home/dalv204/sandbox/f1tenth_ws/install/pure_pursuit/share/pure_pursuit/environment/pythonpath.sh
[1.475s] -- Up-to-date: /home/dalv204/sandbox/f1tenth_ws/install/pure_pursuit/share/pure_pursuit/environment/pythonpath.dsv
[1.475s] -- Up-to-date: /home/dalv204/sandbox/f1tenth_ws/install/pure_pursuit/lib/python3.8/site-packages/pure_pursuit
[1.475s] -- Up-to-date: /home/dalv204/sandbox/f1tenth_ws/install/pure_pursuit/lib/python3.8/site-packages/pure_pursuit/__init__.py
[1.558s] Listing '/home/dalv204/sandbox/f1tenth_ws/install/pure_pursuit/lib/python3.8/site-packages/pure_pursuit'...
[1.572s] -- Up-to-date: /home/dalv204/sandbox/f1tenth_ws/install/pure_pursuit/lib/pure_pursuit/pure_pursuit_node.py
[1.573s] -- Up-to-date: /home/dalv204/sandbox/f1tenth_ws/install/pure_pursuit/lib/pure_pursuit/waypoint_logger_node.py
[1.573s] -- Up-to-date: /home/dalv204/sandbox/f1tenth_ws/install/pure_pursuit/share/ament_index/resource_index/package_run_dependencies/pure_pursuit
[1.573s] -- Up-to-date: /home/dalv204/sandbox/f1tenth_ws/install/pure_pursuit/share/ament_index/resource_index/parent_prefix_path/pure_pursuit
[1.575s] -- Up-to-date: /home/dalv204/sandbox/f1tenth_ws/install/pure_pursuit/share/pure_pursuit/environment/ament_prefix_path.sh
[1.575s] -- Up-to-date: /home/dalv204/sandbox/f1tenth_ws/install/pure_pursuit/share/pure_pursuit/environment/ament_prefix_path.dsv
[1.575s] -- Up-to-date: /home/dalv204/sandbox/f1tenth_ws/install/pure_pursuit/share/pure_pursuit/environment/path.sh
[1.576s] -- Up-to-date: /home/dalv204/sandbox/f1tenth_ws/install/pure_pursuit/share/pure_pursuit/environment/path.dsv
[1.576s] -- Up-to-date: /home/dalv204/sandbox/f1tenth_ws/install/pure_pursuit/share/pure_pursuit/local_setup.bash
[1.576s] -- Up-to-date: /home/dalv204/sandbox/f1tenth_ws/install/pure_pursuit/share/pure_pursuit/local_setup.sh
[1.576s] -- Up-to-date: /home/dalv204/sandbox/f1tenth_ws/install/pure_pursuit/share/pure_pursuit/local_setup.zsh
[1.576s] -- Up-to-date: /home/dalv204/sandbox/f1tenth_ws/install/pure_pursuit/share/pure_pursuit/local_setup.dsv
[1.578s] -- Installing: /home/dalv204/sandbox/f1tenth_ws/install/pure_pursuit/share/pure_pursuit/package.dsv
[1.581s] -- Up-to-date: /home/dalv204/sandbox/f1tenth_ws/install/pure_pursuit/share/ament_index/resource_index/packages/pure_pursuit
[1.581s] -- Up-to-date: /home/dalv204/sandbox/f1tenth_ws/install/pure_pursuit/share/pure_pursuit/cmake/pure_pursuitConfig.cmake
[1.581s] -- Up-to-date: /home/dalv204/sandbox/f1tenth_ws/install/pure_pursuit/share/pure_pursuit/cmake/pure_pursuitConfig-version.cmake
[1.581s] -- Up-to-date: /home/dalv204/sandbox/f1tenth_ws/install/pure_pursuit/share/pure_pursuit/package.xml
[1.603s] Invoked command in '/home/dalv204/sandbox/f1tenth_ws/build/pure_pursuit' returned '0': CMAKE_PREFIX_PATH=${CMAKE_PREFIX_PATH}:/home/dalv204/sandbox/f1tenth_ws/install/f1tenth_stack:/home/dalv204/sandbox/f1tenth_ws/install/joy_teleop:/home/dalv204/sandbox/f1tenth_ws/install/particle_filter:/home/dalv204/sandbox/f1tenth_ws/install/mouse_teleop:/home/dalv204/sandbox/f1tenth_ws/install/key_teleop /usr/bin/cmake --install /home/dalv204/sandbox/f1tenth_ws/build/pure_pursuit
