[0.083s] Invoking command in '/home/dalv204/sandbox/f1tenth_ws/build/teleop_tools_msgs': /usr/bin/cmake --build /home/dalv204/sandbox/f1tenth_ws/build/teleop_tools_msgs -- -j6 -l6
[0.634s] [  3%] Built target teleop_tools_msgs__cpp
[0.634s] [ 12%] Built target teleop_tools_msgs__rosidl_generator_c
[0.634s] [ 22%] Built target teleop_tools_msgs__rosidl_typesupport_fastrtps_cpp
[0.636s] [ 32%] Built target teleop_tools_msgs__rosidl_typesupport_introspection_cpp
[0.637s] [ 41%] Built target teleop_tools_msgs__rosidl_typesupport_cpp
[0.637s] [ 51%] Built target teleop_tools_msgs__rosidl_typesupport_introspection_c
[0.638s] [ 61%] Built target teleop_tools_msgs__rosidl_typesupport_c
[0.639s] [ 70%] Built target teleop_tools_msgs__rosidl_typesupport_fastrtps_c
[0.641s] [ 70%] Built target teleop_tools_msgs
[0.642s] [ 74%] Built target teleop_tools_msgs__py
[0.642s] [ 80%] Built target teleop_tools_msgs__python
[0.643s] [ 87%] Built target teleop_tools_msgs__rosidl_typesupport_c__pyext
[0.646s] [ 93%] Built target teleop_tools_msgs__rosidl_typesupport_fastrtps_c__pyext
[0.648s] [100%] Built target teleop_tools_msgs__rosidl_typesupport_introspection_c__pyext
[0.648s] make: Warning: File 'Makefile' has modification time 1718621412 s in the future
[0.648s] make[1]: Warning: File 'CMakeFiles/Makefile2' has modification time 1718621412 s in the future
[0.648s] make[2]: Warning: File 'CMakeFiles/teleop_tools_msgs__cpp.dir/progress.make' has modification time 1718621412 s in the future
[0.649s] make[2]: Warning: File 'CMakeFiles/teleop_tools_msgs__rosidl_generator_c.dir/flags.make' has modification time 1718621412 s in the future
[0.649s] make[2]: warning:  Clock skew detected.  Your build may be incomplete.
[0.650s] make[2]: Warning: File 'CMakeFiles/teleop_tools_msgs__cpp.dir/progress.make' has modification time 1718621412 s in the future
[0.653s] make[2]: warning:  Clock skew detected.  Your build may be incomplete.
[0.653s] make[2]: warning:  Clock skew detected.  Your build may be incomplete.
[0.653s] make[2]: Warning: File 'CMakeFiles/teleop_tools_msgs__rosidl_generator_c.dir/flags.make' has modification time 1718621412 s in the future
[0.653s] make[2]: warning:  Clock skew detected.  Your build may be incomplete.
[0.653s] make[2]: Warning: File 'CMakeFiles/teleop_tools_msgs__rosidl_typesupport_introspection_cpp.dir/flags.make' has modification time 1718621412 s in the future
[0.654s] make[2]: Warning: File 'CMakeFiles/teleop_tools_msgs__rosidl_typesupport_fastrtps_cpp.dir/flags.make' has modification time 1718621412 s in the future
[0.655s] make[2]: Warning: File 'CMakeFiles/teleop_tools_msgs__rosidl_typesupport_cpp.dir/flags.make' has modification time 1718621412 s in the future
[0.655s] make[2]: Warning: File 'CMakeFiles/teleop_tools_msgs__rosidl_typesupport_introspection_c.dir/flags.make' has modification time 1718621412 s in the future
[0.655s] make[2]: warning:  Clock skew detected.  Your build may be incomplete.
[0.655s] make[2]: Warning: File 'CMakeFiles/teleop_tools_msgs__rosidl_typesupport_c.dir/flags.make' has modification time 1718621412 s in the future
[0.656s] make[2]: Warning: File 'CMakeFiles/teleop_tools_msgs__rosidl_typesupport_fastrtps_cpp.dir/flags.make' has modification time 1718621412 s in the future
[0.656s] make[2]: warning:  Clock skew detected.  Your build may be incomplete.
[0.656s] make[2]: warning:  Clock skew detected.  Your build may be incomplete.
[0.656s] make[2]: Warning: File 'CMakeFiles/teleop_tools_msgs__rosidl_typesupport_introspection_cpp.dir/flags.make' has modification time 1718621412 s in the future
[0.656s] make[2]: warning:  Clock skew detected.  Your build may be incomplete.
[0.656s] make[2]: warning:  Clock skew detected.  Your build may be incomplete.
[0.656s] make[2]: Warning: File 'CMakeFiles/teleop_tools_msgs__rosidl_typesupport_cpp.dir/flags.make' has modification time 1718621412 s in the future
[0.656s] make[2]: warning:  Clock skew detected.  Your build may be incomplete.
[0.657s] make[2]: warning:  Clock skew detected.  Your build may be incomplete.
[0.657s] make[2]: warning:  Clock skew detected.  Your build may be incomplete.
[0.657s] make[2]: Warning: File 'CMakeFiles/teleop_tools_msgs__rosidl_typesupport_introspection_c.dir/flags.make' has modification time 1718621412 s in the future
[0.657s] make[2]: warning:  Clock skew detected.  Your build may be incomplete.
[0.657s] make[2]: Warning: File 'CMakeFiles/teleop_tools_msgs__rosidl_typesupport_c.dir/flags.make' has modification time 1718621412 s in the future
[0.657s] make[2]: warning:  Clock skew detected.  Your build may be incomplete.
[0.657s] make[2]: Warning: File 'CMakeFiles/teleop_tools_msgs__rosidl_typesupport_fastrtps_c.dir/flags.make' has modification time 1718621412 s in the future
[0.657s] make[2]: warning:  Clock skew detected.  Your build may be incomplete.
[0.657s] make[2]: Warning: File 'CMakeFiles/teleop_tools_msgs__rosidl_typesupport_fastrtps_c.dir/flags.make' has modification time 1718621412 s in the future
[0.658s] make[2]: warning:  Clock skew detected.  Your build may be incomplete.
[0.658s] make[2]: Warning: File 'CMakeFiles/teleop_tools_msgs.dir/progress.make' has modification time 1718621412 s in the future
[0.658s] make[2]: warning:  Clock skew detected.  Your build may be incomplete.
[0.658s] make[2]: Warning: File 'CMakeFiles/teleop_tools_msgs.dir/progress.make' has modification time 1718621412 s in the future
[0.658s] make[2]: warning:  Clock skew detected.  Your build may be incomplete.
[0.658s] make[2]: Warning: File 'teleop_tools_msgs__py/CMakeFiles/teleop_tools_msgs__py.dir/progress.make' has modification time 1718621412 s in the future
[0.658s] make[2]: warning:  Clock skew detected.  Your build may be incomplete.
[0.658s] make[2]: Warning: File 'teleop_tools_msgs__py/CMakeFiles/teleop_tools_msgs__py.dir/progress.make' has modification time 1718621412 s in the future
[0.659s] make[2]: warning:  Clock skew detected.  Your build may be incomplete.
[0.659s] make[2]: Warning: File 'CMakeFiles/teleop_tools_msgs__python.dir/flags.make' has modification time 1718621412 s in the future
[0.659s] make[2]: warning:  Clock skew detected.  Your build may be incomplete.
[0.659s] make[2]: Warning: File 'CMakeFiles/teleop_tools_msgs__python.dir/flags.make' has modification time 1718621412 s in the future
[0.659s] make[2]: warning:  Clock skew detected.  Your build may be incomplete.
[0.659s] make[2]: Warning: File 'CMakeFiles/teleop_tools_msgs__rosidl_typesupport_c__pyext.dir/flags.make' has modification time 1718621412 s in the future
[0.659s] make[2]: Warning: File 'CMakeFiles/teleop_tools_msgs__rosidl_typesupport_fastrtps_c__pyext.dir/flags.make' has modification time 1718621412 s in the future
[0.659s] make[2]: Warning: File 'CMakeFiles/teleop_tools_msgs__rosidl_typesupport_introspection_c__pyext.dir/flags.make' has modification time 1718621412 s in the future
[0.659s] make[2]: warning:  Clock skew detected.  Your build may be incomplete.
[0.660s] make[2]: warning:  Clock skew detected.  Your build may be incomplete.
[0.660s] make[2]: Warning: File 'CMakeFiles/teleop_tools_msgs__rosidl_typesupport_c__pyext.dir/flags.make' has modification time 1718621412 s in the future
[0.660s] make[2]: Warning: File 'CMakeFiles/teleop_tools_msgs__rosidl_typesupport_fastrtps_c__pyext.dir/flags.make' has modification time 1718621412 s in the future
[0.660s] make[2]: warning:  Clock skew detected.  Your build may be incomplete.
[0.660s] make[2]: Warning: File 'CMakeFiles/teleop_tools_msgs__rosidl_typesupport_introspection_c__pyext.dir/flags.make' has modification time 1718621412 s in the future
[0.660s] make[2]: warning:  Clock skew detected.  Your build may be incomplete.
[0.660s] make[2]: warning:  Clock skew detected.  Your build may be incomplete.
[0.660s] make[2]: warning:  Clock skew detected.  Your build may be incomplete.
[0.660s] make[1]: warning:  Clock skew detected.  Your build may be incomplete.
[0.661s] make: warning:  Clock skew detected.  Your build may be incomplete.
[0.663s] Invoked command in '/home/dalv204/sandbox/f1tenth_ws/build/teleop_tools_msgs' returned '0': /usr/bin/cmake --build /home/dalv204/sandbox/f1tenth_ws/build/teleop_tools_msgs -- -j6 -l6
[0.816s] Invoking command in '/home/dalv204/sandbox/f1tenth_ws/build/teleop_tools_msgs': /usr/bin/cmake --install /home/dalv204/sandbox/f1tenth_ws/build/teleop_tools_msgs
[0.836s] -- Install configuration: ""
[0.836s] -- Up-to-date: /home/dalv204/sandbox/f1tenth_ws/install/teleop_tools_msgs/share/ament_index/resource_index/rosidl_interfaces/teleop_tools_msgs
[0.836s] -- Up-to-date: /home/dalv204/sandbox/f1tenth_ws/install/teleop_tools_msgs/include/teleop_tools_msgs
[0.837s] -- Up-to-date: /home/dalv204/sandbox/f1tenth_ws/install/teleop_tools_msgs/include/teleop_tools_msgs/action
[0.837s] -- Up-to-date: /home/dalv204/sandbox/f1tenth_ws/install/teleop_tools_msgs/include/teleop_tools_msgs/action/detail
[0.837s] -- Up-to-date: /home/dalv204/sandbox/f1tenth_ws/install/teleop_tools_msgs/include/teleop_tools_msgs/action/detail/increment__struct.h
[0.837s] -- Up-to-date: /home/dalv204/sandbox/f1tenth_ws/install/teleop_tools_msgs/include/teleop_tools_msgs/action/detail/increment__functions.h
[0.838s] -- Up-to-date: /home/dalv204/sandbox/f1tenth_ws/install/teleop_tools_msgs/include/teleop_tools_msgs/action/detail/increment__functions.c
[0.838s] -- Up-to-date: /home/dalv204/sandbox/f1tenth_ws/install/teleop_tools_msgs/include/teleop_tools_msgs/action/detail/increment__type_support.h
[0.838s] -- Up-to-date: /home/dalv204/sandbox/f1tenth_ws/install/teleop_tools_msgs/include/teleop_tools_msgs/action/increment.h
[0.838s] -- Up-to-date: /home/dalv204/sandbox/f1tenth_ws/install/teleop_tools_msgs/include/teleop_tools_msgs/msg
[0.838s] -- Up-to-date: /home/dalv204/sandbox/f1tenth_ws/install/teleop_tools_msgs/include/teleop_tools_msgs/msg/rosidl_generator_c__visibility_control.h
[0.838s] -- Up-to-date: /home/dalv204/sandbox/f1tenth_ws/install/teleop_tools_msgs/share/teleop_tools_msgs/environment/library_path.sh
[0.839s] -- Up-to-date: /home/dalv204/sandbox/f1tenth_ws/install/teleop_tools_msgs/share/teleop_tools_msgs/environment/library_path.dsv
[0.839s] -- Up-to-date: /home/dalv204/sandbox/f1tenth_ws/install/teleop_tools_msgs/lib/libteleop_tools_msgs__rosidl_generator_c.so
[0.840s] -- Up-to-date: /home/dalv204/sandbox/f1tenth_ws/install/teleop_tools_msgs/include/teleop_tools_msgs
[0.840s] -- Up-to-date: /home/dalv204/sandbox/f1tenth_ws/install/teleop_tools_msgs/include/teleop_tools_msgs/action
[0.840s] -- Up-to-date: /home/dalv204/sandbox/f1tenth_ws/install/teleop_tools_msgs/include/teleop_tools_msgs/action/detail
[0.841s] -- Up-to-date: /home/dalv204/sandbox/f1tenth_ws/install/teleop_tools_msgs/include/teleop_tools_msgs/action/detail/increment__rosidl_typesupport_fastrtps_c.h
[0.841s] -- Up-to-date: /home/dalv204/sandbox/f1tenth_ws/install/teleop_tools_msgs/include/teleop_tools_msgs/msg
[0.841s] -- Up-to-date: /home/dalv204/sandbox/f1tenth_ws/install/teleop_tools_msgs/include/teleop_tools_msgs/msg/rosidl_typesupport_fastrtps_c__visibility_control.h
[0.842s] -- Up-to-date: /home/dalv204/sandbox/f1tenth_ws/install/teleop_tools_msgs/lib/libteleop_tools_msgs__rosidl_typesupport_fastrtps_c.so
[0.843s] -- Up-to-date: /home/dalv204/sandbox/f1tenth_ws/install/teleop_tools_msgs/include/teleop_tools_msgs
[0.843s] -- Up-to-date: /home/dalv204/sandbox/f1tenth_ws/install/teleop_tools_msgs/include/teleop_tools_msgs/action
[0.843s] -- Up-to-date: /home/dalv204/sandbox/f1tenth_ws/install/teleop_tools_msgs/include/teleop_tools_msgs/action/detail
[0.844s] -- Up-to-date: /home/dalv204/sandbox/f1tenth_ws/install/teleop_tools_msgs/include/teleop_tools_msgs/action/detail/increment__rosidl_typesupport_fastrtps_cpp.hpp
[0.846s] -- Up-to-date: /home/dalv204/sandbox/f1tenth_ws/install/teleop_tools_msgs/include/teleop_tools_msgs/action/detail/dds_fastrtps
[0.846s] -- Up-to-date: /home/dalv204/sandbox/f1tenth_ws/install/teleop_tools_msgs/include/teleop_tools_msgs/msg
[0.848s] -- Up-to-date: /home/dalv204/sandbox/f1tenth_ws/install/teleop_tools_msgs/include/teleop_tools_msgs/msg/rosidl_typesupport_fastrtps_cpp__visibility_control.h
[0.848s] -- Up-to-date: /home/dalv204/sandbox/f1tenth_ws/install/teleop_tools_msgs/lib/libteleop_tools_msgs__rosidl_typesupport_fastrtps_cpp.so
[0.848s] -- Up-to-date: /home/dalv204/sandbox/f1tenth_ws/install/teleop_tools_msgs/include/teleop_tools_msgs
[0.848s] -- Up-to-date: /home/dalv204/sandbox/f1tenth_ws/install/teleop_tools_msgs/include/teleop_tools_msgs/action
[0.849s] -- Up-to-date: /home/dalv204/sandbox/f1tenth_ws/install/teleop_tools_msgs/include/teleop_tools_msgs/action/detail
[0.849s] -- Up-to-date: /home/dalv204/sandbox/f1tenth_ws/install/teleop_tools_msgs/include/teleop_tools_msgs/action/detail/increment__rosidl_typesupport_introspection_c.h
[0.849s] -- Up-to-date: /home/dalv204/sandbox/f1tenth_ws/install/teleop_tools_msgs/include/teleop_tools_msgs/action/detail/increment__type_support.c
[0.849s] -- Up-to-date: /home/dalv204/sandbox/f1tenth_ws/install/teleop_tools_msgs/include/teleop_tools_msgs/msg
[0.849s] -- Up-to-date: /home/dalv204/sandbox/f1tenth_ws/install/teleop_tools_msgs/include/teleop_tools_msgs/msg/rosidl_typesupport_introspection_c__visibility_control.h
[0.850s] -- Up-to-date: /home/dalv204/sandbox/f1tenth_ws/install/teleop_tools_msgs/lib/libteleop_tools_msgs__rosidl_typesupport_introspection_c.so
[0.852s] -- Up-to-date: /home/dalv204/sandbox/f1tenth_ws/install/teleop_tools_msgs/lib/libteleop_tools_msgs__rosidl_typesupport_c.so
[0.854s] -- Up-to-date: /home/dalv204/sandbox/f1tenth_ws/install/teleop_tools_msgs/include/teleop_tools_msgs
[0.855s] -- Up-to-date: /home/dalv204/sandbox/f1tenth_ws/install/teleop_tools_msgs/include/teleop_tools_msgs/action
[0.855s] -- Up-to-date: /home/dalv204/sandbox/f1tenth_ws/install/teleop_tools_msgs/include/teleop_tools_msgs/action/detail
[0.856s] -- Up-to-date: /home/dalv204/sandbox/f1tenth_ws/install/teleop_tools_msgs/include/teleop_tools_msgs/action/detail/increment__builder.hpp
[0.856s] -- Up-to-date: /home/dalv204/sandbox/f1tenth_ws/install/teleop_tools_msgs/include/teleop_tools_msgs/action/detail/increment__struct.hpp
[0.856s] -- Up-to-date: /home/dalv204/sandbox/f1tenth_ws/install/teleop_tools_msgs/include/teleop_tools_msgs/action/detail/increment__type_support.hpp
[0.857s] -- Up-to-date: /home/dalv204/sandbox/f1tenth_ws/install/teleop_tools_msgs/include/teleop_tools_msgs/action/detail/increment__traits.hpp
[0.857s] -- Up-to-date: /home/dalv204/sandbox/f1tenth_ws/install/teleop_tools_msgs/include/teleop_tools_msgs/action/increment.hpp
[0.857s] -- Up-to-date: /home/dalv204/sandbox/f1tenth_ws/install/teleop_tools_msgs/include/teleop_tools_msgs/msg
[0.858s] -- Up-to-date: /home/dalv204/sandbox/f1tenth_ws/install/teleop_tools_msgs/include/teleop_tools_msgs/msg/rosidl_generator_cpp__visibility_control.hpp
[0.858s] -- Up-to-date: /home/dalv204/sandbox/f1tenth_ws/install/teleop_tools_msgs/include/teleop_tools_msgs
[0.859s] -- Up-to-date: /home/dalv204/sandbox/f1tenth_ws/install/teleop_tools_msgs/include/teleop_tools_msgs/action
[0.859s] -- Up-to-date: /home/dalv204/sandbox/f1tenth_ws/install/teleop_tools_msgs/include/teleop_tools_msgs/action/detail
[0.859s] -- Up-to-date: /home/dalv204/sandbox/f1tenth_ws/install/teleop_tools_msgs/include/teleop_tools_msgs/action/detail/increment__type_support.cpp
[0.860s] -- Up-to-date: /home/dalv204/sandbox/f1tenth_ws/install/teleop_tools_msgs/include/teleop_tools_msgs/action/detail/increment__rosidl_typesupport_introspection_cpp.hpp
[0.860s] -- Up-to-date: /home/dalv204/sandbox/f1tenth_ws/install/teleop_tools_msgs/lib/libteleop_tools_msgs__rosidl_typesupport_introspection_cpp.so
[0.860s] -- Up-to-date: /home/dalv204/sandbox/f1tenth_ws/install/teleop_tools_msgs/lib/libteleop_tools_msgs__rosidl_typesupport_cpp.so
[0.861s] -- Up-to-date: /home/dalv204/sandbox/f1tenth_ws/install/teleop_tools_msgs/share/teleop_tools_msgs/environment/pythonpath.sh
[0.861s] -- Up-to-date: /home/dalv204/sandbox/f1tenth_ws/install/teleop_tools_msgs/share/teleop_tools_msgs/environment/pythonpath.dsv
[0.861s] -- Up-to-date: /home/dalv204/sandbox/f1tenth_ws/install/teleop_tools_msgs/lib/python3.8/site-packages/teleop_tools_msgs/__init__.py
[0.939s] -- Up-to-date: /home/dalv204/sandbox/f1tenth_ws/install/teleop_tools_msgs/lib/python3.8/site-packages/teleop_tools_msgs/action
[0.939s] -- Up-to-date: /home/dalv204/sandbox/f1tenth_ws/install/teleop_tools_msgs/lib/python3.8/site-packages/teleop_tools_msgs/action/_increment.py
[0.939s] -- Up-to-date: /home/dalv204/sandbox/f1tenth_ws/install/teleop_tools_msgs/lib/python3.8/site-packages/teleop_tools_msgs/action/_increment_s.c
[0.939s] -- Up-to-date: /home/dalv204/sandbox/f1tenth_ws/install/teleop_tools_msgs/lib/python3.8/site-packages/teleop_tools_msgs/action/__init__.py
[0.940s] -- Up-to-date: /home/dalv204/sandbox/f1tenth_ws/install/teleop_tools_msgs/lib/python3.8/site-packages/teleop_tools_msgs/teleop_tools_msgs_s__rosidl_typesupport_fastrtps_c.cpython-38-aarch64-linux-gnu.so
[0.942s] -- Up-to-date: /home/dalv204/sandbox/f1tenth_ws/install/teleop_tools_msgs/lib/python3.8/site-packages/teleop_tools_msgs/teleop_tools_msgs_s__rosidl_typesupport_introspection_c.cpython-38-aarch64-linux-gnu.so
[0.947s] -- Up-to-date: /home/dalv204/sandbox/f1tenth_ws/install/teleop_tools_msgs/lib/python3.8/site-packages/teleop_tools_msgs/teleop_tools_msgs_s__rosidl_typesupport_c.cpython-38-aarch64-linux-gnu.so
[0.949s] -- Up-to-date: /home/dalv204/sandbox/f1tenth_ws/install/teleop_tools_msgs/lib/libteleop_tools_msgs__python.so
[0.951s] -- Up-to-date: /home/dalv204/sandbox/f1tenth_ws/install/teleop_tools_msgs/share/teleop_tools_msgs/action/Increment.idl
[0.952s] -- Up-to-date: /home/dalv204/sandbox/f1tenth_ws/install/teleop_tools_msgs/share/teleop_tools_msgs/action/Increment.action
[0.953s] -- Up-to-date: /home/dalv204/sandbox/f1tenth_ws/install/teleop_tools_msgs/share/ament_index/resource_index/package_run_dependencies/teleop_tools_msgs
[0.954s] -- Up-to-date: /home/dalv204/sandbox/f1tenth_ws/install/teleop_tools_msgs/share/ament_index/resource_index/parent_prefix_path/teleop_tools_msgs
[0.954s] -- Up-to-date: /home/dalv204/sandbox/f1tenth_ws/install/teleop_tools_msgs/share/teleop_tools_msgs/environment/ament_prefix_path.sh
[0.954s] -- Up-to-date: /home/dalv204/sandbox/f1tenth_ws/install/teleop_tools_msgs/share/teleop_tools_msgs/environment/ament_prefix_path.dsv
[0.954s] -- Up-to-date: /home/dalv204/sandbox/f1tenth_ws/install/teleop_tools_msgs/share/teleop_tools_msgs/environment/path.sh
[0.954s] -- Up-to-date: /home/dalv204/sandbox/f1tenth_ws/install/teleop_tools_msgs/share/teleop_tools_msgs/environment/path.dsv
[0.954s] -- Up-to-date: /home/dalv204/sandbox/f1tenth_ws/install/teleop_tools_msgs/share/teleop_tools_msgs/local_setup.bash
[0.954s] -- Up-to-date: /home/dalv204/sandbox/f1tenth_ws/install/teleop_tools_msgs/share/teleop_tools_msgs/local_setup.sh
[0.954s] -- Up-to-date: /home/dalv204/sandbox/f1tenth_ws/install/teleop_tools_msgs/share/teleop_tools_msgs/local_setup.zsh
[0.955s] -- Up-to-date: /home/dalv204/sandbox/f1tenth_ws/install/teleop_tools_msgs/share/teleop_tools_msgs/local_setup.dsv
[0.955s] -- Installing: /home/dalv204/sandbox/f1tenth_ws/install/teleop_tools_msgs/share/teleop_tools_msgs/package.dsv
[0.955s] -- Up-to-date: /home/dalv204/sandbox/f1tenth_ws/install/teleop_tools_msgs/share/ament_index/resource_index/packages/teleop_tools_msgs
[0.956s] -- Up-to-date: /home/dalv204/sandbox/f1tenth_ws/install/teleop_tools_msgs/share/teleop_tools_msgs/cmake/teleop_tools_msgs__rosidl_generator_cExport.cmake
[0.956s] -- Up-to-date: /home/dalv204/sandbox/f1tenth_ws/install/teleop_tools_msgs/share/teleop_tools_msgs/cmake/teleop_tools_msgs__rosidl_generator_cExport-noconfig.cmake
[0.956s] -- Up-to-date: /home/dalv204/sandbox/f1tenth_ws/install/teleop_tools_msgs/share/teleop_tools_msgs/cmake/teleop_tools_msgs__rosidl_typesupport_introspection_cExport.cmake
[0.956s] -- Up-to-date: /home/dalv204/sandbox/f1tenth_ws/install/teleop_tools_msgs/share/teleop_tools_msgs/cmake/teleop_tools_msgs__rosidl_typesupport_introspection_cExport-noconfig.cmake
[0.956s] -- Up-to-date: /home/dalv204/sandbox/f1tenth_ws/install/teleop_tools_msgs/share/teleop_tools_msgs/cmake/teleop_tools_msgs__rosidl_typesupport_cExport.cmake
[0.957s] -- Up-to-date: /home/dalv204/sandbox/f1tenth_ws/install/teleop_tools_msgs/share/teleop_tools_msgs/cmake/teleop_tools_msgs__rosidl_typesupport_cExport-noconfig.cmake
[0.957s] -- Up-to-date: /home/dalv204/sandbox/f1tenth_ws/install/teleop_tools_msgs/share/teleop_tools_msgs/cmake/teleop_tools_msgs__rosidl_generator_cppExport.cmake
[0.957s] -- Up-to-date: /home/dalv204/sandbox/f1tenth_ws/install/teleop_tools_msgs/share/teleop_tools_msgs/cmake/teleop_tools_msgs__rosidl_typesupport_introspection_cppExport.cmake
[0.957s] -- Up-to-date: /home/dalv204/sandbox/f1tenth_ws/install/teleop_tools_msgs/share/teleop_tools_msgs/cmake/teleop_tools_msgs__rosidl_typesupport_introspection_cppExport-noconfig.cmake
[0.957s] -- Up-to-date: /home/dalv204/sandbox/f1tenth_ws/install/teleop_tools_msgs/share/teleop_tools_msgs/cmake/teleop_tools_msgs__rosidl_typesupport_cppExport.cmake
[0.957s] -- Up-to-date: /home/dalv204/sandbox/f1tenth_ws/install/teleop_tools_msgs/share/teleop_tools_msgs/cmake/teleop_tools_msgs__rosidl_typesupport_cppExport-noconfig.cmake
[0.957s] -- Up-to-date: /home/dalv204/sandbox/f1tenth_ws/install/teleop_tools_msgs/share/teleop_tools_msgs/cmake/rosidl_cmake-extras.cmake
[0.957s] -- Up-to-date: /home/dalv204/sandbox/f1tenth_ws/install/teleop_tools_msgs/share/teleop_tools_msgs/cmake/ament_cmake_export_dependencies-extras.cmake
[0.957s] -- Up-to-date: /home/dalv204/sandbox/f1tenth_ws/install/teleop_tools_msgs/share/teleop_tools_msgs/cmake/ament_cmake_export_libraries-extras.cmake
[0.958s] -- Up-to-date: /home/dalv204/sandbox/f1tenth_ws/install/teleop_tools_msgs/share/teleop_tools_msgs/cmake/ament_cmake_export_targets-extras.cmake
[0.958s] -- Up-to-date: /home/dalv204/sandbox/f1tenth_ws/install/teleop_tools_msgs/share/teleop_tools_msgs/cmake/ament_cmake_export_include_directories-extras.cmake
[0.958s] -- Up-to-date: /home/dalv204/sandbox/f1tenth_ws/install/teleop_tools_msgs/share/teleop_tools_msgs/cmake/rosidl_cmake_export_typesupport_libraries-extras.cmake
[0.958s] -- Up-to-date: /home/dalv204/sandbox/f1tenth_ws/install/teleop_tools_msgs/share/teleop_tools_msgs/cmake/rosidl_cmake_export_typesupport_targets-extras.cmake
[0.958s] -- Up-to-date: /home/dalv204/sandbox/f1tenth_ws/install/teleop_tools_msgs/share/teleop_tools_msgs/cmake/teleop_tools_msgsConfig.cmake
[0.958s] -- Up-to-date: /home/dalv204/sandbox/f1tenth_ws/install/teleop_tools_msgs/share/teleop_tools_msgs/cmake/teleop_tools_msgsConfig-version.cmake
[0.958s] -- Up-to-date: /home/dalv204/sandbox/f1tenth_ws/install/teleop_tools_msgs/share/teleop_tools_msgs/package.xml
[1.429s] Invoked command in '/home/dalv204/sandbox/f1tenth_ws/build/teleop_tools_msgs' returned '0': /usr/bin/cmake --install /home/dalv204/sandbox/f1tenth_ws/build/teleop_tools_msgs
