[0.071s] Invoking command in '/home/dalv204/sandbox/f1tenth_ws/build/vesc_ackermann': AMENT_PREFIX_PATH=/home/dalv204/sandbox/f1tenth_ws/install/vesc_msgs:${AMENT_PREFIX_PATH} CMAKE_PREFIX_PATH=/home/dalv204/sandbox/f1tenth_ws/install/vesc_msgs${CMAKE_PREFIX_PATH} LD_LIBRARY_PATH=/home/dalv204/sandbox/f1tenth_ws/install/vesc_msgs/lib:${LD_LIBRARY_PATH} PYTHONPATH=/home/dalv204/sandbox/f1tenth_ws/install/vesc_msgs/lib/python3.8/site-packages:${PYTHONPATH} /usr/bin/cmake --build /home/dalv204/sandbox/f1tenth_ws/build/vesc_ackermann -- -j6 -l6
[0.350s] [ 28%] Built target ackermann_to_vesc_node
[0.355s] [ 57%] Built target vesc_to_odom_node
[0.388s] [100%] Built target vesc_ackermann
[0.445s] Invoked command in '/home/dalv204/sandbox/f1tenth_ws/build/vesc_ackermann' returned '0': AMENT_PREFIX_PATH=/home/dalv204/sandbox/f1tenth_ws/install/vesc_msgs:${AMENT_PREFIX_PATH} CMAKE_PREFIX_PATH=/home/dalv204/sandbox/f1tenth_ws/install/vesc_msgs${CMAKE_PREFIX_PATH} LD_LIBRARY_PATH=/home/dalv204/sandbox/f1tenth_ws/install/vesc_msgs/lib:${LD_LIBRARY_PATH} PYTHONPATH=/home/dalv204/sandbox/f1tenth_ws/install/vesc_msgs/lib/python3.8/site-packages:${PYTHONPATH} /usr/bin/cmake --build /home/dalv204/sandbox/f1tenth_ws/build/vesc_ackermann -- -j6 -l6
[0.640s] Invoking command in '/home/dalv204/sandbox/f1tenth_ws/build/vesc_ackermann': AMENT_PREFIX_PATH=/home/dalv204/sandbox/f1tenth_ws/install/vesc_msgs:${AMENT_PREFIX_PATH} CMAKE_PREFIX_PATH=/home/dalv204/sandbox/f1tenth_ws/install/vesc_msgs${CMAKE_PREFIX_PATH} LD_LIBRARY_PATH=/home/dalv204/sandbox/f1tenth_ws/install/vesc_msgs/lib:${LD_LIBRARY_PATH} PYTHONPATH=/home/dalv204/sandbox/f1tenth_ws/install/vesc_msgs/lib/python3.8/site-packages:${PYTHONPATH} /usr/bin/cmake --install /home/dalv204/sandbox/f1tenth_ws/build/vesc_ackermann
[0.666s] -- Install configuration: ""
[0.667s] -- Up-to-date: /home/dalv204/sandbox/f1tenth_ws/install/vesc_ackermann/lib/vesc_ackermann/ackermann_to_vesc_node
[0.669s] -- Up-to-date: /home/dalv204/sandbox/f1tenth_ws/install/vesc_ackermann/lib/vesc_ackermann/vesc_to_odom_node
[0.670s] -- Up-to-date: /home/dalv204/sandbox/f1tenth_ws/install/vesc_ackermann/include
[0.671s] -- Up-to-date: /home/dalv204/sandbox/f1tenth_ws/install/vesc_ackermann/include/vesc_ackermann
[0.672s] -- Up-to-date: /home/dalv204/sandbox/f1tenth_ws/install/vesc_ackermann/include/vesc_ackermann/ackermann_to_vesc.hpp
[0.673s] -- Up-to-date: /home/dalv204/sandbox/f1tenth_ws/install/vesc_ackermann/include/vesc_ackermann/vesc_to_odom.hpp
[0.680s] -- Up-to-date: /home/dalv204/sandbox/f1tenth_ws/install/vesc_ackermann/share/vesc_ackermann/environment/library_path.sh
[0.681s] -- Up-to-date: /home/dalv204/sandbox/f1tenth_ws/install/vesc_ackermann/share/vesc_ackermann/environment/library_path.dsv
[0.682s] -- Up-to-date: /home/dalv204/sandbox/f1tenth_ws/install/vesc_ackermann/lib/libvesc_ackermann.so
[0.684s] -- Up-to-date: /home/dalv204/sandbox/f1tenth_ws/install/vesc_ackermann/share/vesc_ackermann/launch
[0.688s] -- Up-to-date: /home/dalv204/sandbox/f1tenth_ws/install/vesc_ackermann/share/vesc_ackermann/launch/ackermann_to_vesc_node.launch.xml
[0.688s] -- Up-to-date: /home/dalv204/sandbox/f1tenth_ws/install/vesc_ackermann/share/vesc_ackermann/launch/vesc_to_odom_node.launch.xml
[0.689s] -- Up-to-date: /home/dalv204/sandbox/f1tenth_ws/install/vesc_ackermann/share/ament_index/resource_index/package_run_dependencies/vesc_ackermann
[0.689s] -- Up-to-date: /home/dalv204/sandbox/f1tenth_ws/install/vesc_ackermann/share/ament_index/resource_index/parent_prefix_path/vesc_ackermann
[0.690s] -- Up-to-date: /home/dalv204/sandbox/f1tenth_ws/install/vesc_ackermann/share/vesc_ackermann/environment/ament_prefix_path.sh
[0.690s] -- Up-to-date: /home/dalv204/sandbox/f1tenth_ws/install/vesc_ackermann/share/vesc_ackermann/environment/ament_prefix_path.dsv
[0.691s] -- Up-to-date: /home/dalv204/sandbox/f1tenth_ws/install/vesc_ackermann/share/vesc_ackermann/environment/path.sh
[0.691s] -- Up-to-date: /home/dalv204/sandbox/f1tenth_ws/install/vesc_ackermann/share/vesc_ackermann/environment/path.dsv
[0.692s] -- Up-to-date: /home/dalv204/sandbox/f1tenth_ws/install/vesc_ackermann/share/vesc_ackermann/local_setup.bash
[0.692s] -- Up-to-date: /home/dalv204/sandbox/f1tenth_ws/install/vesc_ackermann/share/vesc_ackermann/local_setup.sh
[0.692s] -- Up-to-date: /home/dalv204/sandbox/f1tenth_ws/install/vesc_ackermann/share/vesc_ackermann/local_setup.zsh
[0.693s] -- Up-to-date: /home/dalv204/sandbox/f1tenth_ws/install/vesc_ackermann/share/vesc_ackermann/local_setup.dsv
[0.693s] -- Installing: /home/dalv204/sandbox/f1tenth_ws/install/vesc_ackermann/share/vesc_ackermann/package.dsv
[0.695s] -- Up-to-date: /home/dalv204/sandbox/f1tenth_ws/install/vesc_ackermann/share/ament_index/resource_index/packages/vesc_ackermann
[0.696s] -- Up-to-date: /home/dalv204/sandbox/f1tenth_ws/install/vesc_ackermann/share/ament_index/resource_index/rclcpp_components/vesc_ackermann
[0.696s] -- Up-to-date: /home/dalv204/sandbox/f1tenth_ws/install/vesc_ackermann/share/vesc_ackermann/cmake/ament_cmake_export_dependencies-extras.cmake
[0.696s] -- Up-to-date: /home/dalv204/sandbox/f1tenth_ws/install/vesc_ackermann/share/vesc_ackermann/cmake/ament_cmake_export_include_directories-extras.cmake
[0.696s] -- Up-to-date: /home/dalv204/sandbox/f1tenth_ws/install/vesc_ackermann/share/vesc_ackermann/cmake/ament_cmake_export_libraries-extras.cmake
[0.696s] -- Up-to-date: /home/dalv204/sandbox/f1tenth_ws/install/vesc_ackermann/share/vesc_ackermann/cmake/vesc_ackermannConfig.cmake
[0.696s] -- Up-to-date: /home/dalv204/sandbox/f1tenth_ws/install/vesc_ackermann/share/vesc_ackermann/cmake/vesc_ackermannConfig-version.cmake
[0.697s] -- Up-to-date: /home/dalv204/sandbox/f1tenth_ws/install/vesc_ackermann/share/vesc_ackermann/package.xml
[0.708s] Invoked command in '/home/dalv204/sandbox/f1tenth_ws/build/vesc_ackermann' returned '0': AMENT_PREFIX_PATH=/home/dalv204/sandbox/f1tenth_ws/install/vesc_msgs:${AMENT_PREFIX_PATH} CMAKE_PREFIX_PATH=/home/dalv204/sandbox/f1tenth_ws/install/vesc_msgs${CMAKE_PREFIX_PATH} LD_LIBRARY_PATH=/home/dalv204/sandbox/f1tenth_ws/install/vesc_msgs/lib:${LD_LIBRARY_PATH} PYTHONPATH=/home/dalv204/sandbox/f1tenth_ws/install/vesc_msgs/lib/python3.8/site-packages:${PYTHONPATH} /usr/bin/cmake --install /home/dalv204/sandbox/f1tenth_ws/build/vesc_ackermann
