[0.636s] Invoking command in '/home/dalv204/sandbox/f1tenth_ws/build/vesc_ackermann': CMAKE_PREFIX_PATH=/home/dalv204/sandbox/f1tenth_ws/install/vesc_msgs:/home/dalv204/sandbox/f1tenth_ws/install/wall_follow:/home/dalv204/sandbox/f1tenth_ws/install/vesc:/home/dalv204/sandbox/f1tenth_ws/install/vesc_driver:/home/dalv204/sandbox/f1tenth_ws/install/vesc_ackermann:/home/dalv204/sandbox/f1tenth_ws/install/teleop_tools:/home/dalv204/sandbox/f1tenth_ws/install/teleop_tools_msgs:/home/dalv204/sandbox/f1tenth_ws/install/pure_pursuit:/home/dalv204/sandbox/f1tenth_ws/install/lab2_pkg:/home/dalv204/sandbox/f1tenth_ws/install/gap_follow:/home/dalv204/sandbox/f1tenth_ws/install/ackermann_mux:/opt/ros/foxy:/home/dalv204/sandbox/f1tenth_ws/install/f1tenth_stack:/home/dalv204/sandbox/f1tenth_ws/install/joy_teleop:/home/dalv204/sandbox/f1tenth_ws/install/particle_filter:/home/dalv204/sandbox/f1tenth_ws/install/mouse_teleop:/home/dalv204/sandbox/f1tenth_ws/install/key_teleop LD_LIBRARY_PATH=/home/dalv204/sandbox/f1tenth_ws/install/vesc_msgs/lib:/home/dalv204/sandbox/f1tenth_ws/install/vesc_driver/lib:/home/dalv204/sandbox/f1tenth_ws/install/vesc_ackermann/lib:/home/dalv204/sandbox/f1tenth_ws/install/teleop_tools_msgs/lib:/opt/ros/foxy/opt/yaml_cpp_vendor/lib:/opt/ros/foxy/opt/rviz_ogre_vendor/lib:/opt/ros/foxy/lib/aarch64-linux-gnu:/opt/ros/foxy/lib PYTHONPATH=/home/dalv204/sandbox/f1tenth_ws/install/vesc_msgs/lib/python3.8/site-packages:/home/dalv204/sandbox/f1tenth_ws/install/wall_follow/lib/python3.8/site-packages:/home/dalv204/sandbox/f1tenth_ws/install/f1tenth_stack/lib/python3.8/site-packages:/home/dalv204/sandbox/f1tenth_ws/install/joy_teleop/lib/python3.8/site-packages:/home/dalv204/sandbox/f1tenth_ws/install/teleop_tools_msgs/lib/python3.8/site-packages:/home/dalv204/sandbox/f1tenth_ws/install/pure_pursuit/lib/python3.8/site-packages:/home/dalv204/sandbox/f1tenth_ws/install/particle_filter/lib/python3.8/site-packages:/home/dalv204/sandbox/f1tenth_ws/install/mouse_teleop/lib/python3.8/site-packages:/home/dalv204/sandbox/f1tenth_ws/install/key_teleop/lib/python3.8/site-packages:/home/dalv204/sandbox/f1tenth_ws/install/gap_follow/lib/python3.8/site-packages:/opt/ros/foxy/lib/python3.8/site-packages /usr/bin/cmake --build /home/dalv204/sandbox/f1tenth_ws/build/vesc_ackermann -- -j6 -l6
[0.663s] make: Warning: File 'Makefile' has modification time 1718621226 s in the future
[0.757s] make[1]: Warning: File 'CMakeFiles/Makefile2' has modification time 1718621226 s in the future
[0.770s] make[2]: Warning: File 'CMakeFiles/ackermann_to_vesc_node.dir/flags.make' has modification time 1718621226 s in the future
[0.779s] make[2]: Warning: File 'CMakeFiles/vesc_to_odom_node.dir/flags.make' has modification time 1718621226 s in the future
[0.794s] make[2]: Warning: File 'CMakeFiles/vesc_ackermann.dir/flags.make' has modification time 1718621226 s in the future
[0.812s] make[2]: warning:  Clock skew detected.  Your build may be incomplete.
[0.817s] make[2]: Warning: File 'CMakeFiles/ackermann_to_vesc_node.dir/flags.make' has modification time 1718621226 s in the future
[0.831s] make[2]: warning:  Clock skew detected.  Your build may be incomplete.
[0.848s] [ 28%] Built target ackermann_to_vesc_node
[0.851s] make[2]: warning:  Clock skew detected.  Your build may be incomplete.
[0.857s] make[2]: warning:  Clock skew detected.  Your build may be incomplete.
[0.858s] make[2]: Warning: File 'CMakeFiles/vesc_ackermann.dir/flags.make' has modification time 1718621226 s in the future
[0.862s] make[2]: Warning: File 'CMakeFiles/vesc_to_odom_node.dir/flags.make' has modification time 1718621226 s in the future
[0.880s] make[2]: warning:  Clock skew detected.  Your build may be incomplete.
[0.889s] make[2]: warning:  Clock skew detected.  Your build may be incomplete.
[0.929s] [ 71%] Built target vesc_ackermann
[0.942s] [100%] Built target vesc_to_odom_node
[0.946s] make[1]: warning:  Clock skew detected.  Your build may be incomplete.
[0.992s] make: warning:  Clock skew detected.  Your build may be incomplete.
[1.001s] Invoked command in '/home/dalv204/sandbox/f1tenth_ws/build/vesc_ackermann' returned '0': CMAKE_PREFIX_PATH=/home/dalv204/sandbox/f1tenth_ws/install/vesc_msgs:/home/dalv204/sandbox/f1tenth_ws/install/wall_follow:/home/dalv204/sandbox/f1tenth_ws/install/vesc:/home/dalv204/sandbox/f1tenth_ws/install/vesc_driver:/home/dalv204/sandbox/f1tenth_ws/install/vesc_ackermann:/home/dalv204/sandbox/f1tenth_ws/install/teleop_tools:/home/dalv204/sandbox/f1tenth_ws/install/teleop_tools_msgs:/home/dalv204/sandbox/f1tenth_ws/install/pure_pursuit:/home/dalv204/sandbox/f1tenth_ws/install/lab2_pkg:/home/dalv204/sandbox/f1tenth_ws/install/gap_follow:/home/dalv204/sandbox/f1tenth_ws/install/ackermann_mux:/opt/ros/foxy:/home/dalv204/sandbox/f1tenth_ws/install/f1tenth_stack:/home/dalv204/sandbox/f1tenth_ws/install/joy_teleop:/home/dalv204/sandbox/f1tenth_ws/install/particle_filter:/home/dalv204/sandbox/f1tenth_ws/install/mouse_teleop:/home/dalv204/sandbox/f1tenth_ws/install/key_teleop LD_LIBRARY_PATH=/home/dalv204/sandbox/f1tenth_ws/install/vesc_msgs/lib:/home/dalv204/sandbox/f1tenth_ws/install/vesc_driver/lib:/home/dalv204/sandbox/f1tenth_ws/install/vesc_ackermann/lib:/home/dalv204/sandbox/f1tenth_ws/install/teleop_tools_msgs/lib:/opt/ros/foxy/opt/yaml_cpp_vendor/lib:/opt/ros/foxy/opt/rviz_ogre_vendor/lib:/opt/ros/foxy/lib/aarch64-linux-gnu:/opt/ros/foxy/lib PYTHONPATH=/home/dalv204/sandbox/f1tenth_ws/install/vesc_msgs/lib/python3.8/site-packages:/home/dalv204/sandbox/f1tenth_ws/install/wall_follow/lib/python3.8/site-packages:/home/dalv204/sandbox/f1tenth_ws/install/f1tenth_stack/lib/python3.8/site-packages:/home/dalv204/sandbox/f1tenth_ws/install/joy_teleop/lib/python3.8/site-packages:/home/dalv204/sandbox/f1tenth_ws/install/teleop_tools_msgs/lib/python3.8/site-packages:/home/dalv204/sandbox/f1tenth_ws/install/pure_pursuit/lib/python3.8/site-packages:/home/dalv204/sandbox/f1tenth_ws/install/particle_filter/lib/python3.8/site-packages:/home/dalv204/sandbox/f1tenth_ws/install/mouse_teleop/lib/python3.8/site-packages:/home/dalv204/sandbox/f1tenth_ws/install/key_teleop/lib/python3.8/site-packages:/home/dalv204/sandbox/f1tenth_ws/install/gap_follow/lib/python3.8/site-packages:/opt/ros/foxy/lib/python3.8/site-packages /usr/bin/cmake --build /home/dalv204/sandbox/f1tenth_ws/build/vesc_ackermann -- -j6 -l6
[1.207s] Invoking command in '/home/dalv204/sandbox/f1tenth_ws/build/vesc_ackermann': CMAKE_PREFIX_PATH=/home/dalv204/sandbox/f1tenth_ws/install/vesc_msgs:/home/dalv204/sandbox/f1tenth_ws/install/wall_follow:/home/dalv204/sandbox/f1tenth_ws/install/vesc:/home/dalv204/sandbox/f1tenth_ws/install/vesc_driver:/home/dalv204/sandbox/f1tenth_ws/install/vesc_ackermann:/home/dalv204/sandbox/f1tenth_ws/install/teleop_tools:/home/dalv204/sandbox/f1tenth_ws/install/teleop_tools_msgs:/home/dalv204/sandbox/f1tenth_ws/install/pure_pursuit:/home/dalv204/sandbox/f1tenth_ws/install/lab2_pkg:/home/dalv204/sandbox/f1tenth_ws/install/gap_follow:/home/dalv204/sandbox/f1tenth_ws/install/ackermann_mux:/opt/ros/foxy:/home/dalv204/sandbox/f1tenth_ws/install/f1tenth_stack:/home/dalv204/sandbox/f1tenth_ws/install/joy_teleop:/home/dalv204/sandbox/f1tenth_ws/install/particle_filter:/home/dalv204/sandbox/f1tenth_ws/install/mouse_teleop:/home/dalv204/sandbox/f1tenth_ws/install/key_teleop LD_LIBRARY_PATH=/home/dalv204/sandbox/f1tenth_ws/install/vesc_msgs/lib:/home/dalv204/sandbox/f1tenth_ws/install/vesc_driver/lib:/home/dalv204/sandbox/f1tenth_ws/install/vesc_ackermann/lib:/home/dalv204/sandbox/f1tenth_ws/install/teleop_tools_msgs/lib:/opt/ros/foxy/opt/yaml_cpp_vendor/lib:/opt/ros/foxy/opt/rviz_ogre_vendor/lib:/opt/ros/foxy/lib/aarch64-linux-gnu:/opt/ros/foxy/lib PYTHONPATH=/home/dalv204/sandbox/f1tenth_ws/install/vesc_msgs/lib/python3.8/site-packages:/home/dalv204/sandbox/f1tenth_ws/install/wall_follow/lib/python3.8/site-packages:/home/dalv204/sandbox/f1tenth_ws/install/f1tenth_stack/lib/python3.8/site-packages:/home/dalv204/sandbox/f1tenth_ws/install/joy_teleop/lib/python3.8/site-packages:/home/dalv204/sandbox/f1tenth_ws/install/teleop_tools_msgs/lib/python3.8/site-packages:/home/dalv204/sandbox/f1tenth_ws/install/pure_pursuit/lib/python3.8/site-packages:/home/dalv204/sandbox/f1tenth_ws/install/particle_filter/lib/python3.8/site-packages:/home/dalv204/sandbox/f1tenth_ws/install/mouse_teleop/lib/python3.8/site-packages:/home/dalv204/sandbox/f1tenth_ws/install/key_teleop/lib/python3.8/site-packages:/home/dalv204/sandbox/f1tenth_ws/install/gap_follow/lib/python3.8/site-packages:/opt/ros/foxy/lib/python3.8/site-packages /usr/bin/cmake --install /home/dalv204/sandbox/f1tenth_ws/build/vesc_ackermann
[1.249s] -- Install configuration: ""
[1.250s] -- Up-to-date: /home/dalv204/sandbox/f1tenth_ws/install/vesc_ackermann/lib/vesc_ackermann/ackermann_to_vesc_node
[1.251s] -- Up-to-date: /home/dalv204/sandbox/f1tenth_ws/install/vesc_ackermann/lib/vesc_ackermann/vesc_to_odom_node
[1.253s] -- Up-to-date: /home/dalv204/sandbox/f1tenth_ws/install/vesc_ackermann/include
[1.253s] -- Up-to-date: /home/dalv204/sandbox/f1tenth_ws/install/vesc_ackermann/include/vesc_ackermann
[1.253s] -- Up-to-date: /home/dalv204/sandbox/f1tenth_ws/install/vesc_ackermann/include/vesc_ackermann/ackermann_to_vesc.hpp
[1.253s] -- Up-to-date: /home/dalv204/sandbox/f1tenth_ws/install/vesc_ackermann/include/vesc_ackermann/vesc_to_odom.hpp
[1.254s] -- Up-to-date: /home/dalv204/sandbox/f1tenth_ws/install/vesc_ackermann/share/vesc_ackermann/environment/library_path.sh
[1.254s] -- Up-to-date: /home/dalv204/sandbox/f1tenth_ws/install/vesc_ackermann/share/vesc_ackermann/environment/library_path.dsv
[1.254s] -- Up-to-date: /home/dalv204/sandbox/f1tenth_ws/install/vesc_ackermann/lib/libvesc_ackermann.so
[1.258s] -- Up-to-date: /home/dalv204/sandbox/f1tenth_ws/install/vesc_ackermann/share/vesc_ackermann/launch
[1.259s] -- Up-to-date: /home/dalv204/sandbox/f1tenth_ws/install/vesc_ackermann/share/vesc_ackermann/launch/ackermann_to_vesc_node.launch.xml
[1.259s] -- Up-to-date: /home/dalv204/sandbox/f1tenth_ws/install/vesc_ackermann/share/vesc_ackermann/launch/vesc_to_odom_node.launch.xml
[1.260s] -- Up-to-date: /home/dalv204/sandbox/f1tenth_ws/install/vesc_ackermann/share/ament_index/resource_index/package_run_dependencies/vesc_ackermann
[1.262s] -- Up-to-date: /home/dalv204/sandbox/f1tenth_ws/install/vesc_ackermann/share/ament_index/resource_index/parent_prefix_path/vesc_ackermann
[1.262s] -- Up-to-date: /home/dalv204/sandbox/f1tenth_ws/install/vesc_ackermann/share/vesc_ackermann/environment/ament_prefix_path.sh
[1.262s] -- Up-to-date: /home/dalv204/sandbox/f1tenth_ws/install/vesc_ackermann/share/vesc_ackermann/environment/ament_prefix_path.dsv
[1.263s] -- Up-to-date: /home/dalv204/sandbox/f1tenth_ws/install/vesc_ackermann/share/vesc_ackermann/environment/path.sh
[1.263s] -- Up-to-date: /home/dalv204/sandbox/f1tenth_ws/install/vesc_ackermann/share/vesc_ackermann/environment/path.dsv
[1.263s] -- Up-to-date: /home/dalv204/sandbox/f1tenth_ws/install/vesc_ackermann/share/vesc_ackermann/local_setup.bash
[1.263s] -- Up-to-date: /home/dalv204/sandbox/f1tenth_ws/install/vesc_ackermann/share/vesc_ackermann/local_setup.sh
[1.264s] -- Up-to-date: /home/dalv204/sandbox/f1tenth_ws/install/vesc_ackermann/share/vesc_ackermann/local_setup.zsh
[1.264s] -- Up-to-date: /home/dalv204/sandbox/f1tenth_ws/install/vesc_ackermann/share/vesc_ackermann/local_setup.dsv
[1.264s] -- Installing: /home/dalv204/sandbox/f1tenth_ws/install/vesc_ackermann/share/vesc_ackermann/package.dsv
[1.265s] -- Up-to-date: /home/dalv204/sandbox/f1tenth_ws/install/vesc_ackermann/share/ament_index/resource_index/packages/vesc_ackermann
[1.265s] -- Up-to-date: /home/dalv204/sandbox/f1tenth_ws/install/vesc_ackermann/share/ament_index/resource_index/rclcpp_components/vesc_ackermann
[1.265s] -- Up-to-date: /home/dalv204/sandbox/f1tenth_ws/install/vesc_ackermann/share/vesc_ackermann/cmake/ament_cmake_export_dependencies-extras.cmake
[1.265s] -- Up-to-date: /home/dalv204/sandbox/f1tenth_ws/install/vesc_ackermann/share/vesc_ackermann/cmake/ament_cmake_export_include_directories-extras.cmake
[1.266s] -- Up-to-date: /home/dalv204/sandbox/f1tenth_ws/install/vesc_ackermann/share/vesc_ackermann/cmake/ament_cmake_export_libraries-extras.cmake
[1.266s] -- Up-to-date: /home/dalv204/sandbox/f1tenth_ws/install/vesc_ackermann/share/vesc_ackermann/cmake/vesc_ackermannConfig.cmake
[1.267s] -- Up-to-date: /home/dalv204/sandbox/f1tenth_ws/install/vesc_ackermann/share/vesc_ackermann/cmake/vesc_ackermannConfig-version.cmake
[1.267s] -- Up-to-date: /home/dalv204/sandbox/f1tenth_ws/install/vesc_ackermann/share/vesc_ackermann/package.xml
[1.298s] Invoked command in '/home/dalv204/sandbox/f1tenth_ws/build/vesc_ackermann' returned '0': CMAKE_PREFIX_PATH=/home/dalv204/sandbox/f1tenth_ws/install/vesc_msgs:/home/dalv204/sandbox/f1tenth_ws/install/wall_follow:/home/dalv204/sandbox/f1tenth_ws/install/vesc:/home/dalv204/sandbox/f1tenth_ws/install/vesc_driver:/home/dalv204/sandbox/f1tenth_ws/install/vesc_ackermann:/home/dalv204/sandbox/f1tenth_ws/install/teleop_tools:/home/dalv204/sandbox/f1tenth_ws/install/teleop_tools_msgs:/home/dalv204/sandbox/f1tenth_ws/install/pure_pursuit:/home/dalv204/sandbox/f1tenth_ws/install/lab2_pkg:/home/dalv204/sandbox/f1tenth_ws/install/gap_follow:/home/dalv204/sandbox/f1tenth_ws/install/ackermann_mux:/opt/ros/foxy:/home/dalv204/sandbox/f1tenth_ws/install/f1tenth_stack:/home/dalv204/sandbox/f1tenth_ws/install/joy_teleop:/home/dalv204/sandbox/f1tenth_ws/install/particle_filter:/home/dalv204/sandbox/f1tenth_ws/install/mouse_teleop:/home/dalv204/sandbox/f1tenth_ws/install/key_teleop LD_LIBRARY_PATH=/home/dalv204/sandbox/f1tenth_ws/install/vesc_msgs/lib:/home/dalv204/sandbox/f1tenth_ws/install/vesc_driver/lib:/home/dalv204/sandbox/f1tenth_ws/install/vesc_ackermann/lib:/home/dalv204/sandbox/f1tenth_ws/install/teleop_tools_msgs/lib:/opt/ros/foxy/opt/yaml_cpp_vendor/lib:/opt/ros/foxy/opt/rviz_ogre_vendor/lib:/opt/ros/foxy/lib/aarch64-linux-gnu:/opt/ros/foxy/lib PYTHONPATH=/home/dalv204/sandbox/f1tenth_ws/install/vesc_msgs/lib/python3.8/site-packages:/home/dalv204/sandbox/f1tenth_ws/install/wall_follow/lib/python3.8/site-packages:/home/dalv204/sandbox/f1tenth_ws/install/f1tenth_stack/lib/python3.8/site-packages:/home/dalv204/sandbox/f1tenth_ws/install/joy_teleop/lib/python3.8/site-packages:/home/dalv204/sandbox/f1tenth_ws/install/teleop_tools_msgs/lib/python3.8/site-packages:/home/dalv204/sandbox/f1tenth_ws/install/pure_pursuit/lib/python3.8/site-packages:/home/dalv204/sandbox/f1tenth_ws/install/particle_filter/lib/python3.8/site-packages:/home/dalv204/sandbox/f1tenth_ws/install/mouse_teleop/lib/python3.8/site-packages:/home/dalv204/sandbox/f1tenth_ws/install/key_teleop/lib/python3.8/site-packages:/home/dalv204/sandbox/f1tenth_ws/install/gap_follow/lib/python3.8/site-packages:/opt/ros/foxy/lib/python3.8/site-packages /usr/bin/cmake --install /home/dalv204/sandbox/f1tenth_ws/build/vesc_ackermann
