[2.002s] Invoking command in '/home/dalv204/sandbox/f1tenth_ws/src/f1tenth_system/teleop_tools/key_teleop': PYTHONPATH=/home/dalv204/sandbox/f1tenth_ws/build/key_teleop/prefix_override:/home/dalv204/sandbox/f1tenth_ws/install/key_teleop/lib/python3.8/site-packages:${PYTHONPATH} /usr/bin/python3 -W ignore:setup.py install is deprecated setup.py egg_info --egg-base ../../../../build/key_teleop build --build-base /home/dalv204/sandbox/f1tenth_ws/build/key_teleop/build install --record /home/dalv204/sandbox/f1tenth_ws/build/key_teleop/install.log --install-scripts $base/lib/key_teleop --single-version-externally-managed install_data
[2.450s] running egg_info
[2.451s] creating ../../../../build/key_teleop/key_teleop.egg-info
[2.451s] writing ../../../../build/key_teleop/key_teleop.egg-info/PKG-INFO
[2.452s] writing dependency_links to ../../../../build/key_teleop/key_teleop.egg-info/dependency_links.txt
[2.452s] writing entry points to ../../../../build/key_teleop/key_teleop.egg-info/entry_points.txt
[2.452s] writing requirements to ../../../../build/key_teleop/key_teleop.egg-info/requires.txt
[2.452s] writing top-level names to ../../../../build/key_teleop/key_teleop.egg-info/top_level.txt
[2.456s] writing manifest file '../../../../build/key_teleop/key_teleop.egg-info/SOURCES.txt'
[2.520s] reading manifest file '../../../../build/key_teleop/key_teleop.egg-info/SOURCES.txt'
[2.522s] writing manifest file '../../../../build/key_teleop/key_teleop.egg-info/SOURCES.txt'
[2.522s] running build
[2.522s] running build_py
[2.522s] creating /home/dalv204/sandbox/f1tenth_ws/build/key_teleop/build
[2.523s] creating /home/dalv204/sandbox/f1tenth_ws/build/key_teleop/build/lib
[2.523s] creating /home/dalv204/sandbox/f1tenth_ws/build/key_teleop/build/lib/key_teleop
[2.523s] copying key_teleop/key_teleop.py -> /home/dalv204/sandbox/f1tenth_ws/build/key_teleop/build/lib/key_teleop
[2.523s] copying key_teleop/__init__.py -> /home/dalv204/sandbox/f1tenth_ws/build/key_teleop/build/lib/key_teleop
[2.524s] running install
[2.526s] running install_lib
[2.528s] creating /home/dalv204/sandbox/f1tenth_ws/install/key_teleop/lib/python3.8/site-packages/key_teleop
[2.528s] copying /home/dalv204/sandbox/f1tenth_ws/build/key_teleop/build/lib/key_teleop/key_teleop.py -> /home/dalv204/sandbox/f1tenth_ws/install/key_teleop/lib/python3.8/site-packages/key_teleop
[2.528s] copying /home/dalv204/sandbox/f1tenth_ws/build/key_teleop/build/lib/key_teleop/__init__.py -> /home/dalv204/sandbox/f1tenth_ws/install/key_teleop/lib/python3.8/site-packages/key_teleop
[2.530s] byte-compiling /home/dalv204/sandbox/f1tenth_ws/install/key_teleop/lib/python3.8/site-packages/key_teleop/key_teleop.py to key_teleop.cpython-38.pyc
[2.534s] byte-compiling /home/dalv204/sandbox/f1tenth_ws/install/key_teleop/lib/python3.8/site-packages/key_teleop/__init__.py to __init__.cpython-38.pyc
[2.535s] running install_data
[2.535s] copying package.xml -> /home/dalv204/sandbox/f1tenth_ws/install/key_teleop/share/key_teleop
[2.535s] creating /home/dalv204/sandbox/f1tenth_ws/install/key_teleop/share/key_teleop/config
[2.536s] copying config/key_teleop.yaml -> /home/dalv204/sandbox/f1tenth_ws/install/key_teleop/share/key_teleop/config
[2.536s] creating /home/dalv204/sandbox/f1tenth_ws/install/key_teleop/share/ament_index
[2.536s] creating /home/dalv204/sandbox/f1tenth_ws/install/key_teleop/share/ament_index/resource_index
[2.537s] creating /home/dalv204/sandbox/f1tenth_ws/install/key_teleop/share/ament_index/resource_index/packages
[2.537s] copying resource/key_teleop -> /home/dalv204/sandbox/f1tenth_ws/install/key_teleop/share/ament_index/resource_index/packages
[2.537s] running install_egg_info
[2.541s] Copying ../../../../build/key_teleop/key_teleop.egg-info to /home/dalv204/sandbox/f1tenth_ws/install/key_teleop/lib/python3.8/site-packages/key_teleop-0.3.0-py3.8.egg-info
[2.544s] running install_scripts
[2.583s] Installing key_teleop script to /home/dalv204/sandbox/f1tenth_ws/install/key_teleop/lib/key_teleop
[2.584s] writing list of installed files to '/home/dalv204/sandbox/f1tenth_ws/build/key_teleop/install.log'
[2.650s] Invoked command in '/home/dalv204/sandbox/f1tenth_ws/src/f1tenth_system/teleop_tools/key_teleop' returned '0': PYTHONPATH=/home/dalv204/sandbox/f1tenth_ws/build/key_teleop/prefix_override:/home/dalv204/sandbox/f1tenth_ws/install/key_teleop/lib/python3.8/site-packages:${PYTHONPATH} /usr/bin/python3 -W ignore:setup.py install is deprecated setup.py egg_info --egg-base ../../../../build/key_teleop build --build-base /home/dalv204/sandbox/f1tenth_ws/build/key_teleop/build install --record /home/dalv204/sandbox/f1tenth_ws/build/key_teleop/install.log --install-scripts $base/lib/key_teleop --single-version-externally-managed install_data
