[0.562s] Invoking command in '/home/dalv204/sandbox/f1tenth_ws/build/lab2_pkg': /usr/bin/cmake --build /home/dalv204/sandbox/f1tenth_ws/build/lab2_pkg -- -j6 -l6
[0.648s] Invoked command in '/home/dalv204/sandbox/f1tenth_ws/build/lab2_pkg' returned '0': /usr/bin/cmake --build /home/dalv204/sandbox/f1tenth_ws/build/lab2_pkg -- -j6 -l6
[0.757s] Invoking command in '/home/dalv204/sandbox/f1tenth_ws/build/lab2_pkg': /usr/bin/cmake --install /home/dalv204/sandbox/f1tenth_ws/build/lab2_pkg
[0.783s] -- Install configuration: ""
[0.788s] -- Up-to-date: /home/dalv204/sandbox/f1tenth_ws/install/lab2_pkg/lib/lab2_pkg/safety_node.py
[0.788s] -- Up-to-date: /home/dalv204/sandbox/f1tenth_ws/install/lab2_pkg/share/lab2_pkg/launch/launch
[0.788s] -- Up-to-date: /home/dalv204/sandbox/f1tenth_ws/install/lab2_pkg/share/lab2_pkg/launch/launch/safety_launch.py
[0.789s] -- Up-to-date: /home/dalv204/sandbox/f1tenth_ws/install/lab2_pkg/share/lab2_pkg/launch/launch/.vscode
[0.789s] -- Up-to-date: /home/dalv204/sandbox/f1tenth_ws/install/lab2_pkg/share/lab2_pkg/launch/launch/.vscode/c_cpp_properties.json
[0.790s] -- Up-to-date: /home/dalv204/sandbox/f1tenth_ws/install/lab2_pkg/share/lab2_pkg/launch/launch/.vscode/settings.json
[0.816s] -- Up-to-date: /home/dalv204/sandbox/f1tenth_ws/install/lab2_pkg/share/ament_index/resource_index/package_run_dependencies/lab2_pkg
[0.817s] -- Up-to-date: /home/dalv204/sandbox/f1tenth_ws/install/lab2_pkg/share/ament_index/resource_index/parent_prefix_path/lab2_pkg
[0.817s] -- Up-to-date: /home/dalv204/sandbox/f1tenth_ws/install/lab2_pkg/share/lab2_pkg/environment/ament_prefix_path.sh
[0.817s] -- Up-to-date: /home/dalv204/sandbox/f1tenth_ws/install/lab2_pkg/share/lab2_pkg/environment/ament_prefix_path.dsv
[0.818s] -- Up-to-date: /home/dalv204/sandbox/f1tenth_ws/install/lab2_pkg/share/lab2_pkg/environment/path.sh
[0.819s] -- Up-to-date: /home/dalv204/sandbox/f1tenth_ws/install/lab2_pkg/share/lab2_pkg/environment/path.dsv
[0.820s] -- Up-to-date: /home/dalv204/sandbox/f1tenth_ws/install/lab2_pkg/share/lab2_pkg/local_setup.bash
[0.821s] -- Up-to-date: /home/dalv204/sandbox/f1tenth_ws/install/lab2_pkg/share/lab2_pkg/local_setup.sh
[0.822s] -- Up-to-date: /home/dalv204/sandbox/f1tenth_ws/install/lab2_pkg/share/lab2_pkg/local_setup.zsh
[0.822s] -- Up-to-date: /home/dalv204/sandbox/f1tenth_ws/install/lab2_pkg/share/lab2_pkg/local_setup.dsv
[0.822s] -- Installing: /home/dalv204/sandbox/f1tenth_ws/install/lab2_pkg/share/lab2_pkg/package.dsv
[0.822s] -- Up-to-date: /home/dalv204/sandbox/f1tenth_ws/install/lab2_pkg/share/ament_index/resource_index/packages/lab2_pkg
[0.822s] -- Up-to-date: /home/dalv204/sandbox/f1tenth_ws/install/lab2_pkg/share/lab2_pkg/cmake/lab2_pkgConfig.cmake
[0.823s] -- Up-to-date: /home/dalv204/sandbox/f1tenth_ws/install/lab2_pkg/share/lab2_pkg/cmake/lab2_pkgConfig-version.cmake
[0.823s] -- Up-to-date: /home/dalv204/sandbox/f1tenth_ws/install/lab2_pkg/share/lab2_pkg/package.xml
[0.823s] Invoked command in '/home/dalv204/sandbox/f1tenth_ws/build/lab2_pkg' returned '0': /usr/bin/cmake --install /home/dalv204/sandbox/f1tenth_ws/build/lab2_pkg
