[0.121s] Invoking command in '/home/dalv204/sandbox/f1tenth_ws/build/vesc_msgs': CMAKE_PREFIX_PATH=${CMAKE_PREFIX_PATH}:/home/dalv204/sandbox/f1tenth_ws/install/f1tenth_stack:/home/dalv204/sandbox/f1tenth_ws/install/joy_teleop:/home/dalv204/sandbox/f1tenth_ws/install/particle_filter:/home/dalv204/sandbox/f1tenth_ws/install/mouse_teleop:/home/dalv204/sandbox/f1tenth_ws/install/key_teleop /usr/bin/cmake --build /home/dalv204/sandbox/f1tenth_ws/build/vesc_msgs -- -j6 -l6
[0.921s] [  1%] Built target vesc_msgs__cpp
[0.922s] [ 12%] Built target vesc_msgs__rosidl_generator_c
[0.922s] [ 23%] Built target vesc_msgs__rosidl_typesupport_introspection_cpp
[0.922s] [ 34%] Built target vesc_msgs__rosidl_typesupport_introspection_c
[0.922s] [ 45%] Built target vesc_msgs__rosidl_typesupport_c
[0.922s] [ 56%] Built target vesc_msgs__rosidl_typesupport_fastrtps_cpp
[0.922s] [ 67%] Built target vesc_msgs__rosidl_typesupport_cpp
[0.923s] [ 78%] Built target vesc_msgs__rosidl_typesupport_fastrtps_c
[0.976s] [ 78%] Built target vesc_msgs
[1.092s] [ 80%] Built target vesc_msgs__py
[1.267s] [ 89%] Built target vesc_msgs__python
[1.421s] [ 92%] Built target vesc_msgs__rosidl_typesupport_c__pyext
[1.577s] [ 96%] Built target vesc_msgs__rosidl_typesupport_fastrtps_c__pyext
[1.685s] [100%] Built target vesc_msgs__rosidl_typesupport_introspection_c__pyext
[2.474s] Invoked command in '/home/dalv204/sandbox/f1tenth_ws/build/vesc_msgs' returned '0': CMAKE_PREFIX_PATH=${CMAKE_PREFIX_PATH}:/home/dalv204/sandbox/f1tenth_ws/install/f1tenth_stack:/home/dalv204/sandbox/f1tenth_ws/install/joy_teleop:/home/dalv204/sandbox/f1tenth_ws/install/particle_filter:/home/dalv204/sandbox/f1tenth_ws/install/mouse_teleop:/home/dalv204/sandbox/f1tenth_ws/install/key_teleop /usr/bin/cmake --build /home/dalv204/sandbox/f1tenth_ws/build/vesc_msgs -- -j6 -l6
[3.212s] Invoking command in '/home/dalv204/sandbox/f1tenth_ws/build/vesc_msgs': CMAKE_PREFIX_PATH=${CMAKE_PREFIX_PATH}:/home/dalv204/sandbox/f1tenth_ws/install/f1tenth_stack:/home/dalv204/sandbox/f1tenth_ws/install/joy_teleop:/home/dalv204/sandbox/f1tenth_ws/install/particle_filter:/home/dalv204/sandbox/f1tenth_ws/install/mouse_teleop:/home/dalv204/sandbox/f1tenth_ws/install/key_teleop /usr/bin/cmake --install /home/dalv204/sandbox/f1tenth_ws/build/vesc_msgs
[3.405s] -- Install configuration: ""
[3.405s] -- Up-to-date: /home/dalv204/sandbox/f1tenth_ws/install/vesc_msgs/share/ament_index/resource_index/rosidl_interfaces/vesc_msgs
[3.406s] -- Up-to-date: /home/dalv204/sandbox/f1tenth_ws/install/vesc_msgs/include/vesc_msgs
[3.406s] -- Up-to-date: /home/dalv204/sandbox/f1tenth_ws/install/vesc_msgs/include/vesc_msgs/msg
[3.406s] -- Up-to-date: /home/dalv204/sandbox/f1tenth_ws/install/vesc_msgs/include/vesc_msgs/msg/vesc_imu.h
[3.406s] -- Up-to-date: /home/dalv204/sandbox/f1tenth_ws/install/vesc_msgs/include/vesc_msgs/msg/vesc_imu_stamped.h
[3.406s] -- Up-to-date: /home/dalv204/sandbox/f1tenth_ws/install/vesc_msgs/include/vesc_msgs/msg/vesc_state.h
[3.407s] -- Up-to-date: /home/dalv204/sandbox/f1tenth_ws/install/vesc_msgs/include/vesc_msgs/msg/detail
[3.409s] -- Up-to-date: /home/dalv204/sandbox/f1tenth_ws/install/vesc_msgs/include/vesc_msgs/msg/detail/vesc_state__functions.c
[3.409s] -- Up-to-date: /home/dalv204/sandbox/f1tenth_ws/install/vesc_msgs/include/vesc_msgs/msg/detail/vesc_imu_stamped__functions.c
[3.409s] -- Up-to-date: /home/dalv204/sandbox/f1tenth_ws/install/vesc_msgs/include/vesc_msgs/msg/detail/vesc_imu__struct.h
[3.410s] -- Up-to-date: /home/dalv204/sandbox/f1tenth_ws/install/vesc_msgs/include/vesc_msgs/msg/detail/vesc_state_stamped__functions.c
[3.410s] -- Up-to-date: /home/dalv204/sandbox/f1tenth_ws/install/vesc_msgs/include/vesc_msgs/msg/detail/vesc_imu__type_support.h
[3.410s] -- Up-to-date: /home/dalv204/sandbox/f1tenth_ws/install/vesc_msgs/include/vesc_msgs/msg/detail/vesc_imu__functions.c
[3.410s] -- Up-to-date: /home/dalv204/sandbox/f1tenth_ws/install/vesc_msgs/include/vesc_msgs/msg/detail/vesc_state__struct.h
[3.411s] -- Up-to-date: /home/dalv204/sandbox/f1tenth_ws/install/vesc_msgs/include/vesc_msgs/msg/detail/vesc_imu_stamped__struct.h
[3.411s] -- Up-to-date: /home/dalv204/sandbox/f1tenth_ws/install/vesc_msgs/include/vesc_msgs/msg/detail/vesc_state__type_support.h
[3.411s] -- Up-to-date: /home/dalv204/sandbox/f1tenth_ws/install/vesc_msgs/include/vesc_msgs/msg/detail/vesc_imu__functions.h
[3.411s] -- Up-to-date: /home/dalv204/sandbox/f1tenth_ws/install/vesc_msgs/include/vesc_msgs/msg/detail/vesc_imu_stamped__type_support.h
[3.411s] -- Up-to-date: /home/dalv204/sandbox/f1tenth_ws/install/vesc_msgs/include/vesc_msgs/msg/detail/vesc_state_stamped__functions.h
[3.413s] -- Up-to-date: /home/dalv204/sandbox/f1tenth_ws/install/vesc_msgs/include/vesc_msgs/msg/detail/vesc_state__functions.h
[3.414s] -- Up-to-date: /home/dalv204/sandbox/f1tenth_ws/install/vesc_msgs/include/vesc_msgs/msg/detail/vesc_state_stamped__struct.h
[3.414s] -- Up-to-date: /home/dalv204/sandbox/f1tenth_ws/install/vesc_msgs/include/vesc_msgs/msg/detail/vesc_state_stamped__type_support.h
[3.418s] -- Up-to-date: /home/dalv204/sandbox/f1tenth_ws/install/vesc_msgs/include/vesc_msgs/msg/detail/vesc_imu_stamped__functions.h
[3.419s] -- Up-to-date: /home/dalv204/sandbox/f1tenth_ws/install/vesc_msgs/include/vesc_msgs/msg/vesc_state_stamped.h
[3.419s] -- Up-to-date: /home/dalv204/sandbox/f1tenth_ws/install/vesc_msgs/include/vesc_msgs/msg/rosidl_generator_c__visibility_control.h
[3.420s] -- Up-to-date: /home/dalv204/sandbox/f1tenth_ws/install/vesc_msgs/share/vesc_msgs/environment/library_path.sh
[3.429s] -- Up-to-date: /home/dalv204/sandbox/f1tenth_ws/install/vesc_msgs/share/vesc_msgs/environment/library_path.dsv
[3.429s] -- Up-to-date: /home/dalv204/sandbox/f1tenth_ws/install/vesc_msgs/lib/libvesc_msgs__rosidl_generator_c.so
[3.429s] -- Up-to-date: /home/dalv204/sandbox/f1tenth_ws/install/vesc_msgs/include/vesc_msgs
[3.429s] -- Up-to-date: /home/dalv204/sandbox/f1tenth_ws/install/vesc_msgs/include/vesc_msgs/msg
[3.430s] -- Up-to-date: /home/dalv204/sandbox/f1tenth_ws/install/vesc_msgs/include/vesc_msgs/msg/rosidl_typesupport_fastrtps_c__visibility_control.h
[3.430s] -- Up-to-date: /home/dalv204/sandbox/f1tenth_ws/install/vesc_msgs/include/vesc_msgs/msg/detail
[3.431s] -- Up-to-date: /home/dalv204/sandbox/f1tenth_ws/install/vesc_msgs/include/vesc_msgs/msg/detail/vesc_imu__rosidl_typesupport_fastrtps_c.h
[3.431s] -- Up-to-date: /home/dalv204/sandbox/f1tenth_ws/install/vesc_msgs/include/vesc_msgs/msg/detail/vesc_state__rosidl_typesupport_fastrtps_c.h
[3.431s] -- Up-to-date: /home/dalv204/sandbox/f1tenth_ws/install/vesc_msgs/include/vesc_msgs/msg/detail/vesc_state_stamped__rosidl_typesupport_fastrtps_c.h
[3.431s] -- Up-to-date: /home/dalv204/sandbox/f1tenth_ws/install/vesc_msgs/include/vesc_msgs/msg/detail/vesc_imu_stamped__rosidl_typesupport_fastrtps_c.h
[3.431s] -- Up-to-date: /home/dalv204/sandbox/f1tenth_ws/install/vesc_msgs/lib/libvesc_msgs__rosidl_typesupport_fastrtps_c.so
[3.431s] -- Up-to-date: /home/dalv204/sandbox/f1tenth_ws/install/vesc_msgs/include/vesc_msgs
[3.432s] -- Up-to-date: /home/dalv204/sandbox/f1tenth_ws/install/vesc_msgs/include/vesc_msgs/msg
[3.432s] -- Up-to-date: /home/dalv204/sandbox/f1tenth_ws/install/vesc_msgs/include/vesc_msgs/msg/rosidl_typesupport_fastrtps_cpp__visibility_control.h
[3.437s] -- Up-to-date: /home/dalv204/sandbox/f1tenth_ws/install/vesc_msgs/include/vesc_msgs/msg/detail
[3.437s] -- Up-to-date: /home/dalv204/sandbox/f1tenth_ws/install/vesc_msgs/include/vesc_msgs/msg/detail/vesc_imu__rosidl_typesupport_fastrtps_cpp.hpp
[3.437s] -- Up-to-date: /home/dalv204/sandbox/f1tenth_ws/install/vesc_msgs/include/vesc_msgs/msg/detail/vesc_imu_stamped__rosidl_typesupport_fastrtps_cpp.hpp
[3.440s] -- Up-to-date: /home/dalv204/sandbox/f1tenth_ws/install/vesc_msgs/include/vesc_msgs/msg/detail/dds_fastrtps
[3.440s] -- Up-to-date: /home/dalv204/sandbox/f1tenth_ws/install/vesc_msgs/include/vesc_msgs/msg/detail/vesc_state_stamped__rosidl_typesupport_fastrtps_cpp.hpp
[3.441s] -- Up-to-date: /home/dalv204/sandbox/f1tenth_ws/install/vesc_msgs/include/vesc_msgs/msg/detail/vesc_state__rosidl_typesupport_fastrtps_cpp.hpp
[3.441s] -- Up-to-date: /home/dalv204/sandbox/f1tenth_ws/install/vesc_msgs/lib/libvesc_msgs__rosidl_typesupport_fastrtps_cpp.so
[3.441s] -- Up-to-date: /home/dalv204/sandbox/f1tenth_ws/install/vesc_msgs/include/vesc_msgs
[3.441s] -- Up-to-date: /home/dalv204/sandbox/f1tenth_ws/install/vesc_msgs/include/vesc_msgs/msg
[3.445s] -- Up-to-date: /home/dalv204/sandbox/f1tenth_ws/install/vesc_msgs/include/vesc_msgs/msg/detail
[3.446s] -- Up-to-date: /home/dalv204/sandbox/f1tenth_ws/install/vesc_msgs/include/vesc_msgs/msg/detail/vesc_imu__type_support.c
[3.446s] -- Up-to-date: /home/dalv204/sandbox/f1tenth_ws/install/vesc_msgs/include/vesc_msgs/msg/detail/vesc_state_stamped__type_support.c
[3.453s] -- Up-to-date: /home/dalv204/sandbox/f1tenth_ws/install/vesc_msgs/include/vesc_msgs/msg/detail/vesc_state__rosidl_typesupport_introspection_c.h
[3.453s] -- Up-to-date: /home/dalv204/sandbox/f1tenth_ws/install/vesc_msgs/include/vesc_msgs/msg/detail/vesc_imu_stamped__rosidl_typesupport_introspection_c.h
[3.453s] -- Up-to-date: /home/dalv204/sandbox/f1tenth_ws/install/vesc_msgs/include/vesc_msgs/msg/detail/vesc_state__type_support.c
[3.456s] -- Up-to-date: /home/dalv204/sandbox/f1tenth_ws/install/vesc_msgs/include/vesc_msgs/msg/detail/vesc_state_stamped__rosidl_typesupport_introspection_c.h
[3.457s] -- Up-to-date: /home/dalv204/sandbox/f1tenth_ws/install/vesc_msgs/include/vesc_msgs/msg/detail/vesc_imu__rosidl_typesupport_introspection_c.h
[3.457s] -- Up-to-date: /home/dalv204/sandbox/f1tenth_ws/install/vesc_msgs/include/vesc_msgs/msg/detail/vesc_imu_stamped__type_support.c
[3.457s] -- Up-to-date: /home/dalv204/sandbox/f1tenth_ws/install/vesc_msgs/include/vesc_msgs/msg/rosidl_typesupport_introspection_c__visibility_control.h
[3.458s] -- Up-to-date: /home/dalv204/sandbox/f1tenth_ws/install/vesc_msgs/lib/libvesc_msgs__rosidl_typesupport_introspection_c.so
[3.466s] -- Up-to-date: /home/dalv204/sandbox/f1tenth_ws/install/vesc_msgs/lib/libvesc_msgs__rosidl_typesupport_c.so
[3.470s] -- Up-to-date: /home/dalv204/sandbox/f1tenth_ws/install/vesc_msgs/include/vesc_msgs
[3.470s] -- Up-to-date: /home/dalv204/sandbox/f1tenth_ws/install/vesc_msgs/include/vesc_msgs/msg
[3.471s] -- Up-to-date: /home/dalv204/sandbox/f1tenth_ws/install/vesc_msgs/include/vesc_msgs/msg/vesc_state_stamped.hpp
[3.471s] -- Up-to-date: /home/dalv204/sandbox/f1tenth_ws/install/vesc_msgs/include/vesc_msgs/msg/rosidl_generator_cpp__visibility_control.hpp
[3.471s] -- Up-to-date: /home/dalv204/sandbox/f1tenth_ws/install/vesc_msgs/include/vesc_msgs/msg/vesc_state.hpp
[3.472s] -- Up-to-date: /home/dalv204/sandbox/f1tenth_ws/install/vesc_msgs/include/vesc_msgs/msg/detail
[3.472s] -- Up-to-date: /home/dalv204/sandbox/f1tenth_ws/install/vesc_msgs/include/vesc_msgs/msg/detail/vesc_imu_stamped__struct.hpp
[3.473s] -- Up-to-date: /home/dalv204/sandbox/f1tenth_ws/install/vesc_msgs/include/vesc_msgs/msg/detail/vesc_imu_stamped__type_support.hpp
[3.474s] -- Up-to-date: /home/dalv204/sandbox/f1tenth_ws/install/vesc_msgs/include/vesc_msgs/msg/detail/vesc_imu__type_support.hpp
[3.474s] -- Up-to-date: /home/dalv204/sandbox/f1tenth_ws/install/vesc_msgs/include/vesc_msgs/msg/detail/vesc_state_stamped__builder.hpp
[3.474s] -- Up-to-date: /home/dalv204/sandbox/f1tenth_ws/install/vesc_msgs/include/vesc_msgs/msg/detail/vesc_state_stamped__struct.hpp
[3.474s] -- Up-to-date: /home/dalv204/sandbox/f1tenth_ws/install/vesc_msgs/include/vesc_msgs/msg/detail/vesc_imu__builder.hpp
[3.474s] -- Up-to-date: /home/dalv204/sandbox/f1tenth_ws/install/vesc_msgs/include/vesc_msgs/msg/detail/vesc_imu_stamped__traits.hpp
[3.474s] -- Up-to-date: /home/dalv204/sandbox/f1tenth_ws/install/vesc_msgs/include/vesc_msgs/msg/detail/vesc_state_stamped__traits.hpp
[3.475s] -- Up-to-date: /home/dalv204/sandbox/f1tenth_ws/install/vesc_msgs/include/vesc_msgs/msg/detail/vesc_state__struct.hpp
[3.475s] -- Up-to-date: /home/dalv204/sandbox/f1tenth_ws/install/vesc_msgs/include/vesc_msgs/msg/detail/vesc_state_stamped__type_support.hpp
[3.475s] -- Up-to-date: /home/dalv204/sandbox/f1tenth_ws/install/vesc_msgs/include/vesc_msgs/msg/detail/vesc_state__traits.hpp
[3.475s] -- Up-to-date: /home/dalv204/sandbox/f1tenth_ws/install/vesc_msgs/include/vesc_msgs/msg/detail/vesc_state__type_support.hpp
[3.475s] -- Up-to-date: /home/dalv204/sandbox/f1tenth_ws/install/vesc_msgs/include/vesc_msgs/msg/detail/vesc_state__builder.hpp
[3.475s] -- Up-to-date: /home/dalv204/sandbox/f1tenth_ws/install/vesc_msgs/include/vesc_msgs/msg/detail/vesc_imu_stamped__builder.hpp
[3.475s] -- Up-to-date: /home/dalv204/sandbox/f1tenth_ws/install/vesc_msgs/include/vesc_msgs/msg/detail/vesc_imu__traits.hpp
[3.476s] -- Up-to-date: /home/dalv204/sandbox/f1tenth_ws/install/vesc_msgs/include/vesc_msgs/msg/detail/vesc_imu__struct.hpp
[3.476s] -- Up-to-date: /home/dalv204/sandbox/f1tenth_ws/install/vesc_msgs/include/vesc_msgs/msg/vesc_imu_stamped.hpp
[3.476s] -- Up-to-date: /home/dalv204/sandbox/f1tenth_ws/install/vesc_msgs/include/vesc_msgs/msg/vesc_imu.hpp
[3.476s] -- Up-to-date: /home/dalv204/sandbox/f1tenth_ws/install/vesc_msgs/include/vesc_msgs
[3.476s] -- Up-to-date: /home/dalv204/sandbox/f1tenth_ws/install/vesc_msgs/include/vesc_msgs/msg
[3.477s] -- Up-to-date: /home/dalv204/sandbox/f1tenth_ws/install/vesc_msgs/include/vesc_msgs/msg/detail
[3.477s] -- Up-to-date: /home/dalv204/sandbox/f1tenth_ws/install/vesc_msgs/include/vesc_msgs/msg/detail/vesc_state__rosidl_typesupport_introspection_cpp.hpp
[3.477s] -- Up-to-date: /home/dalv204/sandbox/f1tenth_ws/install/vesc_msgs/include/vesc_msgs/msg/detail/vesc_imu__rosidl_typesupport_introspection_cpp.hpp
[3.477s] -- Up-to-date: /home/dalv204/sandbox/f1tenth_ws/install/vesc_msgs/include/vesc_msgs/msg/detail/vesc_state_stamped__rosidl_typesupport_introspection_cpp.hpp
[3.477s] -- Up-to-date: /home/dalv204/sandbox/f1tenth_ws/install/vesc_msgs/include/vesc_msgs/msg/detail/vesc_imu_stamped__rosidl_typesupport_introspection_cpp.hpp
[3.477s] -- Up-to-date: /home/dalv204/sandbox/f1tenth_ws/install/vesc_msgs/include/vesc_msgs/msg/detail/vesc_imu_stamped__type_support.cpp
[3.478s] -- Up-to-date: /home/dalv204/sandbox/f1tenth_ws/install/vesc_msgs/include/vesc_msgs/msg/detail/vesc_state_stamped__type_support.cpp
[3.478s] -- Up-to-date: /home/dalv204/sandbox/f1tenth_ws/install/vesc_msgs/include/vesc_msgs/msg/detail/vesc_state__type_support.cpp
[3.478s] -- Up-to-date: /home/dalv204/sandbox/f1tenth_ws/install/vesc_msgs/include/vesc_msgs/msg/detail/vesc_imu__type_support.cpp
[3.478s] -- Up-to-date: /home/dalv204/sandbox/f1tenth_ws/install/vesc_msgs/lib/libvesc_msgs__rosidl_typesupport_introspection_cpp.so
[3.478s] -- Up-to-date: /home/dalv204/sandbox/f1tenth_ws/install/vesc_msgs/lib/libvesc_msgs__rosidl_typesupport_cpp.so
[3.479s] -- Up-to-date: /home/dalv204/sandbox/f1tenth_ws/install/vesc_msgs/share/vesc_msgs/environment/pythonpath.sh
[3.479s] -- Up-to-date: /home/dalv204/sandbox/f1tenth_ws/install/vesc_msgs/share/vesc_msgs/environment/pythonpath.dsv
[3.480s] -- Up-to-date: /home/dalv204/sandbox/f1tenth_ws/install/vesc_msgs/lib/python3.8/site-packages/vesc_msgs/__init__.py
[3.560s] -- Up-to-date: /home/dalv204/sandbox/f1tenth_ws/install/vesc_msgs/lib/python3.8/site-packages/vesc_msgs/msg
[3.560s] -- Up-to-date: /home/dalv204/sandbox/f1tenth_ws/install/vesc_msgs/lib/python3.8/site-packages/vesc_msgs/msg/_vesc_imu_stamped_s.c
[3.561s] -- Up-to-date: /home/dalv204/sandbox/f1tenth_ws/install/vesc_msgs/lib/python3.8/site-packages/vesc_msgs/msg/_vesc_imu.py
[3.561s] -- Up-to-date: /home/dalv204/sandbox/f1tenth_ws/install/vesc_msgs/lib/python3.8/site-packages/vesc_msgs/msg/_vesc_state.py
[3.561s] -- Up-to-date: /home/dalv204/sandbox/f1tenth_ws/install/vesc_msgs/lib/python3.8/site-packages/vesc_msgs/msg/_vesc_state_stamped_s.c
[3.561s] -- Up-to-date: /home/dalv204/sandbox/f1tenth_ws/install/vesc_msgs/lib/python3.8/site-packages/vesc_msgs/msg/_vesc_state_stamped.py
[3.561s] -- Up-to-date: /home/dalv204/sandbox/f1tenth_ws/install/vesc_msgs/lib/python3.8/site-packages/vesc_msgs/msg/_vesc_state_s.c
[3.561s] -- Up-to-date: /home/dalv204/sandbox/f1tenth_ws/install/vesc_msgs/lib/python3.8/site-packages/vesc_msgs/msg/_vesc_imu_s.c
[3.561s] -- Up-to-date: /home/dalv204/sandbox/f1tenth_ws/install/vesc_msgs/lib/python3.8/site-packages/vesc_msgs/msg/_vesc_imu_stamped.py
[3.562s] -- Up-to-date: /home/dalv204/sandbox/f1tenth_ws/install/vesc_msgs/lib/python3.8/site-packages/vesc_msgs/msg/__init__.py
[3.562s] -- Up-to-date: /home/dalv204/sandbox/f1tenth_ws/install/vesc_msgs/lib/python3.8/site-packages/vesc_msgs/vesc_msgs_s__rosidl_typesupport_fastrtps_c.cpython-38-aarch64-linux-gnu.so
[3.562s] -- Up-to-date: /home/dalv204/sandbox/f1tenth_ws/install/vesc_msgs/lib/python3.8/site-packages/vesc_msgs/vesc_msgs_s__rosidl_typesupport_introspection_c.cpython-38-aarch64-linux-gnu.so
[3.562s] -- Up-to-date: /home/dalv204/sandbox/f1tenth_ws/install/vesc_msgs/lib/python3.8/site-packages/vesc_msgs/vesc_msgs_s__rosidl_typesupport_c.cpython-38-aarch64-linux-gnu.so
[3.562s] -- Up-to-date: /home/dalv204/sandbox/f1tenth_ws/install/vesc_msgs/lib/libvesc_msgs__python.so
[3.562s] -- Up-to-date: /home/dalv204/sandbox/f1tenth_ws/install/vesc_msgs/share/vesc_msgs/msg/VescState.idl
[3.562s] -- Up-to-date: /home/dalv204/sandbox/f1tenth_ws/install/vesc_msgs/share/vesc_msgs/msg/VescStateStamped.idl
[3.563s] -- Up-to-date: /home/dalv204/sandbox/f1tenth_ws/install/vesc_msgs/share/vesc_msgs/msg/VescImu.idl
[3.563s] -- Up-to-date: /home/dalv204/sandbox/f1tenth_ws/install/vesc_msgs/share/vesc_msgs/msg/VescImuStamped.idl
[3.563s] -- Up-to-date: /home/dalv204/sandbox/f1tenth_ws/install/vesc_msgs/share/vesc_msgs/msg/VescState.msg
[3.563s] -- Up-to-date: /home/dalv204/sandbox/f1tenth_ws/install/vesc_msgs/share/vesc_msgs/msg/VescStateStamped.msg
[3.563s] -- Up-to-date: /home/dalv204/sandbox/f1tenth_ws/install/vesc_msgs/share/vesc_msgs/msg/VescImu.msg
[3.563s] -- Up-to-date: /home/dalv204/sandbox/f1tenth_ws/install/vesc_msgs/share/vesc_msgs/msg/VescImuStamped.msg
[3.563s] -- Up-to-date: /home/dalv204/sandbox/f1tenth_ws/install/vesc_msgs/share/ament_index/resource_index/package_run_dependencies/vesc_msgs
[3.563s] -- Up-to-date: /home/dalv204/sandbox/f1tenth_ws/install/vesc_msgs/share/ament_index/resource_index/parent_prefix_path/vesc_msgs
[3.564s] -- Up-to-date: /home/dalv204/sandbox/f1tenth_ws/install/vesc_msgs/share/vesc_msgs/environment/ament_prefix_path.sh
[3.564s] -- Up-to-date: /home/dalv204/sandbox/f1tenth_ws/install/vesc_msgs/share/vesc_msgs/environment/ament_prefix_path.dsv
[3.564s] -- Up-to-date: /home/dalv204/sandbox/f1tenth_ws/install/vesc_msgs/share/vesc_msgs/environment/path.sh
[3.564s] -- Up-to-date: /home/dalv204/sandbox/f1tenth_ws/install/vesc_msgs/share/vesc_msgs/environment/path.dsv
[3.564s] -- Up-to-date: /home/dalv204/sandbox/f1tenth_ws/install/vesc_msgs/share/vesc_msgs/local_setup.bash
[3.564s] -- Up-to-date: /home/dalv204/sandbox/f1tenth_ws/install/vesc_msgs/share/vesc_msgs/local_setup.sh
[3.564s] -- Up-to-date: /home/dalv204/sandbox/f1tenth_ws/install/vesc_msgs/share/vesc_msgs/local_setup.zsh
[3.565s] -- Up-to-date: /home/dalv204/sandbox/f1tenth_ws/install/vesc_msgs/share/vesc_msgs/local_setup.dsv
[3.565s] -- Installing: /home/dalv204/sandbox/f1tenth_ws/install/vesc_msgs/share/vesc_msgs/package.dsv
[3.565s] -- Up-to-date: /home/dalv204/sandbox/f1tenth_ws/install/vesc_msgs/share/ament_index/resource_index/packages/vesc_msgs
[3.570s] -- Up-to-date: /home/dalv204/sandbox/f1tenth_ws/install/vesc_msgs/share/vesc_msgs/cmake/vesc_msgs__rosidl_generator_cExport.cmake
[3.577s] -- Up-to-date: /home/dalv204/sandbox/f1tenth_ws/install/vesc_msgs/share/vesc_msgs/cmake/vesc_msgs__rosidl_generator_cExport-noconfig.cmake
[3.578s] -- Up-to-date: /home/dalv204/sandbox/f1tenth_ws/install/vesc_msgs/share/vesc_msgs/cmake/vesc_msgs__rosidl_typesupport_introspection_cExport.cmake
[3.578s] -- Up-to-date: /home/dalv204/sandbox/f1tenth_ws/install/vesc_msgs/share/vesc_msgs/cmake/vesc_msgs__rosidl_typesupport_introspection_cExport-noconfig.cmake
[3.578s] -- Up-to-date: /home/dalv204/sandbox/f1tenth_ws/install/vesc_msgs/share/vesc_msgs/cmake/vesc_msgs__rosidl_typesupport_cExport.cmake
[3.578s] -- Up-to-date: /home/dalv204/sandbox/f1tenth_ws/install/vesc_msgs/share/vesc_msgs/cmake/vesc_msgs__rosidl_typesupport_cExport-noconfig.cmake
[3.578s] -- Up-to-date: /home/dalv204/sandbox/f1tenth_ws/install/vesc_msgs/share/vesc_msgs/cmake/vesc_msgs__rosidl_generator_cppExport.cmake
[3.578s] -- Up-to-date: /home/dalv204/sandbox/f1tenth_ws/install/vesc_msgs/share/vesc_msgs/cmake/vesc_msgs__rosidl_typesupport_introspection_cppExport.cmake
[3.579s] -- Up-to-date: /home/dalv204/sandbox/f1tenth_ws/install/vesc_msgs/share/vesc_msgs/cmake/vesc_msgs__rosidl_typesupport_introspection_cppExport-noconfig.cmake
[3.579s] -- Up-to-date: /home/dalv204/sandbox/f1tenth_ws/install/vesc_msgs/share/vesc_msgs/cmake/vesc_msgs__rosidl_typesupport_cppExport.cmake
[3.579s] -- Up-to-date: /home/dalv204/sandbox/f1tenth_ws/install/vesc_msgs/share/vesc_msgs/cmake/vesc_msgs__rosidl_typesupport_cppExport-noconfig.cmake
[3.579s] -- Up-to-date: /home/dalv204/sandbox/f1tenth_ws/install/vesc_msgs/share/vesc_msgs/cmake/rosidl_cmake-extras.cmake
[3.579s] -- Up-to-date: /home/dalv204/sandbox/f1tenth_ws/install/vesc_msgs/share/vesc_msgs/cmake/ament_cmake_export_dependencies-extras.cmake
[3.581s] -- Up-to-date: /home/dalv204/sandbox/f1tenth_ws/install/vesc_msgs/share/vesc_msgs/cmake/ament_cmake_export_libraries-extras.cmake
[3.586s] -- Up-to-date: /home/dalv204/sandbox/f1tenth_ws/install/vesc_msgs/share/vesc_msgs/cmake/ament_cmake_export_targets-extras.cmake
[3.586s] -- Up-to-date: /home/dalv204/sandbox/f1tenth_ws/install/vesc_msgs/share/vesc_msgs/cmake/ament_cmake_export_include_directories-extras.cmake
[3.586s] -- Up-to-date: /home/dalv204/sandbox/f1tenth_ws/install/vesc_msgs/share/vesc_msgs/cmake/rosidl_cmake_export_typesupport_libraries-extras.cmake
[3.586s] -- Up-to-date: /home/dalv204/sandbox/f1tenth_ws/install/vesc_msgs/share/vesc_msgs/cmake/rosidl_cmake_export_typesupport_targets-extras.cmake
[3.586s] -- Up-to-date: /home/dalv204/sandbox/f1tenth_ws/install/vesc_msgs/share/vesc_msgs/cmake/vesc_msgsConfig.cmake
[3.586s] -- Up-to-date: /home/dalv204/sandbox/f1tenth_ws/install/vesc_msgs/share/vesc_msgs/cmake/vesc_msgsConfig-version.cmake
[3.595s] -- Up-to-date: /home/dalv204/sandbox/f1tenth_ws/install/vesc_msgs/share/vesc_msgs/package.xml
[3.765s] Invoked command in '/home/dalv204/sandbox/f1tenth_ws/build/vesc_msgs' returned '0': CMAKE_PREFIX_PATH=${CMAKE_PREFIX_PATH}:/home/dalv204/sandbox/f1tenth_ws/install/f1tenth_stack:/home/dalv204/sandbox/f1tenth_ws/install/joy_teleop:/home/dalv204/sandbox/f1tenth_ws/install/particle_filter:/home/dalv204/sandbox/f1tenth_ws/install/mouse_teleop:/home/dalv204/sandbox/f1tenth_ws/install/key_teleop /usr/bin/cmake --install /home/dalv204/sandbox/f1tenth_ws/build/vesc_msgs
