[0.063s] Invoking command in '/home/dalv204/sandbox/f1tenth_ws/build/vesc_driver': AMENT_PREFIX_PATH=/home/dalv204/sandbox/f1tenth_ws/install/vesc_msgs:${AMENT_PREFIX_PATH} CMAKE_PREFIX_PATH=/home/dalv204/sandbox/f1tenth_ws/install/vesc_msgs${CMAKE_PREFIX_PATH} LD_LIBRARY_PATH=/home/dalv204/sandbox/f1tenth_ws/install/vesc_msgs/lib:${LD_LIBRARY_PATH} PYTHONPATH=/home/dalv204/sandbox/f1tenth_ws/install/vesc_msgs/lib/python3.8/site-packages:${PYTHONPATH} /usr/bin/cmake --build /home/dalv204/sandbox/f1tenth_ws/build/vesc_driver -- -j6 -l6
[0.089s] make: Warning: File 'Makefile' has modification time 1718621415 s in the future
[0.140s] make[1]: Warning: File 'CMakeFiles/Makefile2' has modification time 1718621415 s in the future
[0.144s] make[2]: Warning: File 'CMakeFiles/vesc_driver_node.dir/flags.make' has modification time 1718621415 s in the future
[0.146s] make[2]: Warning: File 'CMakeFiles/vesc_driver.dir/flags.make' has modification time 1718621415 s in the future
[0.164s] make[2]: warning:  Clock skew detected.  Your build may be incomplete.
[0.168s] make[2]: Warning: File 'CMakeFiles/vesc_driver_node.dir/flags.make' has modification time 1718621415 s in the future
[0.177s] make[2]: warning:  Clock skew detected.  Your build may be incomplete.
[0.183s] make[2]: warning:  Clock skew detected.  Your build may be incomplete.
[0.184s] make[2]: Warning: File 'CMakeFiles/vesc_driver.dir/flags.make' has modification time 1718621415 s in the future
[0.201s] [ 20%] Built target vesc_driver_node
[0.203s] make[2]: warning:  Clock skew detected.  Your build may be incomplete.
[0.221s] [ 70%] Built target vesc_driver
[0.227s] make[2]: Warning: File 'CMakeFiles/vesc_device_namer.dir/flags.make' has modification time 1718621415 s in the future
[0.247s] make[2]: warning:  Clock skew detected.  Your build may be incomplete.
[0.249s] make[2]: Warning: File 'CMakeFiles/vesc_device_namer.dir/flags.make' has modification time 1718621415 s in the future
[0.263s] make[2]: warning:  Clock skew detected.  Your build may be incomplete.
[0.276s] [100%] Built target vesc_device_namer
[0.278s] make[1]: warning:  Clock skew detected.  Your build may be incomplete.
[0.304s] make: warning:  Clock skew detected.  Your build may be incomplete.
[0.318s] Invoked command in '/home/dalv204/sandbox/f1tenth_ws/build/vesc_driver' returned '0': AMENT_PREFIX_PATH=/home/dalv204/sandbox/f1tenth_ws/install/vesc_msgs:${AMENT_PREFIX_PATH} CMAKE_PREFIX_PATH=/home/dalv204/sandbox/f1tenth_ws/install/vesc_msgs${CMAKE_PREFIX_PATH} LD_LIBRARY_PATH=/home/dalv204/sandbox/f1tenth_ws/install/vesc_msgs/lib:${LD_LIBRARY_PATH} PYTHONPATH=/home/dalv204/sandbox/f1tenth_ws/install/vesc_msgs/lib/python3.8/site-packages:${PYTHONPATH} /usr/bin/cmake --build /home/dalv204/sandbox/f1tenth_ws/build/vesc_driver -- -j6 -l6
[0.394s] Invoking command in '/home/dalv204/sandbox/f1tenth_ws/build/vesc_driver': AMENT_PREFIX_PATH=/home/dalv204/sandbox/f1tenth_ws/install/vesc_msgs:${AMENT_PREFIX_PATH} CMAKE_PREFIX_PATH=/home/dalv204/sandbox/f1tenth_ws/install/vesc_msgs${CMAKE_PREFIX_PATH} LD_LIBRARY_PATH=/home/dalv204/sandbox/f1tenth_ws/install/vesc_msgs/lib:${LD_LIBRARY_PATH} PYTHONPATH=/home/dalv204/sandbox/f1tenth_ws/install/vesc_msgs/lib/python3.8/site-packages:${PYTHONPATH} /usr/bin/cmake --install /home/dalv204/sandbox/f1tenth_ws/build/vesc_driver
[0.421s] -- Install configuration: ""
[0.422s] -- Up-to-date: /home/dalv204/sandbox/f1tenth_ws/install/vesc_driver/lib/vesc_driver/vesc_driver_node
[0.423s] -- Up-to-date: /home/dalv204/sandbox/f1tenth_ws/install/vesc_driver/include
[0.425s] -- Up-to-date: /home/dalv204/sandbox/f1tenth_ws/install/vesc_driver/include/vesc_driver
[0.426s] -- Up-to-date: /home/dalv204/sandbox/f1tenth_ws/install/vesc_driver/include/vesc_driver/vesc_interface.hpp
[0.426s] -- Up-to-date: /home/dalv204/sandbox/f1tenth_ws/install/vesc_driver/include/vesc_driver/vesc_driver.hpp
[0.427s] -- Up-to-date: /home/dalv204/sandbox/f1tenth_ws/install/vesc_driver/include/vesc_driver/vesc_packet_factory.hpp
[0.427s] -- Up-to-date: /home/dalv204/sandbox/f1tenth_ws/install/vesc_driver/include/vesc_driver/vesc_packet.hpp
[0.428s] -- Up-to-date: /home/dalv204/sandbox/f1tenth_ws/install/vesc_driver/include/vesc_driver/crc.hpp
[0.429s] -- Up-to-date: /home/dalv204/sandbox/f1tenth_ws/install/vesc_driver/include/vesc_driver/vesc_device_uuid_lookup.hpp
[0.430s] -- Up-to-date: /home/dalv204/sandbox/f1tenth_ws/install/vesc_driver/include/vesc_driver/datatypes.hpp
[0.431s] -- Up-to-date: /home/dalv204/sandbox/f1tenth_ws/install/vesc_driver/share/vesc_driver/environment/library_path.sh
[0.431s] -- Up-to-date: /home/dalv204/sandbox/f1tenth_ws/install/vesc_driver/share/vesc_driver/environment/library_path.dsv
[0.431s] -- Up-to-date: /home/dalv204/sandbox/f1tenth_ws/install/vesc_driver/lib/libvesc_driver.so
[0.431s] -- Up-to-date: /home/dalv204/sandbox/f1tenth_ws/install/vesc_driver/lib/vesc_driver/vesc_device_namer
[0.432s] -- Up-to-date: /home/dalv204/sandbox/f1tenth_ws/install/vesc_driver/share/vesc_driver/launch
[0.432s] -- Up-to-date: /home/dalv204/sandbox/f1tenth_ws/install/vesc_driver/share/vesc_driver/launch/vesc_driver_node.launch.py
[0.432s] -- Up-to-date: /home/dalv204/sandbox/f1tenth_ws/install/vesc_driver/share/vesc_driver/params
[0.433s] -- Up-to-date: /home/dalv204/sandbox/f1tenth_ws/install/vesc_driver/share/vesc_driver/params/vesc_config.yaml
[0.433s] -- Up-to-date: /home/dalv204/sandbox/f1tenth_ws/install/vesc_driver/share/ament_index/resource_index/package_run_dependencies/vesc_driver
[0.434s] -- Up-to-date: /home/dalv204/sandbox/f1tenth_ws/install/vesc_driver/share/ament_index/resource_index/parent_prefix_path/vesc_driver
[0.434s] -- Up-to-date: /home/dalv204/sandbox/f1tenth_ws/install/vesc_driver/share/vesc_driver/environment/ament_prefix_path.sh
[0.435s] -- Up-to-date: /home/dalv204/sandbox/f1tenth_ws/install/vesc_driver/share/vesc_driver/environment/ament_prefix_path.dsv
[0.435s] -- Up-to-date: /home/dalv204/sandbox/f1tenth_ws/install/vesc_driver/share/vesc_driver/environment/path.sh
[0.436s] -- Up-to-date: /home/dalv204/sandbox/f1tenth_ws/install/vesc_driver/share/vesc_driver/environment/path.dsv
[0.438s] -- Up-to-date: /home/dalv204/sandbox/f1tenth_ws/install/vesc_driver/share/vesc_driver/local_setup.bash
[0.439s] -- Up-to-date: /home/dalv204/sandbox/f1tenth_ws/install/vesc_driver/share/vesc_driver/local_setup.sh
[0.439s] -- Up-to-date: /home/dalv204/sandbox/f1tenth_ws/install/vesc_driver/share/vesc_driver/local_setup.zsh
[0.439s] -- Up-to-date: /home/dalv204/sandbox/f1tenth_ws/install/vesc_driver/share/vesc_driver/local_setup.dsv
[0.440s] -- Installing: /home/dalv204/sandbox/f1tenth_ws/install/vesc_driver/share/vesc_driver/package.dsv
[0.441s] -- Up-to-date: /home/dalv204/sandbox/f1tenth_ws/install/vesc_driver/share/ament_index/resource_index/packages/vesc_driver
[0.441s] -- Up-to-date: /home/dalv204/sandbox/f1tenth_ws/install/vesc_driver/share/ament_index/resource_index/rclcpp_components/vesc_driver
[0.442s] -- Up-to-date: /home/dalv204/sandbox/f1tenth_ws/install/vesc_driver/share/vesc_driver/cmake/ament_cmake_export_dependencies-extras.cmake
[0.443s] -- Up-to-date: /home/dalv204/sandbox/f1tenth_ws/install/vesc_driver/share/vesc_driver/cmake/ament_cmake_export_include_directories-extras.cmake
[0.444s] -- Up-to-date: /home/dalv204/sandbox/f1tenth_ws/install/vesc_driver/share/vesc_driver/cmake/ament_cmake_export_libraries-extras.cmake
[0.444s] -- Up-to-date: /home/dalv204/sandbox/f1tenth_ws/install/vesc_driver/share/vesc_driver/cmake/vesc_driverConfig.cmake
[0.445s] -- Up-to-date: /home/dalv204/sandbox/f1tenth_ws/install/vesc_driver/share/vesc_driver/cmake/vesc_driverConfig-version.cmake
[0.445s] -- Up-to-date: /home/dalv204/sandbox/f1tenth_ws/install/vesc_driver/share/vesc_driver/package.xml
[0.463s] Invoked command in '/home/dalv204/sandbox/f1tenth_ws/build/vesc_driver' returned '0': AMENT_PREFIX_PATH=/home/dalv204/sandbox/f1tenth_ws/install/vesc_msgs:${AMENT_PREFIX_PATH} CMAKE_PREFIX_PATH=/home/dalv204/sandbox/f1tenth_ws/install/vesc_msgs${CMAKE_PREFIX_PATH} LD_LIBRARY_PATH=/home/dalv204/sandbox/f1tenth_ws/install/vesc_msgs/lib:${LD_LIBRARY_PATH} PYTHONPATH=/home/dalv204/sandbox/f1tenth_ws/install/vesc_msgs/lib/python3.8/site-packages:${PYTHONPATH} /usr/bin/cmake --install /home/dalv204/sandbox/f1tenth_ws/build/vesc_driver
