[0.140s] Invoking command in '/home/dalv204/sandbox/f1tenth_ws/build/teleop_tools_msgs': /usr/bin/cmake --build /home/dalv204/sandbox/f1tenth_ws/build/teleop_tools_msgs -- -j6 -l6
[1.743s] [  3%] Built target teleop_tools_msgs__cpp
[1.744s] [ 12%] Built target teleop_tools_msgs__rosidl_generator_c
[1.744s] [ 22%] Built target teleop_tools_msgs__rosidl_typesupport_introspection_cpp
[1.744s] [ 32%] Built target teleop_tools_msgs__rosidl_typesupport_fastrtps_cpp
[1.744s] [ 41%] Built target teleop_tools_msgs__rosidl_typesupport_c
[1.744s] [ 61%] Built target teleop_tools_msgs__rosidl_typesupport_cpp
[1.744s] [ 61%] Built target teleop_tools_msgs__rosidl_typesupport_introspection_c
[1.744s] [ 70%] Built target teleop_tools_msgs__rosidl_typesupport_fastrtps_c
[1.744s] [ 70%] Built target teleop_tools_msgs
[1.745s] [ 74%] Built target teleop_tools_msgs__py
[1.745s] [ 80%] Built target teleop_tools_msgs__python
[1.745s] make: Warning: File 'Makefile' has modification time 1718621343 s in the future
[1.745s] make[1]: Warning: File 'CMakeFiles/Makefile2' has modification time 1718621343 s in the future
[1.745s] make[2]: Warning: File 'CMakeFiles/teleop_tools_msgs__cpp.dir/progress.make' has modification time 1718621343 s in the future
[1.745s] make[2]: Warning: File 'CMakeFiles/teleop_tools_msgs__rosidl_generator_c.dir/flags.make' has modification time 1718621343 s in the future
[1.745s] make[2]: warning:  Clock skew detected.  Your build may be incomplete.
[1.746s] make[2]: warning:  Clock skew detected.  Your build may be incomplete.
[1.746s] make[2]: Warning: File 'CMakeFiles/teleop_tools_msgs__rosidl_generator_c.dir/flags.make' has modification time 1718621343 s in the future
[1.746s] make[2]: warning:  Clock skew detected.  Your build may be incomplete.
[1.754s] make[2]: Warning: File 'CMakeFiles/teleop_tools_msgs__cpp.dir/progress.make' has modification time 1718621343 s in the future
[1.754s] make[2]: warning:  Clock skew detected.  Your build may be incomplete.
[1.754s] make[2]: Warning: File 'CMakeFiles/teleop_tools_msgs__rosidl_typesupport_introspection_cpp.dir/flags.make' has modification time 1718621343 s in the future
[1.755s] make[2]: Warning: File 'CMakeFiles/teleop_tools_msgs__rosidl_typesupport_cpp.dir/flags.make' has modification time 1718621343 s in the future
[1.755s] make[2]: Warning: File 'CMakeFiles/teleop_tools_msgs__rosidl_typesupport_fastrtps_cpp.dir/flags.make' has modification time 1718621343 s in the future
[1.755s] make[2]: Warning: File 'CMakeFiles/teleop_tools_msgs__rosidl_typesupport_introspection_c.dir/flags.make' has modification time 1718621343 s in the future
[1.755s] make[2]: Warning: File 'CMakeFiles/teleop_tools_msgs__rosidl_typesupport_c.dir/flags.make' has modification time 1718621343 s in the future
[1.755s] make[2]: warning:  Clock skew detected.  Your build may be incomplete.
[1.755s] make[2]: Warning: File 'CMakeFiles/teleop_tools_msgs__rosidl_typesupport_introspection_cpp.dir/flags.make' has modification time 1718621343 s in the future
[1.755s] make[2]: warning:  Clock skew detected.  Your build may be incomplete.
[1.756s] make[2]: warning:  Clock skew detected.  Your build may be incomplete.
[1.756s] make[2]: warning:  Clock skew detected.  Your build may be incomplete.
[1.756s] make[2]: warning:  Clock skew detected.  Your build may be incomplete.
[1.756s] make[2]: Warning: File 'CMakeFiles/teleop_tools_msgs__rosidl_typesupport_c.dir/flags.make' has modification time 1718621342 s in the future
[1.756s] make[2]: Warning: File 'CMakeFiles/teleop_tools_msgs__rosidl_typesupport_fastrtps_cpp.dir/flags.make' has modification time 1718621342 s in the future
[1.756s] make[2]: warning:  Clock skew detected.  Your build may be incomplete.
[1.756s] make[2]: Warning: File 'CMakeFiles/teleop_tools_msgs__rosidl_typesupport_cpp.dir/flags.make' has modification time 1718621342 s in the future
[1.756s] make[2]: warning:  Clock skew detected.  Your build may be incomplete.
[1.756s] make[2]: warning:  Clock skew detected.  Your build may be incomplete.
[1.757s] make[2]: Warning: File 'CMakeFiles/teleop_tools_msgs__rosidl_typesupport_introspection_c.dir/flags.make' has modification time 1718621342 s in the future
[1.757s] make[2]: warning:  Clock skew detected.  Your build may be incomplete.
[1.757s] make[2]: warning:  Clock skew detected.  Your build may be incomplete.
[1.757s] make[2]: Warning: File 'CMakeFiles/teleop_tools_msgs__rosidl_typesupport_fastrtps_c.dir/flags.make' has modification time 1718621342 s in the future
[1.757s] make[2]: warning:  Clock skew detected.  Your build may be incomplete.
[1.757s] make[2]: Warning: File 'CMakeFiles/teleop_tools_msgs__rosidl_typesupport_fastrtps_c.dir/flags.make' has modification time 1718621342 s in the future
[1.757s] make[2]: warning:  Clock skew detected.  Your build may be incomplete.
[1.757s] make[2]: Warning: File 'CMakeFiles/teleop_tools_msgs.dir/progress.make' has modification time 1718621342 s in the future
[1.758s] make[2]: warning:  Clock skew detected.  Your build may be incomplete.
[1.758s] make[2]: Warning: File 'CMakeFiles/teleop_tools_msgs.dir/progress.make' has modification time 1718621342 s in the future
[1.758s] make[2]: warning:  Clock skew detected.  Your build may be incomplete.
[1.758s] make[2]: Warning: File 'teleop_tools_msgs__py/CMakeFiles/teleop_tools_msgs__py.dir/progress.make' has modification time 1718621342 s in the future
[1.758s] make[2]: warning:  Clock skew detected.  Your build may be incomplete.
[1.758s] make[2]: Warning: File 'teleop_tools_msgs__py/CMakeFiles/teleop_tools_msgs__py.dir/progress.make' has modification time 1718621342 s in the future
[1.767s] make[2]: warning:  Clock skew detected.  Your build may be incomplete.
[1.767s] make[2]: Warning: File 'CMakeFiles/teleop_tools_msgs__python.dir/flags.make' has modification time 1718621342 s in the future
[1.767s] make[2]: warning:  Clock skew detected.  Your build may be incomplete.
[1.767s] make[2]: Warning: File 'CMakeFiles/teleop_tools_msgs__python.dir/flags.make' has modification time 1718621342 s in the future
[1.767s] make[2]: warning:  Clock skew detected.  Your build may be incomplete.
[1.768s] make[2]: Warning: File 'CMakeFiles/teleop_tools_msgs__rosidl_typesupport_c__pyext.dir/flags.make' has modification time 1718621341 s in the future
[1.768s] make[2]: Warning: File 'CMakeFiles/teleop_tools_msgs__rosidl_typesupport_introspection_c__pyext.dir/flags.make' has modification time 1718621341 s in the future
[1.768s] make[2]: Warning: File 'CMakeFiles/teleop_tools_msgs__rosidl_typesupport_fastrtps_c__pyext.dir/flags.make' has modification time 1718621342 s in the future
[1.768s] make[2]: warning:  Clock skew detected.  Your build may be incomplete.
[1.768s] make[2]: Warning: File 'CMakeFiles/teleop_tools_msgs__rosidl_typesupport_introspection_c__pyext.dir/flags.make' has modification time 1718621341 s in the future
[1.768s] make[2]: warning:  Clock skew detected.  Your build may be incomplete.
[1.768s] make[2]: warning:  Clock skew detected.  Your build may be incomplete.
[1.768s] make[2]: Warning: File 'CMakeFiles/teleop_tools_msgs__rosidl_typesupport_c__pyext.dir/flags.make' has modification time 1718621341 s in the future
[1.768s] make[2]: warning:  Clock skew detected.  Your build may be incomplete.
[1.769s] make[2]: warning:  Clock skew detected.  Your build may be incomplete.
[1.769s] make[2]: Warning: File 'CMakeFiles/teleop_tools_msgs__rosidl_typesupport_fastrtps_c__pyext.dir/flags.make' has modification time 1718621341 s in the future
[1.790s] [ 87%] Built target teleop_tools_msgs__rosidl_typesupport_c__pyext
[1.792s] [ 93%] Built target teleop_tools_msgs__rosidl_typesupport_introspection_c__pyext
[1.795s] make[2]: warning:  Clock skew detected.  Your build may be incomplete.
[1.867s] [100%] Built target teleop_tools_msgs__rosidl_typesupport_fastrtps_c__pyext
[1.869s] make[1]: warning:  Clock skew detected.  Your build may be incomplete.
[1.902s] make: warning:  Clock skew detected.  Your build may be incomplete.
[1.911s] Invoked command in '/home/dalv204/sandbox/f1tenth_ws/build/teleop_tools_msgs' returned '0': /usr/bin/cmake --build /home/dalv204/sandbox/f1tenth_ws/build/teleop_tools_msgs -- -j6 -l6
[2.512s] Invoking command in '/home/dalv204/sandbox/f1tenth_ws/build/teleop_tools_msgs': /usr/bin/cmake --install /home/dalv204/sandbox/f1tenth_ws/build/teleop_tools_msgs
[2.563s] -- Install configuration: ""
[2.563s] -- Up-to-date: /home/dalv204/sandbox/f1tenth_ws/install/teleop_tools_msgs/share/ament_index/resource_index/rosidl_interfaces/teleop_tools_msgs
[2.564s] -- Up-to-date: /home/dalv204/sandbox/f1tenth_ws/install/teleop_tools_msgs/include/teleop_tools_msgs
[2.565s] -- Up-to-date: /home/dalv204/sandbox/f1tenth_ws/install/teleop_tools_msgs/include/teleop_tools_msgs/action
[2.566s] -- Up-to-date: /home/dalv204/sandbox/f1tenth_ws/install/teleop_tools_msgs/include/teleop_tools_msgs/action/detail
[2.566s] -- Up-to-date: /home/dalv204/sandbox/f1tenth_ws/install/teleop_tools_msgs/include/teleop_tools_msgs/action/detail/increment__struct.h
[2.567s] -- Up-to-date: /home/dalv204/sandbox/f1tenth_ws/install/teleop_tools_msgs/include/teleop_tools_msgs/action/detail/increment__functions.h
[2.568s] -- Up-to-date: /home/dalv204/sandbox/f1tenth_ws/install/teleop_tools_msgs/include/teleop_tools_msgs/action/detail/increment__functions.c
[2.569s] -- Up-to-date: /home/dalv204/sandbox/f1tenth_ws/install/teleop_tools_msgs/include/teleop_tools_msgs/action/detail/increment__type_support.h
[2.570s] -- Up-to-date: /home/dalv204/sandbox/f1tenth_ws/install/teleop_tools_msgs/include/teleop_tools_msgs/action/increment.h
[2.570s] -- Up-to-date: /home/dalv204/sandbox/f1tenth_ws/install/teleop_tools_msgs/include/teleop_tools_msgs/msg
[2.570s] -- Up-to-date: /home/dalv204/sandbox/f1tenth_ws/install/teleop_tools_msgs/include/teleop_tools_msgs/msg/rosidl_generator_c__visibility_control.h
[2.570s] -- Up-to-date: /home/dalv204/sandbox/f1tenth_ws/install/teleop_tools_msgs/share/teleop_tools_msgs/environment/library_path.sh
[2.571s] -- Up-to-date: /home/dalv204/sandbox/f1tenth_ws/install/teleop_tools_msgs/share/teleop_tools_msgs/environment/library_path.dsv
[2.574s] -- Up-to-date: /home/dalv204/sandbox/f1tenth_ws/install/teleop_tools_msgs/lib/libteleop_tools_msgs__rosidl_generator_c.so
[2.574s] -- Up-to-date: /home/dalv204/sandbox/f1tenth_ws/install/teleop_tools_msgs/include/teleop_tools_msgs
[2.574s] -- Up-to-date: /home/dalv204/sandbox/f1tenth_ws/install/teleop_tools_msgs/include/teleop_tools_msgs/action
[2.575s] -- Up-to-date: /home/dalv204/sandbox/f1tenth_ws/install/teleop_tools_msgs/include/teleop_tools_msgs/action/detail
[2.575s] -- Up-to-date: /home/dalv204/sandbox/f1tenth_ws/install/teleop_tools_msgs/include/teleop_tools_msgs/action/detail/increment__rosidl_typesupport_fastrtps_c.h
[2.576s] -- Up-to-date: /home/dalv204/sandbox/f1tenth_ws/install/teleop_tools_msgs/include/teleop_tools_msgs/msg
[2.576s] -- Up-to-date: /home/dalv204/sandbox/f1tenth_ws/install/teleop_tools_msgs/include/teleop_tools_msgs/msg/rosidl_typesupport_fastrtps_c__visibility_control.h
[2.576s] -- Up-to-date: /home/dalv204/sandbox/f1tenth_ws/install/teleop_tools_msgs/lib/libteleop_tools_msgs__rosidl_typesupport_fastrtps_c.so
[2.578s] -- Up-to-date: /home/dalv204/sandbox/f1tenth_ws/install/teleop_tools_msgs/include/teleop_tools_msgs
[2.581s] -- Up-to-date: /home/dalv204/sandbox/f1tenth_ws/install/teleop_tools_msgs/include/teleop_tools_msgs/action
[2.581s] -- Up-to-date: /home/dalv204/sandbox/f1tenth_ws/install/teleop_tools_msgs/include/teleop_tools_msgs/action/detail
[2.582s] -- Up-to-date: /home/dalv204/sandbox/f1tenth_ws/install/teleop_tools_msgs/include/teleop_tools_msgs/action/detail/increment__rosidl_typesupport_fastrtps_cpp.hpp
[2.582s] -- Up-to-date: /home/dalv204/sandbox/f1tenth_ws/install/teleop_tools_msgs/include/teleop_tools_msgs/action/detail/dds_fastrtps
[2.582s] -- Up-to-date: /home/dalv204/sandbox/f1tenth_ws/install/teleop_tools_msgs/include/teleop_tools_msgs/msg
[2.582s] -- Up-to-date: /home/dalv204/sandbox/f1tenth_ws/install/teleop_tools_msgs/include/teleop_tools_msgs/msg/rosidl_typesupport_fastrtps_cpp__visibility_control.h
[2.582s] -- Up-to-date: /home/dalv204/sandbox/f1tenth_ws/install/teleop_tools_msgs/lib/libteleop_tools_msgs__rosidl_typesupport_fastrtps_cpp.so
[2.583s] -- Up-to-date: /home/dalv204/sandbox/f1tenth_ws/install/teleop_tools_msgs/include/teleop_tools_msgs
[2.584s] -- Up-to-date: /home/dalv204/sandbox/f1tenth_ws/install/teleop_tools_msgs/include/teleop_tools_msgs/action
[2.584s] -- Up-to-date: /home/dalv204/sandbox/f1tenth_ws/install/teleop_tools_msgs/include/teleop_tools_msgs/action/detail
[2.584s] -- Up-to-date: /home/dalv204/sandbox/f1tenth_ws/install/teleop_tools_msgs/include/teleop_tools_msgs/action/detail/increment__rosidl_typesupport_introspection_c.h
[2.586s] -- Up-to-date: /home/dalv204/sandbox/f1tenth_ws/install/teleop_tools_msgs/include/teleop_tools_msgs/action/detail/increment__type_support.c
[2.587s] -- Up-to-date: /home/dalv204/sandbox/f1tenth_ws/install/teleop_tools_msgs/include/teleop_tools_msgs/msg
[2.587s] -- Up-to-date: /home/dalv204/sandbox/f1tenth_ws/install/teleop_tools_msgs/include/teleop_tools_msgs/msg/rosidl_typesupport_introspection_c__visibility_control.h
[2.590s] -- Up-to-date: /home/dalv204/sandbox/f1tenth_ws/install/teleop_tools_msgs/lib/libteleop_tools_msgs__rosidl_typesupport_introspection_c.so
[2.592s] -- Up-to-date: /home/dalv204/sandbox/f1tenth_ws/install/teleop_tools_msgs/lib/libteleop_tools_msgs__rosidl_typesupport_c.so
[2.594s] -- Up-to-date: /home/dalv204/sandbox/f1tenth_ws/install/teleop_tools_msgs/include/teleop_tools_msgs
[2.595s] -- Up-to-date: /home/dalv204/sandbox/f1tenth_ws/install/teleop_tools_msgs/include/teleop_tools_msgs/action
[2.596s] -- Up-to-date: /home/dalv204/sandbox/f1tenth_ws/install/teleop_tools_msgs/include/teleop_tools_msgs/action/detail
[2.598s] -- Up-to-date: /home/dalv204/sandbox/f1tenth_ws/install/teleop_tools_msgs/include/teleop_tools_msgs/action/detail/increment__builder.hpp
[2.603s] -- Up-to-date: /home/dalv204/sandbox/f1tenth_ws/install/teleop_tools_msgs/include/teleop_tools_msgs/action/detail/increment__struct.hpp
[2.603s] -- Up-to-date: /home/dalv204/sandbox/f1tenth_ws/install/teleop_tools_msgs/include/teleop_tools_msgs/action/detail/increment__type_support.hpp
[2.604s] -- Up-to-date: /home/dalv204/sandbox/f1tenth_ws/install/teleop_tools_msgs/include/teleop_tools_msgs/action/detail/increment__traits.hpp
[2.604s] -- Up-to-date: /home/dalv204/sandbox/f1tenth_ws/install/teleop_tools_msgs/include/teleop_tools_msgs/action/increment.hpp
[2.604s] -- Up-to-date: /home/dalv204/sandbox/f1tenth_ws/install/teleop_tools_msgs/include/teleop_tools_msgs/msg
[2.604s] -- Up-to-date: /home/dalv204/sandbox/f1tenth_ws/install/teleop_tools_msgs/include/teleop_tools_msgs/msg/rosidl_generator_cpp__visibility_control.hpp
[2.604s] -- Up-to-date: /home/dalv204/sandbox/f1tenth_ws/install/teleop_tools_msgs/include/teleop_tools_msgs
[2.605s] -- Up-to-date: /home/dalv204/sandbox/f1tenth_ws/install/teleop_tools_msgs/include/teleop_tools_msgs/action
[2.605s] -- Up-to-date: /home/dalv204/sandbox/f1tenth_ws/install/teleop_tools_msgs/include/teleop_tools_msgs/action/detail
[2.605s] -- Up-to-date: /home/dalv204/sandbox/f1tenth_ws/install/teleop_tools_msgs/include/teleop_tools_msgs/action/detail/increment__type_support.cpp
[2.605s] -- Up-to-date: /home/dalv204/sandbox/f1tenth_ws/install/teleop_tools_msgs/include/teleop_tools_msgs/action/detail/increment__rosidl_typesupport_introspection_cpp.hpp
[2.605s] -- Up-to-date: /home/dalv204/sandbox/f1tenth_ws/install/teleop_tools_msgs/lib/libteleop_tools_msgs__rosidl_typesupport_introspection_cpp.so
[2.605s] -- Up-to-date: /home/dalv204/sandbox/f1tenth_ws/install/teleop_tools_msgs/lib/libteleop_tools_msgs__rosidl_typesupport_cpp.so
[2.608s] -- Up-to-date: /home/dalv204/sandbox/f1tenth_ws/install/teleop_tools_msgs/share/teleop_tools_msgs/environment/pythonpath.sh
[2.609s] -- Up-to-date: /home/dalv204/sandbox/f1tenth_ws/install/teleop_tools_msgs/share/teleop_tools_msgs/environment/pythonpath.dsv
[2.609s] -- Up-to-date: /home/dalv204/sandbox/f1tenth_ws/install/teleop_tools_msgs/lib/python3.8/site-packages/teleop_tools_msgs/__init__.py
[2.982s] -- Up-to-date: /home/dalv204/sandbox/f1tenth_ws/install/teleop_tools_msgs/lib/python3.8/site-packages/teleop_tools_msgs/action
[2.984s] -- Up-to-date: /home/dalv204/sandbox/f1tenth_ws/install/teleop_tools_msgs/lib/python3.8/site-packages/teleop_tools_msgs/action/_increment.py
[2.984s] -- Up-to-date: /home/dalv204/sandbox/f1tenth_ws/install/teleop_tools_msgs/lib/python3.8/site-packages/teleop_tools_msgs/action/_increment_s.c
[2.984s] -- Up-to-date: /home/dalv204/sandbox/f1tenth_ws/install/teleop_tools_msgs/lib/python3.8/site-packages/teleop_tools_msgs/action/__init__.py
[2.985s] -- Up-to-date: /home/dalv204/sandbox/f1tenth_ws/install/teleop_tools_msgs/lib/python3.8/site-packages/teleop_tools_msgs/teleop_tools_msgs_s__rosidl_typesupport_fastrtps_c.cpython-38-aarch64-linux-gnu.so
[2.985s] -- Up-to-date: /home/dalv204/sandbox/f1tenth_ws/install/teleop_tools_msgs/lib/python3.8/site-packages/teleop_tools_msgs/teleop_tools_msgs_s__rosidl_typesupport_introspection_c.cpython-38-aarch64-linux-gnu.so
[2.986s] -- Up-to-date: /home/dalv204/sandbox/f1tenth_ws/install/teleop_tools_msgs/lib/python3.8/site-packages/teleop_tools_msgs/teleop_tools_msgs_s__rosidl_typesupport_c.cpython-38-aarch64-linux-gnu.so
[2.987s] -- Up-to-date: /home/dalv204/sandbox/f1tenth_ws/install/teleop_tools_msgs/lib/libteleop_tools_msgs__python.so
[2.990s] -- Up-to-date: /home/dalv204/sandbox/f1tenth_ws/install/teleop_tools_msgs/share/teleop_tools_msgs/action/Increment.idl
[2.990s] -- Up-to-date: /home/dalv204/sandbox/f1tenth_ws/install/teleop_tools_msgs/share/teleop_tools_msgs/action/Increment.action
[2.990s] -- Up-to-date: /home/dalv204/sandbox/f1tenth_ws/install/teleop_tools_msgs/share/ament_index/resource_index/package_run_dependencies/teleop_tools_msgs
[2.990s] -- Up-to-date: /home/dalv204/sandbox/f1tenth_ws/install/teleop_tools_msgs/share/ament_index/resource_index/parent_prefix_path/teleop_tools_msgs
[2.991s] -- Up-to-date: /home/dalv204/sandbox/f1tenth_ws/install/teleop_tools_msgs/share/teleop_tools_msgs/environment/ament_prefix_path.sh
[2.992s] -- Up-to-date: /home/dalv204/sandbox/f1tenth_ws/install/teleop_tools_msgs/share/teleop_tools_msgs/environment/ament_prefix_path.dsv
[2.992s] -- Up-to-date: /home/dalv204/sandbox/f1tenth_ws/install/teleop_tools_msgs/share/teleop_tools_msgs/environment/path.sh
[2.992s] -- Up-to-date: /home/dalv204/sandbox/f1tenth_ws/install/teleop_tools_msgs/share/teleop_tools_msgs/environment/path.dsv
[2.993s] -- Up-to-date: /home/dalv204/sandbox/f1tenth_ws/install/teleop_tools_msgs/share/teleop_tools_msgs/local_setup.bash
[2.993s] -- Up-to-date: /home/dalv204/sandbox/f1tenth_ws/install/teleop_tools_msgs/share/teleop_tools_msgs/local_setup.sh
[2.993s] -- Up-to-date: /home/dalv204/sandbox/f1tenth_ws/install/teleop_tools_msgs/share/teleop_tools_msgs/local_setup.zsh
[2.993s] -- Up-to-date: /home/dalv204/sandbox/f1tenth_ws/install/teleop_tools_msgs/share/teleop_tools_msgs/local_setup.dsv
[2.994s] -- Installing: /home/dalv204/sandbox/f1tenth_ws/install/teleop_tools_msgs/share/teleop_tools_msgs/package.dsv
[2.994s] -- Up-to-date: /home/dalv204/sandbox/f1tenth_ws/install/teleop_tools_msgs/share/ament_index/resource_index/packages/teleop_tools_msgs
[2.994s] -- Up-to-date: /home/dalv204/sandbox/f1tenth_ws/install/teleop_tools_msgs/share/teleop_tools_msgs/cmake/teleop_tools_msgs__rosidl_generator_cExport.cmake
[2.995s] -- Up-to-date: /home/dalv204/sandbox/f1tenth_ws/install/teleop_tools_msgs/share/teleop_tools_msgs/cmake/teleop_tools_msgs__rosidl_generator_cExport-noconfig.cmake
[2.995s] -- Up-to-date: /home/dalv204/sandbox/f1tenth_ws/install/teleop_tools_msgs/share/teleop_tools_msgs/cmake/teleop_tools_msgs__rosidl_typesupport_introspection_cExport.cmake
[2.995s] -- Up-to-date: /home/dalv204/sandbox/f1tenth_ws/install/teleop_tools_msgs/share/teleop_tools_msgs/cmake/teleop_tools_msgs__rosidl_typesupport_introspection_cExport-noconfig.cmake
[2.995s] -- Up-to-date: /home/dalv204/sandbox/f1tenth_ws/install/teleop_tools_msgs/share/teleop_tools_msgs/cmake/teleop_tools_msgs__rosidl_typesupport_cExport.cmake
[2.995s] -- Up-to-date: /home/dalv204/sandbox/f1tenth_ws/install/teleop_tools_msgs/share/teleop_tools_msgs/cmake/teleop_tools_msgs__rosidl_typesupport_cExport-noconfig.cmake
[2.996s] -- Up-to-date: /home/dalv204/sandbox/f1tenth_ws/install/teleop_tools_msgs/share/teleop_tools_msgs/cmake/teleop_tools_msgs__rosidl_generator_cppExport.cmake
[2.996s] -- Up-to-date: /home/dalv204/sandbox/f1tenth_ws/install/teleop_tools_msgs/share/teleop_tools_msgs/cmake/teleop_tools_msgs__rosidl_typesupport_introspection_cppExport.cmake
[3.001s] -- Up-to-date: /home/dalv204/sandbox/f1tenth_ws/install/teleop_tools_msgs/share/teleop_tools_msgs/cmake/teleop_tools_msgs__rosidl_typesupport_introspection_cppExport-noconfig.cmake
[3.003s] -- Up-to-date: /home/dalv204/sandbox/f1tenth_ws/install/teleop_tools_msgs/share/teleop_tools_msgs/cmake/teleop_tools_msgs__rosidl_typesupport_cppExport.cmake
[3.004s] -- Up-to-date: /home/dalv204/sandbox/f1tenth_ws/install/teleop_tools_msgs/share/teleop_tools_msgs/cmake/teleop_tools_msgs__rosidl_typesupport_cppExport-noconfig.cmake
[3.005s] -- Up-to-date: /home/dalv204/sandbox/f1tenth_ws/install/teleop_tools_msgs/share/teleop_tools_msgs/cmake/rosidl_cmake-extras.cmake
[3.017s] -- Up-to-date: /home/dalv204/sandbox/f1tenth_ws/install/teleop_tools_msgs/share/teleop_tools_msgs/cmake/ament_cmake_export_dependencies-extras.cmake
[3.017s] -- Up-to-date: /home/dalv204/sandbox/f1tenth_ws/install/teleop_tools_msgs/share/teleop_tools_msgs/cmake/ament_cmake_export_libraries-extras.cmake
[3.017s] -- Up-to-date: /home/dalv204/sandbox/f1tenth_ws/install/teleop_tools_msgs/share/teleop_tools_msgs/cmake/ament_cmake_export_targets-extras.cmake
[3.017s] -- Up-to-date: /home/dalv204/sandbox/f1tenth_ws/install/teleop_tools_msgs/share/teleop_tools_msgs/cmake/ament_cmake_export_include_directories-extras.cmake
[3.018s] -- Up-to-date: /home/dalv204/sandbox/f1tenth_ws/install/teleop_tools_msgs/share/teleop_tools_msgs/cmake/rosidl_cmake_export_typesupport_libraries-extras.cmake
[3.018s] -- Up-to-date: /home/dalv204/sandbox/f1tenth_ws/install/teleop_tools_msgs/share/teleop_tools_msgs/cmake/rosidl_cmake_export_typesupport_targets-extras.cmake
[3.018s] -- Up-to-date: /home/dalv204/sandbox/f1tenth_ws/install/teleop_tools_msgs/share/teleop_tools_msgs/cmake/teleop_tools_msgsConfig.cmake
[3.018s] -- Up-to-date: /home/dalv204/sandbox/f1tenth_ws/install/teleop_tools_msgs/share/teleop_tools_msgs/cmake/teleop_tools_msgsConfig-version.cmake
[3.019s] -- Up-to-date: /home/dalv204/sandbox/f1tenth_ws/install/teleop_tools_msgs/share/teleop_tools_msgs/package.xml
[3.183s] Invoked command in '/home/dalv204/sandbox/f1tenth_ws/build/teleop_tools_msgs' returned '0': /usr/bin/cmake --install /home/dalv204/sandbox/f1tenth_ws/build/teleop_tools_msgs
