[4.803s] Invoking command in '/home/dalv204/sandbox/f1tenth_ws/src/f1tenth_system/teleop_tools/joy_teleop': AMENT_PREFIX_PATH=/home/dalv204/sandbox/f1tenth_ws/install/teleop_tools_msgs:${AMENT_PREFIX_PATH} CMAKE_PREFIX_PATH=/home/dalv204/sandbox/f1tenth_ws/install/teleop_tools_msgs${CMAKE_PREFIX_PATH} LD_LIBRARY_PATH=/home/dalv204/sandbox/f1tenth_ws/install/teleop_tools_msgs/lib:${LD_LIBRARY_PATH} PYTHONPATH=/home/dalv204/sandbox/f1tenth_ws/build/joy_teleop/prefix_override:/usr/lib/python3/dist-packages/colcon_core/task/python/colcon_distutils_commands:/home/dalv204/sandbox/f1tenth_ws/install/joy_teleop/lib/python3.8/site-packages:/home/dalv204/sandbox/f1tenth_ws/install/teleop_tools_msgs/lib/python3.8/site-packages:${PYTHONPATH} /usr/bin/python3 -W ignore:setup.py install is deprecated setup.py egg_info --egg-base ../../../../build/joy_teleop build --build-base /home/dalv204/sandbox/f1tenth_ws/build/joy_teleop/build install --record /home/dalv204/sandbox/f1tenth_ws/build/joy_teleop/install.log --install-scripts $base/lib/joy_teleop --single-version-externally-managed install_data
[5.439s] running egg_info
[5.442s] writing ../../../../build/joy_teleop/joy_teleop.egg-info/PKG-INFO
[5.442s] writing dependency_links to ../../../../build/joy_teleop/joy_teleop.egg-info/dependency_links.txt
[5.443s] writing entry points to ../../../../build/joy_teleop/joy_teleop.egg-info/entry_points.txt
[5.443s] writing requirements to ../../../../build/joy_teleop/joy_teleop.egg-info/requires.txt
[5.443s] writing top-level names to ../../../../build/joy_teleop/joy_teleop.egg-info/top_level.txt
[5.530s] reading manifest file '../../../../build/joy_teleop/joy_teleop.egg-info/SOURCES.txt'
[5.532s] writing manifest file '../../../../build/joy_teleop/joy_teleop.egg-info/SOURCES.txt'
[5.540s] running build
[5.541s] running build_py
[5.544s] running install
[5.547s] running install_lib
[5.551s] running install_data
[5.552s] running install_egg_info
[5.563s] removing '/home/dalv204/sandbox/f1tenth_ws/install/joy_teleop/lib/python3.8/site-packages/joy_teleop-0.3.0-py3.8.egg-info' (and everything under it)
[5.564s] Copying ../../../../build/joy_teleop/joy_teleop.egg-info to /home/dalv204/sandbox/f1tenth_ws/install/joy_teleop/lib/python3.8/site-packages/joy_teleop-0.3.0-py3.8.egg-info
[5.568s] running install_scripts
[5.629s] Installing incrementer_server script to /home/dalv204/sandbox/f1tenth_ws/install/joy_teleop/lib/joy_teleop
[5.630s] Installing joy_teleop script to /home/dalv204/sandbox/f1tenth_ws/install/joy_teleop/lib/joy_teleop
[5.631s] writing list of installed files to '/home/dalv204/sandbox/f1tenth_ws/build/joy_teleop/install.log'
[5.713s] Invoked command in '/home/dalv204/sandbox/f1tenth_ws/src/f1tenth_system/teleop_tools/joy_teleop' returned '0': AMENT_PREFIX_PATH=/home/dalv204/sandbox/f1tenth_ws/install/teleop_tools_msgs:${AMENT_PREFIX_PATH} CMAKE_PREFIX_PATH=/home/dalv204/sandbox/f1tenth_ws/install/teleop_tools_msgs${CMAKE_PREFIX_PATH} LD_LIBRARY_PATH=/home/dalv204/sandbox/f1tenth_ws/install/teleop_tools_msgs/lib:${LD_LIBRARY_PATH} PYTHONPATH=/home/dalv204/sandbox/f1tenth_ws/build/joy_teleop/prefix_override:/usr/lib/python3/dist-packages/colcon_core/task/python/colcon_distutils_commands:/home/dalv204/sandbox/f1tenth_ws/install/joy_teleop/lib/python3.8/site-packages:/home/dalv204/sandbox/f1tenth_ws/install/teleop_tools_msgs/lib/python3.8/site-packages:${PYTHONPATH} /usr/bin/python3 -W ignore:setup.py install is deprecated setup.py egg_info --egg-base ../../../../build/joy_teleop build --build-base /home/dalv204/sandbox/f1tenth_ws/build/joy_teleop/build install --record /home/dalv204/sandbox/f1tenth_ws/build/joy_teleop/install.log --install-scripts $base/lib/joy_teleop --single-version-externally-managed install_data
