[0.078s] Invoking command in '/home/dalv204/sandbox/f1tenth_ws/build/teleop_tools_msgs': /usr/bin/cmake --build /home/dalv204/sandbox/f1tenth_ws/build/teleop_tools_msgs -- -j6 -l6
[0.630s] [  3%] Built target teleop_tools_msgs__cpp
[0.630s] [ 12%] Built target teleop_tools_msgs__rosidl_generator_c
[0.630s] [ 22%] Built target teleop_tools_msgs__rosidl_typesupport_introspection_cpp
[0.631s] [ 32%] Built target teleop_tools_msgs__rosidl_typesupport_cpp
[0.631s] [ 41%] Built target teleop_tools_msgs__rosidl_typesupport_c
[0.631s] [ 51%] Built target teleop_tools_msgs__rosidl_typesupport_fastrtps_cpp
[0.631s] [ 61%] Built target teleop_tools_msgs__rosidl_typesupport_introspection_c
[0.631s] [ 70%] Built target teleop_tools_msgs__rosidl_typesupport_fastrtps_c
[0.631s] [ 70%] Built target teleop_tools_msgs
[0.631s] [ 74%] Built target teleop_tools_msgs__py
[0.632s] [ 80%] Built target teleop_tools_msgs__python
[0.632s] [ 87%] Built target teleop_tools_msgs__rosidl_typesupport_introspection_c__pyext
[0.632s] [ 93%] Built target teleop_tools_msgs__rosidl_typesupport_c__pyext
[0.632s] [100%] Built target teleop_tools_msgs__rosidl_typesupport_fastrtps_c__pyext
[0.632s] make: Warning: File 'Makefile' has modification time 1718621442 s in the future
[0.633s] make[1]: Warning: File 'CMakeFiles/Makefile2' has modification time 1718621442 s in the future
[0.634s] make[2]: Warning: File 'CMakeFiles/teleop_tools_msgs__cpp.dir/progress.make' has modification time 1718621442 s in the future
[0.634s] make[2]: Warning: File 'CMakeFiles/teleop_tools_msgs__rosidl_generator_c.dir/flags.make' has modification time 1718621441 s in the future
[0.634s] make[2]: warning:  Clock skew detected.  Your build may be incomplete.
[0.634s] make[2]: warning:  Clock skew detected.  Your build may be incomplete.
[0.634s] make[2]: Warning: File 'CMakeFiles/teleop_tools_msgs__cpp.dir/progress.make' has modification time 1718621441 s in the future
[0.634s] make[2]: warning:  Clock skew detected.  Your build may be incomplete.
[0.634s] make[2]: Warning: File 'CMakeFiles/teleop_tools_msgs__rosidl_generator_c.dir/flags.make' has modification time 1718621441 s in the future
[0.634s] make[2]: warning:  Clock skew detected.  Your build may be incomplete.
[0.635s] make[2]: Warning: File 'CMakeFiles/teleop_tools_msgs__rosidl_typesupport_introspection_cpp.dir/flags.make' has modification time 1718621441 s in the future
[0.635s] make[2]: Warning: File 'CMakeFiles/teleop_tools_msgs__rosidl_typesupport_fastrtps_cpp.dir/flags.make' has modification time 1718621441 s in the future
[0.635s] make[2]: Warning: File 'CMakeFiles/teleop_tools_msgs__rosidl_typesupport_cpp.dir/flags.make' has modification time 1718621441 s in the future
[0.635s] make[2]: Warning: File 'CMakeFiles/teleop_tools_msgs__rosidl_typesupport_c.dir/flags.make' has modification time 1718621441 s in the future
[0.635s] make[2]: warning:  Clock skew detected.  Your build may be incomplete.
[0.636s] make[2]: warning:  Clock skew detected.  Your build may be incomplete.
[0.636s] make[2]: warning:  Clock skew detected.  Your build may be incomplete.
[0.637s] make[2]: Warning: File 'CMakeFiles/teleop_tools_msgs__rosidl_typesupport_cpp.dir/flags.make' has modification time 1718621441 s in the future
[0.638s] make[2]: warning:  Clock skew detected.  Your build may be incomplete.
[0.641s] make[2]: Warning: File 'CMakeFiles/teleop_tools_msgs__rosidl_typesupport_introspection_cpp.dir/flags.make' has modification time 1718621441 s in the future
[0.642s] make[2]: warning:  Clock skew detected.  Your build may be incomplete.
[0.642s] make[2]: Warning: File 'CMakeFiles/teleop_tools_msgs__rosidl_typesupport_fastrtps_cpp.dir/flags.make' has modification time 1718621441 s in the future
[0.642s] make[2]: warning:  Clock skew detected.  Your build may be incomplete.
[0.643s] make[2]: Warning: File 'CMakeFiles/teleop_tools_msgs__rosidl_typesupport_c.dir/flags.make' has modification time 1718621441 s in the future
[0.643s] make[2]: warning:  Clock skew detected.  Your build may be incomplete.
[0.643s] make[2]: warning:  Clock skew detected.  Your build may be incomplete.
[0.643s] make[2]: Warning: File 'CMakeFiles/teleop_tools_msgs__rosidl_typesupport_introspection_c.dir/flags.make' has modification time 1718621441 s in the future
[0.643s] make[2]: Warning: File 'CMakeFiles/teleop_tools_msgs__rosidl_typesupport_fastrtps_c.dir/flags.make' has modification time 1718621441 s in the future
[0.643s] make[2]: warning:  Clock skew detected.  Your build may be incomplete.
[0.643s] make[2]: Warning: File 'CMakeFiles/teleop_tools_msgs__rosidl_typesupport_introspection_c.dir/flags.make' has modification time 1718621441 s in the future
[0.644s] make[2]: warning:  Clock skew detected.  Your build may be incomplete.
[0.645s] make[2]: warning:  Clock skew detected.  Your build may be incomplete.
[0.646s] make[2]: Warning: File 'CMakeFiles/teleop_tools_msgs__rosidl_typesupport_fastrtps_c.dir/flags.make' has modification time 1718621441 s in the future
[0.647s] make[2]: warning:  Clock skew detected.  Your build may be incomplete.
[0.647s] make[2]: Warning: File 'CMakeFiles/teleop_tools_msgs.dir/progress.make' has modification time 1718621441 s in the future
[0.647s] make[2]: warning:  Clock skew detected.  Your build may be incomplete.
[0.650s] make[2]: Warning: File 'CMakeFiles/teleop_tools_msgs.dir/progress.make' has modification time 1718621441 s in the future
[0.650s] make[2]: warning:  Clock skew detected.  Your build may be incomplete.
[0.651s] make[2]: Warning: File 'teleop_tools_msgs__py/CMakeFiles/teleop_tools_msgs__py.dir/progress.make' has modification time 1718621441 s in the future
[0.651s] make[2]: warning:  Clock skew detected.  Your build may be incomplete.
[0.651s] make[2]: Warning: File 'teleop_tools_msgs__py/CMakeFiles/teleop_tools_msgs__py.dir/progress.make' has modification time 1718621441 s in the future
[0.651s] make[2]: warning:  Clock skew detected.  Your build may be incomplete.
[0.651s] make[2]: Warning: File 'CMakeFiles/teleop_tools_msgs__python.dir/flags.make' has modification time 1718621441 s in the future
[0.651s] make[2]: warning:  Clock skew detected.  Your build may be incomplete.
[0.651s] make[2]: Warning: File 'CMakeFiles/teleop_tools_msgs__python.dir/flags.make' has modification time 1718621441 s in the future
[0.651s] make[2]: warning:  Clock skew detected.  Your build may be incomplete.
[0.652s] make[2]: Warning: File 'CMakeFiles/teleop_tools_msgs__rosidl_typesupport_c__pyext.dir/flags.make' has modification time 1718621441 s in the future
[0.652s] make[2]: Warning: File 'CMakeFiles/teleop_tools_msgs__rosidl_typesupport_introspection_c__pyext.dir/flags.make' has modification time 1718621441 s in the future
[0.652s] make[2]: Warning: File 'CMakeFiles/teleop_tools_msgs__rosidl_typesupport_fastrtps_c__pyext.dir/flags.make' has modification time 1718621441 s in the future
[0.652s] make[2]: warning:  Clock skew detected.  Your build may be incomplete.
[0.652s] make[2]: warning:  Clock skew detected.  Your build may be incomplete.
[0.652s] make[2]: warning:  Clock skew detected.  Your build may be incomplete.
[0.652s] make[2]: Warning: File 'CMakeFiles/teleop_tools_msgs__rosidl_typesupport_fastrtps_c__pyext.dir/flags.make' has modification time 1718621441 s in the future
[0.652s] make[2]: Warning: File 'CMakeFiles/teleop_tools_msgs__rosidl_typesupport_introspection_c__pyext.dir/flags.make' has modification time 1718621441 s in the future
[0.653s] make[2]: Warning: File 'CMakeFiles/teleop_tools_msgs__rosidl_typesupport_c__pyext.dir/flags.make' has modification time 1718621441 s in the future
[0.653s] make[2]: warning:  Clock skew detected.  Your build may be incomplete.
[0.653s] make[2]: warning:  Clock skew detected.  Your build may be incomplete.
[0.653s] make[2]: warning:  Clock skew detected.  Your build may be incomplete.
[0.653s] make[1]: warning:  Clock skew detected.  Your build may be incomplete.
[0.653s] make: warning:  Clock skew detected.  Your build may be incomplete.
[0.661s] Invoked command in '/home/dalv204/sandbox/f1tenth_ws/build/teleop_tools_msgs' returned '0': /usr/bin/cmake --build /home/dalv204/sandbox/f1tenth_ws/build/teleop_tools_msgs -- -j6 -l6
[0.786s] Invoking command in '/home/dalv204/sandbox/f1tenth_ws/build/teleop_tools_msgs': /usr/bin/cmake --install /home/dalv204/sandbox/f1tenth_ws/build/teleop_tools_msgs
[0.793s] -- Install configuration: ""
[0.793s] -- Up-to-date: /home/dalv204/sandbox/f1tenth_ws/install/teleop_tools_msgs/share/ament_index/resource_index/rosidl_interfaces/teleop_tools_msgs
[0.794s] -- Up-to-date: /home/dalv204/sandbox/f1tenth_ws/install/teleop_tools_msgs/include/teleop_tools_msgs
[0.794s] -- Up-to-date: /home/dalv204/sandbox/f1tenth_ws/install/teleop_tools_msgs/include/teleop_tools_msgs/action
[0.794s] -- Up-to-date: /home/dalv204/sandbox/f1tenth_ws/install/teleop_tools_msgs/include/teleop_tools_msgs/action/detail
[0.795s] -- Up-to-date: /home/dalv204/sandbox/f1tenth_ws/install/teleop_tools_msgs/include/teleop_tools_msgs/action/detail/increment__struct.h
[0.796s] -- Up-to-date: /home/dalv204/sandbox/f1tenth_ws/install/teleop_tools_msgs/include/teleop_tools_msgs/action/detail/increment__functions.h
[0.796s] -- Up-to-date: /home/dalv204/sandbox/f1tenth_ws/install/teleop_tools_msgs/include/teleop_tools_msgs/action/detail/increment__functions.c
[0.797s] -- Up-to-date: /home/dalv204/sandbox/f1tenth_ws/install/teleop_tools_msgs/include/teleop_tools_msgs/action/detail/increment__type_support.h
[0.797s] -- Up-to-date: /home/dalv204/sandbox/f1tenth_ws/install/teleop_tools_msgs/include/teleop_tools_msgs/action/increment.h
[0.797s] -- Up-to-date: /home/dalv204/sandbox/f1tenth_ws/install/teleop_tools_msgs/include/teleop_tools_msgs/msg
[0.798s] -- Up-to-date: /home/dalv204/sandbox/f1tenth_ws/install/teleop_tools_msgs/include/teleop_tools_msgs/msg/rosidl_generator_c__visibility_control.h
[0.798s] -- Up-to-date: /home/dalv204/sandbox/f1tenth_ws/install/teleop_tools_msgs/share/teleop_tools_msgs/environment/library_path.sh
[0.798s] -- Up-to-date: /home/dalv204/sandbox/f1tenth_ws/install/teleop_tools_msgs/share/teleop_tools_msgs/environment/library_path.dsv
[0.799s] -- Up-to-date: /home/dalv204/sandbox/f1tenth_ws/install/teleop_tools_msgs/lib/libteleop_tools_msgs__rosidl_generator_c.so
[0.800s] -- Up-to-date: /home/dalv204/sandbox/f1tenth_ws/install/teleop_tools_msgs/include/teleop_tools_msgs
[0.801s] -- Up-to-date: /home/dalv204/sandbox/f1tenth_ws/install/teleop_tools_msgs/include/teleop_tools_msgs/action
[0.801s] -- Up-to-date: /home/dalv204/sandbox/f1tenth_ws/install/teleop_tools_msgs/include/teleop_tools_msgs/action/detail
[0.803s] -- Up-to-date: /home/dalv204/sandbox/f1tenth_ws/install/teleop_tools_msgs/include/teleop_tools_msgs/action/detail/increment__rosidl_typesupport_fastrtps_c.h
[0.803s] -- Up-to-date: /home/dalv204/sandbox/f1tenth_ws/install/teleop_tools_msgs/include/teleop_tools_msgs/msg
[0.803s] -- Up-to-date: /home/dalv204/sandbox/f1tenth_ws/install/teleop_tools_msgs/include/teleop_tools_msgs/msg/rosidl_typesupport_fastrtps_c__visibility_control.h
[0.804s] -- Up-to-date: /home/dalv204/sandbox/f1tenth_ws/install/teleop_tools_msgs/lib/libteleop_tools_msgs__rosidl_typesupport_fastrtps_c.so
[0.804s] -- Up-to-date: /home/dalv204/sandbox/f1tenth_ws/install/teleop_tools_msgs/include/teleop_tools_msgs
[0.804s] -- Up-to-date: /home/dalv204/sandbox/f1tenth_ws/install/teleop_tools_msgs/include/teleop_tools_msgs/action
[0.804s] -- Up-to-date: /home/dalv204/sandbox/f1tenth_ws/install/teleop_tools_msgs/include/teleop_tools_msgs/action/detail
[0.805s] -- Up-to-date: /home/dalv204/sandbox/f1tenth_ws/install/teleop_tools_msgs/include/teleop_tools_msgs/action/detail/increment__rosidl_typesupport_fastrtps_cpp.hpp
[0.805s] -- Up-to-date: /home/dalv204/sandbox/f1tenth_ws/install/teleop_tools_msgs/include/teleop_tools_msgs/action/detail/dds_fastrtps
[0.806s] -- Up-to-date: /home/dalv204/sandbox/f1tenth_ws/install/teleop_tools_msgs/include/teleop_tools_msgs/msg
[0.806s] -- Up-to-date: /home/dalv204/sandbox/f1tenth_ws/install/teleop_tools_msgs/include/teleop_tools_msgs/msg/rosidl_typesupport_fastrtps_cpp__visibility_control.h
[0.806s] -- Up-to-date: /home/dalv204/sandbox/f1tenth_ws/install/teleop_tools_msgs/lib/libteleop_tools_msgs__rosidl_typesupport_fastrtps_cpp.so
[0.807s] -- Up-to-date: /home/dalv204/sandbox/f1tenth_ws/install/teleop_tools_msgs/include/teleop_tools_msgs
[0.808s] -- Up-to-date: /home/dalv204/sandbox/f1tenth_ws/install/teleop_tools_msgs/include/teleop_tools_msgs/action
[0.809s] -- Up-to-date: /home/dalv204/sandbox/f1tenth_ws/install/teleop_tools_msgs/include/teleop_tools_msgs/action/detail
[0.809s] -- Up-to-date: /home/dalv204/sandbox/f1tenth_ws/install/teleop_tools_msgs/include/teleop_tools_msgs/action/detail/increment__rosidl_typesupport_introspection_c.h
[0.809s] -- Up-to-date: /home/dalv204/sandbox/f1tenth_ws/install/teleop_tools_msgs/include/teleop_tools_msgs/action/detail/increment__type_support.c
[0.809s] -- Up-to-date: /home/dalv204/sandbox/f1tenth_ws/install/teleop_tools_msgs/include/teleop_tools_msgs/msg
[0.809s] -- Up-to-date: /home/dalv204/sandbox/f1tenth_ws/install/teleop_tools_msgs/include/teleop_tools_msgs/msg/rosidl_typesupport_introspection_c__visibility_control.h
[0.810s] -- Up-to-date: /home/dalv204/sandbox/f1tenth_ws/install/teleop_tools_msgs/lib/libteleop_tools_msgs__rosidl_typesupport_introspection_c.so
[0.810s] -- Up-to-date: /home/dalv204/sandbox/f1tenth_ws/install/teleop_tools_msgs/lib/libteleop_tools_msgs__rosidl_typesupport_c.so
[0.810s] -- Up-to-date: /home/dalv204/sandbox/f1tenth_ws/install/teleop_tools_msgs/include/teleop_tools_msgs
[0.811s] -- Up-to-date: /home/dalv204/sandbox/f1tenth_ws/install/teleop_tools_msgs/include/teleop_tools_msgs/action
[0.811s] -- Up-to-date: /home/dalv204/sandbox/f1tenth_ws/install/teleop_tools_msgs/include/teleop_tools_msgs/action/detail
[0.811s] -- Up-to-date: /home/dalv204/sandbox/f1tenth_ws/install/teleop_tools_msgs/include/teleop_tools_msgs/action/detail/increment__builder.hpp
[0.811s] -- Up-to-date: /home/dalv204/sandbox/f1tenth_ws/install/teleop_tools_msgs/include/teleop_tools_msgs/action/detail/increment__struct.hpp
[0.812s] -- Up-to-date: /home/dalv204/sandbox/f1tenth_ws/install/teleop_tools_msgs/include/teleop_tools_msgs/action/detail/increment__type_support.hpp
[0.812s] -- Up-to-date: /home/dalv204/sandbox/f1tenth_ws/install/teleop_tools_msgs/include/teleop_tools_msgs/action/detail/increment__traits.hpp
[0.812s] -- Up-to-date: /home/dalv204/sandbox/f1tenth_ws/install/teleop_tools_msgs/include/teleop_tools_msgs/action/increment.hpp
[0.812s] -- Up-to-date: /home/dalv204/sandbox/f1tenth_ws/install/teleop_tools_msgs/include/teleop_tools_msgs/msg
[0.812s] -- Up-to-date: /home/dalv204/sandbox/f1tenth_ws/install/teleop_tools_msgs/include/teleop_tools_msgs/msg/rosidl_generator_cpp__visibility_control.hpp
[0.813s] -- Up-to-date: /home/dalv204/sandbox/f1tenth_ws/install/teleop_tools_msgs/include/teleop_tools_msgs
[0.813s] -- Up-to-date: /home/dalv204/sandbox/f1tenth_ws/install/teleop_tools_msgs/include/teleop_tools_msgs/action
[0.813s] -- Up-to-date: /home/dalv204/sandbox/f1tenth_ws/install/teleop_tools_msgs/include/teleop_tools_msgs/action/detail
[0.813s] -- Up-to-date: /home/dalv204/sandbox/f1tenth_ws/install/teleop_tools_msgs/include/teleop_tools_msgs/action/detail/increment__type_support.cpp
[0.815s] -- Up-to-date: /home/dalv204/sandbox/f1tenth_ws/install/teleop_tools_msgs/include/teleop_tools_msgs/action/detail/increment__rosidl_typesupport_introspection_cpp.hpp
[0.816s] -- Up-to-date: /home/dalv204/sandbox/f1tenth_ws/install/teleop_tools_msgs/lib/libteleop_tools_msgs__rosidl_typesupport_introspection_cpp.so
[0.816s] -- Up-to-date: /home/dalv204/sandbox/f1tenth_ws/install/teleop_tools_msgs/lib/libteleop_tools_msgs__rosidl_typesupport_cpp.so
[0.816s] -- Up-to-date: /home/dalv204/sandbox/f1tenth_ws/install/teleop_tools_msgs/share/teleop_tools_msgs/environment/pythonpath.sh
[0.816s] -- Up-to-date: /home/dalv204/sandbox/f1tenth_ws/install/teleop_tools_msgs/share/teleop_tools_msgs/environment/pythonpath.dsv
[0.816s] -- Up-to-date: /home/dalv204/sandbox/f1tenth_ws/install/teleop_tools_msgs/lib/python3.8/site-packages/teleop_tools_msgs/__init__.py
[0.881s] -- Up-to-date: /home/dalv204/sandbox/f1tenth_ws/install/teleop_tools_msgs/lib/python3.8/site-packages/teleop_tools_msgs/action
[0.883s] -- Up-to-date: /home/dalv204/sandbox/f1tenth_ws/install/teleop_tools_msgs/lib/python3.8/site-packages/teleop_tools_msgs/action/_increment.py
[0.884s] -- Up-to-date: /home/dalv204/sandbox/f1tenth_ws/install/teleop_tools_msgs/lib/python3.8/site-packages/teleop_tools_msgs/action/_increment_s.c
[0.884s] -- Up-to-date: /home/dalv204/sandbox/f1tenth_ws/install/teleop_tools_msgs/lib/python3.8/site-packages/teleop_tools_msgs/action/__init__.py
[0.886s] -- Up-to-date: /home/dalv204/sandbox/f1tenth_ws/install/teleop_tools_msgs/lib/python3.8/site-packages/teleop_tools_msgs/teleop_tools_msgs_s__rosidl_typesupport_fastrtps_c.cpython-38-aarch64-linux-gnu.so
[0.893s] -- Up-to-date: /home/dalv204/sandbox/f1tenth_ws/install/teleop_tools_msgs/lib/python3.8/site-packages/teleop_tools_msgs/teleop_tools_msgs_s__rosidl_typesupport_introspection_c.cpython-38-aarch64-linux-gnu.so
[0.894s] -- Up-to-date: /home/dalv204/sandbox/f1tenth_ws/install/teleop_tools_msgs/lib/python3.8/site-packages/teleop_tools_msgs/teleop_tools_msgs_s__rosidl_typesupport_c.cpython-38-aarch64-linux-gnu.so
[0.898s] -- Up-to-date: /home/dalv204/sandbox/f1tenth_ws/install/teleop_tools_msgs/lib/libteleop_tools_msgs__python.so
[0.898s] -- Up-to-date: /home/dalv204/sandbox/f1tenth_ws/install/teleop_tools_msgs/share/teleop_tools_msgs/action/Increment.idl
[0.899s] -- Up-to-date: /home/dalv204/sandbox/f1tenth_ws/install/teleop_tools_msgs/share/teleop_tools_msgs/action/Increment.action
[0.899s] -- Up-to-date: /home/dalv204/sandbox/f1tenth_ws/install/teleop_tools_msgs/share/ament_index/resource_index/package_run_dependencies/teleop_tools_msgs
[0.900s] -- Up-to-date: /home/dalv204/sandbox/f1tenth_ws/install/teleop_tools_msgs/share/ament_index/resource_index/parent_prefix_path/teleop_tools_msgs
[0.904s] -- Up-to-date: /home/dalv204/sandbox/f1tenth_ws/install/teleop_tools_msgs/share/teleop_tools_msgs/environment/ament_prefix_path.sh
[0.921s] -- Up-to-date: /home/dalv204/sandbox/f1tenth_ws/install/teleop_tools_msgs/share/teleop_tools_msgs/environment/ament_prefix_path.dsv
[0.922s] -- Up-to-date: /home/dalv204/sandbox/f1tenth_ws/install/teleop_tools_msgs/share/teleop_tools_msgs/environment/path.sh
[0.922s] -- Up-to-date: /home/dalv204/sandbox/f1tenth_ws/install/teleop_tools_msgs/share/teleop_tools_msgs/environment/path.dsv
[0.922s] -- Up-to-date: /home/dalv204/sandbox/f1tenth_ws/install/teleop_tools_msgs/share/teleop_tools_msgs/local_setup.bash
[0.923s] -- Up-to-date: /home/dalv204/sandbox/f1tenth_ws/install/teleop_tools_msgs/share/teleop_tools_msgs/local_setup.sh
[0.924s] -- Up-to-date: /home/dalv204/sandbox/f1tenth_ws/install/teleop_tools_msgs/share/teleop_tools_msgs/local_setup.zsh
[0.926s] -- Up-to-date: /home/dalv204/sandbox/f1tenth_ws/install/teleop_tools_msgs/share/teleop_tools_msgs/local_setup.dsv
[0.927s] -- Installing: /home/dalv204/sandbox/f1tenth_ws/install/teleop_tools_msgs/share/teleop_tools_msgs/package.dsv
[0.932s] -- Up-to-date: /home/dalv204/sandbox/f1tenth_ws/install/teleop_tools_msgs/share/ament_index/resource_index/packages/teleop_tools_msgs
[0.932s] -- Up-to-date: /home/dalv204/sandbox/f1tenth_ws/install/teleop_tools_msgs/share/teleop_tools_msgs/cmake/teleop_tools_msgs__rosidl_generator_cExport.cmake
[0.932s] -- Up-to-date: /home/dalv204/sandbox/f1tenth_ws/install/teleop_tools_msgs/share/teleop_tools_msgs/cmake/teleop_tools_msgs__rosidl_generator_cExport-noconfig.cmake
[0.938s] -- Up-to-date: /home/dalv204/sandbox/f1tenth_ws/install/teleop_tools_msgs/share/teleop_tools_msgs/cmake/teleop_tools_msgs__rosidl_typesupport_introspection_cExport.cmake
[0.938s] -- Up-to-date: /home/dalv204/sandbox/f1tenth_ws/install/teleop_tools_msgs/share/teleop_tools_msgs/cmake/teleop_tools_msgs__rosidl_typesupport_introspection_cExport-noconfig.cmake
[0.938s] -- Up-to-date: /home/dalv204/sandbox/f1tenth_ws/install/teleop_tools_msgs/share/teleop_tools_msgs/cmake/teleop_tools_msgs__rosidl_typesupport_cExport.cmake
[0.938s] -- Up-to-date: /home/dalv204/sandbox/f1tenth_ws/install/teleop_tools_msgs/share/teleop_tools_msgs/cmake/teleop_tools_msgs__rosidl_typesupport_cExport-noconfig.cmake
[0.939s] -- Up-to-date: /home/dalv204/sandbox/f1tenth_ws/install/teleop_tools_msgs/share/teleop_tools_msgs/cmake/teleop_tools_msgs__rosidl_generator_cppExport.cmake
[0.939s] -- Up-to-date: /home/dalv204/sandbox/f1tenth_ws/install/teleop_tools_msgs/share/teleop_tools_msgs/cmake/teleop_tools_msgs__rosidl_typesupport_introspection_cppExport.cmake
[0.939s] -- Up-to-date: /home/dalv204/sandbox/f1tenth_ws/install/teleop_tools_msgs/share/teleop_tools_msgs/cmake/teleop_tools_msgs__rosidl_typesupport_introspection_cppExport-noconfig.cmake
[0.955s] -- Up-to-date: /home/dalv204/sandbox/f1tenth_ws/install/teleop_tools_msgs/share/teleop_tools_msgs/cmake/teleop_tools_msgs__rosidl_typesupport_cppExport.cmake
[0.955s] -- Up-to-date: /home/dalv204/sandbox/f1tenth_ws/install/teleop_tools_msgs/share/teleop_tools_msgs/cmake/teleop_tools_msgs__rosidl_typesupport_cppExport-noconfig.cmake
[0.955s] -- Up-to-date: /home/dalv204/sandbox/f1tenth_ws/install/teleop_tools_msgs/share/teleop_tools_msgs/cmake/rosidl_cmake-extras.cmake
[0.955s] -- Up-to-date: /home/dalv204/sandbox/f1tenth_ws/install/teleop_tools_msgs/share/teleop_tools_msgs/cmake/ament_cmake_export_dependencies-extras.cmake
[0.956s] -- Up-to-date: /home/dalv204/sandbox/f1tenth_ws/install/teleop_tools_msgs/share/teleop_tools_msgs/cmake/ament_cmake_export_libraries-extras.cmake
[0.956s] -- Up-to-date: /home/dalv204/sandbox/f1tenth_ws/install/teleop_tools_msgs/share/teleop_tools_msgs/cmake/ament_cmake_export_targets-extras.cmake
[0.956s] -- Up-to-date: /home/dalv204/sandbox/f1tenth_ws/install/teleop_tools_msgs/share/teleop_tools_msgs/cmake/ament_cmake_export_include_directories-extras.cmake
[0.956s] -- Up-to-date: /home/dalv204/sandbox/f1tenth_ws/install/teleop_tools_msgs/share/teleop_tools_msgs/cmake/rosidl_cmake_export_typesupport_libraries-extras.cmake
[0.957s] -- Up-to-date: /home/dalv204/sandbox/f1tenth_ws/install/teleop_tools_msgs/share/teleop_tools_msgs/cmake/rosidl_cmake_export_typesupport_targets-extras.cmake
[0.957s] -- Up-to-date: /home/dalv204/sandbox/f1tenth_ws/install/teleop_tools_msgs/share/teleop_tools_msgs/cmake/teleop_tools_msgsConfig.cmake
[0.957s] -- Up-to-date: /home/dalv204/sandbox/f1tenth_ws/install/teleop_tools_msgs/share/teleop_tools_msgs/cmake/teleop_tools_msgsConfig-version.cmake
[0.958s] -- Up-to-date: /home/dalv204/sandbox/f1tenth_ws/install/teleop_tools_msgs/share/teleop_tools_msgs/package.xml
[0.960s] Invoked command in '/home/dalv204/sandbox/f1tenth_ws/build/teleop_tools_msgs' returned '0': /usr/bin/cmake --install /home/dalv204/sandbox/f1tenth_ws/build/teleop_tools_msgs
