[1.016s] Invoking command in '/home/dalv204/sandbox/f1tenth_ws/build/path_finder': /usr/bin/cmake --build /home/dalv204/sandbox/f1tenth_ws/build/path_finder -- -j6 -l6
[1.364s] [100%] Built target rrt_node
[1.434s] Invoked command in '/home/dalv204/sandbox/f1tenth_ws/build/path_finder' returned '0': /usr/bin/cmake --build /home/dalv204/sandbox/f1tenth_ws/build/path_finder -- -j6 -l6
[1.534s] Invoking command in '/home/dalv204/sandbox/f1tenth_ws/build/path_finder': /usr/bin/cmake --install /home/dalv204/sandbox/f1tenth_ws/build/path_finder
[1.579s] -- Install configuration: ""
[1.581s] -- Up-to-date: /home/dalv204/sandbox/f1tenth_ws/install/path_finder/lib/path_finder/rrt_node
[1.581s] -- Up-to-date: /home/dalv204/sandbox/f1tenth_ws/install/path_finder/share/path_finder/environment/pythonpath.sh
[1.581s] -- Up-to-date: /home/dalv204/sandbox/f1tenth_ws/install/path_finder/share/path_finder/environment/pythonpath.dsv
[1.581s] -- Up-to-date: /home/dalv204/sandbox/f1tenth_ws/install/path_finder/lib/python3.8/site-packages/path_finder
[1.581s] -- Up-to-date: /home/dalv204/sandbox/f1tenth_ws/install/path_finder/lib/python3.8/site-packages/path_finder/__init__.py
[1.693s] Listing '/home/dalv204/sandbox/f1tenth_ws/install/path_finder/lib/python3.8/site-packages/path_finder'...
[1.710s] -- Installing: /home/dalv204/sandbox/f1tenth_ws/install/path_finder/lib/path_finder/rrt_node.py
[1.710s] -- Installing: /home/dalv204/sandbox/f1tenth_ws/install/path_finder/lib/path_finder/pp_logic.py
[1.710s] -- Installing: /home/dalv204/sandbox/f1tenth_ws/install/path_finder/lib/path_finder/lbc_node.py
[1.710s] -- Up-to-date: /home/dalv204/sandbox/f1tenth_ws/install/path_finder/share/ament_index/resource_index/package_run_dependencies/path_finder
[1.711s] -- Up-to-date: /home/dalv204/sandbox/f1tenth_ws/install/path_finder/share/ament_index/resource_index/parent_prefix_path/path_finder
[1.711s] -- Up-to-date: /home/dalv204/sandbox/f1tenth_ws/install/path_finder/share/path_finder/environment/ament_prefix_path.sh
[1.711s] -- Up-to-date: /home/dalv204/sandbox/f1tenth_ws/install/path_finder/share/path_finder/environment/ament_prefix_path.dsv
[1.711s] -- Up-to-date: /home/dalv204/sandbox/f1tenth_ws/install/path_finder/share/path_finder/environment/path.sh
[1.712s] -- Up-to-date: /home/dalv204/sandbox/f1tenth_ws/install/path_finder/share/path_finder/environment/path.dsv
[1.712s] -- Up-to-date: /home/dalv204/sandbox/f1tenth_ws/install/path_finder/share/path_finder/local_setup.bash
[1.712s] -- Up-to-date: /home/dalv204/sandbox/f1tenth_ws/install/path_finder/share/path_finder/local_setup.sh
[1.712s] -- Up-to-date: /home/dalv204/sandbox/f1tenth_ws/install/path_finder/share/path_finder/local_setup.zsh
[1.712s] -- Up-to-date: /home/dalv204/sandbox/f1tenth_ws/install/path_finder/share/path_finder/local_setup.dsv
[1.712s] -- Installing: /home/dalv204/sandbox/f1tenth_ws/install/path_finder/share/path_finder/package.dsv
[1.712s] -- Up-to-date: /home/dalv204/sandbox/f1tenth_ws/install/path_finder/share/ament_index/resource_index/packages/path_finder
[1.713s] -- Up-to-date: /home/dalv204/sandbox/f1tenth_ws/install/path_finder/share/path_finder/cmake/path_finderConfig.cmake
[1.713s] -- Up-to-date: /home/dalv204/sandbox/f1tenth_ws/install/path_finder/share/path_finder/cmake/path_finderConfig-version.cmake
[1.713s] -- Up-to-date: /home/dalv204/sandbox/f1tenth_ws/install/path_finder/share/path_finder/package.xml
[1.719s] Invoked command in '/home/dalv204/sandbox/f1tenth_ws/build/path_finder' returned '0': /usr/bin/cmake --install /home/dalv204/sandbox/f1tenth_ws/build/path_finder
