[0.829s] Invoking command in '/home/dalv204/sandbox/f1tenth_ws/build/lab2_pkg': CMAKE_PREFIX_PATH=${CMAKE_PREFIX_PATH}:/home/dalv204/sandbox/f1tenth_ws/install/f1tenth_stack:/home/dalv204/sandbox/f1tenth_ws/install/joy_teleop:/home/dalv204/sandbox/f1tenth_ws/install/particle_filter:/home/dalv204/sandbox/f1tenth_ws/install/mouse_teleop:/home/dalv204/sandbox/f1tenth_ws/install/key_teleop /usr/bin/cmake --build /home/dalv204/sandbox/f1tenth_ws/build/lab2_pkg -- -j6 -l6
[0.907s] -- Found ament_cmake: 0.9.12 (/opt/ros/foxy/share/ament_cmake/cmake)
[0.998s] -- Using PYTHON_EXECUTABLE: /usr/bin/python3
[1.597s] -- Found rclpy: 1.0.13 (/opt/ros/foxy/share/rclpy/cmake)
[1.599s] -- Found ackermann_msgs: 2.0.2 (/opt/ros/foxy/share/ackermann_msgs/cmake)
[1.656s] -- Using all available rosidl_typesupport_c: rosidl_typesupport_fastrtps_c;rosidl_typesupport_introspection_c
[1.663s] -- Found rosidl_adapter: 1.3.1 (/opt/ros/foxy/share/rosidl_adapter/cmake)
[1.953s] -- Using all available rosidl_typesupport_cpp: rosidl_typesupport_fastrtps_cpp;rosidl_typesupport_introspection_cpp
[2.121s] -- Found ament_lint_auto: 0.9.8 (/opt/ros/foxy/share/ament_lint_auto/cmake)
[2.284s] -- Added test 'copyright' to check source files copyright and LICENSE
[2.288s] -- Added test 'flake8' to check Python code syntax and style conventions
[2.289s] -- Added test 'lint_cmake' to check CMake code style
[2.296s] -- Added test 'pep257' to check Python code against some of the style conventions in PEP 257
[2.296s] -- Added test 'xmllint' to check XML markup files
[2.301s] -- Configuring done
[2.310s] -- Generating done
[2.311s] -- Build files have been written to: /home/dalv204/sandbox/f1tenth_ws/build/lab2_pkg
[3.450s] Invoked command in '/home/dalv204/sandbox/f1tenth_ws/build/lab2_pkg' returned '0': CMAKE_PREFIX_PATH=${CMAKE_PREFIX_PATH}:/home/dalv204/sandbox/f1tenth_ws/install/f1tenth_stack:/home/dalv204/sandbox/f1tenth_ws/install/joy_teleop:/home/dalv204/sandbox/f1tenth_ws/install/particle_filter:/home/dalv204/sandbox/f1tenth_ws/install/mouse_teleop:/home/dalv204/sandbox/f1tenth_ws/install/key_teleop /usr/bin/cmake --build /home/dalv204/sandbox/f1tenth_ws/build/lab2_pkg -- -j6 -l6
[3.571s] Invoking command in '/home/dalv204/sandbox/f1tenth_ws/build/lab2_pkg': CMAKE_PREFIX_PATH=${CMAKE_PREFIX_PATH}:/home/dalv204/sandbox/f1tenth_ws/install/f1tenth_stack:/home/dalv204/sandbox/f1tenth_ws/install/joy_teleop:/home/dalv204/sandbox/f1tenth_ws/install/particle_filter:/home/dalv204/sandbox/f1tenth_ws/install/mouse_teleop:/home/dalv204/sandbox/f1tenth_ws/install/key_teleop /usr/bin/cmake --install /home/dalv204/sandbox/f1tenth_ws/build/lab2_pkg
[3.612s] -- Install configuration: ""
[3.613s] -- Installing: /home/dalv204/sandbox/f1tenth_ws/install/lab2_pkg/lib/lab2_pkg/safety_node.py
[3.613s] -- Up-to-date: /home/dalv204/sandbox/f1tenth_ws/install/lab2_pkg/share/lab2_pkg/launch/launch
[3.613s] -- Installing: /home/dalv204/sandbox/f1tenth_ws/install/lab2_pkg/share/lab2_pkg/launch/launch/safety_launch.py
[3.613s] -- Installing: /home/dalv204/sandbox/f1tenth_ws/install/lab2_pkg/share/lab2_pkg/launch/launch/.vscode
[3.613s] -- Installing: /home/dalv204/sandbox/f1tenth_ws/install/lab2_pkg/share/lab2_pkg/launch/launch/.vscode/c_cpp_properties.json
[3.613s] -- Installing: /home/dalv204/sandbox/f1tenth_ws/install/lab2_pkg/share/lab2_pkg/launch/launch/.vscode/settings.json
[3.614s] -- Up-to-date: /home/dalv204/sandbox/f1tenth_ws/install/lab2_pkg/share/ament_index/resource_index/package_run_dependencies/lab2_pkg
[3.614s] -- Installing: /home/dalv204/sandbox/f1tenth_ws/install/lab2_pkg/share/ament_index/resource_index/parent_prefix_path/lab2_pkg
[3.614s] -- Up-to-date: /home/dalv204/sandbox/f1tenth_ws/install/lab2_pkg/share/lab2_pkg/environment/ament_prefix_path.sh
[3.614s] -- Installing: /home/dalv204/sandbox/f1tenth_ws/install/lab2_pkg/share/lab2_pkg/environment/ament_prefix_path.dsv
[3.614s] -- Up-to-date: /home/dalv204/sandbox/f1tenth_ws/install/lab2_pkg/share/lab2_pkg/environment/path.sh
[3.614s] -- Installing: /home/dalv204/sandbox/f1tenth_ws/install/lab2_pkg/share/lab2_pkg/environment/path.dsv
[3.615s] -- Up-to-date: /home/dalv204/sandbox/f1tenth_ws/install/lab2_pkg/share/lab2_pkg/local_setup.bash
[3.615s] -- Up-to-date: /home/dalv204/sandbox/f1tenth_ws/install/lab2_pkg/share/lab2_pkg/local_setup.sh
[3.621s] -- Up-to-date: /home/dalv204/sandbox/f1tenth_ws/install/lab2_pkg/share/lab2_pkg/local_setup.zsh
[3.623s] -- Installing: /home/dalv204/sandbox/f1tenth_ws/install/lab2_pkg/share/lab2_pkg/local_setup.dsv
[3.623s] -- Installing: /home/dalv204/sandbox/f1tenth_ws/install/lab2_pkg/share/lab2_pkg/package.dsv
[3.624s] -- Up-to-date: /home/dalv204/sandbox/f1tenth_ws/install/lab2_pkg/share/ament_index/resource_index/packages/lab2_pkg
[3.624s] -- Up-to-date: /home/dalv204/sandbox/f1tenth_ws/install/lab2_pkg/share/lab2_pkg/cmake/lab2_pkgConfig.cmake
[3.624s] -- Up-to-date: /home/dalv204/sandbox/f1tenth_ws/install/lab2_pkg/share/lab2_pkg/cmake/lab2_pkgConfig-version.cmake
[3.624s] -- Installing: /home/dalv204/sandbox/f1tenth_ws/install/lab2_pkg/share/lab2_pkg/package.xml
[3.684s] Invoked command in '/home/dalv204/sandbox/f1tenth_ws/build/lab2_pkg' returned '0': CMAKE_PREFIX_PATH=${CMAKE_PREFIX_PATH}:/home/dalv204/sandbox/f1tenth_ws/install/f1tenth_stack:/home/dalv204/sandbox/f1tenth_ws/install/joy_teleop:/home/dalv204/sandbox/f1tenth_ws/install/particle_filter:/home/dalv204/sandbox/f1tenth_ws/install/mouse_teleop:/home/dalv204/sandbox/f1tenth_ws/install/key_teleop /usr/bin/cmake --install /home/dalv204/sandbox/f1tenth_ws/build/lab2_pkg
