[0.543s] Invoking command in '/home/dalv204/sandbox/f1tenth_ws/build/vesc_driver': AMENT_PREFIX_PATH=/home/dalv204/sandbox/f1tenth_ws/install/vesc_msgs:${AMENT_PREFIX_PATH} CMAKE_PREFIX_PATH=/home/dalv204/sandbox/f1tenth_ws/install/vesc_msgs${CMAKE_PREFIX_PATH} LD_LIBRARY_PATH=/home/dalv204/sandbox/f1tenth_ws/install/vesc_msgs/lib:${LD_LIBRARY_PATH} PYTHONPATH=/home/dalv204/sandbox/f1tenth_ws/install/vesc_msgs/lib/python3.8/site-packages:${PYTHONPATH} /usr/bin/cmake --build /home/dalv204/sandbox/f1tenth_ws/build/vesc_driver -- -j6 -l6
[0.566s] make: Warning: File 'Makefile' has modification time 1718621428 s in the future
[0.643s] make[1]: Warning: File 'CMakeFiles/Makefile2' has modification time 1718621428 s in the future
[0.659s] make[2]: Warning: File 'CMakeFiles/vesc_driver.dir/flags.make' has modification time 1718621428 s in the future
[0.668s] make[2]: Warning: File 'CMakeFiles/vesc_driver_node.dir/flags.make' has modification time 1718621428 s in the future
[0.690s] make[2]: warning:  Clock skew detected.  Your build may be incomplete.
[0.695s] make[2]: Warning: File 'CMakeFiles/vesc_driver_node.dir/flags.make' has modification time 1718621428 s in the future
[0.715s] make[2]: warning:  Clock skew detected.  Your build may be incomplete.
[0.730s] make[2]: warning:  Clock skew detected.  Your build may be incomplete.
[0.739s] [ 20%] Built target vesc_driver_node
[0.746s] make[2]: Warning: File 'CMakeFiles/vesc_driver.dir/flags.make' has modification time 1718621428 s in the future
[0.766s] make[2]: warning:  Clock skew detected.  Your build may be incomplete.
[0.784s] [ 70%] Built target vesc_driver
[0.794s] make[2]: Warning: File 'CMakeFiles/vesc_device_namer.dir/flags.make' has modification time 1718621428 s in the future
[0.828s] make[2]: warning:  Clock skew detected.  Your build may be incomplete.
[0.832s] make[2]: Warning: File 'CMakeFiles/vesc_device_namer.dir/flags.make' has modification time 1718621428 s in the future
[0.842s] make[2]: warning:  Clock skew detected.  Your build may be incomplete.
[0.867s] [100%] Built target vesc_device_namer
[0.869s] make[1]: warning:  Clock skew detected.  Your build may be incomplete.
[0.883s] make: warning:  Clock skew detected.  Your build may be incomplete.
[0.893s] Invoked command in '/home/dalv204/sandbox/f1tenth_ws/build/vesc_driver' returned '0': AMENT_PREFIX_PATH=/home/dalv204/sandbox/f1tenth_ws/install/vesc_msgs:${AMENT_PREFIX_PATH} CMAKE_PREFIX_PATH=/home/dalv204/sandbox/f1tenth_ws/install/vesc_msgs${CMAKE_PREFIX_PATH} LD_LIBRARY_PATH=/home/dalv204/sandbox/f1tenth_ws/install/vesc_msgs/lib:${LD_LIBRARY_PATH} PYTHONPATH=/home/dalv204/sandbox/f1tenth_ws/install/vesc_msgs/lib/python3.8/site-packages:${PYTHONPATH} /usr/bin/cmake --build /home/dalv204/sandbox/f1tenth_ws/build/vesc_driver -- -j6 -l6
[0.995s] Invoking command in '/home/dalv204/sandbox/f1tenth_ws/build/vesc_driver': AMENT_PREFIX_PATH=/home/dalv204/sandbox/f1tenth_ws/install/vesc_msgs:${AMENT_PREFIX_PATH} CMAKE_PREFIX_PATH=/home/dalv204/sandbox/f1tenth_ws/install/vesc_msgs${CMAKE_PREFIX_PATH} LD_LIBRARY_PATH=/home/dalv204/sandbox/f1tenth_ws/install/vesc_msgs/lib:${LD_LIBRARY_PATH} PYTHONPATH=/home/dalv204/sandbox/f1tenth_ws/install/vesc_msgs/lib/python3.8/site-packages:${PYTHONPATH} /usr/bin/cmake --install /home/dalv204/sandbox/f1tenth_ws/build/vesc_driver
[1.022s] -- Install configuration: ""
[1.024s] -- Up-to-date: /home/dalv204/sandbox/f1tenth_ws/install/vesc_driver/lib/vesc_driver/vesc_driver_node
[1.027s] -- Up-to-date: /home/dalv204/sandbox/f1tenth_ws/install/vesc_driver/include
[1.027s] -- Up-to-date: /home/dalv204/sandbox/f1tenth_ws/install/vesc_driver/include/vesc_driver
[1.027s] -- Up-to-date: /home/dalv204/sandbox/f1tenth_ws/install/vesc_driver/include/vesc_driver/vesc_interface.hpp
[1.027s] -- Up-to-date: /home/dalv204/sandbox/f1tenth_ws/install/vesc_driver/include/vesc_driver/vesc_driver.hpp
[1.028s] -- Up-to-date: /home/dalv204/sandbox/f1tenth_ws/install/vesc_driver/include/vesc_driver/vesc_packet_factory.hpp
[1.028s] -- Up-to-date: /home/dalv204/sandbox/f1tenth_ws/install/vesc_driver/include/vesc_driver/vesc_packet.hpp
[1.028s] -- Up-to-date: /home/dalv204/sandbox/f1tenth_ws/install/vesc_driver/include/vesc_driver/crc.hpp
[1.028s] -- Up-to-date: /home/dalv204/sandbox/f1tenth_ws/install/vesc_driver/include/vesc_driver/vesc_device_uuid_lookup.hpp
[1.028s] -- Up-to-date: /home/dalv204/sandbox/f1tenth_ws/install/vesc_driver/include/vesc_driver/datatypes.hpp
[1.028s] -- Up-to-date: /home/dalv204/sandbox/f1tenth_ws/install/vesc_driver/share/vesc_driver/environment/library_path.sh
[1.028s] -- Up-to-date: /home/dalv204/sandbox/f1tenth_ws/install/vesc_driver/share/vesc_driver/environment/library_path.dsv
[1.029s] -- Up-to-date: /home/dalv204/sandbox/f1tenth_ws/install/vesc_driver/lib/libvesc_driver.so
[1.029s] -- Up-to-date: /home/dalv204/sandbox/f1tenth_ws/install/vesc_driver/lib/vesc_driver/vesc_device_namer
[1.030s] -- Up-to-date: /home/dalv204/sandbox/f1tenth_ws/install/vesc_driver/share/vesc_driver/launch
[1.031s] -- Up-to-date: /home/dalv204/sandbox/f1tenth_ws/install/vesc_driver/share/vesc_driver/launch/vesc_driver_node.launch.py
[1.031s] -- Up-to-date: /home/dalv204/sandbox/f1tenth_ws/install/vesc_driver/share/vesc_driver/params
[1.032s] -- Up-to-date: /home/dalv204/sandbox/f1tenth_ws/install/vesc_driver/share/vesc_driver/params/vesc_config.yaml
[1.032s] -- Up-to-date: /home/dalv204/sandbox/f1tenth_ws/install/vesc_driver/share/ament_index/resource_index/package_run_dependencies/vesc_driver
[1.032s] -- Up-to-date: /home/dalv204/sandbox/f1tenth_ws/install/vesc_driver/share/ament_index/resource_index/parent_prefix_path/vesc_driver
[1.032s] -- Up-to-date: /home/dalv204/sandbox/f1tenth_ws/install/vesc_driver/share/vesc_driver/environment/ament_prefix_path.sh
[1.032s] -- Up-to-date: /home/dalv204/sandbox/f1tenth_ws/install/vesc_driver/share/vesc_driver/environment/ament_prefix_path.dsv
[1.032s] -- Up-to-date: /home/dalv204/sandbox/f1tenth_ws/install/vesc_driver/share/vesc_driver/environment/path.sh
[1.033s] -- Up-to-date: /home/dalv204/sandbox/f1tenth_ws/install/vesc_driver/share/vesc_driver/environment/path.dsv
[1.033s] -- Up-to-date: /home/dalv204/sandbox/f1tenth_ws/install/vesc_driver/share/vesc_driver/local_setup.bash
[1.033s] -- Up-to-date: /home/dalv204/sandbox/f1tenth_ws/install/vesc_driver/share/vesc_driver/local_setup.sh
[1.033s] -- Up-to-date: /home/dalv204/sandbox/f1tenth_ws/install/vesc_driver/share/vesc_driver/local_setup.zsh
[1.034s] -- Up-to-date: /home/dalv204/sandbox/f1tenth_ws/install/vesc_driver/share/vesc_driver/local_setup.dsv
[1.034s] -- Installing: /home/dalv204/sandbox/f1tenth_ws/install/vesc_driver/share/vesc_driver/package.dsv
[1.034s] -- Up-to-date: /home/dalv204/sandbox/f1tenth_ws/install/vesc_driver/share/ament_index/resource_index/packages/vesc_driver
[1.034s] -- Up-to-date: /home/dalv204/sandbox/f1tenth_ws/install/vesc_driver/share/ament_index/resource_index/rclcpp_components/vesc_driver
[1.034s] -- Up-to-date: /home/dalv204/sandbox/f1tenth_ws/install/vesc_driver/share/vesc_driver/cmake/ament_cmake_export_dependencies-extras.cmake
[1.035s] -- Up-to-date: /home/dalv204/sandbox/f1tenth_ws/install/vesc_driver/share/vesc_driver/cmake/ament_cmake_export_include_directories-extras.cmake
[1.035s] -- Up-to-date: /home/dalv204/sandbox/f1tenth_ws/install/vesc_driver/share/vesc_driver/cmake/ament_cmake_export_libraries-extras.cmake
[1.035s] -- Up-to-date: /home/dalv204/sandbox/f1tenth_ws/install/vesc_driver/share/vesc_driver/cmake/vesc_driverConfig.cmake
[1.035s] -- Up-to-date: /home/dalv204/sandbox/f1tenth_ws/install/vesc_driver/share/vesc_driver/cmake/vesc_driverConfig-version.cmake
[1.035s] -- Up-to-date: /home/dalv204/sandbox/f1tenth_ws/install/vesc_driver/share/vesc_driver/package.xml
[1.068s] Invoked command in '/home/dalv204/sandbox/f1tenth_ws/build/vesc_driver' returned '0': AMENT_PREFIX_PATH=/home/dalv204/sandbox/f1tenth_ws/install/vesc_msgs:${AMENT_PREFIX_PATH} CMAKE_PREFIX_PATH=/home/dalv204/sandbox/f1tenth_ws/install/vesc_msgs${CMAKE_PREFIX_PATH} LD_LIBRARY_PATH=/home/dalv204/sandbox/f1tenth_ws/install/vesc_msgs/lib:${LD_LIBRARY_PATH} PYTHONPATH=/home/dalv204/sandbox/f1tenth_ws/install/vesc_msgs/lib/python3.8/site-packages:${PYTHONPATH} /usr/bin/cmake --install /home/dalv204/sandbox/f1tenth_ws/build/vesc_driver
