[0.119s] Invoking command in '/home/dalv204/sandbox/f1tenth_ws/build/ackermann_mux': CMAKE_PREFIX_PATH=${CMAKE_PREFIX_PATH}:/home/dalv204/sandbox/f1tenth_ws/install/f1tenth_stack:/home/dalv204/sandbox/f1tenth_ws/install/joy_teleop:/home/dalv204/sandbox/f1tenth_ws/install/particle_filter:/home/dalv204/sandbox/f1tenth_ws/install/mouse_teleop:/home/dalv204/sandbox/f1tenth_ws/install/key_teleop /usr/bin/cmake --build /home/dalv204/sandbox/f1tenth_ws/build/ackermann_mux -- -j6 -l6
[0.740s] [100%] Built target ackermann_mux
[0.746s] Invoked command in '/home/dalv204/sandbox/f1tenth_ws/build/ackermann_mux' returned '0': CMAKE_PREFIX_PATH=${CMAKE_PREFIX_PATH}:/home/dalv204/sandbox/f1tenth_ws/install/f1tenth_stack:/home/dalv204/sandbox/f1tenth_ws/install/joy_teleop:/home/dalv204/sandbox/f1tenth_ws/install/particle_filter:/home/dalv204/sandbox/f1tenth_ws/install/mouse_teleop:/home/dalv204/sandbox/f1tenth_ws/install/key_teleop /usr/bin/cmake --build /home/dalv204/sandbox/f1tenth_ws/build/ackermann_mux -- -j6 -l6
[0.893s] Invoking command in '/home/dalv204/sandbox/f1tenth_ws/build/ackermann_mux': CMAKE_PREFIX_PATH=${CMAKE_PREFIX_PATH}:/home/dalv204/sandbox/f1tenth_ws/install/f1tenth_stack:/home/dalv204/sandbox/f1tenth_ws/install/joy_teleop:/home/dalv204/sandbox/f1tenth_ws/install/particle_filter:/home/dalv204/sandbox/f1tenth_ws/install/mouse_teleop:/home/dalv204/sandbox/f1tenth_ws/install/key_teleop /usr/bin/cmake --install /home/dalv204/sandbox/f1tenth_ws/build/ackermann_mux
[0.918s] -- Install configuration: ""
[0.928s] -- Up-to-date: /home/dalv204/sandbox/f1tenth_ws/install/ackermann_mux/lib/ackermann_mux/ackermann_mux
[0.928s] -- Up-to-date: /home/dalv204/sandbox/f1tenth_ws/install/ackermann_mux/share/ackermann_mux/launch
[0.928s] -- Up-to-date: /home/dalv204/sandbox/f1tenth_ws/install/ackermann_mux/share/ackermann_mux/launch/ackermann_mux_launch.py
[0.928s] -- Up-to-date: /home/dalv204/sandbox/f1tenth_ws/install/ackermann_mux/share/ackermann_mux/config
[0.929s] -- Up-to-date: /home/dalv204/sandbox/f1tenth_ws/install/ackermann_mux/share/ackermann_mux/config/ackermann_mux_topics.yaml
[0.929s] -- Up-to-date: /home/dalv204/sandbox/f1tenth_ws/install/ackermann_mux/share/ackermann_mux/config/ackermann_mux_locks.yaml
[0.929s] -- Up-to-date: /home/dalv204/sandbox/f1tenth_ws/install/ackermann_mux/share/ackermann_mux/config/joystick.yaml
[0.929s] -- Up-to-date: /home/dalv204/sandbox/f1tenth_ws/install/ackermann_mux/include
[0.929s] -- Up-to-date: /home/dalv204/sandbox/f1tenth_ws/install/ackermann_mux/include/ackermann_mux
[0.930s] -- Up-to-date: /home/dalv204/sandbox/f1tenth_ws/install/ackermann_mux/include/ackermann_mux/ackermann_mux_diagnostics_status.hpp
[0.930s] -- Up-to-date: /home/dalv204/sandbox/f1tenth_ws/install/ackermann_mux/include/ackermann_mux/topic_handle.hpp
[0.930s] -- Up-to-date: /home/dalv204/sandbox/f1tenth_ws/install/ackermann_mux/include/ackermann_mux/ackermann_mux_diagnostics.hpp
[0.931s] -- Up-to-date: /home/dalv204/sandbox/f1tenth_ws/install/ackermann_mux/include/ackermann_mux/params_helpers.hpp
[0.931s] -- Up-to-date: /home/dalv204/sandbox/f1tenth_ws/install/ackermann_mux/include/ackermann_mux/ackermann_mux.hpp
[0.931s] -- Up-to-date: /home/dalv204/sandbox/f1tenth_ws/install/ackermann_mux/include/ackermann_mux/utils.hpp
[0.931s] -- Up-to-date: /home/dalv204/sandbox/f1tenth_ws/install/ackermann_mux/share/ament_index/resource_index/package_run_dependencies/ackermann_mux
[0.939s] -- Up-to-date: /home/dalv204/sandbox/f1tenth_ws/install/ackermann_mux/share/ament_index/resource_index/parent_prefix_path/ackermann_mux
[0.940s] -- Up-to-date: /home/dalv204/sandbox/f1tenth_ws/install/ackermann_mux/share/ackermann_mux/environment/ament_prefix_path.sh
[0.940s] -- Up-to-date: /home/dalv204/sandbox/f1tenth_ws/install/ackermann_mux/share/ackermann_mux/environment/ament_prefix_path.dsv
[0.940s] -- Up-to-date: /home/dalv204/sandbox/f1tenth_ws/install/ackermann_mux/share/ackermann_mux/environment/path.sh
[0.940s] -- Up-to-date: /home/dalv204/sandbox/f1tenth_ws/install/ackermann_mux/share/ackermann_mux/environment/path.dsv
[0.941s] -- Up-to-date: /home/dalv204/sandbox/f1tenth_ws/install/ackermann_mux/share/ackermann_mux/local_setup.bash
[0.941s] -- Up-to-date: /home/dalv204/sandbox/f1tenth_ws/install/ackermann_mux/share/ackermann_mux/local_setup.sh
[0.941s] -- Up-to-date: /home/dalv204/sandbox/f1tenth_ws/install/ackermann_mux/share/ackermann_mux/local_setup.zsh
[0.941s] -- Up-to-date: /home/dalv204/sandbox/f1tenth_ws/install/ackermann_mux/share/ackermann_mux/local_setup.dsv
[0.941s] -- Installing: /home/dalv204/sandbox/f1tenth_ws/install/ackermann_mux/share/ackermann_mux/package.dsv
[0.941s] -- Up-to-date: /home/dalv204/sandbox/f1tenth_ws/install/ackermann_mux/share/ament_index/resource_index/packages/ackermann_mux
[0.941s] -- Up-to-date: /home/dalv204/sandbox/f1tenth_ws/install/ackermann_mux/share/ackermann_mux/cmake/ament_cmake_export_include_directories-extras.cmake
[0.942s] -- Up-to-date: /home/dalv204/sandbox/f1tenth_ws/install/ackermann_mux/share/ackermann_mux/cmake/ament_cmake_export_dependencies-extras.cmake
[0.942s] -- Up-to-date: /home/dalv204/sandbox/f1tenth_ws/install/ackermann_mux/share/ackermann_mux/cmake/ackermann_muxConfig.cmake
[0.942s] -- Up-to-date: /home/dalv204/sandbox/f1tenth_ws/install/ackermann_mux/share/ackermann_mux/cmake/ackermann_muxConfig-version.cmake
[0.942s] -- Up-to-date: /home/dalv204/sandbox/f1tenth_ws/install/ackermann_mux/share/ackermann_mux/package.xml
[0.954s] Invoked command in '/home/dalv204/sandbox/f1tenth_ws/build/ackermann_mux' returned '0': CMAKE_PREFIX_PATH=${CMAKE_PREFIX_PATH}:/home/dalv204/sandbox/f1tenth_ws/install/f1tenth_stack:/home/dalv204/sandbox/f1tenth_ws/install/joy_teleop:/home/dalv204/sandbox/f1tenth_ws/install/particle_filter:/home/dalv204/sandbox/f1tenth_ws/install/mouse_teleop:/home/dalv204/sandbox/f1tenth_ws/install/key_teleop /usr/bin/cmake --install /home/dalv204/sandbox/f1tenth_ws/build/ackermann_mux
