[0.068s] Invoking command in '/home/dalv204/sandbox/f1tenth_ws/build/wall_follow': CMAKE_PREFIX_PATH=${CMAKE_PREFIX_PATH}:/home/dalv204/sandbox/f1tenth_ws/install/f1tenth_stack:/home/dalv204/sandbox/f1tenth_ws/install/joy_teleop:/home/dalv204/sandbox/f1tenth_ws/install/particle_filter:/home/dalv204/sandbox/f1tenth_ws/install/mouse_teleop:/home/dalv204/sandbox/f1tenth_ws/install/key_teleop /usr/bin/cmake --build /home/dalv204/sandbox/f1tenth_ws/build/wall_follow -- -j6 -l6
[0.916s] [100%] Built target wall_follow_node
[1.045s] Invoked command in '/home/dalv204/sandbox/f1tenth_ws/build/wall_follow' returned '0': CMAKE_PREFIX_PATH=${CMAKE_PREFIX_PATH}:/home/dalv204/sandbox/f1tenth_ws/install/f1tenth_stack:/home/dalv204/sandbox/f1tenth_ws/install/joy_teleop:/home/dalv204/sandbox/f1tenth_ws/install/particle_filter:/home/dalv204/sandbox/f1tenth_ws/install/mouse_teleop:/home/dalv204/sandbox/f1tenth_ws/install/key_teleop /usr/bin/cmake --build /home/dalv204/sandbox/f1tenth_ws/build/wall_follow -- -j6 -l6
[1.210s] Invoking command in '/home/dalv204/sandbox/f1tenth_ws/build/wall_follow': CMAKE_PREFIX_PATH=${CMAKE_PREFIX_PATH}:/home/dalv204/sandbox/f1tenth_ws/install/f1tenth_stack:/home/dalv204/sandbox/f1tenth_ws/install/joy_teleop:/home/dalv204/sandbox/f1tenth_ws/install/particle_filter:/home/dalv204/sandbox/f1tenth_ws/install/mouse_teleop:/home/dalv204/sandbox/f1tenth_ws/install/key_teleop /usr/bin/cmake --install /home/dalv204/sandbox/f1tenth_ws/build/wall_follow
[1.262s] -- Install configuration: ""
[1.277s] -- Up-to-date: /home/dalv204/sandbox/f1tenth_ws/install/wall_follow/lib/wall_follow/wall_follow_node
[1.280s] -- Up-to-date: /home/dalv204/sandbox/f1tenth_ws/install/wall_follow/share/wall_follow/environment/pythonpath.sh
[1.282s] -- Up-to-date: /home/dalv204/sandbox/f1tenth_ws/install/wall_follow/share/wall_follow/environment/pythonpath.dsv
[1.284s] -- Up-to-date: /home/dalv204/sandbox/f1tenth_ws/install/wall_follow/lib/python3.8/site-packages/wall_follow
[1.287s] -- Up-to-date: /home/dalv204/sandbox/f1tenth_ws/install/wall_follow/lib/python3.8/site-packages/wall_follow/__init__.py
[1.481s] Listing '/home/dalv204/sandbox/f1tenth_ws/install/wall_follow/lib/python3.8/site-packages/wall_follow'...
[1.494s] -- Up-to-date: /home/dalv204/sandbox/f1tenth_ws/install/wall_follow/lib/wall_follow/wall_follow_node.py
[1.494s] -- Up-to-date: /home/dalv204/sandbox/f1tenth_ws/install/wall_follow/share/ament_index/resource_index/package_run_dependencies/wall_follow
[1.495s] -- Up-to-date: /home/dalv204/sandbox/f1tenth_ws/install/wall_follow/share/ament_index/resource_index/parent_prefix_path/wall_follow
[1.495s] -- Up-to-date: /home/dalv204/sandbox/f1tenth_ws/install/wall_follow/share/wall_follow/environment/ament_prefix_path.sh
[1.495s] -- Up-to-date: /home/dalv204/sandbox/f1tenth_ws/install/wall_follow/share/wall_follow/environment/ament_prefix_path.dsv
[1.498s] -- Up-to-date: /home/dalv204/sandbox/f1tenth_ws/install/wall_follow/share/wall_follow/environment/path.sh
[1.499s] -- Up-to-date: /home/dalv204/sandbox/f1tenth_ws/install/wall_follow/share/wall_follow/environment/path.dsv
[1.500s] -- Up-to-date: /home/dalv204/sandbox/f1tenth_ws/install/wall_follow/share/wall_follow/local_setup.bash
[1.500s] -- Up-to-date: /home/dalv204/sandbox/f1tenth_ws/install/wall_follow/share/wall_follow/local_setup.sh
[1.500s] -- Up-to-date: /home/dalv204/sandbox/f1tenth_ws/install/wall_follow/share/wall_follow/local_setup.zsh
[1.500s] -- Up-to-date: /home/dalv204/sandbox/f1tenth_ws/install/wall_follow/share/wall_follow/local_setup.dsv
[1.500s] -- Installing: /home/dalv204/sandbox/f1tenth_ws/install/wall_follow/share/wall_follow/package.dsv
[1.500s] -- Up-to-date: /home/dalv204/sandbox/f1tenth_ws/install/wall_follow/share/ament_index/resource_index/packages/wall_follow
[1.501s] -- Up-to-date: /home/dalv204/sandbox/f1tenth_ws/install/wall_follow/share/wall_follow/cmake/wall_followConfig.cmake
[1.501s] -- Up-to-date: /home/dalv204/sandbox/f1tenth_ws/install/wall_follow/share/wall_follow/cmake/wall_followConfig-version.cmake
[1.501s] -- Up-to-date: /home/dalv204/sandbox/f1tenth_ws/install/wall_follow/share/wall_follow/package.xml
[1.512s] Invoked command in '/home/dalv204/sandbox/f1tenth_ws/build/wall_follow' returned '0': CMAKE_PREFIX_PATH=${CMAKE_PREFIX_PATH}:/home/dalv204/sandbox/f1tenth_ws/install/f1tenth_stack:/home/dalv204/sandbox/f1tenth_ws/install/joy_teleop:/home/dalv204/sandbox/f1tenth_ws/install/particle_filter:/home/dalv204/sandbox/f1tenth_ws/install/mouse_teleop:/home/dalv204/sandbox/f1tenth_ws/install/key_teleop /usr/bin/cmake --install /home/dalv204/sandbox/f1tenth_ws/build/wall_follow
