[1.907s] Invoking command in '/home/dalv204/sandbox/f1tenth_ws/src/f1tenth_system/teleop_tools/key_teleop': PYTHONPATH=/home/dalv204/sandbox/f1tenth_ws/build/key_teleop/prefix_override:/usr/lib/python3/dist-packages/colcon_core/task/python/colcon_distutils_commands:/home/dalv204/sandbox/f1tenth_ws/install/key_teleop/lib/python3.8/site-packages:${PYTHONPATH} /usr/bin/python3 -W ignore:setup.py install is deprecated setup.py egg_info --egg-base ../../../../build/key_teleop build --build-base /home/dalv204/sandbox/f1tenth_ws/build/key_teleop/build install --record /home/dalv204/sandbox/f1tenth_ws/build/key_teleop/install.log --install-scripts $base/lib/key_teleop --single-version-externally-managed install_data
[2.380s] running egg_info
[2.381s] writing ../../../../build/key_teleop/key_teleop.egg-info/PKG-INFO
[2.385s] writing dependency_links to ../../../../build/key_teleop/key_teleop.egg-info/dependency_links.txt
[2.385s] writing entry points to ../../../../build/key_teleop/key_teleop.egg-info/entry_points.txt
[2.386s] writing requirements to ../../../../build/key_teleop/key_teleop.egg-info/requires.txt
[2.386s] writing top-level names to ../../../../build/key_teleop/key_teleop.egg-info/top_level.txt
[2.454s] reading manifest file '../../../../build/key_teleop/key_teleop.egg-info/SOURCES.txt'
[2.456s] writing manifest file '../../../../build/key_teleop/key_teleop.egg-info/SOURCES.txt'
[2.457s] running build
[2.457s] running build_py
[2.458s] running install
[2.460s] running install_lib
[2.464s] running install_data
[2.464s] running install_egg_info
[2.468s] removing '/home/dalv204/sandbox/f1tenth_ws/install/key_teleop/lib/python3.8/site-packages/key_teleop-0.3.0-py3.8.egg-info' (and everything under it)
[2.468s] Copying ../../../../build/key_teleop/key_teleop.egg-info to /home/dalv204/sandbox/f1tenth_ws/install/key_teleop/lib/python3.8/site-packages/key_teleop-0.3.0-py3.8.egg-info
[2.471s] running install_scripts
[2.511s] Installing key_teleop script to /home/dalv204/sandbox/f1tenth_ws/install/key_teleop/lib/key_teleop
[2.512s] writing list of installed files to '/home/dalv204/sandbox/f1tenth_ws/build/key_teleop/install.log'
[2.639s] Invoked command in '/home/dalv204/sandbox/f1tenth_ws/src/f1tenth_system/teleop_tools/key_teleop' returned '0': PYTHONPATH=/home/dalv204/sandbox/f1tenth_ws/build/key_teleop/prefix_override:/usr/lib/python3/dist-packages/colcon_core/task/python/colcon_distutils_commands:/home/dalv204/sandbox/f1tenth_ws/install/key_teleop/lib/python3.8/site-packages:${PYTHONPATH} /usr/bin/python3 -W ignore:setup.py install is deprecated setup.py egg_info --egg-base ../../../../build/key_teleop build --build-base /home/dalv204/sandbox/f1tenth_ws/build/key_teleop/build install --record /home/dalv204/sandbox/f1tenth_ws/build/key_teleop/install.log --install-scripts $base/lib/key_teleop --single-version-externally-managed install_data
