[0.062s] Invoking command in '/home/dalv204/sandbox/f1tenth_ws/build/vesc': AMENT_PREFIX_PATH=/home/dalv204/sandbox/f1tenth_ws/install/vesc_driver:/home/dalv204/sandbox/f1tenth_ws/install/vesc_ackermann:/home/dalv204/sandbox/f1tenth_ws/install/vesc_msgs:${AMENT_PREFIX_PATH} CMAKE_PREFIX_PATH=/home/dalv204/sandbox/f1tenth_ws/install/vesc_driver:/home/dalv204/sandbox/f1tenth_ws/install/vesc_ackermann:/home/dalv204/sandbox/f1tenth_ws/install/vesc_msgs${CMAKE_PREFIX_PATH} LD_LIBRARY_PATH=/home/dalv204/sandbox/f1tenth_ws/install/vesc_driver/lib:/home/dalv204/sandbox/f1tenth_ws/install/vesc_ackermann/lib:/home/dalv204/sandbox/f1tenth_ws/install/vesc_msgs/lib:${LD_LIBRARY_PATH} PYTHONPATH=/home/dalv204/sandbox/f1tenth_ws/install/vesc_msgs/lib/python3.8/site-packages:${PYTHONPATH} /usr/bin/cmake --build /home/dalv204/sandbox/f1tenth_ws/build/vesc -- -j6 -l6
[0.193s] Invoked command in '/home/dalv204/sandbox/f1tenth_ws/build/vesc' returned '0': AMENT_PREFIX_PATH=/home/dalv204/sandbox/f1tenth_ws/install/vesc_driver:/home/dalv204/sandbox/f1tenth_ws/install/vesc_ackermann:/home/dalv204/sandbox/f1tenth_ws/install/vesc_msgs:${AMENT_PREFIX_PATH} CMAKE_PREFIX_PATH=/home/dalv204/sandbox/f1tenth_ws/install/vesc_driver:/home/dalv204/sandbox/f1tenth_ws/install/vesc_ackermann:/home/dalv204/sandbox/f1tenth_ws/install/vesc_msgs${CMAKE_PREFIX_PATH} LD_LIBRARY_PATH=/home/dalv204/sandbox/f1tenth_ws/install/vesc_driver/lib:/home/dalv204/sandbox/f1tenth_ws/install/vesc_ackermann/lib:/home/dalv204/sandbox/f1tenth_ws/install/vesc_msgs/lib:${LD_LIBRARY_PATH} PYTHONPATH=/home/dalv204/sandbox/f1tenth_ws/install/vesc_msgs/lib/python3.8/site-packages:${PYTHONPATH} /usr/bin/cmake --build /home/dalv204/sandbox/f1tenth_ws/build/vesc -- -j6 -l6
[0.276s] Invoking command in '/home/dalv204/sandbox/f1tenth_ws/build/vesc': AMENT_PREFIX_PATH=/home/dalv204/sandbox/f1tenth_ws/install/vesc_driver:/home/dalv204/sandbox/f1tenth_ws/install/vesc_ackermann:/home/dalv204/sandbox/f1tenth_ws/install/vesc_msgs:${AMENT_PREFIX_PATH} CMAKE_PREFIX_PATH=/home/dalv204/sandbox/f1tenth_ws/install/vesc_driver:/home/dalv204/sandbox/f1tenth_ws/install/vesc_ackermann:/home/dalv204/sandbox/f1tenth_ws/install/vesc_msgs${CMAKE_PREFIX_PATH} LD_LIBRARY_PATH=/home/dalv204/sandbox/f1tenth_ws/install/vesc_driver/lib:/home/dalv204/sandbox/f1tenth_ws/install/vesc_ackermann/lib:/home/dalv204/sandbox/f1tenth_ws/install/vesc_msgs/lib:${LD_LIBRARY_PATH} PYTHONPATH=/home/dalv204/sandbox/f1tenth_ws/install/vesc_msgs/lib/python3.8/site-packages:${PYTHONPATH} /usr/bin/cmake --install /home/dalv204/sandbox/f1tenth_ws/build/vesc
[0.303s] -- Install configuration: ""
[0.304s] -- Up-to-date: /home/dalv204/sandbox/f1tenth_ws/install/vesc/share/ament_index/resource_index/package_run_dependencies/vesc
[0.305s] -- Up-to-date: /home/dalv204/sandbox/f1tenth_ws/install/vesc/share/ament_index/resource_index/parent_prefix_path/vesc
[0.306s] -- Up-to-date: /home/dalv204/sandbox/f1tenth_ws/install/vesc/share/vesc/environment/ament_prefix_path.sh
[0.306s] -- Up-to-date: /home/dalv204/sandbox/f1tenth_ws/install/vesc/share/vesc/environment/ament_prefix_path.dsv
[0.307s] -- Up-to-date: /home/dalv204/sandbox/f1tenth_ws/install/vesc/share/vesc/environment/path.sh
[0.307s] -- Up-to-date: /home/dalv204/sandbox/f1tenth_ws/install/vesc/share/vesc/environment/path.dsv
[0.307s] -- Up-to-date: /home/dalv204/sandbox/f1tenth_ws/install/vesc/share/vesc/local_setup.bash
[0.307s] -- Up-to-date: /home/dalv204/sandbox/f1tenth_ws/install/vesc/share/vesc/local_setup.sh
[0.307s] -- Up-to-date: /home/dalv204/sandbox/f1tenth_ws/install/vesc/share/vesc/local_setup.zsh
[0.307s] -- Up-to-date: /home/dalv204/sandbox/f1tenth_ws/install/vesc/share/vesc/local_setup.dsv
[0.308s] -- Installing: /home/dalv204/sandbox/f1tenth_ws/install/vesc/share/vesc/package.dsv
[0.308s] -- Up-to-date: /home/dalv204/sandbox/f1tenth_ws/install/vesc/share/ament_index/resource_index/packages/vesc
[0.308s] -- Up-to-date: /home/dalv204/sandbox/f1tenth_ws/install/vesc/share/vesc/cmake/vescConfig.cmake
[0.308s] -- Up-to-date: /home/dalv204/sandbox/f1tenth_ws/install/vesc/share/vesc/cmake/vescConfig-version.cmake
[0.308s] -- Up-to-date: /home/dalv204/sandbox/f1tenth_ws/install/vesc/share/vesc/package.xml
[0.346s] Invoked command in '/home/dalv204/sandbox/f1tenth_ws/build/vesc' returned '0': AMENT_PREFIX_PATH=/home/dalv204/sandbox/f1tenth_ws/install/vesc_driver:/home/dalv204/sandbox/f1tenth_ws/install/vesc_ackermann:/home/dalv204/sandbox/f1tenth_ws/install/vesc_msgs:${AMENT_PREFIX_PATH} CMAKE_PREFIX_PATH=/home/dalv204/sandbox/f1tenth_ws/install/vesc_driver:/home/dalv204/sandbox/f1tenth_ws/install/vesc_ackermann:/home/dalv204/sandbox/f1tenth_ws/install/vesc_msgs${CMAKE_PREFIX_PATH} LD_LIBRARY_PATH=/home/dalv204/sandbox/f1tenth_ws/install/vesc_driver/lib:/home/dalv204/sandbox/f1tenth_ws/install/vesc_ackermann/lib:/home/dalv204/sandbox/f1tenth_ws/install/vesc_msgs/lib:${LD_LIBRARY_PATH} PYTHONPATH=/home/dalv204/sandbox/f1tenth_ws/install/vesc_msgs/lib/python3.8/site-packages:${PYTHONPATH} /usr/bin/cmake --install /home/dalv204/sandbox/f1tenth_ws/build/vesc
